<?xml version="1.0" encoding="UTF-8"?>
<!-- Generated by org.testng.reporters.JUnitReportReporter -->
<testsuite skipped="0" hostname="CB2012R2AUSE005" name="Logi.IdleSummaryReport.Validate_IdleSummary_COM" tests="87" failures="0" timestamp="11 Jan 2018 23:23:25 GMT" time="105.735" errors="0">
  <testcase name="Validation_IdleSummaryReport_DataValidation_COM" time="105.704" classname="Logi.IdleSummaryReport.Validate_IdleSummary_COM"/>
  <testcase name="Validation_IdleSummaryReport_DataValidation_COM" time="0.000" classname="Logi.IdleSummaryReport.Validate_IdleSummary_COM"/>
  <testcase name="Validation_IdleSummaryReport_DataValidation_COM" time="0.000" classname="Logi.IdleSummaryReport.Validate_IdleSummary_COM"/>
  <testcase name="Validation_IdleSummaryReport_DataValidation_COM" time="0.000" classname="Logi.IdleSummaryReport.Validate_IdleSummary_COM"/>
  <testcase name="Validation_IdleSummaryReport_DataValidation_COM" time="0.000" classname="Logi.IdleSummaryReport.Validate_IdleSummary_COM"/>
  <testcase name="Validation_IdleSummaryReport_DataValidation_COM" time="0.000" classname="Logi.IdleSummaryReport.Validate_IdleSummary_COM"/>
  <testcase name="Validation_IdleSummaryReport_DataValidation_COM" time="0.000" classname="Logi.IdleSummaryReport.Validate_IdleSummary_COM"/>
  <testcase name="Validation_IdleSummaryReport_DataValidation_COM" time="0.000" classname="Logi.IdleSummaryReport.Validate_IdleSummary_COM"/>
  <testcase name="Validation_IdleSummaryReport_DataValidation_COM" time="0.000" classname="Logi.IdleSummaryReport.Validate_IdleSummary_COM"/>
  <testcase name="Validation_IdleSummaryReport_DataValidation_COM" time="0.000" classname="Logi.IdleSummaryReport.Validate_IdleSummary_COM"/>
  <testcase name="Validation_IdleSummaryReport_DataValidation_COM" time="0.000" classname="Logi.IdleSummaryReport.Validate_IdleSummary_COM"/>
  <testcase name="Validation_IdleSummaryReport_DataValidation_COM" time="0.000" classname="Logi.IdleSummaryReport.Validate_IdleSummary_COM"/>
  <testcase name="Validation_IdleSummaryReport_DataValidation_COM" time="0.000" classname="Logi.IdleSummaryReport.Validate_IdleSummary_COM"/>
  <testcase name="Validation_IdleSummaryReport_DataValidation_COM" time="0.000" classname="Logi.IdleSummaryReport.Validate_IdleSummary_COM"/>
  <testcase name="Validation_IdleSummaryReport_DataValidation_COM" time="0.000" classname="Logi.IdleSummaryReport.Validate_IdleSummary_COM"/>
  <testcase name="Validation_IdleSummaryReport_DataValidation_COM" time="0.000" classname="Logi.IdleSummaryReport.Validate_IdleSummary_COM"/>
  <testcase name="Validation_IdleSummaryReport_DataValidation_COM" time="0.000" classname="Logi.IdleSummaryReport.Validate_IdleSummary_COM"/>
  <testcase name="Validation_IdleSummaryReport_DataValidation_COM" time="0.000" classname="Logi.IdleSummaryReport.Validate_IdleSummary_COM"/>
  <testcase name="Validation_IdleSummaryReport_DataValidation_COM" time="0.000" classname="Logi.IdleSummaryReport.Validate_IdleSummary_COM"/>
  <testcase name="Validation_IdleSummaryReport_DataValidation_COM" time="0.000" classname="Logi.IdleSummaryReport.Validate_IdleSummary_COM"/>
  <testcase name="Validation_IdleSummaryReport_DataValidation_COM" time="0.000" classname="Logi.IdleSummaryReport.Validate_IdleSummary_COM"/>
  <testcase name="Validation_IdleSummaryReport_DataValidation_COM" time="0.000" classname="Logi.IdleSummaryReport.Validate_IdleSummary_COM"/>
  <testcase name="Validation_IdleSummaryReport_DataValidation_COM" time="0.000" classname="Logi.IdleSummaryReport.Validate_IdleSummary_COM"/>
  <testcase name="Validation_IdleSummaryReport_DataValidation_COM" time="0.015" classname="Logi.IdleSummaryReport.Validate_IdleSummary_COM"/>
  <testcase name="Validation_IdleSummaryReport_DataValidation_COM" time="0.000" classname="Logi.IdleSummaryReport.Validate_IdleSummary_COM"/>
  <testcase name="Validation_IdleSummaryReport_DataValidation_COM" time="0.000" classname="Logi.IdleSummaryReport.Validate_IdleSummary_COM"/>
  <testcase name="Validation_IdleSummaryReport_DataValidation_COM" time="0.000" classname="Logi.IdleSummaryReport.Validate_IdleSummary_COM"/>
  <testcase name="Validation_IdleSummaryReport_DataValidation_COM" time="0.000" classname="Logi.IdleSummaryReport.Validate_IdleSummary_COM"/>
  <testcase name="Validation_IdleSummaryReport_DataValidation_COM" time="0.000" classname="Logi.IdleSummaryReport.Validate_IdleSummary_COM"/>
  <testcase name="Validation_IdleSummaryReport_DataValidation_COM" time="0.000" classname="Logi.IdleSummaryReport.Validate_IdleSummary_COM"/>
  <testcase name="Validation_IdleSummaryReport_DataValidation_COM" time="0.000" classname="Logi.IdleSummaryReport.Validate_IdleSummary_COM"/>
  <testcase name="Validation_IdleSummaryReport_DataValidation_COM" time="0.000" classname="Logi.IdleSummaryReport.Validate_IdleSummary_COM"/>
  <testcase name="Validation_IdleSummaryReport_DataValidation_COM" time="0.000" classname="Logi.IdleSummaryReport.Validate_IdleSummary_COM"/>
  <testcase name="Validation_IdleSummaryReport_DataValidation_COM" time="0.000" classname="Logi.IdleSummaryReport.Validate_IdleSummary_COM"/>
  <testcase name="Validation_IdleSummaryReport_DataValidation_COM" time="0.000" classname="Logi.IdleSummaryReport.Validate_IdleSummary_COM"/>
  <testcase name="Validation_IdleSummaryReport_DataValidation_COM" time="0.000" classname="Logi.IdleSummaryReport.Validate_IdleSummary_COM"/>
  <testcase name="Validation_IdleSummaryReport_DataValidation_COM" time="0.000" classname="Logi.IdleSummaryReport.Validate_IdleSummary_COM"/>
  <testcase name="Validation_IdleSummaryReport_DataValidation_COM" time="0.000" classname="Logi.IdleSummaryReport.Validate_IdleSummary_COM"/>
  <testcase name="Validation_IdleSummaryReport_DataValidation_COM" time="0.000" classname="Logi.IdleSummaryReport.Validate_IdleSummary_COM"/>
  <testcase name="Validation_IdleSummaryReport_DataValidation_COM" time="0.000" classname="Logi.IdleSummaryReport.Validate_IdleSummary_COM"/>
  <testcase name="Validation_IdleSummaryReport_DataValidation_COM" time="0.000" classname="Logi.IdleSummaryReport.Validate_IdleSummary_COM"/>
  <testcase name="Validation_IdleSummaryReport_DataValidation_COM" time="0.000" classname="Logi.IdleSummaryReport.Validate_IdleSummary_COM"/>
  <testcase name="Validation_IdleSummaryReport_DataValidation_COM" time="0.000" classname="Logi.IdleSummaryReport.Validate_IdleSummary_COM"/>
  <testcase name="Validation_IdleSummaryReport_DataValidation_COM" time="0.000" classname="Logi.IdleSummaryReport.Validate_IdleSummary_COM"/>
  <testcase name="Validation_IdleSummaryReport_DataValidation_COM" time="0.000" classname="Logi.IdleSummaryReport.Validate_IdleSummary_COM"/>
  <testcase name="Validation_IdleSummaryReport_DataValidation_COM" time="0.000" classname="Logi.IdleSummaryReport.Validate_IdleSummary_COM"/>
  <testcase name="Validation_IdleSummaryReport_DataValidation_COM" time="0.000" classname="Logi.IdleSummaryReport.Validate_IdleSummary_COM"/>
  <testcase name="Validation_IdleSummaryReport_DataValidation_COM" time="0.000" classname="Logi.IdleSummaryReport.Validate_IdleSummary_COM"/>
  <testcase name="Validation_IdleSummaryReport_DataValidation_COM" time="0.000" classname="Logi.IdleSummaryReport.Validate_IdleSummary_COM"/>
  <testcase name="Validation_IdleSummaryReport_DataValidation_COM" time="0.000" classname="Logi.IdleSummaryReport.Validate_IdleSummary_COM"/>
  <testcase name="Validation_IdleSummaryReport_DataValidation_COM" time="0.000" classname="Logi.IdleSummaryReport.Validate_IdleSummary_COM"/>
  <testcase name="Validation_IdleSummaryReport_DataValidation_COM" time="0.000" classname="Logi.IdleSummaryReport.Validate_IdleSummary_COM"/>
  <testcase name="Validation_IdleSummaryReport_DataValidation_COM" time="0.000" classname="Logi.IdleSummaryReport.Validate_IdleSummary_COM"/>
  <testcase name="Validation_IdleSummaryReport_DataValidation_COM" time="0.000" classname="Logi.IdleSummaryReport.Validate_IdleSummary_COM"/>
  <testcase name="Validation_IdleSummaryReport_DataValidation_COM" time="0.000" classname="Logi.IdleSummaryReport.Validate_IdleSummary_COM"/>
  <testcase name="Validation_IdleSummaryReport_DataValidation_COM" time="0.000" classname="Logi.IdleSummaryReport.Validate_IdleSummary_COM"/>
  <testcase name="Validation_IdleSummaryReport_DataValidation_COM" time="0.000" classname="Logi.IdleSummaryReport.Validate_IdleSummary_COM"/>
  <testcase name="Validation_IdleSummaryReport_DataValidation_COM" time="0.000" classname="Logi.IdleSummaryReport.Validate_IdleSummary_COM"/>
  <testcase name="Validation_IdleSummaryReport_DataValidation_COM" time="0.000" classname="Logi.IdleSummaryReport.Validate_IdleSummary_COM"/>
  <testcase name="Validation_IdleSummaryReport_DataValidation_COM" time="0.000" classname="Logi.IdleSummaryReport.Validate_IdleSummary_COM"/>
  <testcase name="Validation_IdleSummaryReport_DataValidation_COM" time="0.000" classname="Logi.IdleSummaryReport.Validate_IdleSummary_COM"/>
  <testcase name="Validation_IdleSummaryReport_DataValidation_COM" time="0.000" classname="Logi.IdleSummaryReport.Validate_IdleSummary_COM"/>
  <testcase name="Validation_IdleSummaryReport_DataValidation_COM" time="0.000" classname="Logi.IdleSummaryReport.Validate_IdleSummary_COM"/>
  <testcase name="Validation_IdleSummaryReport_DataValidation_COM" time="0.000" classname="Logi.IdleSummaryReport.Validate_IdleSummary_COM"/>
  <testcase name="Validation_IdleSummaryReport_DataValidation_COM" time="0.000" classname="Logi.IdleSummaryReport.Validate_IdleSummary_COM"/>
  <testcase name="Validation_IdleSummaryReport_DataValidation_COM" time="0.000" classname="Logi.IdleSummaryReport.Validate_IdleSummary_COM"/>
  <testcase name="Validation_IdleSummaryReport_DataValidation_COM" time="0.000" classname="Logi.IdleSummaryReport.Validate_IdleSummary_COM"/>
  <testcase name="Validation_IdleSummaryReport_DataValidation_COM" time="0.000" classname="Logi.IdleSummaryReport.Validate_IdleSummary_COM"/>
  <testcase name="Validation_IdleSummaryReport_DataValidation_COM" time="0.000" classname="Logi.IdleSummaryReport.Validate_IdleSummary_COM"/>
  <testcase name="Validation_IdleSummaryReport_DataValidation_COM" time="0.000" classname="Logi.IdleSummaryReport.Validate_IdleSummary_COM"/>
  <testcase name="Validation_IdleSummaryReport_DataValidation_COM" time="0.000" classname="Logi.IdleSummaryReport.Validate_IdleSummary_COM"/>
  <testcase name="Validation_IdleSummaryReport_DataValidation_COM" time="0.000" classname="Logi.IdleSummaryReport.Validate_IdleSummary_COM"/>
  <testcase name="Validation_IdleSummaryReport_DataValidation_COM" time="0.000" classname="Logi.IdleSummaryReport.Validate_IdleSummary_COM"/>
  <testcase name="Validation_IdleSummaryReport_DataValidation_COM" time="0.000" classname="Logi.IdleSummaryReport.Validate_IdleSummary_COM"/>
  <testcase name="Validation_IdleSummaryReport_DataValidation_COM" time="0.016" classname="Logi.IdleSummaryReport.Validate_IdleSummary_COM"/>
  <testcase name="Validation_IdleSummaryReport_DataValidation_COM" time="0.000" classname="Logi.IdleSummaryReport.Validate_IdleSummary_COM"/>
  <testcase name="Validation_IdleSummaryReport_DataValidation_COM" time="0.000" classname="Logi.IdleSummaryReport.Validate_IdleSummary_COM"/>
  <testcase name="Validation_IdleSummaryReport_DataValidation_COM" time="0.000" classname="Logi.IdleSummaryReport.Validate_IdleSummary_COM"/>
  <testcase name="Validation_IdleSummaryReport_DataValidation_COM" time="0.000" classname="Logi.IdleSummaryReport.Validate_IdleSummary_COM"/>
  <testcase name="Validation_IdleSummaryReport_DataValidation_COM" time="0.000" classname="Logi.IdleSummaryReport.Validate_IdleSummary_COM"/>
  <testcase name="Validation_IdleSummaryReport_DataValidation_COM" time="0.000" classname="Logi.IdleSummaryReport.Validate_IdleSummary_COM"/>
  <testcase name="Validation_IdleSummaryReport_DataValidation_COM" time="0.000" classname="Logi.IdleSummaryReport.Validate_IdleSummary_COM"/>
  <testcase name="Validation_IdleSummaryReport_DataValidation_COM" time="0.000" classname="Logi.IdleSummaryReport.Validate_IdleSummary_COM"/>
  <testcase name="Validation_IdleSummaryReport_DataValidation_COM" time="0.000" classname="Logi.IdleSummaryReport.Validate_IdleSummary_COM"/>
  <testcase name="Validation_IdleSummaryReport_DataValidation_COM" time="0.000" classname="Logi.IdleSummaryReport.Validate_IdleSummary_COM"/>
  <testcase name="Validation_IdleSummaryReport_DataValidation_COM" time="0.000" classname="Logi.IdleSummaryReport.Validate_IdleSummary_COM"/>
  <testcase name="Validation_IdleSummaryReport_DataValidation_COM" time="0.000" classname="Logi.IdleSummaryReport.Validate_IdleSummary_COM"/>
</testsuite> <!-- Logi.IdleSummaryReport.Validate_IdleSummary_COM -->
