<?xml version="1.0" encoding="UTF-8"?>
<!-- Generated by org.testng.reporters.JUnitReportReporter -->
<testsuite skipped="0" hostname="CB2012R2AUSE005" name="Logi.IdleDetailReport.Validate_IdleDetail_UI_Functionality_AllLOB" tests="87" failures="0" timestamp="11 Jan 2018 23:23:23 GMT" time="0.261" errors="0">
  <testcase name="Validation_IdleDetailReport_UI_Functionality_AllLOB" time="0.000" classname="Logi.IdleDetailReport.Validate_IdleDetail_UI_Functionality_AllLOB"/>
  <testcase name="Validation_IdleDetailReport_UI_Functionality_AllLOB" time="0.001" classname="Logi.IdleDetailReport.Validate_IdleDetail_UI_Functionality_AllLOB"/>
  <testcase name="Validation_IdleDetailReport_UI_Functionality_AllLOB" time="0.000" classname="Logi.IdleDetailReport.Validate_IdleDetail_UI_Functionality_AllLOB"/>
  <testcase name="Validation_IdleDetailReport_UI_Functionality_AllLOB" time="0.000" classname="Logi.IdleDetailReport.Validate_IdleDetail_UI_Functionality_AllLOB"/>
  <testcase name="Validation_IdleDetailReport_UI_Functionality_AllLOB" time="0.000" classname="Logi.IdleDetailReport.Validate_IdleDetail_UI_Functionality_AllLOB"/>
  <testcase name="Validation_IdleDetailReport_UI_Functionality_AllLOB" time="0.000" classname="Logi.IdleDetailReport.Validate_IdleDetail_UI_Functionality_AllLOB"/>
  <testcase name="Validation_IdleDetailReport_UI_Functionality_AllLOB" time="0.015" classname="Logi.IdleDetailReport.Validate_IdleDetail_UI_Functionality_AllLOB"/>
  <testcase name="Validation_IdleDetailReport_UI_Functionality_AllLOB" time="0.000" classname="Logi.IdleDetailReport.Validate_IdleDetail_UI_Functionality_AllLOB"/>
  <testcase name="Validation_IdleDetailReport_UI_Functionality_AllLOB" time="0.000" classname="Logi.IdleDetailReport.Validate_IdleDetail_UI_Functionality_AllLOB"/>
  <testcase name="Validation_IdleDetailReport_UI_Functionality_AllLOB" time="0.000" classname="Logi.IdleDetailReport.Validate_IdleDetail_UI_Functionality_AllLOB"/>
  <testcase name="Validation_IdleDetailReport_UI_Functionality_AllLOB" time="0.006" classname="Logi.IdleDetailReport.Validate_IdleDetail_UI_Functionality_AllLOB"/>
  <testcase name="Validation_IdleDetailReport_UI_Functionality_AllLOB" time="0.000" classname="Logi.IdleDetailReport.Validate_IdleDetail_UI_Functionality_AllLOB"/>
  <testcase name="Validation_IdleDetailReport_UI_Functionality_AllLOB" time="0.016" classname="Logi.IdleDetailReport.Validate_IdleDetail_UI_Functionality_AllLOB"/>
  <testcase name="Validation_IdleDetailReport_UI_Functionality_AllLOB" time="0.015" classname="Logi.IdleDetailReport.Validate_IdleDetail_UI_Functionality_AllLOB"/>
  <testcase name="Validation_IdleDetailReport_UI_Functionality_AllLOB" time="0.000" classname="Logi.IdleDetailReport.Validate_IdleDetail_UI_Functionality_AllLOB"/>
  <testcase name="Validation_IdleDetailReport_UI_Functionality_AllLOB" time="0.000" classname="Logi.IdleDetailReport.Validate_IdleDetail_UI_Functionality_AllLOB"/>
  <testcase name="Validation_IdleDetailReport_UI_Functionality_AllLOB" time="0.000" classname="Logi.IdleDetailReport.Validate_IdleDetail_UI_Functionality_AllLOB"/>
  <testcase name="Validation_IdleDetailReport_UI_Functionality_AllLOB" time="0.000" classname="Logi.IdleDetailReport.Validate_IdleDetail_UI_Functionality_AllLOB"/>
  <testcase name="Validation_IdleDetailReport_UI_Functionality_AllLOB" time="0.000" classname="Logi.IdleDetailReport.Validate_IdleDetail_UI_Functionality_AllLOB"/>
  <testcase name="Validation_IdleDetailReport_UI_Functionality_AllLOB" time="0.004" classname="Logi.IdleDetailReport.Validate_IdleDetail_UI_Functionality_AllLOB"/>
  <testcase name="Validation_IdleDetailReport_UI_Functionality_AllLOB" time="0.013" classname="Logi.IdleDetailReport.Validate_IdleDetail_UI_Functionality_AllLOB"/>
  <testcase name="Validation_IdleDetailReport_UI_Functionality_AllLOB" time="0.000" classname="Logi.IdleDetailReport.Validate_IdleDetail_UI_Functionality_AllLOB"/>
  <testcase name="Validation_IdleDetailReport_UI_Functionality_AllLOB" time="0.003" classname="Logi.IdleDetailReport.Validate_IdleDetail_UI_Functionality_AllLOB"/>
  <testcase name="Validation_IdleDetailReport_UI_Functionality_AllLOB" time="0.003" classname="Logi.IdleDetailReport.Validate_IdleDetail_UI_Functionality_AllLOB"/>
  <testcase name="Validation_IdleDetailReport_UI_Functionality_AllLOB" time="0.000" classname="Logi.IdleDetailReport.Validate_IdleDetail_UI_Functionality_AllLOB"/>
  <testcase name="Validation_IdleDetailReport_UI_Functionality_AllLOB" time="0.000" classname="Logi.IdleDetailReport.Validate_IdleDetail_UI_Functionality_AllLOB"/>
  <testcase name="Validation_IdleDetailReport_UI_Functionality_AllLOB" time="0.000" classname="Logi.IdleDetailReport.Validate_IdleDetail_UI_Functionality_AllLOB"/>
  <testcase name="Validation_IdleDetailReport_UI_Functionality_AllLOB" time="0.000" classname="Logi.IdleDetailReport.Validate_IdleDetail_UI_Functionality_AllLOB"/>
  <testcase name="Validation_IdleDetailReport_UI_Functionality_AllLOB" time="0.000" classname="Logi.IdleDetailReport.Validate_IdleDetail_UI_Functionality_AllLOB"/>
  <testcase name="Validation_IdleDetailReport_UI_Functionality_AllLOB" time="0.000" classname="Logi.IdleDetailReport.Validate_IdleDetail_UI_Functionality_AllLOB"/>
  <testcase name="Validation_IdleDetailReport_UI_Functionality_AllLOB" time="0.000" classname="Logi.IdleDetailReport.Validate_IdleDetail_UI_Functionality_AllLOB"/>
  <testcase name="Validation_IdleDetailReport_UI_Functionality_AllLOB" time="0.000" classname="Logi.IdleDetailReport.Validate_IdleDetail_UI_Functionality_AllLOB"/>
  <testcase name="Validation_IdleDetailReport_UI_Functionality_AllLOB" time="0.000" classname="Logi.IdleDetailReport.Validate_IdleDetail_UI_Functionality_AllLOB"/>
  <testcase name="Validation_IdleDetailReport_UI_Functionality_AllLOB" time="0.000" classname="Logi.IdleDetailReport.Validate_IdleDetail_UI_Functionality_AllLOB"/>
  <testcase name="Validation_IdleDetailReport_UI_Functionality_AllLOB" time="0.000" classname="Logi.IdleDetailReport.Validate_IdleDetail_UI_Functionality_AllLOB"/>
  <testcase name="Validation_IdleDetailReport_UI_Functionality_AllLOB" time="0.000" classname="Logi.IdleDetailReport.Validate_IdleDetail_UI_Functionality_AllLOB"/>
  <testcase name="Validation_IdleDetailReport_UI_Functionality_AllLOB" time="0.000" classname="Logi.IdleDetailReport.Validate_IdleDetail_UI_Functionality_AllLOB"/>
  <testcase name="Validation_IdleDetailReport_UI_Functionality_AllLOB" time="0.000" classname="Logi.IdleDetailReport.Validate_IdleDetail_UI_Functionality_AllLOB"/>
  <testcase name="Validation_IdleDetailReport_UI_Functionality_AllLOB" time="0.000" classname="Logi.IdleDetailReport.Validate_IdleDetail_UI_Functionality_AllLOB"/>
  <testcase name="Validation_IdleDetailReport_UI_Functionality_AllLOB" time="0.000" classname="Logi.IdleDetailReport.Validate_IdleDetail_UI_Functionality_AllLOB"/>
  <testcase name="Validation_IdleDetailReport_UI_Functionality_AllLOB" time="0.054" classname="Logi.IdleDetailReport.Validate_IdleDetail_UI_Functionality_AllLOB"/>
  <testcase name="Validation_IdleDetailReport_UI_Functionality_AllLOB" time="0.016" classname="Logi.IdleDetailReport.Validate_IdleDetail_UI_Functionality_AllLOB"/>
  <testcase name="Validation_IdleDetailReport_UI_Functionality_AllLOB" time="0.000" classname="Logi.IdleDetailReport.Validate_IdleDetail_UI_Functionality_AllLOB"/>
  <testcase name="Validation_IdleDetailReport_UI_Functionality_AllLOB" time="0.000" classname="Logi.IdleDetailReport.Validate_IdleDetail_UI_Functionality_AllLOB"/>
  <testcase name="Validation_IdleDetailReport_UI_Functionality_AllLOB" time="0.000" classname="Logi.IdleDetailReport.Validate_IdleDetail_UI_Functionality_AllLOB"/>
  <testcase name="Validation_IdleDetailReport_UI_Functionality_AllLOB" time="0.000" classname="Logi.IdleDetailReport.Validate_IdleDetail_UI_Functionality_AllLOB"/>
  <testcase name="Validation_IdleDetailReport_UI_Functionality_AllLOB" time="0.000" classname="Logi.IdleDetailReport.Validate_IdleDetail_UI_Functionality_AllLOB"/>
  <testcase name="Validation_IdleDetailReport_UI_Functionality_AllLOB" time="0.000" classname="Logi.IdleDetailReport.Validate_IdleDetail_UI_Functionality_AllLOB"/>
  <testcase name="Validation_IdleDetailReport_UI_Functionality_AllLOB" time="0.000" classname="Logi.IdleDetailReport.Validate_IdleDetail_UI_Functionality_AllLOB"/>
  <testcase name="Validation_IdleDetailReport_UI_Functionality_AllLOB" time="0.000" classname="Logi.IdleDetailReport.Validate_IdleDetail_UI_Functionality_AllLOB"/>
  <testcase name="Validation_IdleDetailReport_UI_Functionality_AllLOB" time="0.000" classname="Logi.IdleDetailReport.Validate_IdleDetail_UI_Functionality_AllLOB"/>
  <testcase name="Validation_IdleDetailReport_UI_Functionality_AllLOB" time="0.002" classname="Logi.IdleDetailReport.Validate_IdleDetail_UI_Functionality_AllLOB"/>
  <testcase name="Validation_IdleDetailReport_UI_Functionality_AllLOB" time="0.000" classname="Logi.IdleDetailReport.Validate_IdleDetail_UI_Functionality_AllLOB"/>
  <testcase name="Validation_IdleDetailReport_UI_Functionality_AllLOB" time="0.017" classname="Logi.IdleDetailReport.Validate_IdleDetail_UI_Functionality_AllLOB"/>
  <testcase name="Validation_IdleDetailReport_UI_Functionality_AllLOB" time="0.000" classname="Logi.IdleDetailReport.Validate_IdleDetail_UI_Functionality_AllLOB"/>
  <testcase name="Validation_IdleDetailReport_UI_Functionality_AllLOB" time="0.000" classname="Logi.IdleDetailReport.Validate_IdleDetail_UI_Functionality_AllLOB"/>
  <testcase name="Validation_IdleDetailReport_UI_Functionality_AllLOB" time="0.000" classname="Logi.IdleDetailReport.Validate_IdleDetail_UI_Functionality_AllLOB"/>
  <testcase name="Validation_IdleDetailReport_UI_Functionality_AllLOB" time="0.000" classname="Logi.IdleDetailReport.Validate_IdleDetail_UI_Functionality_AllLOB"/>
  <testcase name="Validation_IdleDetailReport_UI_Functionality_AllLOB" time="0.000" classname="Logi.IdleDetailReport.Validate_IdleDetail_UI_Functionality_AllLOB"/>
  <testcase name="Validation_IdleDetailReport_UI_Functionality_AllLOB" time="0.000" classname="Logi.IdleDetailReport.Validate_IdleDetail_UI_Functionality_AllLOB"/>
  <testcase name="Validation_IdleDetailReport_UI_Functionality_AllLOB" time="0.000" classname="Logi.IdleDetailReport.Validate_IdleDetail_UI_Functionality_AllLOB"/>
  <testcase name="Validation_IdleDetailReport_UI_Functionality_AllLOB" time="0.000" classname="Logi.IdleDetailReport.Validate_IdleDetail_UI_Functionality_AllLOB"/>
  <testcase name="Validation_IdleDetailReport_UI_Functionality_AllLOB" time="0.000" classname="Logi.IdleDetailReport.Validate_IdleDetail_UI_Functionality_AllLOB"/>
  <testcase name="Validation_IdleDetailReport_UI_Functionality_AllLOB" time="0.000" classname="Logi.IdleDetailReport.Validate_IdleDetail_UI_Functionality_AllLOB"/>
  <testcase name="Validation_IdleDetailReport_UI_Functionality_AllLOB" time="0.000" classname="Logi.IdleDetailReport.Validate_IdleDetail_UI_Functionality_AllLOB"/>
  <testcase name="Validation_IdleDetailReport_UI_Functionality_AllLOB" time="0.000" classname="Logi.IdleDetailReport.Validate_IdleDetail_UI_Functionality_AllLOB"/>
  <testcase name="Validation_IdleDetailReport_UI_Functionality_AllLOB" time="0.000" classname="Logi.IdleDetailReport.Validate_IdleDetail_UI_Functionality_AllLOB"/>
  <testcase name="Validation_IdleDetailReport_UI_Functionality_AllLOB" time="0.000" classname="Logi.IdleDetailReport.Validate_IdleDetail_UI_Functionality_AllLOB"/>
  <testcase name="Validation_IdleDetailReport_UI_Functionality_AllLOB" time="0.000" classname="Logi.IdleDetailReport.Validate_IdleDetail_UI_Functionality_AllLOB"/>
  <testcase name="Validation_IdleDetailReport_UI_Functionality_AllLOB" time="0.019" classname="Logi.IdleDetailReport.Validate_IdleDetail_UI_Functionality_AllLOB"/>
  <testcase name="Validation_IdleDetailReport_UI_Functionality_AllLOB" time="0.000" classname="Logi.IdleDetailReport.Validate_IdleDetail_UI_Functionality_AllLOB"/>
  <testcase name="Validation_IdleDetailReport_UI_Functionality_AllLOB" time="0.000" classname="Logi.IdleDetailReport.Validate_IdleDetail_UI_Functionality_AllLOB"/>
  <testcase name="Validation_IdleDetailReport_UI_Functionality_AllLOB" time="0.000" classname="Logi.IdleDetailReport.Validate_IdleDetail_UI_Functionality_AllLOB"/>
  <testcase name="Validation_IdleDetailReport_UI_Functionality_AllLOB" time="0.000" classname="Logi.IdleDetailReport.Validate_IdleDetail_UI_Functionality_AllLOB"/>
  <testcase name="Validation_IdleDetailReport_UI_Functionality_AllLOB" time="0.000" classname="Logi.IdleDetailReport.Validate_IdleDetail_UI_Functionality_AllLOB"/>
  <testcase name="Validation_IdleDetailReport_UI_Functionality_AllLOB" time="0.077" classname="Logi.IdleDetailReport.Validate_IdleDetail_UI_Functionality_AllLOB"/>
  <testcase name="Validation_IdleDetailReport_UI_Functionality_AllLOB" time="0.000" classname="Logi.IdleDetailReport.Validate_IdleDetail_UI_Functionality_AllLOB"/>
  <testcase name="Validation_IdleDetailReport_UI_Functionality_AllLOB" time="0.000" classname="Logi.IdleDetailReport.Validate_IdleDetail_UI_Functionality_AllLOB"/>
  <testcase name="Validation_IdleDetailReport_UI_Functionality_AllLOB" time="0.000" classname="Logi.IdleDetailReport.Validate_IdleDetail_UI_Functionality_AllLOB"/>
  <testcase name="Validation_IdleDetailReport_UI_Functionality_AllLOB" time="0.000" classname="Logi.IdleDetailReport.Validate_IdleDetail_UI_Functionality_AllLOB"/>
  <testcase name="Validation_IdleDetailReport_UI_Functionality_AllLOB" time="0.000" classname="Logi.IdleDetailReport.Validate_IdleDetail_UI_Functionality_AllLOB"/>
  <testcase name="Validation_IdleDetailReport_UI_Functionality_AllLOB" time="0.000" classname="Logi.IdleDetailReport.Validate_IdleDetail_UI_Functionality_AllLOB"/>
  <testcase name="Validation_IdleDetailReport_UI_Functionality_AllLOB" time="0.000" classname="Logi.IdleDetailReport.Validate_IdleDetail_UI_Functionality_AllLOB"/>
  <testcase name="Validation_IdleDetailReport_UI_Functionality_AllLOB" time="0.000" classname="Logi.IdleDetailReport.Validate_IdleDetail_UI_Functionality_AllLOB"/>
  <testcase name="Validation_IdleDetailReport_UI_Functionality_AllLOB" time="0.000" classname="Logi.IdleDetailReport.Validate_IdleDetail_UI_Functionality_AllLOB"/>
  <testcase name="Validation_IdleDetailReport_UI_Functionality_AllLOB" time="0.000" classname="Logi.IdleDetailReport.Validate_IdleDetail_UI_Functionality_AllLOB"/>
  <testcase name="Validation_IdleDetailReport_UI_Functionality_AllLOB" time="0.000" classname="Logi.IdleDetailReport.Validate_IdleDetail_UI_Functionality_AllLOB"/>
</testsuite> <!-- Logi.IdleDetailReport.Validate_IdleDetail_UI_Functionality_AllLOB -->
