<?xml version="1.0" encoding="UTF-8"?>
<!-- Generated by org.testng.reporters.JUnitReportReporter -->
<testsuite skipped="0" hostname="CB2012R2AUSE005" name="SDO.AMHuddle_FlashReport.Display_LOB_FlashReport_and_Driver_FlashReport_Resi" tests="1" failures="0" timestamp="11 Jan 2018 23:23:25 GMT" time="72.813" errors="0">
  <testcase name="DisplayFlashAndDriverReportTitleResi" time="72.813" classname="SDO.AMHuddle_FlashReport.Display_LOB_FlashReport_and_Driver_FlashReport_Resi"/>
</testsuite> <!-- SDO.AMHuddle_FlashReport.Display_LOB_FlashReport_and_Driver_FlashReport_Resi -->
