<?xml version="1.0" encoding="UTF-8"?>
<!-- Generated by org.testng.reporters.JUnitReportReporter -->
<testsuite skipped="0" hostname="CB2012R2AUSE005" name="SDO.IndDriverDetailRO.VerifyTheExportToPDFoptionInTheDriverAccordion" tests="1" failures="0" timestamp="11 Jan 2018 23:23:23 GMT" time="111.611" errors="0">
  <testcase name="OpusSDO_PDFOptionFlashReportRO" time="111.611" classname="SDO.IndDriverDetailRO.VerifyTheExportToPDFoptionInTheDriverAccordion"/>
</testsuite> <!-- SDO.IndDriverDetailRO.VerifyTheExportToPDFoptionInTheDriverAccordion -->
