<?xml version="1.0" encoding="UTF-8"?>
<!-- Generated by org.testng.reporters.JUnitReportReporter -->
<testsuite skipped="0" hostname="CB2012R2AUSE005" name="Logi.SummaryDashboardReport.Validate_SummaryDashboard_Report_RO" tests="87" failures="0" timestamp="11 Jan 2018 23:23:27 GMT" time="304.890" errors="0">
  <testcase name="Validate_SummaryDashboard_Report_RO" time="0.000" classname="Logi.SummaryDashboardReport.Validate_SummaryDashboard_Report_RO"/>
  <testcase name="Validate_SummaryDashboard_Report_RO" time="0.000" classname="Logi.SummaryDashboardReport.Validate_SummaryDashboard_Report_RO"/>
  <testcase name="Validate_SummaryDashboard_Report_RO" time="0.000" classname="Logi.SummaryDashboardReport.Validate_SummaryDashboard_Report_RO"/>
  <testcase name="Validate_SummaryDashboard_Report_RO" time="0.000" classname="Logi.SummaryDashboardReport.Validate_SummaryDashboard_Report_RO"/>
  <testcase name="Validate_SummaryDashboard_Report_RO" time="0.016" classname="Logi.SummaryDashboardReport.Validate_SummaryDashboard_Report_RO"/>
  <testcase name="Validate_SummaryDashboard_Report_RO" time="0.000" classname="Logi.SummaryDashboardReport.Validate_SummaryDashboard_Report_RO"/>
  <testcase name="Validate_SummaryDashboard_Report_RO" time="0.000" classname="Logi.SummaryDashboardReport.Validate_SummaryDashboard_Report_RO"/>
  <testcase name="Validate_SummaryDashboard_Report_RO" time="0.000" classname="Logi.SummaryDashboardReport.Validate_SummaryDashboard_Report_RO"/>
  <testcase name="Validate_SummaryDashboard_Report_RO" time="0.000" classname="Logi.SummaryDashboardReport.Validate_SummaryDashboard_Report_RO"/>
  <testcase name="Validate_SummaryDashboard_Report_RO" time="0.000" classname="Logi.SummaryDashboardReport.Validate_SummaryDashboard_Report_RO"/>
  <testcase name="Validate_SummaryDashboard_Report_RO" time="0.000" classname="Logi.SummaryDashboardReport.Validate_SummaryDashboard_Report_RO"/>
  <testcase name="Validate_SummaryDashboard_Report_RO" time="0.000" classname="Logi.SummaryDashboardReport.Validate_SummaryDashboard_Report_RO"/>
  <testcase name="Validate_SummaryDashboard_Report_RO" time="0.000" classname="Logi.SummaryDashboardReport.Validate_SummaryDashboard_Report_RO"/>
  <testcase name="Validate_SummaryDashboard_Report_RO" time="0.000" classname="Logi.SummaryDashboardReport.Validate_SummaryDashboard_Report_RO"/>
  <testcase name="Validate_SummaryDashboard_Report_RO" time="0.000" classname="Logi.SummaryDashboardReport.Validate_SummaryDashboard_Report_RO"/>
  <testcase name="Validate_SummaryDashboard_Report_RO" time="0.000" classname="Logi.SummaryDashboardReport.Validate_SummaryDashboard_Report_RO"/>
  <testcase name="Validate_SummaryDashboard_Report_RO" time="0.000" classname="Logi.SummaryDashboardReport.Validate_SummaryDashboard_Report_RO"/>
  <testcase name="Validate_SummaryDashboard_Report_RO" time="0.000" classname="Logi.SummaryDashboardReport.Validate_SummaryDashboard_Report_RO"/>
  <testcase name="Validate_SummaryDashboard_Report_RO" time="0.000" classname="Logi.SummaryDashboardReport.Validate_SummaryDashboard_Report_RO"/>
  <testcase name="Validate_SummaryDashboard_Report_RO" time="0.000" classname="Logi.SummaryDashboardReport.Validate_SummaryDashboard_Report_RO"/>
  <testcase name="Validate_SummaryDashboard_Report_RO" time="0.000" classname="Logi.SummaryDashboardReport.Validate_SummaryDashboard_Report_RO"/>
  <testcase name="Validate_SummaryDashboard_Report_RO" time="0.000" classname="Logi.SummaryDashboardReport.Validate_SummaryDashboard_Report_RO"/>
  <testcase name="Validate_SummaryDashboard_Report_RO" time="0.000" classname="Logi.SummaryDashboardReport.Validate_SummaryDashboard_Report_RO"/>
  <testcase name="Validate_SummaryDashboard_Report_RO" time="0.000" classname="Logi.SummaryDashboardReport.Validate_SummaryDashboard_Report_RO"/>
  <testcase name="Validate_SummaryDashboard_Report_RO" time="0.000" classname="Logi.SummaryDashboardReport.Validate_SummaryDashboard_Report_RO"/>
  <testcase name="Validate_SummaryDashboard_Report_RO" time="0.000" classname="Logi.SummaryDashboardReport.Validate_SummaryDashboard_Report_RO"/>
  <testcase name="Validate_SummaryDashboard_Report_RO" time="0.000" classname="Logi.SummaryDashboardReport.Validate_SummaryDashboard_Report_RO"/>
  <testcase name="Validate_SummaryDashboard_Report_RO" time="0.000" classname="Logi.SummaryDashboardReport.Validate_SummaryDashboard_Report_RO"/>
  <testcase name="Validate_SummaryDashboard_Report_RO" time="0.001" classname="Logi.SummaryDashboardReport.Validate_SummaryDashboard_Report_RO"/>
  <testcase name="Validate_SummaryDashboard_Report_RO" time="0.000" classname="Logi.SummaryDashboardReport.Validate_SummaryDashboard_Report_RO"/>
  <testcase name="Validate_SummaryDashboard_Report_RO" time="0.000" classname="Logi.SummaryDashboardReport.Validate_SummaryDashboard_Report_RO"/>
  <testcase name="Validate_SummaryDashboard_Report_RO" time="0.000" classname="Logi.SummaryDashboardReport.Validate_SummaryDashboard_Report_RO"/>
  <testcase name="Validate_SummaryDashboard_Report_RO" time="0.000" classname="Logi.SummaryDashboardReport.Validate_SummaryDashboard_Report_RO"/>
  <testcase name="Validate_SummaryDashboard_Report_RO" time="0.000" classname="Logi.SummaryDashboardReport.Validate_SummaryDashboard_Report_RO"/>
  <testcase name="Validate_SummaryDashboard_Report_RO" time="0.001" classname="Logi.SummaryDashboardReport.Validate_SummaryDashboard_Report_RO"/>
  <testcase name="Validate_SummaryDashboard_Report_RO" time="0.000" classname="Logi.SummaryDashboardReport.Validate_SummaryDashboard_Report_RO"/>
  <testcase name="Validate_SummaryDashboard_Report_RO" time="0.000" classname="Logi.SummaryDashboardReport.Validate_SummaryDashboard_Report_RO"/>
  <testcase name="Validate_SummaryDashboard_Report_RO" time="0.000" classname="Logi.SummaryDashboardReport.Validate_SummaryDashboard_Report_RO"/>
  <testcase name="Validate_SummaryDashboard_Report_RO" time="0.000" classname="Logi.SummaryDashboardReport.Validate_SummaryDashboard_Report_RO"/>
  <testcase name="Validate_SummaryDashboard_Report_RO" time="0.000" classname="Logi.SummaryDashboardReport.Validate_SummaryDashboard_Report_RO"/>
  <testcase name="Validate_SummaryDashboard_Report_RO" time="0.000" classname="Logi.SummaryDashboardReport.Validate_SummaryDashboard_Report_RO"/>
  <testcase name="Validate_SummaryDashboard_Report_RO" time="0.000" classname="Logi.SummaryDashboardReport.Validate_SummaryDashboard_Report_RO"/>
  <testcase name="Validate_SummaryDashboard_Report_RO" time="0.000" classname="Logi.SummaryDashboardReport.Validate_SummaryDashboard_Report_RO"/>
  <testcase name="Validate_SummaryDashboard_Report_RO" time="0.000" classname="Logi.SummaryDashboardReport.Validate_SummaryDashboard_Report_RO"/>
  <testcase name="Validate_SummaryDashboard_Report_RO" time="0.000" classname="Logi.SummaryDashboardReport.Validate_SummaryDashboard_Report_RO"/>
  <testcase name="Validate_SummaryDashboard_Report_RO" time="0.000" classname="Logi.SummaryDashboardReport.Validate_SummaryDashboard_Report_RO"/>
  <testcase name="Validate_SummaryDashboard_Report_RO" time="304.871" classname="Logi.SummaryDashboardReport.Validate_SummaryDashboard_Report_RO"/>
  <testcase name="Validate_SummaryDashboard_Report_RO" time="0.001" classname="Logi.SummaryDashboardReport.Validate_SummaryDashboard_Report_RO"/>
  <testcase name="Validate_SummaryDashboard_Report_RO" time="0.000" classname="Logi.SummaryDashboardReport.Validate_SummaryDashboard_Report_RO"/>
  <testcase name="Validate_SummaryDashboard_Report_RO" time="0.000" classname="Logi.SummaryDashboardReport.Validate_SummaryDashboard_Report_RO"/>
  <testcase name="Validate_SummaryDashboard_Report_RO" time="0.000" classname="Logi.SummaryDashboardReport.Validate_SummaryDashboard_Report_RO"/>
  <testcase name="Validate_SummaryDashboard_Report_RO" time="0.000" classname="Logi.SummaryDashboardReport.Validate_SummaryDashboard_Report_RO"/>
  <testcase name="Validate_SummaryDashboard_Report_RO" time="0.000" classname="Logi.SummaryDashboardReport.Validate_SummaryDashboard_Report_RO"/>
  <testcase name="Validate_SummaryDashboard_Report_RO" time="0.000" classname="Logi.SummaryDashboardReport.Validate_SummaryDashboard_Report_RO"/>
  <testcase name="Validate_SummaryDashboard_Report_RO" time="0.000" classname="Logi.SummaryDashboardReport.Validate_SummaryDashboard_Report_RO"/>
  <testcase name="Validate_SummaryDashboard_Report_RO" time="0.000" classname="Logi.SummaryDashboardReport.Validate_SummaryDashboard_Report_RO"/>
  <testcase name="Validate_SummaryDashboard_Report_RO" time="0.000" classname="Logi.SummaryDashboardReport.Validate_SummaryDashboard_Report_RO"/>
  <testcase name="Validate_SummaryDashboard_Report_RO" time="0.000" classname="Logi.SummaryDashboardReport.Validate_SummaryDashboard_Report_RO"/>
  <testcase name="Validate_SummaryDashboard_Report_RO" time="0.000" classname="Logi.SummaryDashboardReport.Validate_SummaryDashboard_Report_RO"/>
  <testcase name="Validate_SummaryDashboard_Report_RO" time="0.000" classname="Logi.SummaryDashboardReport.Validate_SummaryDashboard_Report_RO"/>
  <testcase name="Validate_SummaryDashboard_Report_RO" time="0.000" classname="Logi.SummaryDashboardReport.Validate_SummaryDashboard_Report_RO"/>
  <testcase name="Validate_SummaryDashboard_Report_RO" time="0.000" classname="Logi.SummaryDashboardReport.Validate_SummaryDashboard_Report_RO"/>
  <testcase name="Validate_SummaryDashboard_Report_RO" time="0.000" classname="Logi.SummaryDashboardReport.Validate_SummaryDashboard_Report_RO"/>
  <testcase name="Validate_SummaryDashboard_Report_RO" time="0.000" classname="Logi.SummaryDashboardReport.Validate_SummaryDashboard_Report_RO"/>
  <testcase name="Validate_SummaryDashboard_Report_RO" time="0.000" classname="Logi.SummaryDashboardReport.Validate_SummaryDashboard_Report_RO"/>
  <testcase name="Validate_SummaryDashboard_Report_RO" time="0.000" classname="Logi.SummaryDashboardReport.Validate_SummaryDashboard_Report_RO"/>
  <testcase name="Validate_SummaryDashboard_Report_RO" time="0.000" classname="Logi.SummaryDashboardReport.Validate_SummaryDashboard_Report_RO"/>
  <testcase name="Validate_SummaryDashboard_Report_RO" time="0.000" classname="Logi.SummaryDashboardReport.Validate_SummaryDashboard_Report_RO"/>
  <testcase name="Validate_SummaryDashboard_Report_RO" time="0.000" classname="Logi.SummaryDashboardReport.Validate_SummaryDashboard_Report_RO"/>
  <testcase name="Validate_SummaryDashboard_Report_RO" time="0.000" classname="Logi.SummaryDashboardReport.Validate_SummaryDashboard_Report_RO"/>
  <testcase name="Validate_SummaryDashboard_Report_RO" time="0.000" classname="Logi.SummaryDashboardReport.Validate_SummaryDashboard_Report_RO"/>
  <testcase name="Validate_SummaryDashboard_Report_RO" time="0.000" classname="Logi.SummaryDashboardReport.Validate_SummaryDashboard_Report_RO"/>
  <testcase name="Validate_SummaryDashboard_Report_RO" time="0.000" classname="Logi.SummaryDashboardReport.Validate_SummaryDashboard_Report_RO"/>
  <testcase name="Validate_SummaryDashboard_Report_RO" time="0.000" classname="Logi.SummaryDashboardReport.Validate_SummaryDashboard_Report_RO"/>
  <testcase name="Validate_SummaryDashboard_Report_RO" time="0.000" classname="Logi.SummaryDashboardReport.Validate_SummaryDashboard_Report_RO"/>
  <testcase name="Validate_SummaryDashboard_Report_RO" time="0.000" classname="Logi.SummaryDashboardReport.Validate_SummaryDashboard_Report_RO"/>
  <testcase name="Validate_SummaryDashboard_Report_RO" time="0.000" classname="Logi.SummaryDashboardReport.Validate_SummaryDashboard_Report_RO"/>
  <testcase name="Validate_SummaryDashboard_Report_RO" time="0.000" classname="Logi.SummaryDashboardReport.Validate_SummaryDashboard_Report_RO"/>
  <testcase name="Validate_SummaryDashboard_Report_RO" time="0.000" classname="Logi.SummaryDashboardReport.Validate_SummaryDashboard_Report_RO"/>
  <testcase name="Validate_SummaryDashboard_Report_RO" time="0.000" classname="Logi.SummaryDashboardReport.Validate_SummaryDashboard_Report_RO"/>
  <testcase name="Validate_SummaryDashboard_Report_RO" time="0.000" classname="Logi.SummaryDashboardReport.Validate_SummaryDashboard_Report_RO"/>
  <testcase name="Validate_SummaryDashboard_Report_RO" time="0.000" classname="Logi.SummaryDashboardReport.Validate_SummaryDashboard_Report_RO"/>
  <testcase name="Validate_SummaryDashboard_Report_RO" time="0.000" classname="Logi.SummaryDashboardReport.Validate_SummaryDashboard_Report_RO"/>
  <testcase name="Validate_SummaryDashboard_Report_RO" time="0.000" classname="Logi.SummaryDashboardReport.Validate_SummaryDashboard_Report_RO"/>
  <testcase name="Validate_SummaryDashboard_Report_RO" time="0.000" classname="Logi.SummaryDashboardReport.Validate_SummaryDashboard_Report_RO"/>
  <testcase name="Validate_SummaryDashboard_Report_RO" time="0.000" classname="Logi.SummaryDashboardReport.Validate_SummaryDashboard_Report_RO"/>
  <testcase name="Validate_SummaryDashboard_Report_RO" time="0.000" classname="Logi.SummaryDashboardReport.Validate_SummaryDashboard_Report_RO"/>
</testsuite> <!-- Logi.SummaryDashboardReport.Validate_SummaryDashboard_Report_RO -->
