<?xml version="1.0" encoding="UTF-8"?>
<!-- Generated by org.testng.reporters.JUnitReportReporter -->
<testsuite skipped="0" hostname="CB2012R2AUSE005" name="Logi.RouteSummaryReport.Validate_RouteSummary_AllLOB" tests="87" failures="0" timestamp="11 Jan 2018 23:23:28 GMT" time="61.077" errors="0">
  <testcase name="Validation_RouteSummaryReport_DataValidation_COM" time="0.014" classname="Logi.RouteSummaryReport.Validate_RouteSummary_AllLOB"/>
  <testcase name="Validation_RouteSummaryReport_DataValidation_COM" time="0.000" classname="Logi.RouteSummaryReport.Validate_RouteSummary_AllLOB"/>
  <testcase name="Validation_RouteSummaryReport_DataValidation_COM" time="0.000" classname="Logi.RouteSummaryReport.Validate_RouteSummary_AllLOB"/>
  <testcase name="Validation_RouteSummaryReport_DataValidation_COM" time="0.000" classname="Logi.RouteSummaryReport.Validate_RouteSummary_AllLOB"/>
  <testcase name="Validation_RouteSummaryReport_DataValidation_COM" time="0.000" classname="Logi.RouteSummaryReport.Validate_RouteSummary_AllLOB"/>
  <testcase name="Validation_RouteSummaryReport_DataValidation_COM" time="0.000" classname="Logi.RouteSummaryReport.Validate_RouteSummary_AllLOB"/>
  <testcase name="Validation_RouteSummaryReport_DataValidation_COM" time="0.000" classname="Logi.RouteSummaryReport.Validate_RouteSummary_AllLOB"/>
  <testcase name="Validation_RouteSummaryReport_DataValidation_COM" time="0.000" classname="Logi.RouteSummaryReport.Validate_RouteSummary_AllLOB"/>
  <testcase name="Validation_RouteSummaryReport_DataValidation_COM" time="0.000" classname="Logi.RouteSummaryReport.Validate_RouteSummary_AllLOB"/>
  <testcase name="Validation_RouteSummaryReport_DataValidation_COM" time="0.000" classname="Logi.RouteSummaryReport.Validate_RouteSummary_AllLOB"/>
  <testcase name="Validation_RouteSummaryReport_DataValidation_COM" time="0.000" classname="Logi.RouteSummaryReport.Validate_RouteSummary_AllLOB"/>
  <testcase name="Validation_RouteSummaryReport_DataValidation_COM" time="0.000" classname="Logi.RouteSummaryReport.Validate_RouteSummary_AllLOB"/>
  <testcase name="Validation_RouteSummaryReport_DataValidation_COM" time="0.000" classname="Logi.RouteSummaryReport.Validate_RouteSummary_AllLOB"/>
  <testcase name="Validation_RouteSummaryReport_DataValidation_COM" time="0.000" classname="Logi.RouteSummaryReport.Validate_RouteSummary_AllLOB"/>
  <testcase name="Validation_RouteSummaryReport_DataValidation_COM" time="0.000" classname="Logi.RouteSummaryReport.Validate_RouteSummary_AllLOB"/>
  <testcase name="Validation_RouteSummaryReport_DataValidation_COM" time="0.000" classname="Logi.RouteSummaryReport.Validate_RouteSummary_AllLOB"/>
  <testcase name="Validation_RouteSummaryReport_DataValidation_COM" time="0.000" classname="Logi.RouteSummaryReport.Validate_RouteSummary_AllLOB"/>
  <testcase name="Validation_RouteSummaryReport_DataValidation_COM" time="0.000" classname="Logi.RouteSummaryReport.Validate_RouteSummary_AllLOB"/>
  <testcase name="Validation_RouteSummaryReport_DataValidation_COM" time="0.000" classname="Logi.RouteSummaryReport.Validate_RouteSummary_AllLOB"/>
  <testcase name="Validation_RouteSummaryReport_DataValidation_COM" time="0.000" classname="Logi.RouteSummaryReport.Validate_RouteSummary_AllLOB"/>
  <testcase name="Validation_RouteSummaryReport_DataValidation_COM" time="0.000" classname="Logi.RouteSummaryReport.Validate_RouteSummary_AllLOB"/>
  <testcase name="Validation_RouteSummaryReport_DataValidation_COM" time="0.000" classname="Logi.RouteSummaryReport.Validate_RouteSummary_AllLOB"/>
  <testcase name="Validation_RouteSummaryReport_DataValidation_COM" time="0.000" classname="Logi.RouteSummaryReport.Validate_RouteSummary_AllLOB"/>
  <testcase name="Validation_RouteSummaryReport_DataValidation_COM" time="0.000" classname="Logi.RouteSummaryReport.Validate_RouteSummary_AllLOB"/>
  <testcase name="Validation_RouteSummaryReport_DataValidation_COM" time="0.000" classname="Logi.RouteSummaryReport.Validate_RouteSummary_AllLOB"/>
  <testcase name="Validation_RouteSummaryReport_DataValidation_COM" time="0.000" classname="Logi.RouteSummaryReport.Validate_RouteSummary_AllLOB"/>
  <testcase name="Validation_RouteSummaryReport_DataValidation_COM" time="0.000" classname="Logi.RouteSummaryReport.Validate_RouteSummary_AllLOB"/>
  <testcase name="Validation_RouteSummaryReport_DataValidation_COM" time="0.000" classname="Logi.RouteSummaryReport.Validate_RouteSummary_AllLOB"/>
  <testcase name="Validation_RouteSummaryReport_DataValidation_COM" time="0.000" classname="Logi.RouteSummaryReport.Validate_RouteSummary_AllLOB"/>
  <testcase name="Validation_RouteSummaryReport_DataValidation_COM" time="0.015" classname="Logi.RouteSummaryReport.Validate_RouteSummary_AllLOB"/>
  <testcase name="Validation_RouteSummaryReport_DataValidation_COM" time="0.000" classname="Logi.RouteSummaryReport.Validate_RouteSummary_AllLOB"/>
  <testcase name="Validation_RouteSummaryReport_DataValidation_COM" time="0.000" classname="Logi.RouteSummaryReport.Validate_RouteSummary_AllLOB"/>
  <testcase name="Validation_RouteSummaryReport_DataValidation_COM" time="0.000" classname="Logi.RouteSummaryReport.Validate_RouteSummary_AllLOB"/>
  <testcase name="Validation_RouteSummaryReport_DataValidation_COM" time="0.000" classname="Logi.RouteSummaryReport.Validate_RouteSummary_AllLOB"/>
  <testcase name="Validation_RouteSummaryReport_DataValidation_COM" time="0.000" classname="Logi.RouteSummaryReport.Validate_RouteSummary_AllLOB"/>
  <testcase name="Validation_RouteSummaryReport_DataValidation_COM" time="0.000" classname="Logi.RouteSummaryReport.Validate_RouteSummary_AllLOB"/>
  <testcase name="Validation_RouteSummaryReport_DataValidation_COM" time="0.000" classname="Logi.RouteSummaryReport.Validate_RouteSummary_AllLOB"/>
  <testcase name="Validation_RouteSummaryReport_DataValidation_COM" time="0.000" classname="Logi.RouteSummaryReport.Validate_RouteSummary_AllLOB"/>
  <testcase name="Validation_RouteSummaryReport_DataValidation_COM" time="0.000" classname="Logi.RouteSummaryReport.Validate_RouteSummary_AllLOB"/>
  <testcase name="Validation_RouteSummaryReport_DataValidation_COM" time="0.000" classname="Logi.RouteSummaryReport.Validate_RouteSummary_AllLOB"/>
  <testcase name="Validation_RouteSummaryReport_DataValidation_COM" time="0.000" classname="Logi.RouteSummaryReport.Validate_RouteSummary_AllLOB"/>
  <testcase name="Validation_RouteSummaryReport_DataValidation_COM" time="0.000" classname="Logi.RouteSummaryReport.Validate_RouteSummary_AllLOB"/>
  <testcase name="Validation_RouteSummaryReport_DataValidation_COM" time="0.000" classname="Logi.RouteSummaryReport.Validate_RouteSummary_AllLOB"/>
  <testcase name="Validation_RouteSummaryReport_DataValidation_COM" time="0.000" classname="Logi.RouteSummaryReport.Validate_RouteSummary_AllLOB"/>
  <testcase name="Validation_RouteSummaryReport_DataValidation_COM" time="0.000" classname="Logi.RouteSummaryReport.Validate_RouteSummary_AllLOB"/>
  <testcase name="Validation_RouteSummaryReport_DataValidation_COM" time="0.000" classname="Logi.RouteSummaryReport.Validate_RouteSummary_AllLOB"/>
  <testcase name="Validation_RouteSummaryReport_DataValidation_COM" time="0.000" classname="Logi.RouteSummaryReport.Validate_RouteSummary_AllLOB"/>
  <testcase name="Validation_RouteSummaryReport_DataValidation_COM" time="0.000" classname="Logi.RouteSummaryReport.Validate_RouteSummary_AllLOB"/>
  <testcase name="Validation_RouteSummaryReport_DataValidation_COM" time="0.016" classname="Logi.RouteSummaryReport.Validate_RouteSummary_AllLOB"/>
  <testcase name="Validation_RouteSummaryReport_DataValidation_COM" time="0.000" classname="Logi.RouteSummaryReport.Validate_RouteSummary_AllLOB"/>
  <testcase name="Validation_RouteSummaryReport_DataValidation_COM" time="0.000" classname="Logi.RouteSummaryReport.Validate_RouteSummary_AllLOB"/>
  <testcase name="Validation_RouteSummaryReport_DataValidation_COM" time="0.000" classname="Logi.RouteSummaryReport.Validate_RouteSummary_AllLOB"/>
  <testcase name="Validation_RouteSummaryReport_DataValidation_COM" time="0.000" classname="Logi.RouteSummaryReport.Validate_RouteSummary_AllLOB"/>
  <testcase name="Validation_RouteSummaryReport_DataValidation_COM" time="0.000" classname="Logi.RouteSummaryReport.Validate_RouteSummary_AllLOB"/>
  <testcase name="Validation_RouteSummaryReport_DataValidation_COM" time="0.000" classname="Logi.RouteSummaryReport.Validate_RouteSummary_AllLOB"/>
  <testcase name="Validation_RouteSummaryReport_DataValidation_COM" time="0.000" classname="Logi.RouteSummaryReport.Validate_RouteSummary_AllLOB"/>
  <testcase name="Validation_RouteSummaryReport_DataValidation_COM" time="0.000" classname="Logi.RouteSummaryReport.Validate_RouteSummary_AllLOB"/>
  <testcase name="Validation_RouteSummaryReport_DataValidation_COM" time="0.000" classname="Logi.RouteSummaryReport.Validate_RouteSummary_AllLOB"/>
  <testcase name="Validation_RouteSummaryReport_DataValidation_COM" time="0.000" classname="Logi.RouteSummaryReport.Validate_RouteSummary_AllLOB"/>
  <testcase name="Validation_RouteSummaryReport_DataValidation_COM" time="0.000" classname="Logi.RouteSummaryReport.Validate_RouteSummary_AllLOB"/>
  <testcase name="Validation_RouteSummaryReport_DataValidation_COM" time="0.000" classname="Logi.RouteSummaryReport.Validate_RouteSummary_AllLOB"/>
  <testcase name="Validation_RouteSummaryReport_DataValidation_COM" time="0.000" classname="Logi.RouteSummaryReport.Validate_RouteSummary_AllLOB"/>
  <testcase name="Validation_RouteSummaryReport_DataValidation_COM" time="0.000" classname="Logi.RouteSummaryReport.Validate_RouteSummary_AllLOB"/>
  <testcase name="Validation_RouteSummaryReport_DataValidation_COM" time="0.000" classname="Logi.RouteSummaryReport.Validate_RouteSummary_AllLOB"/>
  <testcase name="Validation_RouteSummaryReport_DataValidation_COM" time="0.000" classname="Logi.RouteSummaryReport.Validate_RouteSummary_AllLOB"/>
  <testcase name="Validation_RouteSummaryReport_DataValidation_COM" time="0.000" classname="Logi.RouteSummaryReport.Validate_RouteSummary_AllLOB"/>
  <testcase name="Validation_RouteSummaryReport_DataValidation_COM" time="0.000" classname="Logi.RouteSummaryReport.Validate_RouteSummary_AllLOB"/>
  <testcase name="Validation_RouteSummaryReport_DataValidation_COM" time="0.016" classname="Logi.RouteSummaryReport.Validate_RouteSummary_AllLOB"/>
  <testcase name="Validation_RouteSummaryReport_DataValidation_COM" time="0.000" classname="Logi.RouteSummaryReport.Validate_RouteSummary_AllLOB"/>
  <testcase name="Validation_RouteSummaryReport_DataValidation_COM" time="0.000" classname="Logi.RouteSummaryReport.Validate_RouteSummary_AllLOB"/>
  <testcase name="Validation_RouteSummaryReport_DataValidation_COM" time="61.016" classname="Logi.RouteSummaryReport.Validate_RouteSummary_AllLOB"/>
  <testcase name="Validation_RouteSummaryReport_DataValidation_COM" time="0.000" classname="Logi.RouteSummaryReport.Validate_RouteSummary_AllLOB"/>
  <testcase name="Validation_RouteSummaryReport_DataValidation_COM" time="0.000" classname="Logi.RouteSummaryReport.Validate_RouteSummary_AllLOB"/>
  <testcase name="Validation_RouteSummaryReport_DataValidation_COM" time="0.000" classname="Logi.RouteSummaryReport.Validate_RouteSummary_AllLOB"/>
  <testcase name="Validation_RouteSummaryReport_DataValidation_COM" time="0.000" classname="Logi.RouteSummaryReport.Validate_RouteSummary_AllLOB"/>
  <testcase name="Validation_RouteSummaryReport_DataValidation_COM" time="0.000" classname="Logi.RouteSummaryReport.Validate_RouteSummary_AllLOB"/>
  <testcase name="Validation_RouteSummaryReport_DataValidation_COM" time="0.000" classname="Logi.RouteSummaryReport.Validate_RouteSummary_AllLOB"/>
  <testcase name="Validation_RouteSummaryReport_DataValidation_COM" time="0.000" classname="Logi.RouteSummaryReport.Validate_RouteSummary_AllLOB"/>
  <testcase name="Validation_RouteSummaryReport_DataValidation_COM" time="0.000" classname="Logi.RouteSummaryReport.Validate_RouteSummary_AllLOB"/>
  <testcase name="Validation_RouteSummaryReport_DataValidation_COM" time="0.000" classname="Logi.RouteSummaryReport.Validate_RouteSummary_AllLOB"/>
  <testcase name="Validation_RouteSummaryReport_DataValidation_COM" time="0.000" classname="Logi.RouteSummaryReport.Validate_RouteSummary_AllLOB"/>
  <testcase name="Validation_RouteSummaryReport_DataValidation_COM" time="0.000" classname="Logi.RouteSummaryReport.Validate_RouteSummary_AllLOB"/>
  <testcase name="Validation_RouteSummaryReport_DataValidation_COM" time="0.000" classname="Logi.RouteSummaryReport.Validate_RouteSummary_AllLOB"/>
  <testcase name="Validation_RouteSummaryReport_DataValidation_COM" time="0.000" classname="Logi.RouteSummaryReport.Validate_RouteSummary_AllLOB"/>
  <testcase name="Validation_RouteSummaryReport_DataValidation_COM" time="0.000" classname="Logi.RouteSummaryReport.Validate_RouteSummary_AllLOB"/>
  <testcase name="Validation_RouteSummaryReport_DataValidation_COM" time="0.000" classname="Logi.RouteSummaryReport.Validate_RouteSummary_AllLOB"/>
  <testcase name="Validation_RouteSummaryReport_DataValidation_COM" time="0.000" classname="Logi.RouteSummaryReport.Validate_RouteSummary_AllLOB"/>
</testsuite> <!-- Logi.RouteSummaryReport.Validate_RouteSummary_AllLOB -->
