<?xml version="1.0" encoding="UTF-8"?>
<!-- Generated by org.testng.reporters.JUnitReportReporter -->
<testsuite skipped="0" hostname="CB2012R2AUSE003" name="Logi.PreRouteDetail.Validate_PreRouteDetail_AllLOB" tests="83" failures="0" timestamp="07 Jan 2018 19:31:52 GMT" time="137.956" errors="0">
  <testcase name="Validation_PreRouteDetailReport_DataValidation_AllLOB" time="0.000" classname="Logi.PreRouteDetail.Validate_PreRouteDetail_AllLOB"/>
  <testcase name="Validation_PreRouteDetailReport_DataValidation_AllLOB" time="0.000" classname="Logi.PreRouteDetail.Validate_PreRouteDetail_AllLOB"/>
  <testcase name="Validation_PreRouteDetailReport_DataValidation_AllLOB" time="0.000" classname="Logi.PreRouteDetail.Validate_PreRouteDetail_AllLOB"/>
  <testcase name="Validation_PreRouteDetailReport_DataValidation_AllLOB" time="0.000" classname="Logi.PreRouteDetail.Validate_PreRouteDetail_AllLOB"/>
  <testcase name="Validation_PreRouteDetailReport_DataValidation_AllLOB" time="0.000" classname="Logi.PreRouteDetail.Validate_PreRouteDetail_AllLOB"/>
  <testcase name="Validation_PreRouteDetailReport_DataValidation_AllLOB" time="0.000" classname="Logi.PreRouteDetail.Validate_PreRouteDetail_AllLOB"/>
  <testcase name="Validation_PreRouteDetailReport_DataValidation_AllLOB" time="0.000" classname="Logi.PreRouteDetail.Validate_PreRouteDetail_AllLOB"/>
  <testcase name="Validation_PreRouteDetailReport_DataValidation_AllLOB" time="0.000" classname="Logi.PreRouteDetail.Validate_PreRouteDetail_AllLOB"/>
  <testcase name="Validation_PreRouteDetailReport_DataValidation_AllLOB" time="0.000" classname="Logi.PreRouteDetail.Validate_PreRouteDetail_AllLOB"/>
  <testcase name="Validation_PreRouteDetailReport_DataValidation_AllLOB" time="0.000" classname="Logi.PreRouteDetail.Validate_PreRouteDetail_AllLOB"/>
  <testcase name="Validation_PreRouteDetailReport_DataValidation_AllLOB" time="0.000" classname="Logi.PreRouteDetail.Validate_PreRouteDetail_AllLOB"/>
  <testcase name="Validation_PreRouteDetailReport_DataValidation_AllLOB" time="0.000" classname="Logi.PreRouteDetail.Validate_PreRouteDetail_AllLOB"/>
  <testcase name="Validation_PreRouteDetailReport_DataValidation_AllLOB" time="0.000" classname="Logi.PreRouteDetail.Validate_PreRouteDetail_AllLOB"/>
  <testcase name="Validation_PreRouteDetailReport_DataValidation_AllLOB" time="0.000" classname="Logi.PreRouteDetail.Validate_PreRouteDetail_AllLOB"/>
  <testcase name="Validation_PreRouteDetailReport_DataValidation_AllLOB" time="0.000" classname="Logi.PreRouteDetail.Validate_PreRouteDetail_AllLOB"/>
  <testcase name="Validation_PreRouteDetailReport_DataValidation_AllLOB" time="0.000" classname="Logi.PreRouteDetail.Validate_PreRouteDetail_AllLOB"/>
  <testcase name="Validation_PreRouteDetailReport_DataValidation_AllLOB" time="0.000" classname="Logi.PreRouteDetail.Validate_PreRouteDetail_AllLOB"/>
  <testcase name="Validation_PreRouteDetailReport_DataValidation_AllLOB" time="0.000" classname="Logi.PreRouteDetail.Validate_PreRouteDetail_AllLOB"/>
  <testcase name="Validation_PreRouteDetailReport_DataValidation_AllLOB" time="0.000" classname="Logi.PreRouteDetail.Validate_PreRouteDetail_AllLOB"/>
  <testcase name="Validation_PreRouteDetailReport_DataValidation_AllLOB" time="0.000" classname="Logi.PreRouteDetail.Validate_PreRouteDetail_AllLOB"/>
  <testcase name="Validation_PreRouteDetailReport_DataValidation_AllLOB" time="0.000" classname="Logi.PreRouteDetail.Validate_PreRouteDetail_AllLOB"/>
  <testcase name="Validation_PreRouteDetailReport_DataValidation_AllLOB" time="0.000" classname="Logi.PreRouteDetail.Validate_PreRouteDetail_AllLOB"/>
  <testcase name="Validation_PreRouteDetailReport_DataValidation_AllLOB" time="0.000" classname="Logi.PreRouteDetail.Validate_PreRouteDetail_AllLOB"/>
  <testcase name="Validation_PreRouteDetailReport_DataValidation_AllLOB" time="0.000" classname="Logi.PreRouteDetail.Validate_PreRouteDetail_AllLOB"/>
  <testcase name="Validation_PreRouteDetailReport_DataValidation_AllLOB" time="0.000" classname="Logi.PreRouteDetail.Validate_PreRouteDetail_AllLOB"/>
  <testcase name="Validation_PreRouteDetailReport_DataValidation_AllLOB" time="0.000" classname="Logi.PreRouteDetail.Validate_PreRouteDetail_AllLOB"/>
  <testcase name="Validation_PreRouteDetailReport_DataValidation_AllLOB" time="0.000" classname="Logi.PreRouteDetail.Validate_PreRouteDetail_AllLOB"/>
  <testcase name="Validation_PreRouteDetailReport_DataValidation_AllLOB" time="0.000" classname="Logi.PreRouteDetail.Validate_PreRouteDetail_AllLOB"/>
  <testcase name="Validation_PreRouteDetailReport_DataValidation_AllLOB" time="0.000" classname="Logi.PreRouteDetail.Validate_PreRouteDetail_AllLOB"/>
  <testcase name="Validation_PreRouteDetailReport_DataValidation_AllLOB" time="0.000" classname="Logi.PreRouteDetail.Validate_PreRouteDetail_AllLOB"/>
  <testcase name="Validation_PreRouteDetailReport_DataValidation_AllLOB" time="0.000" classname="Logi.PreRouteDetail.Validate_PreRouteDetail_AllLOB"/>
  <testcase name="Validation_PreRouteDetailReport_DataValidation_AllLOB" time="0.000" classname="Logi.PreRouteDetail.Validate_PreRouteDetail_AllLOB"/>
  <testcase name="Validation_PreRouteDetailReport_DataValidation_AllLOB" time="0.000" classname="Logi.PreRouteDetail.Validate_PreRouteDetail_AllLOB"/>
  <testcase name="Validation_PreRouteDetailReport_DataValidation_AllLOB" time="0.000" classname="Logi.PreRouteDetail.Validate_PreRouteDetail_AllLOB"/>
  <testcase name="Validation_PreRouteDetailReport_DataValidation_AllLOB" time="0.000" classname="Logi.PreRouteDetail.Validate_PreRouteDetail_AllLOB"/>
  <testcase name="Validation_PreRouteDetailReport_DataValidation_AllLOB" time="137.941" classname="Logi.PreRouteDetail.Validate_PreRouteDetail_AllLOB"/>
  <testcase name="Validation_PreRouteDetailReport_DataValidation_AllLOB" time="0.000" classname="Logi.PreRouteDetail.Validate_PreRouteDetail_AllLOB"/>
  <testcase name="Validation_PreRouteDetailReport_DataValidation_AllLOB" time="0.000" classname="Logi.PreRouteDetail.Validate_PreRouteDetail_AllLOB"/>
  <testcase name="Validation_PreRouteDetailReport_DataValidation_AllLOB" time="0.000" classname="Logi.PreRouteDetail.Validate_PreRouteDetail_AllLOB"/>
  <testcase name="Validation_PreRouteDetailReport_DataValidation_AllLOB" time="0.000" classname="Logi.PreRouteDetail.Validate_PreRouteDetail_AllLOB"/>
  <testcase name="Validation_PreRouteDetailReport_DataValidation_AllLOB" time="0.000" classname="Logi.PreRouteDetail.Validate_PreRouteDetail_AllLOB"/>
  <testcase name="Validation_PreRouteDetailReport_DataValidation_AllLOB" time="0.000" classname="Logi.PreRouteDetail.Validate_PreRouteDetail_AllLOB"/>
  <testcase name="Validation_PreRouteDetailReport_DataValidation_AllLOB" time="0.015" classname="Logi.PreRouteDetail.Validate_PreRouteDetail_AllLOB"/>
  <testcase name="Validation_PreRouteDetailReport_DataValidation_AllLOB" time="0.000" classname="Logi.PreRouteDetail.Validate_PreRouteDetail_AllLOB"/>
  <testcase name="Validation_PreRouteDetailReport_DataValidation_AllLOB" time="0.000" classname="Logi.PreRouteDetail.Validate_PreRouteDetail_AllLOB"/>
  <testcase name="Validation_PreRouteDetailReport_DataValidation_AllLOB" time="0.000" classname="Logi.PreRouteDetail.Validate_PreRouteDetail_AllLOB"/>
  <testcase name="Validation_PreRouteDetailReport_DataValidation_AllLOB" time="0.000" classname="Logi.PreRouteDetail.Validate_PreRouteDetail_AllLOB"/>
  <testcase name="Validation_PreRouteDetailReport_DataValidation_AllLOB" time="0.000" classname="Logi.PreRouteDetail.Validate_PreRouteDetail_AllLOB"/>
  <testcase name="Validation_PreRouteDetailReport_DataValidation_AllLOB" time="0.000" classname="Logi.PreRouteDetail.Validate_PreRouteDetail_AllLOB"/>
  <testcase name="Validation_PreRouteDetailReport_DataValidation_AllLOB" time="0.000" classname="Logi.PreRouteDetail.Validate_PreRouteDetail_AllLOB"/>
  <testcase name="Validation_PreRouteDetailReport_DataValidation_AllLOB" time="0.000" classname="Logi.PreRouteDetail.Validate_PreRouteDetail_AllLOB"/>
  <testcase name="Validation_PreRouteDetailReport_DataValidation_AllLOB" time="0.000" classname="Logi.PreRouteDetail.Validate_PreRouteDetail_AllLOB"/>
  <testcase name="Validation_PreRouteDetailReport_DataValidation_AllLOB" time="0.000" classname="Logi.PreRouteDetail.Validate_PreRouteDetail_AllLOB"/>
  <testcase name="Validation_PreRouteDetailReport_DataValidation_AllLOB" time="0.000" classname="Logi.PreRouteDetail.Validate_PreRouteDetail_AllLOB"/>
  <testcase name="Validation_PreRouteDetailReport_DataValidation_AllLOB" time="0.000" classname="Logi.PreRouteDetail.Validate_PreRouteDetail_AllLOB"/>
  <testcase name="Validation_PreRouteDetailReport_DataValidation_AllLOB" time="0.000" classname="Logi.PreRouteDetail.Validate_PreRouteDetail_AllLOB"/>
  <testcase name="Validation_PreRouteDetailReport_DataValidation_AllLOB" time="0.000" classname="Logi.PreRouteDetail.Validate_PreRouteDetail_AllLOB"/>
  <testcase name="Validation_PreRouteDetailReport_DataValidation_AllLOB" time="0.000" classname="Logi.PreRouteDetail.Validate_PreRouteDetail_AllLOB"/>
  <testcase name="Validation_PreRouteDetailReport_DataValidation_AllLOB" time="0.000" classname="Logi.PreRouteDetail.Validate_PreRouteDetail_AllLOB"/>
  <testcase name="Validation_PreRouteDetailReport_DataValidation_AllLOB" time="0.000" classname="Logi.PreRouteDetail.Validate_PreRouteDetail_AllLOB"/>
  <testcase name="Validation_PreRouteDetailReport_DataValidation_AllLOB" time="0.000" classname="Logi.PreRouteDetail.Validate_PreRouteDetail_AllLOB"/>
  <testcase name="Validation_PreRouteDetailReport_DataValidation_AllLOB" time="0.000" classname="Logi.PreRouteDetail.Validate_PreRouteDetail_AllLOB"/>
  <testcase name="Validation_PreRouteDetailReport_DataValidation_AllLOB" time="0.000" classname="Logi.PreRouteDetail.Validate_PreRouteDetail_AllLOB"/>
  <testcase name="Validation_PreRouteDetailReport_DataValidation_AllLOB" time="0.000" classname="Logi.PreRouteDetail.Validate_PreRouteDetail_AllLOB"/>
  <testcase name="Validation_PreRouteDetailReport_DataValidation_AllLOB" time="0.000" classname="Logi.PreRouteDetail.Validate_PreRouteDetail_AllLOB"/>
  <testcase name="Validation_PreRouteDetailReport_DataValidation_AllLOB" time="0.000" classname="Logi.PreRouteDetail.Validate_PreRouteDetail_AllLOB"/>
  <testcase name="Validation_PreRouteDetailReport_DataValidation_AllLOB" time="0.000" classname="Logi.PreRouteDetail.Validate_PreRouteDetail_AllLOB"/>
  <testcase name="Validation_PreRouteDetailReport_DataValidation_AllLOB" time="0.000" classname="Logi.PreRouteDetail.Validate_PreRouteDetail_AllLOB"/>
  <testcase name="Validation_PreRouteDetailReport_DataValidation_AllLOB" time="0.000" classname="Logi.PreRouteDetail.Validate_PreRouteDetail_AllLOB"/>
  <testcase name="Validation_PreRouteDetailReport_DataValidation_AllLOB" time="0.000" classname="Logi.PreRouteDetail.Validate_PreRouteDetail_AllLOB"/>
  <testcase name="Validation_PreRouteDetailReport_DataValidation_AllLOB" time="0.000" classname="Logi.PreRouteDetail.Validate_PreRouteDetail_AllLOB"/>
  <testcase name="Validation_PreRouteDetailReport_DataValidation_AllLOB" time="0.000" classname="Logi.PreRouteDetail.Validate_PreRouteDetail_AllLOB"/>
  <testcase name="Validation_PreRouteDetailReport_DataValidation_AllLOB" time="0.000" classname="Logi.PreRouteDetail.Validate_PreRouteDetail_AllLOB"/>
  <testcase name="Validation_PreRouteDetailReport_DataValidation_AllLOB" time="0.000" classname="Logi.PreRouteDetail.Validate_PreRouteDetail_AllLOB"/>
  <testcase name="Validation_PreRouteDetailReport_DataValidation_AllLOB" time="0.000" classname="Logi.PreRouteDetail.Validate_PreRouteDetail_AllLOB"/>
  <testcase name="Validation_PreRouteDetailReport_DataValidation_AllLOB" time="0.000" classname="Logi.PreRouteDetail.Validate_PreRouteDetail_AllLOB"/>
  <testcase name="Validation_PreRouteDetailReport_DataValidation_AllLOB" time="0.000" classname="Logi.PreRouteDetail.Validate_PreRouteDetail_AllLOB"/>
  <testcase name="Validation_PreRouteDetailReport_DataValidation_AllLOB" time="0.000" classname="Logi.PreRouteDetail.Validate_PreRouteDetail_AllLOB"/>
  <testcase name="Validation_PreRouteDetailReport_DataValidation_AllLOB" time="0.000" classname="Logi.PreRouteDetail.Validate_PreRouteDetail_AllLOB"/>
  <testcase name="Validation_PreRouteDetailReport_DataValidation_AllLOB" time="0.000" classname="Logi.PreRouteDetail.Validate_PreRouteDetail_AllLOB"/>
  <testcase name="Validation_PreRouteDetailReport_DataValidation_AllLOB" time="0.000" classname="Logi.PreRouteDetail.Validate_PreRouteDetail_AllLOB"/>
  <testcase name="Validation_PreRouteDetailReport_DataValidation_AllLOB" time="0.000" classname="Logi.PreRouteDetail.Validate_PreRouteDetail_AllLOB"/>
  <testcase name="Validation_PreRouteDetailReport_DataValidation_AllLOB" time="0.000" classname="Logi.PreRouteDetail.Validate_PreRouteDetail_AllLOB"/>
</testsuite> <!-- Logi.PreRouteDetail.Validate_PreRouteDetail_AllLOB -->
