<?xml version="1.0" encoding="UTF-8"?>
<!-- Generated by org.testng.reporters.JUnitReportReporter -->
<testsuite skipped="0" hostname="CB2012R2AUSE005" name="SDOTest.FlashReports.VerifyTheFlashReportTrendGraphSectionComm" tests="1" failures="0" timestamp="24 Aug 2017 08:04:31 GMT" time="186.019" errors="0">
  <testcase name="OpusSDO_CommercialFlashReportTrendGraph" time="186.019" classname="SDOTest.FlashReports.VerifyTheFlashReportTrendGraphSectionComm"/>
</testsuite> <!-- SDOTest.FlashReports.VerifyTheFlashReportTrendGraphSectionComm -->
