<?xml version="1.0" encoding="UTF-8"?>
<!-- Generated by org.testng.reporters.JUnitReportReporter -->
<testsuite skipped="0" hostname="CB2012R2AUSE003" name="Logi.EfficiencyPerformanceReport.Validate_EfficiencyPerformanceReport_DetailSection_COM" tests="6" failures="0" timestamp="11 Oct 2017 06:22:13 GMT" time="1245.231" errors="1">
  <testcase name="Validation_EfficiencyPerformanceReport_DetailSection_COM" time="1245.231" classname="Logi.EfficiencyPerformanceReport.Validate_EfficiencyPerformanceReport_DetailSection_COM">
    <error type="java.lang.NullPointerException">
      <![CDATA[java.lang.NullPointerException
	at java.util.Calendar.setTime(Calendar.java:1770)
	at java.text.SimpleDateFormat.format(SimpleDateFormat.java:943)
	at java.text.SimpleDateFormat.format(SimpleDateFormat.java:936)
	at java.text.DateFormat.format(DateFormat.java:345)
	at ObjectRepository.EfficiencyPerformanceReportScreen.validateDriverNetidleTime(EfficiencyPerformanceReportScreen.java:3415)
	at ObjectRepository.EfficiencyPerformanceReportScreen.validateRouteSegmentSubViewData(EfficiencyPerformanceReportScreen.java:459)
	at Logi.EfficiencyPerformanceReport.Validate_EfficiencyPerformanceReport_DetailSection_COM.Validation_EfficiencyPerformanceReport_DetailSection_COM(Validate_EfficiencyPerformanceReport_DetailSection_COM.java:77)
	at sun.reflect.NativeMethodAccessorImpl.invoke0(Native Method)
	at sun.reflect.NativeMethodAccessorImpl.invoke(NativeMethodAccessorImpl.java:62)
	at sun.reflect.DelegatingMethodAccessorImpl.invoke(DelegatingMethodAccessorImpl.java:43)
	at java.lang.reflect.Method.invoke(Method.java:498)
	at org.testng.internal.MethodInvocationHelper.invokeMethod(MethodInvocationHelper.java:108)
	at org.testng.internal.Invoker.invokeMethod(Invoker.java:661)
	at org.testng.internal.Invoker.invokeTestMethod(Invoker.java:869)
	at org.testng.internal.Invoker.invokeTestMethods(Invoker.java:1193)
	at org.testng.internal.TestMethodWorker.invokeTestMethods(TestMethodWorker.java:126)
	at org.testng.internal.TestMethodWorker.run(TestMethodWorker.java:109)
	at org.testng.TestRunner.privateRun(TestRunner.java:744)
	at org.testng.TestRunner.run(TestRunner.java:602)
	at org.testng.SuiteRunner.runTest(SuiteRunner.java:380)
	at org.testng.SuiteRunner.runSequentially(SuiteRunner.java:375)
	at org.testng.SuiteRunner.privateRun(SuiteRunner.java:340)
	at org.testng.SuiteRunner.run(SuiteRunner.java:289)
	at org.testng.SuiteRunnerWorker.runSuite(SuiteRunnerWorker.java:52)
	at org.testng.SuiteRunnerWorker.run(SuiteRunnerWorker.java:86)
	at org.testng.TestNG.runSuitesSequentially(TestNG.java:1301)
	at org.testng.TestNG.runSuitesLocally(TestNG.java:1226)
	at org.testng.TestNG.runSuites(TestNG.java:1144)
	at org.testng.TestNG.run(TestNG.java:1115)
	at org.testng.remote.AbstractRemoteTestNG.run(AbstractRemoteTestNG.java:132)
	at org.testng.remote.RemoteTestNG.initAndRun(RemoteTestNG.java:230)
	at org.testng.remote.RemoteTestNG.main(RemoteTestNG.java:76)
]]>
    </error>
  </testcase> <!-- Validation_EfficiencyPerformanceReport_DetailSection_COM -->
  <testcase name="Validation_EfficiencyPerformanceReport_DetailSection_COM" time="0.000" classname="Logi.EfficiencyPerformanceReport.Validate_EfficiencyPerformanceReport_DetailSection_COM"/>
  <testcase name="Validation_EfficiencyPerformanceReport_DetailSection_COM" time="0.000" classname="Logi.EfficiencyPerformanceReport.Validate_EfficiencyPerformanceReport_DetailSection_COM"/>
  <testcase name="Validation_EfficiencyPerformanceReport_DetailSection_COM" time="0.000" classname="Logi.EfficiencyPerformanceReport.Validate_EfficiencyPerformanceReport_DetailSection_COM"/>
  <testcase name="Validation_EfficiencyPerformanceReport_DetailSection_COM" time="0.000" classname="Logi.EfficiencyPerformanceReport.Validate_EfficiencyPerformanceReport_DetailSection_COM"/>
  <testcase name="Validation_EfficiencyPerformanceReport_DetailSection_COM" time="0.000" classname="Logi.EfficiencyPerformanceReport.Validate_EfficiencyPerformanceReport_DetailSection_COM"/>
</testsuite> <!-- Logi.EfficiencyPerformanceReport.Validate_EfficiencyPerformanceReport_DetailSection_COM -->
