<?xml version="1.0" encoding="UTF-8"?>
<!-- Generated by org.testng.reporters.JUnitReportReporter -->
<testsuite skipped="0" hostname="ADCAPPD331" name="Logi.DowntimeDetailReport.Validate_DowntimeDetail_AllLOB" tests="87" failures="0" timestamp="15 Jan 2018 13:06:11 GMT" time="103.671" errors="0">
  <testcase name="Validation_DowntimeDetailReport_AllLOB" time="0.015" classname="Logi.DowntimeDetailReport.Validate_DowntimeDetail_AllLOB"/>
  <testcase name="Validation_DowntimeDetailReport_AllLOB" time="0.016" classname="Logi.DowntimeDetailReport.Validate_DowntimeDetail_AllLOB"/>
  <testcase name="Validation_DowntimeDetailReport_AllLOB" time="0.000" classname="Logi.DowntimeDetailReport.Validate_DowntimeDetail_AllLOB"/>
  <testcase name="Validation_DowntimeDetailReport_AllLOB" time="0.000" classname="Logi.DowntimeDetailReport.Validate_DowntimeDetail_AllLOB"/>
  <testcase name="Validation_DowntimeDetailReport_AllLOB" time="0.016" classname="Logi.DowntimeDetailReport.Validate_DowntimeDetail_AllLOB"/>
  <testcase name="Validation_DowntimeDetailReport_AllLOB" time="0.000" classname="Logi.DowntimeDetailReport.Validate_DowntimeDetail_AllLOB"/>
  <testcase name="Validation_DowntimeDetailReport_AllLOB" time="0.000" classname="Logi.DowntimeDetailReport.Validate_DowntimeDetail_AllLOB"/>
  <testcase name="Validation_DowntimeDetailReport_AllLOB" time="0.000" classname="Logi.DowntimeDetailReport.Validate_DowntimeDetail_AllLOB"/>
  <testcase name="Validation_DowntimeDetailReport_AllLOB" time="0.000" classname="Logi.DowntimeDetailReport.Validate_DowntimeDetail_AllLOB"/>
  <testcase name="Validation_DowntimeDetailReport_AllLOB" time="0.000" classname="Logi.DowntimeDetailReport.Validate_DowntimeDetail_AllLOB"/>
  <testcase name="Validation_DowntimeDetailReport_AllLOB" time="0.000" classname="Logi.DowntimeDetailReport.Validate_DowntimeDetail_AllLOB"/>
  <testcase name="Validation_DowntimeDetailReport_AllLOB" time="0.015" classname="Logi.DowntimeDetailReport.Validate_DowntimeDetail_AllLOB"/>
  <testcase name="Validation_DowntimeDetailReport_AllLOB" time="0.000" classname="Logi.DowntimeDetailReport.Validate_DowntimeDetail_AllLOB"/>
  <testcase name="Validation_DowntimeDetailReport_AllLOB" time="0.000" classname="Logi.DowntimeDetailReport.Validate_DowntimeDetail_AllLOB"/>
  <testcase name="Validation_DowntimeDetailReport_AllLOB" time="0.000" classname="Logi.DowntimeDetailReport.Validate_DowntimeDetail_AllLOB"/>
  <testcase name="Validation_DowntimeDetailReport_AllLOB" time="0.016" classname="Logi.DowntimeDetailReport.Validate_DowntimeDetail_AllLOB"/>
  <testcase name="Validation_DowntimeDetailReport_AllLOB" time="0.000" classname="Logi.DowntimeDetailReport.Validate_DowntimeDetail_AllLOB"/>
  <testcase name="Validation_DowntimeDetailReport_AllLOB" time="0.000" classname="Logi.DowntimeDetailReport.Validate_DowntimeDetail_AllLOB"/>
  <testcase name="Validation_DowntimeDetailReport_AllLOB" time="0.000" classname="Logi.DowntimeDetailReport.Validate_DowntimeDetail_AllLOB"/>
  <testcase name="Validation_DowntimeDetailReport_AllLOB" time="0.000" classname="Logi.DowntimeDetailReport.Validate_DowntimeDetail_AllLOB"/>
  <testcase name="Validation_DowntimeDetailReport_AllLOB" time="0.000" classname="Logi.DowntimeDetailReport.Validate_DowntimeDetail_AllLOB"/>
  <testcase name="Validation_DowntimeDetailReport_AllLOB" time="0.000" classname="Logi.DowntimeDetailReport.Validate_DowntimeDetail_AllLOB"/>
  <testcase name="Validation_DowntimeDetailReport_AllLOB" time="0.000" classname="Logi.DowntimeDetailReport.Validate_DowntimeDetail_AllLOB"/>
  <testcase name="Validation_DowntimeDetailReport_AllLOB" time="0.000" classname="Logi.DowntimeDetailReport.Validate_DowntimeDetail_AllLOB"/>
  <testcase name="Validation_DowntimeDetailReport_AllLOB" time="0.016" classname="Logi.DowntimeDetailReport.Validate_DowntimeDetail_AllLOB"/>
  <testcase name="Validation_DowntimeDetailReport_AllLOB" time="0.000" classname="Logi.DowntimeDetailReport.Validate_DowntimeDetail_AllLOB"/>
  <testcase name="Validation_DowntimeDetailReport_AllLOB" time="0.000" classname="Logi.DowntimeDetailReport.Validate_DowntimeDetail_AllLOB"/>
  <testcase name="Validation_DowntimeDetailReport_AllLOB" time="0.000" classname="Logi.DowntimeDetailReport.Validate_DowntimeDetail_AllLOB"/>
  <testcase name="Validation_DowntimeDetailReport_AllLOB" time="0.000" classname="Logi.DowntimeDetailReport.Validate_DowntimeDetail_AllLOB"/>
  <testcase name="Validation_DowntimeDetailReport_AllLOB" time="0.000" classname="Logi.DowntimeDetailReport.Validate_DowntimeDetail_AllLOB"/>
  <testcase name="Validation_DowntimeDetailReport_AllLOB" time="0.000" classname="Logi.DowntimeDetailReport.Validate_DowntimeDetail_AllLOB"/>
  <testcase name="Validation_DowntimeDetailReport_AllLOB" time="0.000" classname="Logi.DowntimeDetailReport.Validate_DowntimeDetail_AllLOB"/>
  <testcase name="Validation_DowntimeDetailReport_AllLOB" time="0.000" classname="Logi.DowntimeDetailReport.Validate_DowntimeDetail_AllLOB"/>
  <testcase name="Validation_DowntimeDetailReport_AllLOB" time="0.001" classname="Logi.DowntimeDetailReport.Validate_DowntimeDetail_AllLOB"/>
  <testcase name="Validation_DowntimeDetailReport_AllLOB" time="0.000" classname="Logi.DowntimeDetailReport.Validate_DowntimeDetail_AllLOB"/>
  <testcase name="Validation_DowntimeDetailReport_AllLOB" time="0.000" classname="Logi.DowntimeDetailReport.Validate_DowntimeDetail_AllLOB"/>
  <testcase name="Validation_DowntimeDetailReport_AllLOB" time="0.000" classname="Logi.DowntimeDetailReport.Validate_DowntimeDetail_AllLOB"/>
  <testcase name="Validation_DowntimeDetailReport_AllLOB" time="0.000" classname="Logi.DowntimeDetailReport.Validate_DowntimeDetail_AllLOB"/>
  <testcase name="Validation_DowntimeDetailReport_AllLOB" time="0.000" classname="Logi.DowntimeDetailReport.Validate_DowntimeDetail_AllLOB"/>
  <testcase name="Validation_DowntimeDetailReport_AllLOB" time="0.000" classname="Logi.DowntimeDetailReport.Validate_DowntimeDetail_AllLOB"/>
  <testcase name="Validation_DowntimeDetailReport_AllLOB" time="0.000" classname="Logi.DowntimeDetailReport.Validate_DowntimeDetail_AllLOB"/>
  <testcase name="Validation_DowntimeDetailReport_AllLOB" time="103.554" classname="Logi.DowntimeDetailReport.Validate_DowntimeDetail_AllLOB"/>
  <testcase name="Validation_DowntimeDetailReport_AllLOB" time="0.000" classname="Logi.DowntimeDetailReport.Validate_DowntimeDetail_AllLOB"/>
  <testcase name="Validation_DowntimeDetailReport_AllLOB" time="0.001" classname="Logi.DowntimeDetailReport.Validate_DowntimeDetail_AllLOB"/>
  <testcase name="Validation_DowntimeDetailReport_AllLOB" time="0.000" classname="Logi.DowntimeDetailReport.Validate_DowntimeDetail_AllLOB"/>
  <testcase name="Validation_DowntimeDetailReport_AllLOB" time="0.000" classname="Logi.DowntimeDetailReport.Validate_DowntimeDetail_AllLOB"/>
  <testcase name="Validation_DowntimeDetailReport_AllLOB" time="0.000" classname="Logi.DowntimeDetailReport.Validate_DowntimeDetail_AllLOB"/>
  <testcase name="Validation_DowntimeDetailReport_AllLOB" time="0.000" classname="Logi.DowntimeDetailReport.Validate_DowntimeDetail_AllLOB"/>
  <testcase name="Validation_DowntimeDetailReport_AllLOB" time="0.000" classname="Logi.DowntimeDetailReport.Validate_DowntimeDetail_AllLOB"/>
  <testcase name="Validation_DowntimeDetailReport_AllLOB" time="0.000" classname="Logi.DowntimeDetailReport.Validate_DowntimeDetail_AllLOB"/>
  <testcase name="Validation_DowntimeDetailReport_AllLOB" time="0.000" classname="Logi.DowntimeDetailReport.Validate_DowntimeDetail_AllLOB"/>
  <testcase name="Validation_DowntimeDetailReport_AllLOB" time="0.000" classname="Logi.DowntimeDetailReport.Validate_DowntimeDetail_AllLOB"/>
  <testcase name="Validation_DowntimeDetailReport_AllLOB" time="0.000" classname="Logi.DowntimeDetailReport.Validate_DowntimeDetail_AllLOB"/>
  <testcase name="Validation_DowntimeDetailReport_AllLOB" time="0.001" classname="Logi.DowntimeDetailReport.Validate_DowntimeDetail_AllLOB"/>
  <testcase name="Validation_DowntimeDetailReport_AllLOB" time="0.000" classname="Logi.DowntimeDetailReport.Validate_DowntimeDetail_AllLOB"/>
  <testcase name="Validation_DowntimeDetailReport_AllLOB" time="0.001" classname="Logi.DowntimeDetailReport.Validate_DowntimeDetail_AllLOB"/>
  <testcase name="Validation_DowntimeDetailReport_AllLOB" time="0.000" classname="Logi.DowntimeDetailReport.Validate_DowntimeDetail_AllLOB"/>
  <testcase name="Validation_DowntimeDetailReport_AllLOB" time="0.000" classname="Logi.DowntimeDetailReport.Validate_DowntimeDetail_AllLOB"/>
  <testcase name="Validation_DowntimeDetailReport_AllLOB" time="0.000" classname="Logi.DowntimeDetailReport.Validate_DowntimeDetail_AllLOB"/>
  <testcase name="Validation_DowntimeDetailReport_AllLOB" time="0.000" classname="Logi.DowntimeDetailReport.Validate_DowntimeDetail_AllLOB"/>
  <testcase name="Validation_DowntimeDetailReport_AllLOB" time="0.000" classname="Logi.DowntimeDetailReport.Validate_DowntimeDetail_AllLOB"/>
  <testcase name="Validation_DowntimeDetailReport_AllLOB" time="0.000" classname="Logi.DowntimeDetailReport.Validate_DowntimeDetail_AllLOB"/>
  <testcase name="Validation_DowntimeDetailReport_AllLOB" time="0.000" classname="Logi.DowntimeDetailReport.Validate_DowntimeDetail_AllLOB"/>
  <testcase name="Validation_DowntimeDetailReport_AllLOB" time="0.000" classname="Logi.DowntimeDetailReport.Validate_DowntimeDetail_AllLOB"/>
  <testcase name="Validation_DowntimeDetailReport_AllLOB" time="0.000" classname="Logi.DowntimeDetailReport.Validate_DowntimeDetail_AllLOB"/>
  <testcase name="Validation_DowntimeDetailReport_AllLOB" time="0.001" classname="Logi.DowntimeDetailReport.Validate_DowntimeDetail_AllLOB"/>
  <testcase name="Validation_DowntimeDetailReport_AllLOB" time="0.000" classname="Logi.DowntimeDetailReport.Validate_DowntimeDetail_AllLOB"/>
  <testcase name="Validation_DowntimeDetailReport_AllLOB" time="0.000" classname="Logi.DowntimeDetailReport.Validate_DowntimeDetail_AllLOB"/>
  <testcase name="Validation_DowntimeDetailReport_AllLOB" time="0.000" classname="Logi.DowntimeDetailReport.Validate_DowntimeDetail_AllLOB"/>
  <testcase name="Validation_DowntimeDetailReport_AllLOB" time="0.000" classname="Logi.DowntimeDetailReport.Validate_DowntimeDetail_AllLOB"/>
  <testcase name="Validation_DowntimeDetailReport_AllLOB" time="0.001" classname="Logi.DowntimeDetailReport.Validate_DowntimeDetail_AllLOB"/>
  <testcase name="Validation_DowntimeDetailReport_AllLOB" time="0.000" classname="Logi.DowntimeDetailReport.Validate_DowntimeDetail_AllLOB"/>
  <testcase name="Validation_DowntimeDetailReport_AllLOB" time="0.000" classname="Logi.DowntimeDetailReport.Validate_DowntimeDetail_AllLOB"/>
  <testcase name="Validation_DowntimeDetailReport_AllLOB" time="0.000" classname="Logi.DowntimeDetailReport.Validate_DowntimeDetail_AllLOB"/>
  <testcase name="Validation_DowntimeDetailReport_AllLOB" time="0.000" classname="Logi.DowntimeDetailReport.Validate_DowntimeDetail_AllLOB"/>
  <testcase name="Validation_DowntimeDetailReport_AllLOB" time="0.000" classname="Logi.DowntimeDetailReport.Validate_DowntimeDetail_AllLOB"/>
  <testcase name="Validation_DowntimeDetailReport_AllLOB" time="0.016" classname="Logi.DowntimeDetailReport.Validate_DowntimeDetail_AllLOB"/>
  <testcase name="Validation_DowntimeDetailReport_AllLOB" time="0.000" classname="Logi.DowntimeDetailReport.Validate_DowntimeDetail_AllLOB"/>
  <testcase name="Validation_DowntimeDetailReport_AllLOB" time="0.000" classname="Logi.DowntimeDetailReport.Validate_DowntimeDetail_AllLOB"/>
  <testcase name="Validation_DowntimeDetailReport_AllLOB" time="0.000" classname="Logi.DowntimeDetailReport.Validate_DowntimeDetail_AllLOB"/>
  <testcase name="Validation_DowntimeDetailReport_AllLOB" time="0.000" classname="Logi.DowntimeDetailReport.Validate_DowntimeDetail_AllLOB"/>
  <testcase name="Validation_DowntimeDetailReport_AllLOB" time="0.000" classname="Logi.DowntimeDetailReport.Validate_DowntimeDetail_AllLOB"/>
  <testcase name="Validation_DowntimeDetailReport_AllLOB" time="0.000" classname="Logi.DowntimeDetailReport.Validate_DowntimeDetail_AllLOB"/>
  <testcase name="Validation_DowntimeDetailReport_AllLOB" time="0.000" classname="Logi.DowntimeDetailReport.Validate_DowntimeDetail_AllLOB"/>
  <testcase name="Validation_DowntimeDetailReport_AllLOB" time="0.000" classname="Logi.DowntimeDetailReport.Validate_DowntimeDetail_AllLOB"/>
  <testcase name="Validation_DowntimeDetailReport_AllLOB" time="0.001" classname="Logi.DowntimeDetailReport.Validate_DowntimeDetail_AllLOB"/>
  <testcase name="Validation_DowntimeDetailReport_AllLOB" time="0.000" classname="Logi.DowntimeDetailReport.Validate_DowntimeDetail_AllLOB"/>
</testsuite> <!-- Logi.DowntimeDetailReport.Validate_DowntimeDetail_AllLOB -->
