<?xml version="1.0" encoding="UTF-8"?>
<!-- Generated by org.testng.reporters.JUnitReportReporter -->
<testsuite skipped="0" hostname="CB2012R2AUSE003" name="Logi.EfficiencyPerformanceReport.Validate_EfficiencyPerformance_SortingAndFilterFunctionality_AllLOB" tests="5" failures="0" timestamp="07 Dec 2017 06:04:57 GMT" time="2437.959" errors="0">
  <testcase name="Validation_EfficiencyPerformanceReport_SortingAndFilterFunctionality" time="2437.545" classname="Logi.EfficiencyPerformanceReport.Validate_EfficiencyPerformance_SortingAndFilterFunctionality_AllLOB"/>
  <testcase name="Validation_EfficiencyPerformanceReport_SortingAndFilterFunctionality" time="0.373" classname="Logi.EfficiencyPerformanceReport.Validate_EfficiencyPerformance_SortingAndFilterFunctionality_AllLOB"/>
  <testcase name="Validation_EfficiencyPerformanceReport_SortingAndFilterFunctionality" time="0.016" classname="Logi.EfficiencyPerformanceReport.Validate_EfficiencyPerformance_SortingAndFilterFunctionality_AllLOB"/>
  <testcase name="Validation_EfficiencyPerformanceReport_SortingAndFilterFunctionality" time="0.000" classname="Logi.EfficiencyPerformanceReport.Validate_EfficiencyPerformance_SortingAndFilterFunctionality_AllLOB"/>
  <testcase name="Validation_EfficiencyPerformanceReport_SortingAndFilterFunctionality" time="0.025" classname="Logi.EfficiencyPerformanceReport.Validate_EfficiencyPerformance_SortingAndFilterFunctionality_AllLOB"/>
</testsuite> <!-- Logi.EfficiencyPerformanceReport.Validate_EfficiencyPerformance_SortingAndFilterFunctionality_AllLOB -->
