<?xml version="1.0" encoding="UTF-8"?>
<!-- Generated by org.testng.reporters.JUnitReportReporter -->
<testsuite skipped="0" hostname="CB2012R2AUSE005" name="SDOTest.FlashReports.VerifyTheFlashReportTrendGraphSectionResi" tests="1" failures="0" timestamp="24 Aug 2017 11:40:56 GMT" time="346.631" errors="0">
  <testcase name="OpusSDO_ResidentialFlashReportTrendGraph" time="346.631" classname="SDOTest.FlashReports.VerifyTheFlashReportTrendGraphSectionResi"/>
</testsuite> <!-- SDOTest.FlashReports.VerifyTheFlashReportTrendGraphSectionResi -->
