<?xml version="1.0" encoding="UTF-8"?>
<!-- Generated by org.testng.reporters.JUnitReportReporter -->
<testsuite skipped="0" hostname="CB2012R2AUSE005" name="Logi.IdleDetailReport.Validate_IdleDetail_RESI" tests="87" failures="0" timestamp="11 Jan 2018 23:23:23 GMT" time="53.071" errors="0">
  <testcase name="Validation_IdleDetailReport_Resi" time="0.000" classname="Logi.IdleDetailReport.Validate_IdleDetail_RESI"/>
  <testcase name="Validation_IdleDetailReport_Resi" time="0.000" classname="Logi.IdleDetailReport.Validate_IdleDetail_RESI"/>
  <testcase name="Validation_IdleDetailReport_Resi" time="0.000" classname="Logi.IdleDetailReport.Validate_IdleDetail_RESI"/>
  <testcase name="Validation_IdleDetailReport_Resi" time="0.000" classname="Logi.IdleDetailReport.Validate_IdleDetail_RESI"/>
  <testcase name="Validation_IdleDetailReport_Resi" time="0.000" classname="Logi.IdleDetailReport.Validate_IdleDetail_RESI"/>
  <testcase name="Validation_IdleDetailReport_Resi" time="0.000" classname="Logi.IdleDetailReport.Validate_IdleDetail_RESI"/>
  <testcase name="Validation_IdleDetailReport_Resi" time="0.000" classname="Logi.IdleDetailReport.Validate_IdleDetail_RESI"/>
  <testcase name="Validation_IdleDetailReport_Resi" time="0.000" classname="Logi.IdleDetailReport.Validate_IdleDetail_RESI"/>
  <testcase name="Validation_IdleDetailReport_Resi" time="0.000" classname="Logi.IdleDetailReport.Validate_IdleDetail_RESI"/>
  <testcase name="Validation_IdleDetailReport_Resi" time="0.000" classname="Logi.IdleDetailReport.Validate_IdleDetail_RESI"/>
  <testcase name="Validation_IdleDetailReport_Resi" time="0.000" classname="Logi.IdleDetailReport.Validate_IdleDetail_RESI"/>
  <testcase name="Validation_IdleDetailReport_Resi" time="0.000" classname="Logi.IdleDetailReport.Validate_IdleDetail_RESI"/>
  <testcase name="Validation_IdleDetailReport_Resi" time="0.000" classname="Logi.IdleDetailReport.Validate_IdleDetail_RESI"/>
  <testcase name="Validation_IdleDetailReport_Resi" time="0.000" classname="Logi.IdleDetailReport.Validate_IdleDetail_RESI"/>
  <testcase name="Validation_IdleDetailReport_Resi" time="0.000" classname="Logi.IdleDetailReport.Validate_IdleDetail_RESI"/>
  <testcase name="Validation_IdleDetailReport_Resi" time="0.000" classname="Logi.IdleDetailReport.Validate_IdleDetail_RESI"/>
  <testcase name="Validation_IdleDetailReport_Resi" time="0.000" classname="Logi.IdleDetailReport.Validate_IdleDetail_RESI"/>
  <testcase name="Validation_IdleDetailReport_Resi" time="0.000" classname="Logi.IdleDetailReport.Validate_IdleDetail_RESI"/>
  <testcase name="Validation_IdleDetailReport_Resi" time="0.000" classname="Logi.IdleDetailReport.Validate_IdleDetail_RESI"/>
  <testcase name="Validation_IdleDetailReport_Resi" time="0.000" classname="Logi.IdleDetailReport.Validate_IdleDetail_RESI"/>
  <testcase name="Validation_IdleDetailReport_Resi" time="0.000" classname="Logi.IdleDetailReport.Validate_IdleDetail_RESI"/>
  <testcase name="Validation_IdleDetailReport_Resi" time="0.000" classname="Logi.IdleDetailReport.Validate_IdleDetail_RESI"/>
  <testcase name="Validation_IdleDetailReport_Resi" time="0.000" classname="Logi.IdleDetailReport.Validate_IdleDetail_RESI"/>
  <testcase name="Validation_IdleDetailReport_Resi" time="0.000" classname="Logi.IdleDetailReport.Validate_IdleDetail_RESI"/>
  <testcase name="Validation_IdleDetailReport_Resi" time="0.000" classname="Logi.IdleDetailReport.Validate_IdleDetail_RESI"/>
  <testcase name="Validation_IdleDetailReport_Resi" time="0.000" classname="Logi.IdleDetailReport.Validate_IdleDetail_RESI"/>
  <testcase name="Validation_IdleDetailReport_Resi" time="0.000" classname="Logi.IdleDetailReport.Validate_IdleDetail_RESI"/>
  <testcase name="Validation_IdleDetailReport_Resi" time="0.000" classname="Logi.IdleDetailReport.Validate_IdleDetail_RESI"/>
  <testcase name="Validation_IdleDetailReport_Resi" time="0.000" classname="Logi.IdleDetailReport.Validate_IdleDetail_RESI"/>
  <testcase name="Validation_IdleDetailReport_Resi" time="0.000" classname="Logi.IdleDetailReport.Validate_IdleDetail_RESI"/>
  <testcase name="Validation_IdleDetailReport_Resi" time="0.000" classname="Logi.IdleDetailReport.Validate_IdleDetail_RESI"/>
  <testcase name="Validation_IdleDetailReport_Resi" time="0.000" classname="Logi.IdleDetailReport.Validate_IdleDetail_RESI"/>
  <testcase name="Validation_IdleDetailReport_Resi" time="0.000" classname="Logi.IdleDetailReport.Validate_IdleDetail_RESI"/>
  <testcase name="Validation_IdleDetailReport_Resi" time="0.000" classname="Logi.IdleDetailReport.Validate_IdleDetail_RESI"/>
  <testcase name="Validation_IdleDetailReport_Resi" time="0.000" classname="Logi.IdleDetailReport.Validate_IdleDetail_RESI"/>
  <testcase name="Validation_IdleDetailReport_Resi" time="0.000" classname="Logi.IdleDetailReport.Validate_IdleDetail_RESI"/>
  <testcase name="Validation_IdleDetailReport_Resi" time="0.000" classname="Logi.IdleDetailReport.Validate_IdleDetail_RESI"/>
  <testcase name="Validation_IdleDetailReport_Resi" time="0.000" classname="Logi.IdleDetailReport.Validate_IdleDetail_RESI"/>
  <testcase name="Validation_IdleDetailReport_Resi" time="0.000" classname="Logi.IdleDetailReport.Validate_IdleDetail_RESI"/>
  <testcase name="Validation_IdleDetailReport_Resi" time="53.056" classname="Logi.IdleDetailReport.Validate_IdleDetail_RESI"/>
  <testcase name="Validation_IdleDetailReport_Resi" time="0.000" classname="Logi.IdleDetailReport.Validate_IdleDetail_RESI"/>
  <testcase name="Validation_IdleDetailReport_Resi" time="0.000" classname="Logi.IdleDetailReport.Validate_IdleDetail_RESI"/>
  <testcase name="Validation_IdleDetailReport_Resi" time="0.000" classname="Logi.IdleDetailReport.Validate_IdleDetail_RESI"/>
  <testcase name="Validation_IdleDetailReport_Resi" time="0.000" classname="Logi.IdleDetailReport.Validate_IdleDetail_RESI"/>
  <testcase name="Validation_IdleDetailReport_Resi" time="0.000" classname="Logi.IdleDetailReport.Validate_IdleDetail_RESI"/>
  <testcase name="Validation_IdleDetailReport_Resi" time="0.000" classname="Logi.IdleDetailReport.Validate_IdleDetail_RESI"/>
  <testcase name="Validation_IdleDetailReport_Resi" time="0.000" classname="Logi.IdleDetailReport.Validate_IdleDetail_RESI"/>
  <testcase name="Validation_IdleDetailReport_Resi" time="0.000" classname="Logi.IdleDetailReport.Validate_IdleDetail_RESI"/>
  <testcase name="Validation_IdleDetailReport_Resi" time="0.000" classname="Logi.IdleDetailReport.Validate_IdleDetail_RESI"/>
  <testcase name="Validation_IdleDetailReport_Resi" time="0.000" classname="Logi.IdleDetailReport.Validate_IdleDetail_RESI"/>
  <testcase name="Validation_IdleDetailReport_Resi" time="0.000" classname="Logi.IdleDetailReport.Validate_IdleDetail_RESI"/>
  <testcase name="Validation_IdleDetailReport_Resi" time="0.000" classname="Logi.IdleDetailReport.Validate_IdleDetail_RESI"/>
  <testcase name="Validation_IdleDetailReport_Resi" time="0.000" classname="Logi.IdleDetailReport.Validate_IdleDetail_RESI"/>
  <testcase name="Validation_IdleDetailReport_Resi" time="0.015" classname="Logi.IdleDetailReport.Validate_IdleDetail_RESI"/>
  <testcase name="Validation_IdleDetailReport_Resi" time="0.000" classname="Logi.IdleDetailReport.Validate_IdleDetail_RESI"/>
  <testcase name="Validation_IdleDetailReport_Resi" time="0.000" classname="Logi.IdleDetailReport.Validate_IdleDetail_RESI"/>
  <testcase name="Validation_IdleDetailReport_Resi" time="0.000" classname="Logi.IdleDetailReport.Validate_IdleDetail_RESI"/>
  <testcase name="Validation_IdleDetailReport_Resi" time="0.000" classname="Logi.IdleDetailReport.Validate_IdleDetail_RESI"/>
  <testcase name="Validation_IdleDetailReport_Resi" time="0.000" classname="Logi.IdleDetailReport.Validate_IdleDetail_RESI"/>
  <testcase name="Validation_IdleDetailReport_Resi" time="0.000" classname="Logi.IdleDetailReport.Validate_IdleDetail_RESI"/>
  <testcase name="Validation_IdleDetailReport_Resi" time="0.000" classname="Logi.IdleDetailReport.Validate_IdleDetail_RESI"/>
  <testcase name="Validation_IdleDetailReport_Resi" time="0.000" classname="Logi.IdleDetailReport.Validate_IdleDetail_RESI"/>
  <testcase name="Validation_IdleDetailReport_Resi" time="0.000" classname="Logi.IdleDetailReport.Validate_IdleDetail_RESI"/>
  <testcase name="Validation_IdleDetailReport_Resi" time="0.000" classname="Logi.IdleDetailReport.Validate_IdleDetail_RESI"/>
  <testcase name="Validation_IdleDetailReport_Resi" time="0.000" classname="Logi.IdleDetailReport.Validate_IdleDetail_RESI"/>
  <testcase name="Validation_IdleDetailReport_Resi" time="0.000" classname="Logi.IdleDetailReport.Validate_IdleDetail_RESI"/>
  <testcase name="Validation_IdleDetailReport_Resi" time="0.000" classname="Logi.IdleDetailReport.Validate_IdleDetail_RESI"/>
  <testcase name="Validation_IdleDetailReport_Resi" time="0.000" classname="Logi.IdleDetailReport.Validate_IdleDetail_RESI"/>
  <testcase name="Validation_IdleDetailReport_Resi" time="0.000" classname="Logi.IdleDetailReport.Validate_IdleDetail_RESI"/>
  <testcase name="Validation_IdleDetailReport_Resi" time="0.000" classname="Logi.IdleDetailReport.Validate_IdleDetail_RESI"/>
  <testcase name="Validation_IdleDetailReport_Resi" time="0.000" classname="Logi.IdleDetailReport.Validate_IdleDetail_RESI"/>
  <testcase name="Validation_IdleDetailReport_Resi" time="0.000" classname="Logi.IdleDetailReport.Validate_IdleDetail_RESI"/>
  <testcase name="Validation_IdleDetailReport_Resi" time="0.000" classname="Logi.IdleDetailReport.Validate_IdleDetail_RESI"/>
  <testcase name="Validation_IdleDetailReport_Resi" time="0.000" classname="Logi.IdleDetailReport.Validate_IdleDetail_RESI"/>
  <testcase name="Validation_IdleDetailReport_Resi" time="0.000" classname="Logi.IdleDetailReport.Validate_IdleDetail_RESI"/>
  <testcase name="Validation_IdleDetailReport_Resi" time="0.000" classname="Logi.IdleDetailReport.Validate_IdleDetail_RESI"/>
  <testcase name="Validation_IdleDetailReport_Resi" time="0.000" classname="Logi.IdleDetailReport.Validate_IdleDetail_RESI"/>
  <testcase name="Validation_IdleDetailReport_Resi" time="0.000" classname="Logi.IdleDetailReport.Validate_IdleDetail_RESI"/>
  <testcase name="Validation_IdleDetailReport_Resi" time="0.000" classname="Logi.IdleDetailReport.Validate_IdleDetail_RESI"/>
  <testcase name="Validation_IdleDetailReport_Resi" time="0.000" classname="Logi.IdleDetailReport.Validate_IdleDetail_RESI"/>
  <testcase name="Validation_IdleDetailReport_Resi" time="0.000" classname="Logi.IdleDetailReport.Validate_IdleDetail_RESI"/>
  <testcase name="Validation_IdleDetailReport_Resi" time="0.000" classname="Logi.IdleDetailReport.Validate_IdleDetail_RESI"/>
  <testcase name="Validation_IdleDetailReport_Resi" time="0.000" classname="Logi.IdleDetailReport.Validate_IdleDetail_RESI"/>
  <testcase name="Validation_IdleDetailReport_Resi" time="0.000" classname="Logi.IdleDetailReport.Validate_IdleDetail_RESI"/>
  <testcase name="Validation_IdleDetailReport_Resi" time="0.000" classname="Logi.IdleDetailReport.Validate_IdleDetail_RESI"/>
  <testcase name="Validation_IdleDetailReport_Resi" time="0.000" classname="Logi.IdleDetailReport.Validate_IdleDetail_RESI"/>
  <testcase name="Validation_IdleDetailReport_Resi" time="0.000" classname="Logi.IdleDetailReport.Validate_IdleDetail_RESI"/>
</testsuite> <!-- Logi.IdleDetailReport.Validate_IdleDetail_RESI -->
