<?xml version="1.0" encoding="UTF-8"?>
<!-- Generated by org.testng.reporters.JUnitReportReporter -->
<testsuite skipped="0" hostname="CB2012R2AUSE005" name="Logi.EfficiencyPerformanceReport.Validate_EfficiencyPerformanceReport_RO" tests="87" failures="0" timestamp="11 Jan 2018 23:23:28 GMT" time="17333.615" errors="0">
  <testcase name="Validation_EfficiencyPerformanceReport_DetailSection_RESI" time="0.000" classname="Logi.EfficiencyPerformanceReport.Validate_EfficiencyPerformanceReport_RO"/>
  <testcase name="Validation_EfficiencyPerformanceReport_DetailSection_RESI" time="0.000" classname="Logi.EfficiencyPerformanceReport.Validate_EfficiencyPerformanceReport_RO"/>
  <testcase name="Validation_EfficiencyPerformanceReport_DetailSection_RESI" time="0.000" classname="Logi.EfficiencyPerformanceReport.Validate_EfficiencyPerformanceReport_RO"/>
  <testcase name="Validation_EfficiencyPerformanceReport_DetailSection_RESI" time="0.000" classname="Logi.EfficiencyPerformanceReport.Validate_EfficiencyPerformanceReport_RO"/>
  <testcase name="Validation_EfficiencyPerformanceReport_DetailSection_RESI" time="0.000" classname="Logi.EfficiencyPerformanceReport.Validate_EfficiencyPerformanceReport_RO"/>
  <testcase name="Validation_EfficiencyPerformanceReport_DetailSection_RESI" time="0.000" classname="Logi.EfficiencyPerformanceReport.Validate_EfficiencyPerformanceReport_RO"/>
  <testcase name="Validation_EfficiencyPerformanceReport_DetailSection_RESI" time="0.000" classname="Logi.EfficiencyPerformanceReport.Validate_EfficiencyPerformanceReport_RO"/>
  <testcase name="Validation_EfficiencyPerformanceReport_DetailSection_RESI" time="0.000" classname="Logi.EfficiencyPerformanceReport.Validate_EfficiencyPerformanceReport_RO"/>
  <testcase name="Validation_EfficiencyPerformanceReport_DetailSection_RESI" time="0.000" classname="Logi.EfficiencyPerformanceReport.Validate_EfficiencyPerformanceReport_RO"/>
  <testcase name="Validation_EfficiencyPerformanceReport_DetailSection_RESI" time="0.000" classname="Logi.EfficiencyPerformanceReport.Validate_EfficiencyPerformanceReport_RO"/>
  <testcase name="Validation_EfficiencyPerformanceReport_DetailSection_RESI" time="0.000" classname="Logi.EfficiencyPerformanceReport.Validate_EfficiencyPerformanceReport_RO"/>
  <testcase name="Validation_EfficiencyPerformanceReport_DetailSection_RESI" time="0.000" classname="Logi.EfficiencyPerformanceReport.Validate_EfficiencyPerformanceReport_RO"/>
  <testcase name="Validation_EfficiencyPerformanceReport_DetailSection_RESI" time="0.000" classname="Logi.EfficiencyPerformanceReport.Validate_EfficiencyPerformanceReport_RO"/>
  <testcase name="Validation_EfficiencyPerformanceReport_DetailSection_RESI" time="0.000" classname="Logi.EfficiencyPerformanceReport.Validate_EfficiencyPerformanceReport_RO"/>
  <testcase name="Validation_EfficiencyPerformanceReport_DetailSection_RESI" time="0.000" classname="Logi.EfficiencyPerformanceReport.Validate_EfficiencyPerformanceReport_RO"/>
  <testcase name="Validation_EfficiencyPerformanceReport_DetailSection_RESI" time="0.000" classname="Logi.EfficiencyPerformanceReport.Validate_EfficiencyPerformanceReport_RO"/>
  <testcase name="Validation_EfficiencyPerformanceReport_DetailSection_RESI" time="0.000" classname="Logi.EfficiencyPerformanceReport.Validate_EfficiencyPerformanceReport_RO"/>
  <testcase name="Validation_EfficiencyPerformanceReport_DetailSection_RESI" time="0.000" classname="Logi.EfficiencyPerformanceReport.Validate_EfficiencyPerformanceReport_RO"/>
  <testcase name="Validation_EfficiencyPerformanceReport_DetailSection_RESI" time="0.000" classname="Logi.EfficiencyPerformanceReport.Validate_EfficiencyPerformanceReport_RO"/>
  <testcase name="Validation_EfficiencyPerformanceReport_DetailSection_RESI" time="0.000" classname="Logi.EfficiencyPerformanceReport.Validate_EfficiencyPerformanceReport_RO"/>
  <testcase name="Validation_EfficiencyPerformanceReport_DetailSection_RESI" time="0.000" classname="Logi.EfficiencyPerformanceReport.Validate_EfficiencyPerformanceReport_RO"/>
  <testcase name="Validation_EfficiencyPerformanceReport_DetailSection_RESI" time="0.000" classname="Logi.EfficiencyPerformanceReport.Validate_EfficiencyPerformanceReport_RO"/>
  <testcase name="Validation_EfficiencyPerformanceReport_DetailSection_RESI" time="0.000" classname="Logi.EfficiencyPerformanceReport.Validate_EfficiencyPerformanceReport_RO"/>
  <testcase name="Validation_EfficiencyPerformanceReport_DetailSection_RESI" time="0.000" classname="Logi.EfficiencyPerformanceReport.Validate_EfficiencyPerformanceReport_RO"/>
  <testcase name="Validation_EfficiencyPerformanceReport_DetailSection_RESI" time="0.000" classname="Logi.EfficiencyPerformanceReport.Validate_EfficiencyPerformanceReport_RO"/>
  <testcase name="Validation_EfficiencyPerformanceReport_DetailSection_RESI" time="0.000" classname="Logi.EfficiencyPerformanceReport.Validate_EfficiencyPerformanceReport_RO"/>
  <testcase name="Validation_EfficiencyPerformanceReport_DetailSection_RESI" time="0.000" classname="Logi.EfficiencyPerformanceReport.Validate_EfficiencyPerformanceReport_RO"/>
  <testcase name="Validation_EfficiencyPerformanceReport_DetailSection_RESI" time="0.000" classname="Logi.EfficiencyPerformanceReport.Validate_EfficiencyPerformanceReport_RO"/>
  <testcase name="Validation_EfficiencyPerformanceReport_DetailSection_RESI" time="0.000" classname="Logi.EfficiencyPerformanceReport.Validate_EfficiencyPerformanceReport_RO"/>
  <testcase name="Validation_EfficiencyPerformanceReport_DetailSection_RESI" time="0.000" classname="Logi.EfficiencyPerformanceReport.Validate_EfficiencyPerformanceReport_RO"/>
  <testcase name="Validation_EfficiencyPerformanceReport_DetailSection_RESI" time="0.000" classname="Logi.EfficiencyPerformanceReport.Validate_EfficiencyPerformanceReport_RO"/>
  <testcase name="Validation_EfficiencyPerformanceReport_DetailSection_RESI" time="0.019" classname="Logi.EfficiencyPerformanceReport.Validate_EfficiencyPerformanceReport_RO"/>
  <testcase name="Validation_EfficiencyPerformanceReport_DetailSection_RESI" time="0.000" classname="Logi.EfficiencyPerformanceReport.Validate_EfficiencyPerformanceReport_RO"/>
  <testcase name="Validation_EfficiencyPerformanceReport_DetailSection_RESI" time="0.000" classname="Logi.EfficiencyPerformanceReport.Validate_EfficiencyPerformanceReport_RO"/>
  <testcase name="Validation_EfficiencyPerformanceReport_DetailSection_RESI" time="0.000" classname="Logi.EfficiencyPerformanceReport.Validate_EfficiencyPerformanceReport_RO"/>
  <testcase name="Validation_EfficiencyPerformanceReport_DetailSection_RESI" time="0.015" classname="Logi.EfficiencyPerformanceReport.Validate_EfficiencyPerformanceReport_RO"/>
  <testcase name="Validation_EfficiencyPerformanceReport_DetailSection_RESI" time="0.000" classname="Logi.EfficiencyPerformanceReport.Validate_EfficiencyPerformanceReport_RO"/>
  <testcase name="Validation_EfficiencyPerformanceReport_DetailSection_RESI" time="0.000" classname="Logi.EfficiencyPerformanceReport.Validate_EfficiencyPerformanceReport_RO"/>
  <testcase name="Validation_EfficiencyPerformanceReport_DetailSection_RESI" time="0.000" classname="Logi.EfficiencyPerformanceReport.Validate_EfficiencyPerformanceReport_RO"/>
  <testcase name="Validation_EfficiencyPerformanceReport_DetailSection_RESI" time="0.000" classname="Logi.EfficiencyPerformanceReport.Validate_EfficiencyPerformanceReport_RO"/>
  <testcase name="Validation_EfficiencyPerformanceReport_DetailSection_RESI" time="0.000" classname="Logi.EfficiencyPerformanceReport.Validate_EfficiencyPerformanceReport_RO"/>
  <testcase name="Validation_EfficiencyPerformanceReport_DetailSection_RESI" time="0.000" classname="Logi.EfficiencyPerformanceReport.Validate_EfficiencyPerformanceReport_RO"/>
  <testcase name="Validation_EfficiencyPerformanceReport_DetailSection_RESI" time="0.016" classname="Logi.EfficiencyPerformanceReport.Validate_EfficiencyPerformanceReport_RO"/>
  <testcase name="Validation_EfficiencyPerformanceReport_DetailSection_RESI" time="0.000" classname="Logi.EfficiencyPerformanceReport.Validate_EfficiencyPerformanceReport_RO"/>
  <testcase name="Validation_EfficiencyPerformanceReport_DetailSection_RESI" time="0.000" classname="Logi.EfficiencyPerformanceReport.Validate_EfficiencyPerformanceReport_RO"/>
  <testcase name="Validation_EfficiencyPerformanceReport_DetailSection_RESI" time="0.000" classname="Logi.EfficiencyPerformanceReport.Validate_EfficiencyPerformanceReport_RO"/>
  <testcase name="Validation_EfficiencyPerformanceReport_DetailSection_RESI" time="0.000" classname="Logi.EfficiencyPerformanceReport.Validate_EfficiencyPerformanceReport_RO"/>
  <testcase name="Validation_EfficiencyPerformanceReport_DetailSection_RESI" time="0.000" classname="Logi.EfficiencyPerformanceReport.Validate_EfficiencyPerformanceReport_RO"/>
  <testcase name="Validation_EfficiencyPerformanceReport_DetailSection_RESI" time="0.000" classname="Logi.EfficiencyPerformanceReport.Validate_EfficiencyPerformanceReport_RO"/>
  <testcase name="Validation_EfficiencyPerformanceReport_DetailSection_RESI" time="0.000" classname="Logi.EfficiencyPerformanceReport.Validate_EfficiencyPerformanceReport_RO"/>
  <testcase name="Validation_EfficiencyPerformanceReport_DetailSection_RESI" time="0.000" classname="Logi.EfficiencyPerformanceReport.Validate_EfficiencyPerformanceReport_RO"/>
  <testcase name="Validation_EfficiencyPerformanceReport_DetailSection_RESI" time="17333.566" classname="Logi.EfficiencyPerformanceReport.Validate_EfficiencyPerformanceReport_RO"/>
  <testcase name="Validation_EfficiencyPerformanceReport_DetailSection_RESI" time="0.000" classname="Logi.EfficiencyPerformanceReport.Validate_EfficiencyPerformanceReport_RO"/>
  <testcase name="Validation_EfficiencyPerformanceReport_DetailSection_RESI" time="0.000" classname="Logi.EfficiencyPerformanceReport.Validate_EfficiencyPerformanceReport_RO"/>
  <testcase name="Validation_EfficiencyPerformanceReport_DetailSection_RESI" time="0.000" classname="Logi.EfficiencyPerformanceReport.Validate_EfficiencyPerformanceReport_RO"/>
  <testcase name="Validation_EfficiencyPerformanceReport_DetailSection_RESI" time="0.000" classname="Logi.EfficiencyPerformanceReport.Validate_EfficiencyPerformanceReport_RO"/>
  <testcase name="Validation_EfficiencyPerformanceReport_DetailSection_RESI" time="0.000" classname="Logi.EfficiencyPerformanceReport.Validate_EfficiencyPerformanceReport_RO"/>
  <testcase name="Validation_EfficiencyPerformanceReport_DetailSection_RESI" time="0.000" classname="Logi.EfficiencyPerformanceReport.Validate_EfficiencyPerformanceReport_RO"/>
  <testcase name="Validation_EfficiencyPerformanceReport_DetailSection_RESI" time="0.000" classname="Logi.EfficiencyPerformanceReport.Validate_EfficiencyPerformanceReport_RO"/>
  <testcase name="Validation_EfficiencyPerformanceReport_DetailSection_RESI" time="0.000" classname="Logi.EfficiencyPerformanceReport.Validate_EfficiencyPerformanceReport_RO"/>
  <testcase name="Validation_EfficiencyPerformanceReport_DetailSection_RESI" time="0.000" classname="Logi.EfficiencyPerformanceReport.Validate_EfficiencyPerformanceReport_RO"/>
  <testcase name="Validation_EfficiencyPerformanceReport_DetailSection_RESI" time="0.000" classname="Logi.EfficiencyPerformanceReport.Validate_EfficiencyPerformanceReport_RO"/>
  <testcase name="Validation_EfficiencyPerformanceReport_DetailSection_RESI" time="0.000" classname="Logi.EfficiencyPerformanceReport.Validate_EfficiencyPerformanceReport_RO"/>
  <testcase name="Validation_EfficiencyPerformanceReport_DetailSection_RESI" time="0.000" classname="Logi.EfficiencyPerformanceReport.Validate_EfficiencyPerformanceReport_RO"/>
  <testcase name="Validation_EfficiencyPerformanceReport_DetailSection_RESI" time="0.000" classname="Logi.EfficiencyPerformanceReport.Validate_EfficiencyPerformanceReport_RO"/>
  <testcase name="Validation_EfficiencyPerformanceReport_DetailSection_RESI" time="0.000" classname="Logi.EfficiencyPerformanceReport.Validate_EfficiencyPerformanceReport_RO"/>
  <testcase name="Validation_EfficiencyPerformanceReport_DetailSection_RESI" time="0.000" classname="Logi.EfficiencyPerformanceReport.Validate_EfficiencyPerformanceReport_RO"/>
  <testcase name="Validation_EfficiencyPerformanceReport_DetailSection_RESI" time="0.000" classname="Logi.EfficiencyPerformanceReport.Validate_EfficiencyPerformanceReport_RO"/>
  <testcase name="Validation_EfficiencyPerformanceReport_DetailSection_RESI" time="0.000" classname="Logi.EfficiencyPerformanceReport.Validate_EfficiencyPerformanceReport_RO"/>
  <testcase name="Validation_EfficiencyPerformanceReport_DetailSection_RESI" time="0.000" classname="Logi.EfficiencyPerformanceReport.Validate_EfficiencyPerformanceReport_RO"/>
  <testcase name="Validation_EfficiencyPerformanceReport_DetailSection_RESI" time="0.000" classname="Logi.EfficiencyPerformanceReport.Validate_EfficiencyPerformanceReport_RO"/>
  <testcase name="Validation_EfficiencyPerformanceReport_DetailSection_RESI" time="0.000" classname="Logi.EfficiencyPerformanceReport.Validate_EfficiencyPerformanceReport_RO"/>
  <testcase name="Validation_EfficiencyPerformanceReport_DetailSection_RESI" time="0.000" classname="Logi.EfficiencyPerformanceReport.Validate_EfficiencyPerformanceReport_RO"/>
  <testcase name="Validation_EfficiencyPerformanceReport_DetailSection_RESI" time="0.000" classname="Logi.EfficiencyPerformanceReport.Validate_EfficiencyPerformanceReport_RO"/>
  <testcase name="Validation_EfficiencyPerformanceReport_DetailSection_RESI" time="0.000" classname="Logi.EfficiencyPerformanceReport.Validate_EfficiencyPerformanceReport_RO"/>
  <testcase name="Validation_EfficiencyPerformanceReport_DetailSection_RESI" time="0.000" classname="Logi.EfficiencyPerformanceReport.Validate_EfficiencyPerformanceReport_RO"/>
  <testcase name="Validation_EfficiencyPerformanceReport_DetailSection_RESI" time="0.000" classname="Logi.EfficiencyPerformanceReport.Validate_EfficiencyPerformanceReport_RO"/>
  <testcase name="Validation_EfficiencyPerformanceReport_DetailSection_RESI" time="0.000" classname="Logi.EfficiencyPerformanceReport.Validate_EfficiencyPerformanceReport_RO"/>
  <testcase name="Validation_EfficiencyPerformanceReport_DetailSection_RESI" time="0.000" classname="Logi.EfficiencyPerformanceReport.Validate_EfficiencyPerformanceReport_RO"/>
  <testcase name="Validation_EfficiencyPerformanceReport_DetailSection_RESI" time="0.000" classname="Logi.EfficiencyPerformanceReport.Validate_EfficiencyPerformanceReport_RO"/>
  <testcase name="Validation_EfficiencyPerformanceReport_DetailSection_RESI" time="0.000" classname="Logi.EfficiencyPerformanceReport.Validate_EfficiencyPerformanceReport_RO"/>
  <testcase name="Validation_EfficiencyPerformanceReport_DetailSection_RESI" time="0.000" classname="Logi.EfficiencyPerformanceReport.Validate_EfficiencyPerformanceReport_RO"/>
  <testcase name="Validation_EfficiencyPerformanceReport_DetailSection_RESI" time="0.000" classname="Logi.EfficiencyPerformanceReport.Validate_EfficiencyPerformanceReport_RO"/>
  <testcase name="Validation_EfficiencyPerformanceReport_DetailSection_RESI" time="0.000" classname="Logi.EfficiencyPerformanceReport.Validate_EfficiencyPerformanceReport_RO"/>
  <testcase name="Validation_EfficiencyPerformanceReport_DetailSection_RESI" time="0.000" classname="Logi.EfficiencyPerformanceReport.Validate_EfficiencyPerformanceReport_RO"/>
  <testcase name="Validation_EfficiencyPerformanceReport_DetailSection_RESI" time="0.000" classname="Logi.EfficiencyPerformanceReport.Validate_EfficiencyPerformanceReport_RO"/>
  <testcase name="Validation_EfficiencyPerformanceReport_DetailSection_RESI" time="0.000" classname="Logi.EfficiencyPerformanceReport.Validate_EfficiencyPerformanceReport_RO"/>
</testsuite> <!-- Logi.EfficiencyPerformanceReport.Validate_EfficiencyPerformanceReport_RO -->
