<?xml version="1.0" encoding="UTF-8"?>
<!-- Generated by org.testng.reporters.JUnitReportReporter -->
<<<<<<< HEAD
<testsuite skipped="0" hostname="ADCAPPD331" name="Logi.CustomerPropertyDetailReport.Validate_CustomerPropertyDetail_UI_Functionality_COM" tests="71" failures="0" timestamp="04 Jan 2018 06:10:55 GMT" time="538.368" errors="0">
  <testcase name="Validation_CustomerPropertyDetail_UI_Functionality_COM" time="0.000" classname="Logi.CustomerPropertyDetailReport.Validate_CustomerPropertyDetail_UI_Functionality_COM"/>
  <testcase name="Validation_CustomerPropertyDetail_UI_Functionality_COM" time="0.000" classname="Logi.CustomerPropertyDetailReport.Validate_CustomerPropertyDetail_UI_Functionality_COM"/>
  <testcase name="Validation_CustomerPropertyDetail_UI_Functionality_COM" time="0.016" classname="Logi.CustomerPropertyDetailReport.Validate_CustomerPropertyDetail_UI_Functionality_COM"/>
  <testcase name="Validation_CustomerPropertyDetail_UI_Functionality_COM" time="0.016" classname="Logi.CustomerPropertyDetailReport.Validate_CustomerPropertyDetail_UI_Functionality_COM"/>
  <testcase name="Validation_CustomerPropertyDetail_UI_Functionality_COM" time="0.015" classname="Logi.CustomerPropertyDetailReport.Validate_CustomerPropertyDetail_UI_Functionality_COM"/>
  <testcase name="Validation_CustomerPropertyDetail_UI_Functionality_COM" time="0.000" classname="Logi.CustomerPropertyDetailReport.Validate_CustomerPropertyDetail_UI_Functionality_COM"/>
  <testcase name="Validation_CustomerPropertyDetail_UI_Functionality_COM" time="0.031" classname="Logi.CustomerPropertyDetailReport.Validate_CustomerPropertyDetail_UI_Functionality_COM"/>
  <testcase name="Validation_CustomerPropertyDetail_UI_Functionality_COM" time="0.000" classname="Logi.CustomerPropertyDetailReport.Validate_CustomerPropertyDetail_UI_Functionality_COM"/>
  <testcase name="Validation_CustomerPropertyDetail_UI_Functionality_COM" time="0.016" classname="Logi.CustomerPropertyDetailReport.Validate_CustomerPropertyDetail_UI_Functionality_COM"/>
  <testcase name="Validation_CustomerPropertyDetail_UI_Functionality_COM" time="0.000" classname="Logi.CustomerPropertyDetailReport.Validate_CustomerPropertyDetail_UI_Functionality_COM"/>
  <testcase name="Validation_CustomerPropertyDetail_UI_Functionality_COM" time="0.000" classname="Logi.CustomerPropertyDetailReport.Validate_CustomerPropertyDetail_UI_Functionality_COM"/>
  <testcase name="Validation_CustomerPropertyDetail_UI_Functionality_COM" time="0.958" classname="Logi.CustomerPropertyDetailReport.Validate_CustomerPropertyDetail_UI_Functionality_COM"/>
  <testcase name="Validation_CustomerPropertyDetail_UI_Functionality_COM" time="0.000" classname="Logi.CustomerPropertyDetailReport.Validate_CustomerPropertyDetail_UI_Functionality_COM"/>
  <testcase name="Validation_CustomerPropertyDetail_UI_Functionality_COM" time="0.000" classname="Logi.CustomerPropertyDetailReport.Validate_CustomerPropertyDetail_UI_Functionality_COM"/>
  <testcase name="Validation_CustomerPropertyDetail_UI_Functionality_COM" time="0.000" classname="Logi.CustomerPropertyDetailReport.Validate_CustomerPropertyDetail_UI_Functionality_COM"/>
  <testcase name="Validation_CustomerPropertyDetail_UI_Functionality_COM" time="0.000" classname="Logi.CustomerPropertyDetailReport.Validate_CustomerPropertyDetail_UI_Functionality_COM"/>
  <testcase name="Validation_CustomerPropertyDetail_UI_Functionality_COM" time="0.000" classname="Logi.CustomerPropertyDetailReport.Validate_CustomerPropertyDetail_UI_Functionality_COM"/>
  <testcase name="Validation_CustomerPropertyDetail_UI_Functionality_COM" time="0.000" classname="Logi.CustomerPropertyDetailReport.Validate_CustomerPropertyDetail_UI_Functionality_COM"/>
  <testcase name="Validation_CustomerPropertyDetail_UI_Functionality_COM" time="0.000" classname="Logi.CustomerPropertyDetailReport.Validate_CustomerPropertyDetail_UI_Functionality_COM"/>
  <testcase name="Validation_CustomerPropertyDetail_UI_Functionality_COM" time="0.000" classname="Logi.CustomerPropertyDetailReport.Validate_CustomerPropertyDetail_UI_Functionality_COM"/>
  <testcase name="Validation_CustomerPropertyDetail_UI_Functionality_COM" time="0.000" classname="Logi.CustomerPropertyDetailReport.Validate_CustomerPropertyDetail_UI_Functionality_COM"/>
  <testcase name="Validation_CustomerPropertyDetail_UI_Functionality_COM" time="0.000" classname="Logi.CustomerPropertyDetailReport.Validate_CustomerPropertyDetail_UI_Functionality_COM"/>
  <testcase name="Validation_CustomerPropertyDetail_UI_Functionality_COM" time="0.000" classname="Logi.CustomerPropertyDetailReport.Validate_CustomerPropertyDetail_UI_Functionality_COM"/>
  <testcase name="Validation_CustomerPropertyDetail_UI_Functionality_COM" time="0.000" classname="Logi.CustomerPropertyDetailReport.Validate_CustomerPropertyDetail_UI_Functionality_COM"/>
  <testcase name="Validation_CustomerPropertyDetail_UI_Functionality_COM" time="0.000" classname="Logi.CustomerPropertyDetailReport.Validate_CustomerPropertyDetail_UI_Functionality_COM"/>
  <testcase name="Validation_CustomerPropertyDetail_UI_Functionality_COM" time="0.000" classname="Logi.CustomerPropertyDetailReport.Validate_CustomerPropertyDetail_UI_Functionality_COM"/>
  <testcase name="Validation_CustomerPropertyDetail_UI_Functionality_COM" time="0.000" classname="Logi.CustomerPropertyDetailReport.Validate_CustomerPropertyDetail_UI_Functionality_COM"/>
  <testcase name="Validation_CustomerPropertyDetail_UI_Functionality_COM" time="0.031" classname="Logi.CustomerPropertyDetailReport.Validate_CustomerPropertyDetail_UI_Functionality_COM"/>
  <testcase name="Validation_CustomerPropertyDetail_UI_Functionality_COM" time="0.000" classname="Logi.CustomerPropertyDetailReport.Validate_CustomerPropertyDetail_UI_Functionality_COM"/>
  <testcase name="Validation_CustomerPropertyDetail_UI_Functionality_COM" time="0.000" classname="Logi.CustomerPropertyDetailReport.Validate_CustomerPropertyDetail_UI_Functionality_COM"/>
  <testcase name="Validation_CustomerPropertyDetail_UI_Functionality_COM" time="0.000" classname="Logi.CustomerPropertyDetailReport.Validate_CustomerPropertyDetail_UI_Functionality_COM"/>
  <testcase name="Validation_CustomerPropertyDetail_UI_Functionality_COM" time="0.000" classname="Logi.CustomerPropertyDetailReport.Validate_CustomerPropertyDetail_UI_Functionality_COM"/>
  <testcase name="Validation_CustomerPropertyDetail_UI_Functionality_COM" time="0.000" classname="Logi.CustomerPropertyDetailReport.Validate_CustomerPropertyDetail_UI_Functionality_COM"/>
  <testcase name="Validation_CustomerPropertyDetail_UI_Functionality_COM" time="0.000" classname="Logi.CustomerPropertyDetailReport.Validate_CustomerPropertyDetail_UI_Functionality_COM"/>
  <testcase name="Validation_CustomerPropertyDetail_UI_Functionality_COM" time="0.000" classname="Logi.CustomerPropertyDetailReport.Validate_CustomerPropertyDetail_UI_Functionality_COM"/>
  <testcase name="Validation_CustomerPropertyDetail_UI_Functionality_COM" time="0.000" classname="Logi.CustomerPropertyDetailReport.Validate_CustomerPropertyDetail_UI_Functionality_COM"/>
  <testcase name="Validation_CustomerPropertyDetail_UI_Functionality_COM" time="0.000" classname="Logi.CustomerPropertyDetailReport.Validate_CustomerPropertyDetail_UI_Functionality_COM"/>
  <testcase name="Validation_CustomerPropertyDetail_UI_Functionality_COM" time="0.016" classname="Logi.CustomerPropertyDetailReport.Validate_CustomerPropertyDetail_UI_Functionality_COM"/>
  <testcase name="Validation_CustomerPropertyDetail_UI_Functionality_COM" time="0.000" classname="Logi.CustomerPropertyDetailReport.Validate_CustomerPropertyDetail_UI_Functionality_COM"/>
  <testcase name="Validation_CustomerPropertyDetail_UI_Functionality_COM" time="0.016" classname="Logi.CustomerPropertyDetailReport.Validate_CustomerPropertyDetail_UI_Functionality_COM"/>
  <testcase name="Validation_CustomerPropertyDetail_UI_Functionality_COM" time="0.015" classname="Logi.CustomerPropertyDetailReport.Validate_CustomerPropertyDetail_UI_Functionality_COM"/>
  <testcase name="Validation_CustomerPropertyDetail_UI_Functionality_COM" time="0.000" classname="Logi.CustomerPropertyDetailReport.Validate_CustomerPropertyDetail_UI_Functionality_COM"/>
  <testcase name="Validation_CustomerPropertyDetail_UI_Functionality_COM" time="0.000" classname="Logi.CustomerPropertyDetailReport.Validate_CustomerPropertyDetail_UI_Functionality_COM"/>
  <testcase name="Validation_CustomerPropertyDetail_UI_Functionality_COM" time="0.000" classname="Logi.CustomerPropertyDetailReport.Validate_CustomerPropertyDetail_UI_Functionality_COM"/>
  <testcase name="Validation_CustomerPropertyDetail_UI_Functionality_COM" time="0.000" classname="Logi.CustomerPropertyDetailReport.Validate_CustomerPropertyDetail_UI_Functionality_COM"/>
  <testcase name="Validation_CustomerPropertyDetail_UI_Functionality_COM" time="0.000" classname="Logi.CustomerPropertyDetailReport.Validate_CustomerPropertyDetail_UI_Functionality_COM"/>
  <testcase name="Validation_CustomerPropertyDetail_UI_Functionality_COM" time="0.000" classname="Logi.CustomerPropertyDetailReport.Validate_CustomerPropertyDetail_UI_Functionality_COM"/>
  <testcase name="Validation_CustomerPropertyDetail_UI_Functionality_COM" time="0.016" classname="Logi.CustomerPropertyDetailReport.Validate_CustomerPropertyDetail_UI_Functionality_COM"/>
  <testcase name="Validation_CustomerPropertyDetail_UI_Functionality_COM" time="0.015" classname="Logi.CustomerPropertyDetailReport.Validate_CustomerPropertyDetail_UI_Functionality_COM"/>
  <testcase name="Validation_CustomerPropertyDetail_UI_Functionality_COM" time="0.000" classname="Logi.CustomerPropertyDetailReport.Validate_CustomerPropertyDetail_UI_Functionality_COM"/>
  <testcase name="Validation_CustomerPropertyDetail_UI_Functionality_COM" time="0.000" classname="Logi.CustomerPropertyDetailReport.Validate_CustomerPropertyDetail_UI_Functionality_COM"/>
  <testcase name="Validation_CustomerPropertyDetail_UI_Functionality_COM" time="0.000" classname="Logi.CustomerPropertyDetailReport.Validate_CustomerPropertyDetail_UI_Functionality_COM"/>
  <testcase name="Validation_CustomerPropertyDetail_UI_Functionality_COM" time="0.000" classname="Logi.CustomerPropertyDetailReport.Validate_CustomerPropertyDetail_UI_Functionality_COM"/>
  <testcase name="Validation_CustomerPropertyDetail_UI_Functionality_COM" time="0.000" classname="Logi.CustomerPropertyDetailReport.Validate_CustomerPropertyDetail_UI_Functionality_COM"/>
  <testcase name="Validation_CustomerPropertyDetail_UI_Functionality_COM" time="0.000" classname="Logi.CustomerPropertyDetailReport.Validate_CustomerPropertyDetail_UI_Functionality_COM"/>
  <testcase name="Validation_CustomerPropertyDetail_UI_Functionality_COM" time="0.016" classname="Logi.CustomerPropertyDetailReport.Validate_CustomerPropertyDetail_UI_Functionality_COM"/>
  <testcase name="Validation_CustomerPropertyDetail_UI_Functionality_COM" time="0.000" classname="Logi.CustomerPropertyDetailReport.Validate_CustomerPropertyDetail_UI_Functionality_COM"/>
  <testcase name="Validation_CustomerPropertyDetail_UI_Functionality_COM" time="0.015" classname="Logi.CustomerPropertyDetailReport.Validate_CustomerPropertyDetail_UI_Functionality_COM"/>
  <testcase name="Validation_CustomerPropertyDetail_UI_Functionality_COM" time="0.016" classname="Logi.CustomerPropertyDetailReport.Validate_CustomerPropertyDetail_UI_Functionality_COM"/>
  <testcase name="Validation_CustomerPropertyDetail_UI_Functionality_COM" time="0.000" classname="Logi.CustomerPropertyDetailReport.Validate_CustomerPropertyDetail_UI_Functionality_COM"/>
  <testcase name="Validation_CustomerPropertyDetail_UI_Functionality_COM" time="0.000" classname="Logi.CustomerPropertyDetailReport.Validate_CustomerPropertyDetail_UI_Functionality_COM"/>
  <testcase name="Validation_CustomerPropertyDetail_UI_Functionality_COM" time="0.000" classname="Logi.CustomerPropertyDetailReport.Validate_CustomerPropertyDetail_UI_Functionality_COM"/>
  <testcase name="Validation_CustomerPropertyDetail_UI_Functionality_COM" time="537.144" classname="Logi.CustomerPropertyDetailReport.Validate_CustomerPropertyDetail_UI_Functionality_COM"/>
  <testcase name="Validation_CustomerPropertyDetail_UI_Functionality_COM" time="0.000" classname="Logi.CustomerPropertyDetailReport.Validate_CustomerPropertyDetail_UI_Functionality_COM"/>
  <testcase name="Validation_CustomerPropertyDetail_UI_Functionality_COM" time="0.000" classname="Logi.CustomerPropertyDetailReport.Validate_CustomerPropertyDetail_UI_Functionality_COM"/>
  <testcase name="Validation_CustomerPropertyDetail_UI_Functionality_COM" time="0.016" classname="Logi.CustomerPropertyDetailReport.Validate_CustomerPropertyDetail_UI_Functionality_COM"/>
  <testcase name="Validation_CustomerPropertyDetail_UI_Functionality_COM" time="0.000" classname="Logi.CustomerPropertyDetailReport.Validate_CustomerPropertyDetail_UI_Functionality_COM"/>
=======
<testsuite skipped="0" hostname="CB2012R2AUSE005" name="Logi.CustomerPropertyDetailReport.Validate_CustomerPropertyDetail_UI_Functionality_COM" tests="87" failures="0" timestamp="15 Jan 2018 08:39:23 GMT" time="556.512" errors="0">
  <testcase name="Validation_CustomerPropertyDetail_UI_Functionality_COM" time="0.000" classname="Logi.CustomerPropertyDetailReport.Validate_CustomerPropertyDetail_UI_Functionality_COM"/>
  <testcase name="Validation_CustomerPropertyDetail_UI_Functionality_COM" time="0.016" classname="Logi.CustomerPropertyDetailReport.Validate_CustomerPropertyDetail_UI_Functionality_COM"/>
  <testcase name="Validation_CustomerPropertyDetail_UI_Functionality_COM" time="0.000" classname="Logi.CustomerPropertyDetailReport.Validate_CustomerPropertyDetail_UI_Functionality_COM"/>
  <testcase name="Validation_CustomerPropertyDetail_UI_Functionality_COM" time="0.000" classname="Logi.CustomerPropertyDetailReport.Validate_CustomerPropertyDetail_UI_Functionality_COM"/>
  <testcase name="Validation_CustomerPropertyDetail_UI_Functionality_COM" time="0.000" classname="Logi.CustomerPropertyDetailReport.Validate_CustomerPropertyDetail_UI_Functionality_COM"/>
  <testcase name="Validation_CustomerPropertyDetail_UI_Functionality_COM" time="0.000" classname="Logi.CustomerPropertyDetailReport.Validate_CustomerPropertyDetail_UI_Functionality_COM"/>
  <testcase name="Validation_CustomerPropertyDetail_UI_Functionality_COM" time="0.000" classname="Logi.CustomerPropertyDetailReport.Validate_CustomerPropertyDetail_UI_Functionality_COM"/>
  <testcase name="Validation_CustomerPropertyDetail_UI_Functionality_COM" time="0.000" classname="Logi.CustomerPropertyDetailReport.Validate_CustomerPropertyDetail_UI_Functionality_COM"/>
  <testcase name="Validation_CustomerPropertyDetail_UI_Functionality_COM" time="0.000" classname="Logi.CustomerPropertyDetailReport.Validate_CustomerPropertyDetail_UI_Functionality_COM"/>
  <testcase name="Validation_CustomerPropertyDetail_UI_Functionality_COM" time="0.784" classname="Logi.CustomerPropertyDetailReport.Validate_CustomerPropertyDetail_UI_Functionality_COM"/>
  <testcase name="Validation_CustomerPropertyDetail_UI_Functionality_COM" time="0.000" classname="Logi.CustomerPropertyDetailReport.Validate_CustomerPropertyDetail_UI_Functionality_COM"/>
  <testcase name="Validation_CustomerPropertyDetail_UI_Functionality_COM" time="0.000" classname="Logi.CustomerPropertyDetailReport.Validate_CustomerPropertyDetail_UI_Functionality_COM"/>
  <testcase name="Validation_CustomerPropertyDetail_UI_Functionality_COM" time="0.000" classname="Logi.CustomerPropertyDetailReport.Validate_CustomerPropertyDetail_UI_Functionality_COM"/>
  <testcase name="Validation_CustomerPropertyDetail_UI_Functionality_COM" time="0.000" classname="Logi.CustomerPropertyDetailReport.Validate_CustomerPropertyDetail_UI_Functionality_COM"/>
  <testcase name="Validation_CustomerPropertyDetail_UI_Functionality_COM" time="0.000" classname="Logi.CustomerPropertyDetailReport.Validate_CustomerPropertyDetail_UI_Functionality_COM"/>
  <testcase name="Validation_CustomerPropertyDetail_UI_Functionality_COM" time="0.000" classname="Logi.CustomerPropertyDetailReport.Validate_CustomerPropertyDetail_UI_Functionality_COM"/>
  <testcase name="Validation_CustomerPropertyDetail_UI_Functionality_COM" time="0.000" classname="Logi.CustomerPropertyDetailReport.Validate_CustomerPropertyDetail_UI_Functionality_COM"/>
  <testcase name="Validation_CustomerPropertyDetail_UI_Functionality_COM" time="0.000" classname="Logi.CustomerPropertyDetailReport.Validate_CustomerPropertyDetail_UI_Functionality_COM"/>
  <testcase name="Validation_CustomerPropertyDetail_UI_Functionality_COM" time="0.000" classname="Logi.CustomerPropertyDetailReport.Validate_CustomerPropertyDetail_UI_Functionality_COM"/>
  <testcase name="Validation_CustomerPropertyDetail_UI_Functionality_COM" time="0.000" classname="Logi.CustomerPropertyDetailReport.Validate_CustomerPropertyDetail_UI_Functionality_COM"/>
  <testcase name="Validation_CustomerPropertyDetail_UI_Functionality_COM" time="0.016" classname="Logi.CustomerPropertyDetailReport.Validate_CustomerPropertyDetail_UI_Functionality_COM"/>
  <testcase name="Validation_CustomerPropertyDetail_UI_Functionality_COM" time="0.000" classname="Logi.CustomerPropertyDetailReport.Validate_CustomerPropertyDetail_UI_Functionality_COM"/>
  <testcase name="Validation_CustomerPropertyDetail_UI_Functionality_COM" time="0.000" classname="Logi.CustomerPropertyDetailReport.Validate_CustomerPropertyDetail_UI_Functionality_COM"/>
  <testcase name="Validation_CustomerPropertyDetail_UI_Functionality_COM" time="0.000" classname="Logi.CustomerPropertyDetailReport.Validate_CustomerPropertyDetail_UI_Functionality_COM"/>
  <testcase name="Validation_CustomerPropertyDetail_UI_Functionality_COM" time="0.015" classname="Logi.CustomerPropertyDetailReport.Validate_CustomerPropertyDetail_UI_Functionality_COM"/>
  <testcase name="Validation_CustomerPropertyDetail_UI_Functionality_COM" time="0.000" classname="Logi.CustomerPropertyDetailReport.Validate_CustomerPropertyDetail_UI_Functionality_COM"/>
  <testcase name="Validation_CustomerPropertyDetail_UI_Functionality_COM" time="0.000" classname="Logi.CustomerPropertyDetailReport.Validate_CustomerPropertyDetail_UI_Functionality_COM"/>
  <testcase name="Validation_CustomerPropertyDetail_UI_Functionality_COM" time="0.000" classname="Logi.CustomerPropertyDetailReport.Validate_CustomerPropertyDetail_UI_Functionality_COM"/>
  <testcase name="Validation_CustomerPropertyDetail_UI_Functionality_COM" time="0.000" classname="Logi.CustomerPropertyDetailReport.Validate_CustomerPropertyDetail_UI_Functionality_COM"/>
  <testcase name="Validation_CustomerPropertyDetail_UI_Functionality_COM" time="0.000" classname="Logi.CustomerPropertyDetailReport.Validate_CustomerPropertyDetail_UI_Functionality_COM"/>
  <testcase name="Validation_CustomerPropertyDetail_UI_Functionality_COM" time="0.017" classname="Logi.CustomerPropertyDetailReport.Validate_CustomerPropertyDetail_UI_Functionality_COM"/>
  <testcase name="Validation_CustomerPropertyDetail_UI_Functionality_COM" time="0.000" classname="Logi.CustomerPropertyDetailReport.Validate_CustomerPropertyDetail_UI_Functionality_COM"/>
  <testcase name="Validation_CustomerPropertyDetail_UI_Functionality_COM" time="555.584" classname="Logi.CustomerPropertyDetailReport.Validate_CustomerPropertyDetail_UI_Functionality_COM"/>
  <testcase name="Validation_CustomerPropertyDetail_UI_Functionality_COM" time="0.000" classname="Logi.CustomerPropertyDetailReport.Validate_CustomerPropertyDetail_UI_Functionality_COM"/>
  <testcase name="Validation_CustomerPropertyDetail_UI_Functionality_COM" time="0.000" classname="Logi.CustomerPropertyDetailReport.Validate_CustomerPropertyDetail_UI_Functionality_COM"/>
  <testcase name="Validation_CustomerPropertyDetail_UI_Functionality_COM" time="0.016" classname="Logi.CustomerPropertyDetailReport.Validate_CustomerPropertyDetail_UI_Functionality_COM"/>
  <testcase name="Validation_CustomerPropertyDetail_UI_Functionality_COM" time="0.000" classname="Logi.CustomerPropertyDetailReport.Validate_CustomerPropertyDetail_UI_Functionality_COM"/>
  <testcase name="Validation_CustomerPropertyDetail_UI_Functionality_COM" time="0.000" classname="Logi.CustomerPropertyDetailReport.Validate_CustomerPropertyDetail_UI_Functionality_COM"/>
  <testcase name="Validation_CustomerPropertyDetail_UI_Functionality_COM" time="0.000" classname="Logi.CustomerPropertyDetailReport.Validate_CustomerPropertyDetail_UI_Functionality_COM"/>
  <testcase name="Validation_CustomerPropertyDetail_UI_Functionality_COM" time="0.000" classname="Logi.CustomerPropertyDetailReport.Validate_CustomerPropertyDetail_UI_Functionality_COM"/>
  <testcase name="Validation_CustomerPropertyDetail_UI_Functionality_COM" time="0.000" classname="Logi.CustomerPropertyDetailReport.Validate_CustomerPropertyDetail_UI_Functionality_COM"/>
  <testcase name="Validation_CustomerPropertyDetail_UI_Functionality_COM" time="0.000" classname="Logi.CustomerPropertyDetailReport.Validate_CustomerPropertyDetail_UI_Functionality_COM"/>
  <testcase name="Validation_CustomerPropertyDetail_UI_Functionality_COM" time="0.000" classname="Logi.CustomerPropertyDetailReport.Validate_CustomerPropertyDetail_UI_Functionality_COM"/>
  <testcase name="Validation_CustomerPropertyDetail_UI_Functionality_COM" time="0.000" classname="Logi.CustomerPropertyDetailReport.Validate_CustomerPropertyDetail_UI_Functionality_COM"/>
  <testcase name="Validation_CustomerPropertyDetail_UI_Functionality_COM" time="0.000" classname="Logi.CustomerPropertyDetailReport.Validate_CustomerPropertyDetail_UI_Functionality_COM"/>
  <testcase name="Validation_CustomerPropertyDetail_UI_Functionality_COM" time="0.000" classname="Logi.CustomerPropertyDetailReport.Validate_CustomerPropertyDetail_UI_Functionality_COM"/>
  <testcase name="Validation_CustomerPropertyDetail_UI_Functionality_COM" time="0.000" classname="Logi.CustomerPropertyDetailReport.Validate_CustomerPropertyDetail_UI_Functionality_COM"/>
  <testcase name="Validation_CustomerPropertyDetail_UI_Functionality_COM" time="0.000" classname="Logi.CustomerPropertyDetailReport.Validate_CustomerPropertyDetail_UI_Functionality_COM"/>
  <testcase name="Validation_CustomerPropertyDetail_UI_Functionality_COM" time="0.000" classname="Logi.CustomerPropertyDetailReport.Validate_CustomerPropertyDetail_UI_Functionality_COM"/>
  <testcase name="Validation_CustomerPropertyDetail_UI_Functionality_COM" time="0.000" classname="Logi.CustomerPropertyDetailReport.Validate_CustomerPropertyDetail_UI_Functionality_COM"/>
  <testcase name="Validation_CustomerPropertyDetail_UI_Functionality_COM" time="0.000" classname="Logi.CustomerPropertyDetailReport.Validate_CustomerPropertyDetail_UI_Functionality_COM"/>
  <testcase name="Validation_CustomerPropertyDetail_UI_Functionality_COM" time="0.000" classname="Logi.CustomerPropertyDetailReport.Validate_CustomerPropertyDetail_UI_Functionality_COM"/>
  <testcase name="Validation_CustomerPropertyDetail_UI_Functionality_COM" time="0.000" classname="Logi.CustomerPropertyDetailReport.Validate_CustomerPropertyDetail_UI_Functionality_COM"/>
  <testcase name="Validation_CustomerPropertyDetail_UI_Functionality_COM" time="0.000" classname="Logi.CustomerPropertyDetailReport.Validate_CustomerPropertyDetail_UI_Functionality_COM"/>
  <testcase name="Validation_CustomerPropertyDetail_UI_Functionality_COM" time="0.000" classname="Logi.CustomerPropertyDetailReport.Validate_CustomerPropertyDetail_UI_Functionality_COM"/>
  <testcase name="Validation_CustomerPropertyDetail_UI_Functionality_COM" time="0.000" classname="Logi.CustomerPropertyDetailReport.Validate_CustomerPropertyDetail_UI_Functionality_COM"/>
  <testcase name="Validation_CustomerPropertyDetail_UI_Functionality_COM" time="0.000" classname="Logi.CustomerPropertyDetailReport.Validate_CustomerPropertyDetail_UI_Functionality_COM"/>
  <testcase name="Validation_CustomerPropertyDetail_UI_Functionality_COM" time="0.000" classname="Logi.CustomerPropertyDetailReport.Validate_CustomerPropertyDetail_UI_Functionality_COM"/>
  <testcase name="Validation_CustomerPropertyDetail_UI_Functionality_COM" time="0.000" classname="Logi.CustomerPropertyDetailReport.Validate_CustomerPropertyDetail_UI_Functionality_COM"/>
  <testcase name="Validation_CustomerPropertyDetail_UI_Functionality_COM" time="0.000" classname="Logi.CustomerPropertyDetailReport.Validate_CustomerPropertyDetail_UI_Functionality_COM"/>
  <testcase name="Validation_CustomerPropertyDetail_UI_Functionality_COM" time="0.000" classname="Logi.CustomerPropertyDetailReport.Validate_CustomerPropertyDetail_UI_Functionality_COM"/>
  <testcase name="Validation_CustomerPropertyDetail_UI_Functionality_COM" time="0.000" classname="Logi.CustomerPropertyDetailReport.Validate_CustomerPropertyDetail_UI_Functionality_COM"/>
  <testcase name="Validation_CustomerPropertyDetail_UI_Functionality_COM" time="0.000" classname="Logi.CustomerPropertyDetailReport.Validate_CustomerPropertyDetail_UI_Functionality_COM"/>
  <testcase name="Validation_CustomerPropertyDetail_UI_Functionality_COM" time="0.000" classname="Logi.CustomerPropertyDetailReport.Validate_CustomerPropertyDetail_UI_Functionality_COM"/>
  <testcase name="Validation_CustomerPropertyDetail_UI_Functionality_COM" time="0.000" classname="Logi.CustomerPropertyDetailReport.Validate_CustomerPropertyDetail_UI_Functionality_COM"/>
  <testcase name="Validation_CustomerPropertyDetail_UI_Functionality_COM" time="0.000" classname="Logi.CustomerPropertyDetailReport.Validate_CustomerPropertyDetail_UI_Functionality_COM"/>
  <testcase name="Validation_CustomerPropertyDetail_UI_Functionality_COM" time="0.000" classname="Logi.CustomerPropertyDetailReport.Validate_CustomerPropertyDetail_UI_Functionality_COM"/>
  <testcase name="Validation_CustomerPropertyDetail_UI_Functionality_COM" time="0.000" classname="Logi.CustomerPropertyDetailReport.Validate_CustomerPropertyDetail_UI_Functionality_COM"/>
  <testcase name="Validation_CustomerPropertyDetail_UI_Functionality_COM" time="0.000" classname="Logi.CustomerPropertyDetailReport.Validate_CustomerPropertyDetail_UI_Functionality_COM"/>
  <testcase name="Validation_CustomerPropertyDetail_UI_Functionality_COM" time="0.000" classname="Logi.CustomerPropertyDetailReport.Validate_CustomerPropertyDetail_UI_Functionality_COM"/>
  <testcase name="Validation_CustomerPropertyDetail_UI_Functionality_COM" time="0.016" classname="Logi.CustomerPropertyDetailReport.Validate_CustomerPropertyDetail_UI_Functionality_COM"/>
  <testcase name="Validation_CustomerPropertyDetail_UI_Functionality_COM" time="0.000" classname="Logi.CustomerPropertyDetailReport.Validate_CustomerPropertyDetail_UI_Functionality_COM"/>
  <testcase name="Validation_CustomerPropertyDetail_UI_Functionality_COM" time="0.000" classname="Logi.CustomerPropertyDetailReport.Validate_CustomerPropertyDetail_UI_Functionality_COM"/>
  <testcase name="Validation_CustomerPropertyDetail_UI_Functionality_COM" time="0.000" classname="Logi.CustomerPropertyDetailReport.Validate_CustomerPropertyDetail_UI_Functionality_COM"/>
  <testcase name="Validation_CustomerPropertyDetail_UI_Functionality_COM" time="0.000" classname="Logi.CustomerPropertyDetailReport.Validate_CustomerPropertyDetail_UI_Functionality_COM"/>
  <testcase name="Validation_CustomerPropertyDetail_UI_Functionality_COM" time="0.000" classname="Logi.CustomerPropertyDetailReport.Validate_CustomerPropertyDetail_UI_Functionality_COM"/>
  <testcase name="Validation_CustomerPropertyDetail_UI_Functionality_COM" time="0.016" classname="Logi.CustomerPropertyDetailReport.Validate_CustomerPropertyDetail_UI_Functionality_COM"/>
  <testcase name="Validation_CustomerPropertyDetail_UI_Functionality_COM" time="0.016" classname="Logi.CustomerPropertyDetailReport.Validate_CustomerPropertyDetail_UI_Functionality_COM"/>
  <testcase name="Validation_CustomerPropertyDetail_UI_Functionality_COM" time="0.000" classname="Logi.CustomerPropertyDetailReport.Validate_CustomerPropertyDetail_UI_Functionality_COM"/>
  <testcase name="Validation_CustomerPropertyDetail_UI_Functionality_COM" time="0.000" classname="Logi.CustomerPropertyDetailReport.Validate_CustomerPropertyDetail_UI_Functionality_COM"/>
  <testcase name="Validation_CustomerPropertyDetail_UI_Functionality_COM" time="0.000" classname="Logi.CustomerPropertyDetailReport.Validate_CustomerPropertyDetail_UI_Functionality_COM"/>
  <testcase name="Validation_CustomerPropertyDetail_UI_Functionality_COM" time="0.000" classname="Logi.CustomerPropertyDetailReport.Validate_CustomerPropertyDetail_UI_Functionality_COM"/>
  <testcase name="Validation_CustomerPropertyDetail_UI_Functionality_COM" time="0.016" classname="Logi.CustomerPropertyDetailReport.Validate_CustomerPropertyDetail_UI_Functionality_COM"/>
>>>>>>> branch 'master' of https://github.wm.com/srathore/OPUS_LOGI.git
  <testcase name="Validation_CustomerPropertyDetail_UI_Functionality_COM" time="0.000" classname="Logi.CustomerPropertyDetailReport.Validate_CustomerPropertyDetail_UI_Functionality_COM"/>
  <testcase name="Validation_CustomerPropertyDetail_UI_Functionality_COM" time="0.000" classname="Logi.CustomerPropertyDetailReport.Validate_CustomerPropertyDetail_UI_Functionality_COM"/>
  <testcase name="Validation_CustomerPropertyDetail_UI_Functionality_COM" time="0.000" classname="Logi.CustomerPropertyDetailReport.Validate_CustomerPropertyDetail_UI_Functionality_COM"/>
  <testcase name="Validation_CustomerPropertyDetail_UI_Functionality_COM" time="0.000" classname="Logi.CustomerPropertyDetailReport.Validate_CustomerPropertyDetail_UI_Functionality_COM"/>
</testsuite> <!-- Logi.CustomerPropertyDetailReport.Validate_CustomerPropertyDetail_UI_Functionality_COM -->
