<?xml version="1.0" encoding="UTF-8"?>
<!-- Generated by org.testng.reporters.JUnitReportReporter -->
<testsuite skipped="0" hostname="CB2012R2AUSE003" name="Logi.PreRouteDetail.Validate_PreRouteDetail_UI_Functionality_AllLOB" tests="83" failures="0" timestamp="07 Jan 2018 19:31:52 GMT" time="358.506" errors="0">
  <testcase name="Validation_PreRouteDetailReport_SortingAndFilterFunctionality" time="0.000" classname="Logi.PreRouteDetail.Validate_PreRouteDetail_UI_Functionality_AllLOB"/>
  <testcase name="Validation_PreRouteDetailReport_SortingAndFilterFunctionality" time="0.000" classname="Logi.PreRouteDetail.Validate_PreRouteDetail_UI_Functionality_AllLOB"/>
  <testcase name="Validation_PreRouteDetailReport_SortingAndFilterFunctionality" time="0.000" classname="Logi.PreRouteDetail.Validate_PreRouteDetail_UI_Functionality_AllLOB"/>
  <testcase name="Validation_PreRouteDetailReport_SortingAndFilterFunctionality" time="0.000" classname="Logi.PreRouteDetail.Validate_PreRouteDetail_UI_Functionality_AllLOB"/>
  <testcase name="Validation_PreRouteDetailReport_SortingAndFilterFunctionality" time="0.000" classname="Logi.PreRouteDetail.Validate_PreRouteDetail_UI_Functionality_AllLOB"/>
  <testcase name="Validation_PreRouteDetailReport_SortingAndFilterFunctionality" time="0.000" classname="Logi.PreRouteDetail.Validate_PreRouteDetail_UI_Functionality_AllLOB"/>
  <testcase name="Validation_PreRouteDetailReport_SortingAndFilterFunctionality" time="0.000" classname="Logi.PreRouteDetail.Validate_PreRouteDetail_UI_Functionality_AllLOB"/>
  <testcase name="Validation_PreRouteDetailReport_SortingAndFilterFunctionality" time="0.000" classname="Logi.PreRouteDetail.Validate_PreRouteDetail_UI_Functionality_AllLOB"/>
  <testcase name="Validation_PreRouteDetailReport_SortingAndFilterFunctionality" time="0.000" classname="Logi.PreRouteDetail.Validate_PreRouteDetail_UI_Functionality_AllLOB"/>
  <testcase name="Validation_PreRouteDetailReport_SortingAndFilterFunctionality" time="0.000" classname="Logi.PreRouteDetail.Validate_PreRouteDetail_UI_Functionality_AllLOB"/>
  <testcase name="Validation_PreRouteDetailReport_SortingAndFilterFunctionality" time="0.000" classname="Logi.PreRouteDetail.Validate_PreRouteDetail_UI_Functionality_AllLOB"/>
  <testcase name="Validation_PreRouteDetailReport_SortingAndFilterFunctionality" time="0.000" classname="Logi.PreRouteDetail.Validate_PreRouteDetail_UI_Functionality_AllLOB"/>
  <testcase name="Validation_PreRouteDetailReport_SortingAndFilterFunctionality" time="0.000" classname="Logi.PreRouteDetail.Validate_PreRouteDetail_UI_Functionality_AllLOB"/>
  <testcase name="Validation_PreRouteDetailReport_SortingAndFilterFunctionality" time="0.000" classname="Logi.PreRouteDetail.Validate_PreRouteDetail_UI_Functionality_AllLOB"/>
  <testcase name="Validation_PreRouteDetailReport_SortingAndFilterFunctionality" time="0.000" classname="Logi.PreRouteDetail.Validate_PreRouteDetail_UI_Functionality_AllLOB"/>
  <testcase name="Validation_PreRouteDetailReport_SortingAndFilterFunctionality" time="0.000" classname="Logi.PreRouteDetail.Validate_PreRouteDetail_UI_Functionality_AllLOB"/>
  <testcase name="Validation_PreRouteDetailReport_SortingAndFilterFunctionality" time="0.000" classname="Logi.PreRouteDetail.Validate_PreRouteDetail_UI_Functionality_AllLOB"/>
  <testcase name="Validation_PreRouteDetailReport_SortingAndFilterFunctionality" time="0.000" classname="Logi.PreRouteDetail.Validate_PreRouteDetail_UI_Functionality_AllLOB"/>
  <testcase name="Validation_PreRouteDetailReport_SortingAndFilterFunctionality" time="0.000" classname="Logi.PreRouteDetail.Validate_PreRouteDetail_UI_Functionality_AllLOB"/>
  <testcase name="Validation_PreRouteDetailReport_SortingAndFilterFunctionality" time="0.000" classname="Logi.PreRouteDetail.Validate_PreRouteDetail_UI_Functionality_AllLOB"/>
  <testcase name="Validation_PreRouteDetailReport_SortingAndFilterFunctionality" time="0.000" classname="Logi.PreRouteDetail.Validate_PreRouteDetail_UI_Functionality_AllLOB"/>
  <testcase name="Validation_PreRouteDetailReport_SortingAndFilterFunctionality" time="0.000" classname="Logi.PreRouteDetail.Validate_PreRouteDetail_UI_Functionality_AllLOB"/>
  <testcase name="Validation_PreRouteDetailReport_SortingAndFilterFunctionality" time="358.490" classname="Logi.PreRouteDetail.Validate_PreRouteDetail_UI_Functionality_AllLOB"/>
  <testcase name="Validation_PreRouteDetailReport_SortingAndFilterFunctionality" time="0.000" classname="Logi.PreRouteDetail.Validate_PreRouteDetail_UI_Functionality_AllLOB"/>
  <testcase name="Validation_PreRouteDetailReport_SortingAndFilterFunctionality" time="0.000" classname="Logi.PreRouteDetail.Validate_PreRouteDetail_UI_Functionality_AllLOB"/>
  <testcase name="Validation_PreRouteDetailReport_SortingAndFilterFunctionality" time="0.000" classname="Logi.PreRouteDetail.Validate_PreRouteDetail_UI_Functionality_AllLOB"/>
  <testcase name="Validation_PreRouteDetailReport_SortingAndFilterFunctionality" time="0.000" classname="Logi.PreRouteDetail.Validate_PreRouteDetail_UI_Functionality_AllLOB"/>
  <testcase name="Validation_PreRouteDetailReport_SortingAndFilterFunctionality" time="0.000" classname="Logi.PreRouteDetail.Validate_PreRouteDetail_UI_Functionality_AllLOB"/>
  <testcase name="Validation_PreRouteDetailReport_SortingAndFilterFunctionality" time="0.000" classname="Logi.PreRouteDetail.Validate_PreRouteDetail_UI_Functionality_AllLOB"/>
  <testcase name="Validation_PreRouteDetailReport_SortingAndFilterFunctionality" time="0.000" classname="Logi.PreRouteDetail.Validate_PreRouteDetail_UI_Functionality_AllLOB"/>
  <testcase name="Validation_PreRouteDetailReport_SortingAndFilterFunctionality" time="0.000" classname="Logi.PreRouteDetail.Validate_PreRouteDetail_UI_Functionality_AllLOB"/>
  <testcase name="Validation_PreRouteDetailReport_SortingAndFilterFunctionality" time="0.000" classname="Logi.PreRouteDetail.Validate_PreRouteDetail_UI_Functionality_AllLOB"/>
  <testcase name="Validation_PreRouteDetailReport_SortingAndFilterFunctionality" time="0.000" classname="Logi.PreRouteDetail.Validate_PreRouteDetail_UI_Functionality_AllLOB"/>
  <testcase name="Validation_PreRouteDetailReport_SortingAndFilterFunctionality" time="0.000" classname="Logi.PreRouteDetail.Validate_PreRouteDetail_UI_Functionality_AllLOB"/>
  <testcase name="Validation_PreRouteDetailReport_SortingAndFilterFunctionality" time="0.000" classname="Logi.PreRouteDetail.Validate_PreRouteDetail_UI_Functionality_AllLOB"/>
  <testcase name="Validation_PreRouteDetailReport_SortingAndFilterFunctionality" time="0.000" classname="Logi.PreRouteDetail.Validate_PreRouteDetail_UI_Functionality_AllLOB"/>
  <testcase name="Validation_PreRouteDetailReport_SortingAndFilterFunctionality" time="0.000" classname="Logi.PreRouteDetail.Validate_PreRouteDetail_UI_Functionality_AllLOB"/>
  <testcase name="Validation_PreRouteDetailReport_SortingAndFilterFunctionality" time="0.000" classname="Logi.PreRouteDetail.Validate_PreRouteDetail_UI_Functionality_AllLOB"/>
  <testcase name="Validation_PreRouteDetailReport_SortingAndFilterFunctionality" time="0.000" classname="Logi.PreRouteDetail.Validate_PreRouteDetail_UI_Functionality_AllLOB"/>
  <testcase name="Validation_PreRouteDetailReport_SortingAndFilterFunctionality" time="0.000" classname="Logi.PreRouteDetail.Validate_PreRouteDetail_UI_Functionality_AllLOB"/>
  <testcase name="Validation_PreRouteDetailReport_SortingAndFilterFunctionality" time="0.000" classname="Logi.PreRouteDetail.Validate_PreRouteDetail_UI_Functionality_AllLOB"/>
  <testcase name="Validation_PreRouteDetailReport_SortingAndFilterFunctionality" time="0.000" classname="Logi.PreRouteDetail.Validate_PreRouteDetail_UI_Functionality_AllLOB"/>
  <testcase name="Validation_PreRouteDetailReport_SortingAndFilterFunctionality" time="0.000" classname="Logi.PreRouteDetail.Validate_PreRouteDetail_UI_Functionality_AllLOB"/>
  <testcase name="Validation_PreRouteDetailReport_SortingAndFilterFunctionality" time="0.000" classname="Logi.PreRouteDetail.Validate_PreRouteDetail_UI_Functionality_AllLOB"/>
  <testcase name="Validation_PreRouteDetailReport_SortingAndFilterFunctionality" time="0.000" classname="Logi.PreRouteDetail.Validate_PreRouteDetail_UI_Functionality_AllLOB"/>
  <testcase name="Validation_PreRouteDetailReport_SortingAndFilterFunctionality" time="0.000" classname="Logi.PreRouteDetail.Validate_PreRouteDetail_UI_Functionality_AllLOB"/>
  <testcase name="Validation_PreRouteDetailReport_SortingAndFilterFunctionality" time="0.000" classname="Logi.PreRouteDetail.Validate_PreRouteDetail_UI_Functionality_AllLOB"/>
  <testcase name="Validation_PreRouteDetailReport_SortingAndFilterFunctionality" time="0.000" classname="Logi.PreRouteDetail.Validate_PreRouteDetail_UI_Functionality_AllLOB"/>
  <testcase name="Validation_PreRouteDetailReport_SortingAndFilterFunctionality" time="0.000" classname="Logi.PreRouteDetail.Validate_PreRouteDetail_UI_Functionality_AllLOB"/>
  <testcase name="Validation_PreRouteDetailReport_SortingAndFilterFunctionality" time="0.000" classname="Logi.PreRouteDetail.Validate_PreRouteDetail_UI_Functionality_AllLOB"/>
  <testcase name="Validation_PreRouteDetailReport_SortingAndFilterFunctionality" time="0.000" classname="Logi.PreRouteDetail.Validate_PreRouteDetail_UI_Functionality_AllLOB"/>
  <testcase name="Validation_PreRouteDetailReport_SortingAndFilterFunctionality" time="0.000" classname="Logi.PreRouteDetail.Validate_PreRouteDetail_UI_Functionality_AllLOB"/>
  <testcase name="Validation_PreRouteDetailReport_SortingAndFilterFunctionality" time="0.000" classname="Logi.PreRouteDetail.Validate_PreRouteDetail_UI_Functionality_AllLOB"/>
  <testcase name="Validation_PreRouteDetailReport_SortingAndFilterFunctionality" time="0.000" classname="Logi.PreRouteDetail.Validate_PreRouteDetail_UI_Functionality_AllLOB"/>
  <testcase name="Validation_PreRouteDetailReport_SortingAndFilterFunctionality" time="0.000" classname="Logi.PreRouteDetail.Validate_PreRouteDetail_UI_Functionality_AllLOB"/>
  <testcase name="Validation_PreRouteDetailReport_SortingAndFilterFunctionality" time="0.000" classname="Logi.PreRouteDetail.Validate_PreRouteDetail_UI_Functionality_AllLOB"/>
  <testcase name="Validation_PreRouteDetailReport_SortingAndFilterFunctionality" time="0.000" classname="Logi.PreRouteDetail.Validate_PreRouteDetail_UI_Functionality_AllLOB"/>
  <testcase name="Validation_PreRouteDetailReport_SortingAndFilterFunctionality" time="0.000" classname="Logi.PreRouteDetail.Validate_PreRouteDetail_UI_Functionality_AllLOB"/>
  <testcase name="Validation_PreRouteDetailReport_SortingAndFilterFunctionality" time="0.000" classname="Logi.PreRouteDetail.Validate_PreRouteDetail_UI_Functionality_AllLOB"/>
  <testcase name="Validation_PreRouteDetailReport_SortingAndFilterFunctionality" time="0.000" classname="Logi.PreRouteDetail.Validate_PreRouteDetail_UI_Functionality_AllLOB"/>
  <testcase name="Validation_PreRouteDetailReport_SortingAndFilterFunctionality" time="0.000" classname="Logi.PreRouteDetail.Validate_PreRouteDetail_UI_Functionality_AllLOB"/>
  <testcase name="Validation_PreRouteDetailReport_SortingAndFilterFunctionality" time="0.000" classname="Logi.PreRouteDetail.Validate_PreRouteDetail_UI_Functionality_AllLOB"/>
  <testcase name="Validation_PreRouteDetailReport_SortingAndFilterFunctionality" time="0.000" classname="Logi.PreRouteDetail.Validate_PreRouteDetail_UI_Functionality_AllLOB"/>
  <testcase name="Validation_PreRouteDetailReport_SortingAndFilterFunctionality" time="0.000" classname="Logi.PreRouteDetail.Validate_PreRouteDetail_UI_Functionality_AllLOB"/>
  <testcase name="Validation_PreRouteDetailReport_SortingAndFilterFunctionality" time="0.000" classname="Logi.PreRouteDetail.Validate_PreRouteDetail_UI_Functionality_AllLOB"/>
  <testcase name="Validation_PreRouteDetailReport_SortingAndFilterFunctionality" time="0.016" classname="Logi.PreRouteDetail.Validate_PreRouteDetail_UI_Functionality_AllLOB"/>
  <testcase name="Validation_PreRouteDetailReport_SortingAndFilterFunctionality" time="0.000" classname="Logi.PreRouteDetail.Validate_PreRouteDetail_UI_Functionality_AllLOB"/>
  <testcase name="Validation_PreRouteDetailReport_SortingAndFilterFunctionality" time="0.000" classname="Logi.PreRouteDetail.Validate_PreRouteDetail_UI_Functionality_AllLOB"/>
  <testcase name="Validation_PreRouteDetailReport_SortingAndFilterFunctionality" time="0.000" classname="Logi.PreRouteDetail.Validate_PreRouteDetail_UI_Functionality_AllLOB"/>
  <testcase name="Validation_PreRouteDetailReport_SortingAndFilterFunctionality" time="0.000" classname="Logi.PreRouteDetail.Validate_PreRouteDetail_UI_Functionality_AllLOB"/>
  <testcase name="Validation_PreRouteDetailReport_SortingAndFilterFunctionality" time="0.000" classname="Logi.PreRouteDetail.Validate_PreRouteDetail_UI_Functionality_AllLOB"/>
  <testcase name="Validation_PreRouteDetailReport_SortingAndFilterFunctionality" time="0.000" classname="Logi.PreRouteDetail.Validate_PreRouteDetail_UI_Functionality_AllLOB"/>
  <testcase name="Validation_PreRouteDetailReport_SortingAndFilterFunctionality" time="0.000" classname="Logi.PreRouteDetail.Validate_PreRouteDetail_UI_Functionality_AllLOB"/>
  <testcase name="Validation_PreRouteDetailReport_SortingAndFilterFunctionality" time="0.000" classname="Logi.PreRouteDetail.Validate_PreRouteDetail_UI_Functionality_AllLOB"/>
  <testcase name="Validation_PreRouteDetailReport_SortingAndFilterFunctionality" time="0.000" classname="Logi.PreRouteDetail.Validate_PreRouteDetail_UI_Functionality_AllLOB"/>
  <testcase name="Validation_PreRouteDetailReport_SortingAndFilterFunctionality" time="0.000" classname="Logi.PreRouteDetail.Validate_PreRouteDetail_UI_Functionality_AllLOB"/>
  <testcase name="Validation_PreRouteDetailReport_SortingAndFilterFunctionality" time="0.000" classname="Logi.PreRouteDetail.Validate_PreRouteDetail_UI_Functionality_AllLOB"/>
  <testcase name="Validation_PreRouteDetailReport_SortingAndFilterFunctionality" time="0.000" classname="Logi.PreRouteDetail.Validate_PreRouteDetail_UI_Functionality_AllLOB"/>
  <testcase name="Validation_PreRouteDetailReport_SortingAndFilterFunctionality" time="0.000" classname="Logi.PreRouteDetail.Validate_PreRouteDetail_UI_Functionality_AllLOB"/>
  <testcase name="Validation_PreRouteDetailReport_SortingAndFilterFunctionality" time="0.000" classname="Logi.PreRouteDetail.Validate_PreRouteDetail_UI_Functionality_AllLOB"/>
  <testcase name="Validation_PreRouteDetailReport_SortingAndFilterFunctionality" time="0.000" classname="Logi.PreRouteDetail.Validate_PreRouteDetail_UI_Functionality_AllLOB"/>
  <testcase name="Validation_PreRouteDetailReport_SortingAndFilterFunctionality" time="0.000" classname="Logi.PreRouteDetail.Validate_PreRouteDetail_UI_Functionality_AllLOB"/>
  <testcase name="Validation_PreRouteDetailReport_SortingAndFilterFunctionality" time="0.000" classname="Logi.PreRouteDetail.Validate_PreRouteDetail_UI_Functionality_AllLOB"/>
</testsuite> <!-- Logi.PreRouteDetail.Validate_PreRouteDetail_UI_Functionality_AllLOB -->
