<?xml version="1.0" encoding="UTF-8"?>
<!-- Generated by org.testng.reporters.JUnitReportReporter -->
<testsuite skipped="0" hostname="ADCAPPD331" name="Logi.DisposalCycleSummaryReport.Validate_DisposalCycleSummary_AllLOB" tests="87" failures="0" timestamp="15 Jan 2018 12:23:47 GMT" time="106.107" errors="0">
  <testcase name="Validation_DisposalCycleSummaryReport_DataValidation_AllLOB" time="0.000" classname="Logi.DisposalCycleSummaryReport.Validate_DisposalCycleSummary_AllLOB"/>
  <testcase name="Validation_DisposalCycleSummaryReport_DataValidation_AllLOB" time="0.000" classname="Logi.DisposalCycleSummaryReport.Validate_DisposalCycleSummary_AllLOB"/>
  <testcase name="Validation_DisposalCycleSummaryReport_DataValidation_AllLOB" time="0.000" classname="Logi.DisposalCycleSummaryReport.Validate_DisposalCycleSummary_AllLOB"/>
  <testcase name="Validation_DisposalCycleSummaryReport_DataValidation_AllLOB" time="0.000" classname="Logi.DisposalCycleSummaryReport.Validate_DisposalCycleSummary_AllLOB"/>
  <testcase name="Validation_DisposalCycleSummaryReport_DataValidation_AllLOB" time="0.000" classname="Logi.DisposalCycleSummaryReport.Validate_DisposalCycleSummary_AllLOB"/>
  <testcase name="Validation_DisposalCycleSummaryReport_DataValidation_AllLOB" time="0.000" classname="Logi.DisposalCycleSummaryReport.Validate_DisposalCycleSummary_AllLOB"/>
  <testcase name="Validation_DisposalCycleSummaryReport_DataValidation_AllLOB" time="0.000" classname="Logi.DisposalCycleSummaryReport.Validate_DisposalCycleSummary_AllLOB"/>
  <testcase name="Validation_DisposalCycleSummaryReport_DataValidation_AllLOB" time="0.001" classname="Logi.DisposalCycleSummaryReport.Validate_DisposalCycleSummary_AllLOB"/>
  <testcase name="Validation_DisposalCycleSummaryReport_DataValidation_AllLOB" time="0.000" classname="Logi.DisposalCycleSummaryReport.Validate_DisposalCycleSummary_AllLOB"/>
  <testcase name="Validation_DisposalCycleSummaryReport_DataValidation_AllLOB" time="0.000" classname="Logi.DisposalCycleSummaryReport.Validate_DisposalCycleSummary_AllLOB"/>
  <testcase name="Validation_DisposalCycleSummaryReport_DataValidation_AllLOB" time="0.001" classname="Logi.DisposalCycleSummaryReport.Validate_DisposalCycleSummary_AllLOB"/>
  <testcase name="Validation_DisposalCycleSummaryReport_DataValidation_AllLOB" time="0.000" classname="Logi.DisposalCycleSummaryReport.Validate_DisposalCycleSummary_AllLOB"/>
  <testcase name="Validation_DisposalCycleSummaryReport_DataValidation_AllLOB" time="0.000" classname="Logi.DisposalCycleSummaryReport.Validate_DisposalCycleSummary_AllLOB"/>
  <testcase name="Validation_DisposalCycleSummaryReport_DataValidation_AllLOB" time="0.001" classname="Logi.DisposalCycleSummaryReport.Validate_DisposalCycleSummary_AllLOB"/>
  <testcase name="Validation_DisposalCycleSummaryReport_DataValidation_AllLOB" time="105.920" classname="Logi.DisposalCycleSummaryReport.Validate_DisposalCycleSummary_AllLOB"/>
  <testcase name="Validation_DisposalCycleSummaryReport_DataValidation_AllLOB" time="0.001" classname="Logi.DisposalCycleSummaryReport.Validate_DisposalCycleSummary_AllLOB"/>
  <testcase name="Validation_DisposalCycleSummaryReport_DataValidation_AllLOB" time="0.001" classname="Logi.DisposalCycleSummaryReport.Validate_DisposalCycleSummary_AllLOB"/>
  <testcase name="Validation_DisposalCycleSummaryReport_DataValidation_AllLOB" time="0.016" classname="Logi.DisposalCycleSummaryReport.Validate_DisposalCycleSummary_AllLOB"/>
  <testcase name="Validation_DisposalCycleSummaryReport_DataValidation_AllLOB" time="0.000" classname="Logi.DisposalCycleSummaryReport.Validate_DisposalCycleSummary_AllLOB"/>
  <testcase name="Validation_DisposalCycleSummaryReport_DataValidation_AllLOB" time="0.000" classname="Logi.DisposalCycleSummaryReport.Validate_DisposalCycleSummary_AllLOB"/>
  <testcase name="Validation_DisposalCycleSummaryReport_DataValidation_AllLOB" time="0.001" classname="Logi.DisposalCycleSummaryReport.Validate_DisposalCycleSummary_AllLOB"/>
  <testcase name="Validation_DisposalCycleSummaryReport_DataValidation_AllLOB" time="0.001" classname="Logi.DisposalCycleSummaryReport.Validate_DisposalCycleSummary_AllLOB"/>
  <testcase name="Validation_DisposalCycleSummaryReport_DataValidation_AllLOB" time="0.015" classname="Logi.DisposalCycleSummaryReport.Validate_DisposalCycleSummary_AllLOB"/>
  <testcase name="Validation_DisposalCycleSummaryReport_DataValidation_AllLOB" time="0.000" classname="Logi.DisposalCycleSummaryReport.Validate_DisposalCycleSummary_AllLOB"/>
  <testcase name="Validation_DisposalCycleSummaryReport_DataValidation_AllLOB" time="0.001" classname="Logi.DisposalCycleSummaryReport.Validate_DisposalCycleSummary_AllLOB"/>
  <testcase name="Validation_DisposalCycleSummaryReport_DataValidation_AllLOB" time="0.000" classname="Logi.DisposalCycleSummaryReport.Validate_DisposalCycleSummary_AllLOB"/>
  <testcase name="Validation_DisposalCycleSummaryReport_DataValidation_AllLOB" time="0.002" classname="Logi.DisposalCycleSummaryReport.Validate_DisposalCycleSummary_AllLOB"/>
  <testcase name="Validation_DisposalCycleSummaryReport_DataValidation_AllLOB" time="0.001" classname="Logi.DisposalCycleSummaryReport.Validate_DisposalCycleSummary_AllLOB"/>
  <testcase name="Validation_DisposalCycleSummaryReport_DataValidation_AllLOB" time="0.001" classname="Logi.DisposalCycleSummaryReport.Validate_DisposalCycleSummary_AllLOB"/>
  <testcase name="Validation_DisposalCycleSummaryReport_DataValidation_AllLOB" time="0.016" classname="Logi.DisposalCycleSummaryReport.Validate_DisposalCycleSummary_AllLOB"/>
  <testcase name="Validation_DisposalCycleSummaryReport_DataValidation_AllLOB" time="0.000" classname="Logi.DisposalCycleSummaryReport.Validate_DisposalCycleSummary_AllLOB"/>
  <testcase name="Validation_DisposalCycleSummaryReport_DataValidation_AllLOB" time="0.001" classname="Logi.DisposalCycleSummaryReport.Validate_DisposalCycleSummary_AllLOB"/>
  <testcase name="Validation_DisposalCycleSummaryReport_DataValidation_AllLOB" time="0.001" classname="Logi.DisposalCycleSummaryReport.Validate_DisposalCycleSummary_AllLOB"/>
  <testcase name="Validation_DisposalCycleSummaryReport_DataValidation_AllLOB" time="0.000" classname="Logi.DisposalCycleSummaryReport.Validate_DisposalCycleSummary_AllLOB"/>
  <testcase name="Validation_DisposalCycleSummaryReport_DataValidation_AllLOB" time="0.001" classname="Logi.DisposalCycleSummaryReport.Validate_DisposalCycleSummary_AllLOB"/>
  <testcase name="Validation_DisposalCycleSummaryReport_DataValidation_AllLOB" time="0.016" classname="Logi.DisposalCycleSummaryReport.Validate_DisposalCycleSummary_AllLOB"/>
  <testcase name="Validation_DisposalCycleSummaryReport_DataValidation_AllLOB" time="0.001" classname="Logi.DisposalCycleSummaryReport.Validate_DisposalCycleSummary_AllLOB"/>
  <testcase name="Validation_DisposalCycleSummaryReport_DataValidation_AllLOB" time="0.000" classname="Logi.DisposalCycleSummaryReport.Validate_DisposalCycleSummary_AllLOB"/>
  <testcase name="Validation_DisposalCycleSummaryReport_DataValidation_AllLOB" time="0.001" classname="Logi.DisposalCycleSummaryReport.Validate_DisposalCycleSummary_AllLOB"/>
  <testcase name="Validation_DisposalCycleSummaryReport_DataValidation_AllLOB" time="0.000" classname="Logi.DisposalCycleSummaryReport.Validate_DisposalCycleSummary_AllLOB"/>
  <testcase name="Validation_DisposalCycleSummaryReport_DataValidation_AllLOB" time="0.001" classname="Logi.DisposalCycleSummaryReport.Validate_DisposalCycleSummary_AllLOB"/>
  <testcase name="Validation_DisposalCycleSummaryReport_DataValidation_AllLOB" time="0.001" classname="Logi.DisposalCycleSummaryReport.Validate_DisposalCycleSummary_AllLOB"/>
  <testcase name="Validation_DisposalCycleSummaryReport_DataValidation_AllLOB" time="0.000" classname="Logi.DisposalCycleSummaryReport.Validate_DisposalCycleSummary_AllLOB"/>
  <testcase name="Validation_DisposalCycleSummaryReport_DataValidation_AllLOB" time="0.001" classname="Logi.DisposalCycleSummaryReport.Validate_DisposalCycleSummary_AllLOB"/>
  <testcase name="Validation_DisposalCycleSummaryReport_DataValidation_AllLOB" time="0.000" classname="Logi.DisposalCycleSummaryReport.Validate_DisposalCycleSummary_AllLOB"/>
  <testcase name="Validation_DisposalCycleSummaryReport_DataValidation_AllLOB" time="0.016" classname="Logi.DisposalCycleSummaryReport.Validate_DisposalCycleSummary_AllLOB"/>
  <testcase name="Validation_DisposalCycleSummaryReport_DataValidation_AllLOB" time="0.001" classname="Logi.DisposalCycleSummaryReport.Validate_DisposalCycleSummary_AllLOB"/>
  <testcase name="Validation_DisposalCycleSummaryReport_DataValidation_AllLOB" time="0.001" classname="Logi.DisposalCycleSummaryReport.Validate_DisposalCycleSummary_AllLOB"/>
  <testcase name="Validation_DisposalCycleSummaryReport_DataValidation_AllLOB" time="0.001" classname="Logi.DisposalCycleSummaryReport.Validate_DisposalCycleSummary_AllLOB"/>
  <testcase name="Validation_DisposalCycleSummaryReport_DataValidation_AllLOB" time="0.000" classname="Logi.DisposalCycleSummaryReport.Validate_DisposalCycleSummary_AllLOB"/>
  <testcase name="Validation_DisposalCycleSummaryReport_DataValidation_AllLOB" time="0.001" classname="Logi.DisposalCycleSummaryReport.Validate_DisposalCycleSummary_AllLOB"/>
  <testcase name="Validation_DisposalCycleSummaryReport_DataValidation_AllLOB" time="0.000" classname="Logi.DisposalCycleSummaryReport.Validate_DisposalCycleSummary_AllLOB"/>
  <testcase name="Validation_DisposalCycleSummaryReport_DataValidation_AllLOB" time="0.002" classname="Logi.DisposalCycleSummaryReport.Validate_DisposalCycleSummary_AllLOB"/>
  <testcase name="Validation_DisposalCycleSummaryReport_DataValidation_AllLOB" time="0.016" classname="Logi.DisposalCycleSummaryReport.Validate_DisposalCycleSummary_AllLOB"/>
  <testcase name="Validation_DisposalCycleSummaryReport_DataValidation_AllLOB" time="0.000" classname="Logi.DisposalCycleSummaryReport.Validate_DisposalCycleSummary_AllLOB"/>
  <testcase name="Validation_DisposalCycleSummaryReport_DataValidation_AllLOB" time="0.001" classname="Logi.DisposalCycleSummaryReport.Validate_DisposalCycleSummary_AllLOB"/>
  <testcase name="Validation_DisposalCycleSummaryReport_DataValidation_AllLOB" time="0.000" classname="Logi.DisposalCycleSummaryReport.Validate_DisposalCycleSummary_AllLOB"/>
  <testcase name="Validation_DisposalCycleSummaryReport_DataValidation_AllLOB" time="0.001" classname="Logi.DisposalCycleSummaryReport.Validate_DisposalCycleSummary_AllLOB"/>
  <testcase name="Validation_DisposalCycleSummaryReport_DataValidation_AllLOB" time="0.001" classname="Logi.DisposalCycleSummaryReport.Validate_DisposalCycleSummary_AllLOB"/>
  <testcase name="Validation_DisposalCycleSummaryReport_DataValidation_AllLOB" time="0.000" classname="Logi.DisposalCycleSummaryReport.Validate_DisposalCycleSummary_AllLOB"/>
  <testcase name="Validation_DisposalCycleSummaryReport_DataValidation_AllLOB" time="0.001" classname="Logi.DisposalCycleSummaryReport.Validate_DisposalCycleSummary_AllLOB"/>
  <testcase name="Validation_DisposalCycleSummaryReport_DataValidation_AllLOB" time="0.000" classname="Logi.DisposalCycleSummaryReport.Validate_DisposalCycleSummary_AllLOB"/>
  <testcase name="Validation_DisposalCycleSummaryReport_DataValidation_AllLOB" time="0.001" classname="Logi.DisposalCycleSummaryReport.Validate_DisposalCycleSummary_AllLOB"/>
  <testcase name="Validation_DisposalCycleSummaryReport_DataValidation_AllLOB" time="0.000" classname="Logi.DisposalCycleSummaryReport.Validate_DisposalCycleSummary_AllLOB"/>
  <testcase name="Validation_DisposalCycleSummaryReport_DataValidation_AllLOB" time="0.000" classname="Logi.DisposalCycleSummaryReport.Validate_DisposalCycleSummary_AllLOB"/>
  <testcase name="Validation_DisposalCycleSummaryReport_DataValidation_AllLOB" time="0.001" classname="Logi.DisposalCycleSummaryReport.Validate_DisposalCycleSummary_AllLOB"/>
  <testcase name="Validation_DisposalCycleSummaryReport_DataValidation_AllLOB" time="0.001" classname="Logi.DisposalCycleSummaryReport.Validate_DisposalCycleSummary_AllLOB"/>
  <testcase name="Validation_DisposalCycleSummaryReport_DataValidation_AllLOB" time="0.001" classname="Logi.DisposalCycleSummaryReport.Validate_DisposalCycleSummary_AllLOB"/>
  <testcase name="Validation_DisposalCycleSummaryReport_DataValidation_AllLOB" time="0.000" classname="Logi.DisposalCycleSummaryReport.Validate_DisposalCycleSummary_AllLOB"/>
  <testcase name="Validation_DisposalCycleSummaryReport_DataValidation_AllLOB" time="0.000" classname="Logi.DisposalCycleSummaryReport.Validate_DisposalCycleSummary_AllLOB"/>
  <testcase name="Validation_DisposalCycleSummaryReport_DataValidation_AllLOB" time="0.000" classname="Logi.DisposalCycleSummaryReport.Validate_DisposalCycleSummary_AllLOB"/>
  <testcase name="Validation_DisposalCycleSummaryReport_DataValidation_AllLOB" time="0.016" classname="Logi.DisposalCycleSummaryReport.Validate_DisposalCycleSummary_AllLOB"/>
  <testcase name="Validation_DisposalCycleSummaryReport_DataValidation_AllLOB" time="0.001" classname="Logi.DisposalCycleSummaryReport.Validate_DisposalCycleSummary_AllLOB"/>
  <testcase name="Validation_DisposalCycleSummaryReport_DataValidation_AllLOB" time="0.001" classname="Logi.DisposalCycleSummaryReport.Validate_DisposalCycleSummary_AllLOB"/>
  <testcase name="Validation_DisposalCycleSummaryReport_DataValidation_AllLOB" time="0.001" classname="Logi.DisposalCycleSummaryReport.Validate_DisposalCycleSummary_AllLOB"/>
  <testcase name="Validation_DisposalCycleSummaryReport_DataValidation_AllLOB" time="0.001" classname="Logi.DisposalCycleSummaryReport.Validate_DisposalCycleSummary_AllLOB"/>
  <testcase name="Validation_DisposalCycleSummaryReport_DataValidation_AllLOB" time="0.001" classname="Logi.DisposalCycleSummaryReport.Validate_DisposalCycleSummary_AllLOB"/>
  <testcase name="Validation_DisposalCycleSummaryReport_DataValidation_AllLOB" time="0.000" classname="Logi.DisposalCycleSummaryReport.Validate_DisposalCycleSummary_AllLOB"/>
  <testcase name="Validation_DisposalCycleSummaryReport_DataValidation_AllLOB" time="0.016" classname="Logi.DisposalCycleSummaryReport.Validate_DisposalCycleSummary_AllLOB"/>
  <testcase name="Validation_DisposalCycleSummaryReport_DataValidation_AllLOB" time="0.002" classname="Logi.DisposalCycleSummaryReport.Validate_DisposalCycleSummary_AllLOB"/>
  <testcase name="Validation_DisposalCycleSummaryReport_DataValidation_AllLOB" time="0.015" classname="Logi.DisposalCycleSummaryReport.Validate_DisposalCycleSummary_AllLOB"/>
  <testcase name="Validation_DisposalCycleSummaryReport_DataValidation_AllLOB" time="0.001" classname="Logi.DisposalCycleSummaryReport.Validate_DisposalCycleSummary_AllLOB"/>
  <testcase name="Validation_DisposalCycleSummaryReport_DataValidation_AllLOB" time="0.000" classname="Logi.DisposalCycleSummaryReport.Validate_DisposalCycleSummary_AllLOB"/>
  <testcase name="Validation_DisposalCycleSummaryReport_DataValidation_AllLOB" time="0.001" classname="Logi.DisposalCycleSummaryReport.Validate_DisposalCycleSummary_AllLOB"/>
  <testcase name="Validation_DisposalCycleSummaryReport_DataValidation_AllLOB" time="0.001" classname="Logi.DisposalCycleSummaryReport.Validate_DisposalCycleSummary_AllLOB"/>
  <testcase name="Validation_DisposalCycleSummaryReport_DataValidation_AllLOB" time="0.001" classname="Logi.DisposalCycleSummaryReport.Validate_DisposalCycleSummary_AllLOB"/>
  <testcase name="Validation_DisposalCycleSummaryReport_DataValidation_AllLOB" time="0.000" classname="Logi.DisposalCycleSummaryReport.Validate_DisposalCycleSummary_AllLOB"/>
</testsuite> <!-- Logi.DisposalCycleSummaryReport.Validate_DisposalCycleSummary_AllLOB -->
