<?xml version="1.0" encoding="UTF-8"?>
<!-- Generated by org.testng.reporters.JUnitReportReporter -->
<testsuite skipped="0" hostname="CB2012R2AUSE005" name="Logi.SalesInformationDetailReport.Validate_SalesInformationDetail_AllLOB" tests="87" failures="0" timestamp="11 Jan 2018 23:23:23 GMT" time="80.284" errors="0">
  <testcase name="Validation_SalesInformationDetailReport_AllLOB" time="0.000" classname="Logi.SalesInformationDetailReport.Validate_SalesInformationDetail_AllLOB"/>
  <testcase name="Validation_SalesInformationDetailReport_AllLOB" time="0.000" classname="Logi.SalesInformationDetailReport.Validate_SalesInformationDetail_AllLOB"/>
  <testcase name="Validation_SalesInformationDetailReport_AllLOB" time="0.000" classname="Logi.SalesInformationDetailReport.Validate_SalesInformationDetail_AllLOB"/>
  <testcase name="Validation_SalesInformationDetailReport_AllLOB" time="0.016" classname="Logi.SalesInformationDetailReport.Validate_SalesInformationDetail_AllLOB"/>
  <testcase name="Validation_SalesInformationDetailReport_AllLOB" time="0.000" classname="Logi.SalesInformationDetailReport.Validate_SalesInformationDetail_AllLOB"/>
  <testcase name="Validation_SalesInformationDetailReport_AllLOB" time="0.000" classname="Logi.SalesInformationDetailReport.Validate_SalesInformationDetail_AllLOB"/>
  <testcase name="Validation_SalesInformationDetailReport_AllLOB" time="0.000" classname="Logi.SalesInformationDetailReport.Validate_SalesInformationDetail_AllLOB"/>
  <testcase name="Validation_SalesInformationDetailReport_AllLOB" time="0.000" classname="Logi.SalesInformationDetailReport.Validate_SalesInformationDetail_AllLOB"/>
  <testcase name="Validation_SalesInformationDetailReport_AllLOB" time="0.000" classname="Logi.SalesInformationDetailReport.Validate_SalesInformationDetail_AllLOB"/>
  <testcase name="Validation_SalesInformationDetailReport_AllLOB" time="0.000" classname="Logi.SalesInformationDetailReport.Validate_SalesInformationDetail_AllLOB"/>
  <testcase name="Validation_SalesInformationDetailReport_AllLOB" time="0.000" classname="Logi.SalesInformationDetailReport.Validate_SalesInformationDetail_AllLOB"/>
  <testcase name="Validation_SalesInformationDetailReport_AllLOB" time="0.000" classname="Logi.SalesInformationDetailReport.Validate_SalesInformationDetail_AllLOB"/>
  <testcase name="Validation_SalesInformationDetailReport_AllLOB" time="0.000" classname="Logi.SalesInformationDetailReport.Validate_SalesInformationDetail_AllLOB"/>
  <testcase name="Validation_SalesInformationDetailReport_AllLOB" time="0.000" classname="Logi.SalesInformationDetailReport.Validate_SalesInformationDetail_AllLOB"/>
  <testcase name="Validation_SalesInformationDetailReport_AllLOB" time="0.000" classname="Logi.SalesInformationDetailReport.Validate_SalesInformationDetail_AllLOB"/>
  <testcase name="Validation_SalesInformationDetailReport_AllLOB" time="0.000" classname="Logi.SalesInformationDetailReport.Validate_SalesInformationDetail_AllLOB"/>
  <testcase name="Validation_SalesInformationDetailReport_AllLOB" time="0.000" classname="Logi.SalesInformationDetailReport.Validate_SalesInformationDetail_AllLOB"/>
  <testcase name="Validation_SalesInformationDetailReport_AllLOB" time="0.000" classname="Logi.SalesInformationDetailReport.Validate_SalesInformationDetail_AllLOB"/>
  <testcase name="Validation_SalesInformationDetailReport_AllLOB" time="0.015" classname="Logi.SalesInformationDetailReport.Validate_SalesInformationDetail_AllLOB"/>
  <testcase name="Validation_SalesInformationDetailReport_AllLOB" time="80.223" classname="Logi.SalesInformationDetailReport.Validate_SalesInformationDetail_AllLOB"/>
  <testcase name="Validation_SalesInformationDetailReport_AllLOB" time="0.000" classname="Logi.SalesInformationDetailReport.Validate_SalesInformationDetail_AllLOB"/>
  <testcase name="Validation_SalesInformationDetailReport_AllLOB" time="0.000" classname="Logi.SalesInformationDetailReport.Validate_SalesInformationDetail_AllLOB"/>
  <testcase name="Validation_SalesInformationDetailReport_AllLOB" time="0.000" classname="Logi.SalesInformationDetailReport.Validate_SalesInformationDetail_AllLOB"/>
  <testcase name="Validation_SalesInformationDetailReport_AllLOB" time="0.000" classname="Logi.SalesInformationDetailReport.Validate_SalesInformationDetail_AllLOB"/>
  <testcase name="Validation_SalesInformationDetailReport_AllLOB" time="0.000" classname="Logi.SalesInformationDetailReport.Validate_SalesInformationDetail_AllLOB"/>
  <testcase name="Validation_SalesInformationDetailReport_AllLOB" time="0.000" classname="Logi.SalesInformationDetailReport.Validate_SalesInformationDetail_AllLOB"/>
  <testcase name="Validation_SalesInformationDetailReport_AllLOB" time="0.000" classname="Logi.SalesInformationDetailReport.Validate_SalesInformationDetail_AllLOB"/>
  <testcase name="Validation_SalesInformationDetailReport_AllLOB" time="0.000" classname="Logi.SalesInformationDetailReport.Validate_SalesInformationDetail_AllLOB"/>
  <testcase name="Validation_SalesInformationDetailReport_AllLOB" time="0.000" classname="Logi.SalesInformationDetailReport.Validate_SalesInformationDetail_AllLOB"/>
  <testcase name="Validation_SalesInformationDetailReport_AllLOB" time="0.000" classname="Logi.SalesInformationDetailReport.Validate_SalesInformationDetail_AllLOB"/>
  <testcase name="Validation_SalesInformationDetailReport_AllLOB" time="0.000" classname="Logi.SalesInformationDetailReport.Validate_SalesInformationDetail_AllLOB"/>
  <testcase name="Validation_SalesInformationDetailReport_AllLOB" time="0.000" classname="Logi.SalesInformationDetailReport.Validate_SalesInformationDetail_AllLOB"/>
  <testcase name="Validation_SalesInformationDetailReport_AllLOB" time="0.000" classname="Logi.SalesInformationDetailReport.Validate_SalesInformationDetail_AllLOB"/>
  <testcase name="Validation_SalesInformationDetailReport_AllLOB" time="0.000" classname="Logi.SalesInformationDetailReport.Validate_SalesInformationDetail_AllLOB"/>
  <testcase name="Validation_SalesInformationDetailReport_AllLOB" time="0.000" classname="Logi.SalesInformationDetailReport.Validate_SalesInformationDetail_AllLOB"/>
  <testcase name="Validation_SalesInformationDetailReport_AllLOB" time="0.000" classname="Logi.SalesInformationDetailReport.Validate_SalesInformationDetail_AllLOB"/>
  <testcase name="Validation_SalesInformationDetailReport_AllLOB" time="0.000" classname="Logi.SalesInformationDetailReport.Validate_SalesInformationDetail_AllLOB"/>
  <testcase name="Validation_SalesInformationDetailReport_AllLOB" time="0.015" classname="Logi.SalesInformationDetailReport.Validate_SalesInformationDetail_AllLOB"/>
  <testcase name="Validation_SalesInformationDetailReport_AllLOB" time="0.000" classname="Logi.SalesInformationDetailReport.Validate_SalesInformationDetail_AllLOB"/>
  <testcase name="Validation_SalesInformationDetailReport_AllLOB" time="0.000" classname="Logi.SalesInformationDetailReport.Validate_SalesInformationDetail_AllLOB"/>
  <testcase name="Validation_SalesInformationDetailReport_AllLOB" time="0.000" classname="Logi.SalesInformationDetailReport.Validate_SalesInformationDetail_AllLOB"/>
  <testcase name="Validation_SalesInformationDetailReport_AllLOB" time="0.000" classname="Logi.SalesInformationDetailReport.Validate_SalesInformationDetail_AllLOB"/>
  <testcase name="Validation_SalesInformationDetailReport_AllLOB" time="0.000" classname="Logi.SalesInformationDetailReport.Validate_SalesInformationDetail_AllLOB"/>
  <testcase name="Validation_SalesInformationDetailReport_AllLOB" time="0.000" classname="Logi.SalesInformationDetailReport.Validate_SalesInformationDetail_AllLOB"/>
  <testcase name="Validation_SalesInformationDetailReport_AllLOB" time="0.000" classname="Logi.SalesInformationDetailReport.Validate_SalesInformationDetail_AllLOB"/>
  <testcase name="Validation_SalesInformationDetailReport_AllLOB" time="0.000" classname="Logi.SalesInformationDetailReport.Validate_SalesInformationDetail_AllLOB"/>
  <testcase name="Validation_SalesInformationDetailReport_AllLOB" time="0.015" classname="Logi.SalesInformationDetailReport.Validate_SalesInformationDetail_AllLOB"/>
  <testcase name="Validation_SalesInformationDetailReport_AllLOB" time="0.000" classname="Logi.SalesInformationDetailReport.Validate_SalesInformationDetail_AllLOB"/>
  <testcase name="Validation_SalesInformationDetailReport_AllLOB" time="0.000" classname="Logi.SalesInformationDetailReport.Validate_SalesInformationDetail_AllLOB"/>
  <testcase name="Validation_SalesInformationDetailReport_AllLOB" time="0.000" classname="Logi.SalesInformationDetailReport.Validate_SalesInformationDetail_AllLOB"/>
  <testcase name="Validation_SalesInformationDetailReport_AllLOB" time="0.000" classname="Logi.SalesInformationDetailReport.Validate_SalesInformationDetail_AllLOB"/>
  <testcase name="Validation_SalesInformationDetailReport_AllLOB" time="0.000" classname="Logi.SalesInformationDetailReport.Validate_SalesInformationDetail_AllLOB"/>
  <testcase name="Validation_SalesInformationDetailReport_AllLOB" time="0.000" classname="Logi.SalesInformationDetailReport.Validate_SalesInformationDetail_AllLOB"/>
  <testcase name="Validation_SalesInformationDetailReport_AllLOB" time="0.000" classname="Logi.SalesInformationDetailReport.Validate_SalesInformationDetail_AllLOB"/>
  <testcase name="Validation_SalesInformationDetailReport_AllLOB" time="0.000" classname="Logi.SalesInformationDetailReport.Validate_SalesInformationDetail_AllLOB"/>
  <testcase name="Validation_SalesInformationDetailReport_AllLOB" time="0.000" classname="Logi.SalesInformationDetailReport.Validate_SalesInformationDetail_AllLOB"/>
  <testcase name="Validation_SalesInformationDetailReport_AllLOB" time="0.000" classname="Logi.SalesInformationDetailReport.Validate_SalesInformationDetail_AllLOB"/>
  <testcase name="Validation_SalesInformationDetailReport_AllLOB" time="0.000" classname="Logi.SalesInformationDetailReport.Validate_SalesInformationDetail_AllLOB"/>
  <testcase name="Validation_SalesInformationDetailReport_AllLOB" time="0.000" classname="Logi.SalesInformationDetailReport.Validate_SalesInformationDetail_AllLOB"/>
  <testcase name="Validation_SalesInformationDetailReport_AllLOB" time="0.000" classname="Logi.SalesInformationDetailReport.Validate_SalesInformationDetail_AllLOB"/>
  <testcase name="Validation_SalesInformationDetailReport_AllLOB" time="0.000" classname="Logi.SalesInformationDetailReport.Validate_SalesInformationDetail_AllLOB"/>
  <testcase name="Validation_SalesInformationDetailReport_AllLOB" time="0.000" classname="Logi.SalesInformationDetailReport.Validate_SalesInformationDetail_AllLOB"/>
  <testcase name="Validation_SalesInformationDetailReport_AllLOB" time="0.000" classname="Logi.SalesInformationDetailReport.Validate_SalesInformationDetail_AllLOB"/>
  <testcase name="Validation_SalesInformationDetailReport_AllLOB" time="0.000" classname="Logi.SalesInformationDetailReport.Validate_SalesInformationDetail_AllLOB"/>
  <testcase name="Validation_SalesInformationDetailReport_AllLOB" time="0.000" classname="Logi.SalesInformationDetailReport.Validate_SalesInformationDetail_AllLOB"/>
  <testcase name="Validation_SalesInformationDetailReport_AllLOB" time="0.000" classname="Logi.SalesInformationDetailReport.Validate_SalesInformationDetail_AllLOB"/>
  <testcase name="Validation_SalesInformationDetailReport_AllLOB" time="0.000" classname="Logi.SalesInformationDetailReport.Validate_SalesInformationDetail_AllLOB"/>
  <testcase name="Validation_SalesInformationDetailReport_AllLOB" time="0.000" classname="Logi.SalesInformationDetailReport.Validate_SalesInformationDetail_AllLOB"/>
  <testcase name="Validation_SalesInformationDetailReport_AllLOB" time="0.000" classname="Logi.SalesInformationDetailReport.Validate_SalesInformationDetail_AllLOB"/>
  <testcase name="Validation_SalesInformationDetailReport_AllLOB" time="0.000" classname="Logi.SalesInformationDetailReport.Validate_SalesInformationDetail_AllLOB"/>
  <testcase name="Validation_SalesInformationDetailReport_AllLOB" time="0.000" classname="Logi.SalesInformationDetailReport.Validate_SalesInformationDetail_AllLOB"/>
  <testcase name="Validation_SalesInformationDetailReport_AllLOB" time="0.000" classname="Logi.SalesInformationDetailReport.Validate_SalesInformationDetail_AllLOB"/>
  <testcase name="Validation_SalesInformationDetailReport_AllLOB" time="0.000" classname="Logi.SalesInformationDetailReport.Validate_SalesInformationDetail_AllLOB"/>
  <testcase name="Validation_SalesInformationDetailReport_AllLOB" time="0.000" classname="Logi.SalesInformationDetailReport.Validate_SalesInformationDetail_AllLOB"/>
  <testcase name="Validation_SalesInformationDetailReport_AllLOB" time="0.000" classname="Logi.SalesInformationDetailReport.Validate_SalesInformationDetail_AllLOB"/>
  <testcase name="Validation_SalesInformationDetailReport_AllLOB" time="0.000" classname="Logi.SalesInformationDetailReport.Validate_SalesInformationDetail_AllLOB"/>
  <testcase name="Validation_SalesInformationDetailReport_AllLOB" time="0.000" classname="Logi.SalesInformationDetailReport.Validate_SalesInformationDetail_AllLOB"/>
  <testcase name="Validation_SalesInformationDetailReport_AllLOB" time="0.000" classname="Logi.SalesInformationDetailReport.Validate_SalesInformationDetail_AllLOB"/>
  <testcase name="Validation_SalesInformationDetailReport_AllLOB" time="0.000" classname="Logi.SalesInformationDetailReport.Validate_SalesInformationDetail_AllLOB"/>
  <testcase name="Validation_SalesInformationDetailReport_AllLOB" time="0.000" classname="Logi.SalesInformationDetailReport.Validate_SalesInformationDetail_AllLOB"/>
  <testcase name="Validation_SalesInformationDetailReport_AllLOB" time="0.000" classname="Logi.SalesInformationDetailReport.Validate_SalesInformationDetail_AllLOB"/>
  <testcase name="Validation_SalesInformationDetailReport_AllLOB" time="0.000" classname="Logi.SalesInformationDetailReport.Validate_SalesInformationDetail_AllLOB"/>
  <testcase name="Validation_SalesInformationDetailReport_AllLOB" time="0.000" classname="Logi.SalesInformationDetailReport.Validate_SalesInformationDetail_AllLOB"/>
  <testcase name="Validation_SalesInformationDetailReport_AllLOB" time="0.000" classname="Logi.SalesInformationDetailReport.Validate_SalesInformationDetail_AllLOB"/>
  <testcase name="Validation_SalesInformationDetailReport_AllLOB" time="0.000" classname="Logi.SalesInformationDetailReport.Validate_SalesInformationDetail_AllLOB"/>
  <testcase name="Validation_SalesInformationDetailReport_AllLOB" time="0.000" classname="Logi.SalesInformationDetailReport.Validate_SalesInformationDetail_AllLOB"/>
  <testcase name="Validation_SalesInformationDetailReport_AllLOB" time="0.000" classname="Logi.SalesInformationDetailReport.Validate_SalesInformationDetail_AllLOB"/>
</testsuite> <!-- Logi.SalesInformationDetailReport.Validate_SalesInformationDetail_AllLOB -->
