<?xml version="1.0" encoding="UTF-8"?>
<!-- Generated by org.testng.reporters.JUnitReportReporter -->
<testsuite skipped="0" hostname="ADCAPPD331" name="Logi.DisposalCycleSummaryReport.Validate_DisposalCycleSummary_RESI" tests="87" failures="0" timestamp="15 Jan 2018 12:33:00 GMT" time="113.714" errors="0">
  <testcase name="Validation_DisposalCycleSummaryReport_DataValidation_RESI" time="0.016" classname="Logi.DisposalCycleSummaryReport.Validate_DisposalCycleSummary_RESI"/>
  <testcase name="Validation_DisposalCycleSummaryReport_DataValidation_RESI" time="0.000" classname="Logi.DisposalCycleSummaryReport.Validate_DisposalCycleSummary_RESI"/>
  <testcase name="Validation_DisposalCycleSummaryReport_DataValidation_RESI" time="0.000" classname="Logi.DisposalCycleSummaryReport.Validate_DisposalCycleSummary_RESI"/>
  <testcase name="Validation_DisposalCycleSummaryReport_DataValidation_RESI" time="0.000" classname="Logi.DisposalCycleSummaryReport.Validate_DisposalCycleSummary_RESI"/>
  <testcase name="Validation_DisposalCycleSummaryReport_DataValidation_RESI" time="0.015" classname="Logi.DisposalCycleSummaryReport.Validate_DisposalCycleSummary_RESI"/>
  <testcase name="Validation_DisposalCycleSummaryReport_DataValidation_RESI" time="0.015" classname="Logi.DisposalCycleSummaryReport.Validate_DisposalCycleSummary_RESI"/>
  <testcase name="Validation_DisposalCycleSummaryReport_DataValidation_RESI" time="0.015" classname="Logi.DisposalCycleSummaryReport.Validate_DisposalCycleSummary_RESI"/>
  <testcase name="Validation_DisposalCycleSummaryReport_DataValidation_RESI" time="0.000" classname="Logi.DisposalCycleSummaryReport.Validate_DisposalCycleSummary_RESI"/>
  <testcase name="Validation_DisposalCycleSummaryReport_DataValidation_RESI" time="0.015" classname="Logi.DisposalCycleSummaryReport.Validate_DisposalCycleSummary_RESI"/>
  <testcase name="Validation_DisposalCycleSummaryReport_DataValidation_RESI" time="0.016" classname="Logi.DisposalCycleSummaryReport.Validate_DisposalCycleSummary_RESI"/>
  <testcase name="Validation_DisposalCycleSummaryReport_DataValidation_RESI" time="0.000" classname="Logi.DisposalCycleSummaryReport.Validate_DisposalCycleSummary_RESI"/>
  <testcase name="Validation_DisposalCycleSummaryReport_DataValidation_RESI" time="0.000" classname="Logi.DisposalCycleSummaryReport.Validate_DisposalCycleSummary_RESI"/>
  <testcase name="Validation_DisposalCycleSummaryReport_DataValidation_RESI" time="0.000" classname="Logi.DisposalCycleSummaryReport.Validate_DisposalCycleSummary_RESI"/>
  <testcase name="Validation_DisposalCycleSummaryReport_DataValidation_RESI" time="0.016" classname="Logi.DisposalCycleSummaryReport.Validate_DisposalCycleSummary_RESI"/>
  <testcase name="Validation_DisposalCycleSummaryReport_DataValidation_RESI" time="0.000" classname="Logi.DisposalCycleSummaryReport.Validate_DisposalCycleSummary_RESI"/>
  <testcase name="Validation_DisposalCycleSummaryReport_DataValidation_RESI" time="0.015" classname="Logi.DisposalCycleSummaryReport.Validate_DisposalCycleSummary_RESI"/>
  <testcase name="Validation_DisposalCycleSummaryReport_DataValidation_RESI" time="0.000" classname="Logi.DisposalCycleSummaryReport.Validate_DisposalCycleSummary_RESI"/>
  <testcase name="Validation_DisposalCycleSummaryReport_DataValidation_RESI" time="0.000" classname="Logi.DisposalCycleSummaryReport.Validate_DisposalCycleSummary_RESI"/>
  <testcase name="Validation_DisposalCycleSummaryReport_DataValidation_RESI" time="0.031" classname="Logi.DisposalCycleSummaryReport.Validate_DisposalCycleSummary_RESI"/>
  <testcase name="Validation_DisposalCycleSummaryReport_DataValidation_RESI" time="0.015" classname="Logi.DisposalCycleSummaryReport.Validate_DisposalCycleSummary_RESI"/>
  <testcase name="Validation_DisposalCycleSummaryReport_DataValidation_RESI" time="0.000" classname="Logi.DisposalCycleSummaryReport.Validate_DisposalCycleSummary_RESI"/>
  <testcase name="Validation_DisposalCycleSummaryReport_DataValidation_RESI" time="0.000" classname="Logi.DisposalCycleSummaryReport.Validate_DisposalCycleSummary_RESI"/>
  <testcase name="Validation_DisposalCycleSummaryReport_DataValidation_RESI" time="0.015" classname="Logi.DisposalCycleSummaryReport.Validate_DisposalCycleSummary_RESI"/>
  <testcase name="Validation_DisposalCycleSummaryReport_DataValidation_RESI" time="0.000" classname="Logi.DisposalCycleSummaryReport.Validate_DisposalCycleSummary_RESI"/>
  <testcase name="Validation_DisposalCycleSummaryReport_DataValidation_RESI" time="0.000" classname="Logi.DisposalCycleSummaryReport.Validate_DisposalCycleSummary_RESI"/>
  <testcase name="Validation_DisposalCycleSummaryReport_DataValidation_RESI" time="0.000" classname="Logi.DisposalCycleSummaryReport.Validate_DisposalCycleSummary_RESI"/>
  <testcase name="Validation_DisposalCycleSummaryReport_DataValidation_RESI" time="0.000" classname="Logi.DisposalCycleSummaryReport.Validate_DisposalCycleSummary_RESI"/>
  <testcase name="Validation_DisposalCycleSummaryReport_DataValidation_RESI" time="0.000" classname="Logi.DisposalCycleSummaryReport.Validate_DisposalCycleSummary_RESI"/>
  <testcase name="Validation_DisposalCycleSummaryReport_DataValidation_RESI" time="0.016" classname="Logi.DisposalCycleSummaryReport.Validate_DisposalCycleSummary_RESI"/>
  <testcase name="Validation_DisposalCycleSummaryReport_DataValidation_RESI" time="0.016" classname="Logi.DisposalCycleSummaryReport.Validate_DisposalCycleSummary_RESI"/>
  <testcase name="Validation_DisposalCycleSummaryReport_DataValidation_RESI" time="0.000" classname="Logi.DisposalCycleSummaryReport.Validate_DisposalCycleSummary_RESI"/>
  <testcase name="Validation_DisposalCycleSummaryReport_DataValidation_RESI" time="0.000" classname="Logi.DisposalCycleSummaryReport.Validate_DisposalCycleSummary_RESI"/>
  <testcase name="Validation_DisposalCycleSummaryReport_DataValidation_RESI" time="0.000" classname="Logi.DisposalCycleSummaryReport.Validate_DisposalCycleSummary_RESI"/>
  <testcase name="Validation_DisposalCycleSummaryReport_DataValidation_RESI" time="0.000" classname="Logi.DisposalCycleSummaryReport.Validate_DisposalCycleSummary_RESI"/>
  <testcase name="Validation_DisposalCycleSummaryReport_DataValidation_RESI" time="0.000" classname="Logi.DisposalCycleSummaryReport.Validate_DisposalCycleSummary_RESI"/>
  <testcase name="Validation_DisposalCycleSummaryReport_DataValidation_RESI" time="0.000" classname="Logi.DisposalCycleSummaryReport.Validate_DisposalCycleSummary_RESI"/>
  <testcase name="Validation_DisposalCycleSummaryReport_DataValidation_RESI" time="0.000" classname="Logi.DisposalCycleSummaryReport.Validate_DisposalCycleSummary_RESI"/>
  <testcase name="Validation_DisposalCycleSummaryReport_DataValidation_RESI" time="0.000" classname="Logi.DisposalCycleSummaryReport.Validate_DisposalCycleSummary_RESI"/>
  <testcase name="Validation_DisposalCycleSummaryReport_DataValidation_RESI" time="0.000" classname="Logi.DisposalCycleSummaryReport.Validate_DisposalCycleSummary_RESI"/>
  <testcase name="Validation_DisposalCycleSummaryReport_DataValidation_RESI" time="0.000" classname="Logi.DisposalCycleSummaryReport.Validate_DisposalCycleSummary_RESI"/>
  <testcase name="Validation_DisposalCycleSummaryReport_DataValidation_RESI" time="0.000" classname="Logi.DisposalCycleSummaryReport.Validate_DisposalCycleSummary_RESI"/>
  <testcase name="Validation_DisposalCycleSummaryReport_DataValidation_RESI" time="0.000" classname="Logi.DisposalCycleSummaryReport.Validate_DisposalCycleSummary_RESI"/>
  <testcase name="Validation_DisposalCycleSummaryReport_DataValidation_RESI" time="0.000" classname="Logi.DisposalCycleSummaryReport.Validate_DisposalCycleSummary_RESI"/>
  <testcase name="Validation_DisposalCycleSummaryReport_DataValidation_RESI" time="0.000" classname="Logi.DisposalCycleSummaryReport.Validate_DisposalCycleSummary_RESI"/>
  <testcase name="Validation_DisposalCycleSummaryReport_DataValidation_RESI" time="0.000" classname="Logi.DisposalCycleSummaryReport.Validate_DisposalCycleSummary_RESI"/>
  <testcase name="Validation_DisposalCycleSummaryReport_DataValidation_RESI" time="0.000" classname="Logi.DisposalCycleSummaryReport.Validate_DisposalCycleSummary_RESI"/>
  <testcase name="Validation_DisposalCycleSummaryReport_DataValidation_RESI" time="0.000" classname="Logi.DisposalCycleSummaryReport.Validate_DisposalCycleSummary_RESI"/>
  <testcase name="Validation_DisposalCycleSummaryReport_DataValidation_RESI" time="0.016" classname="Logi.DisposalCycleSummaryReport.Validate_DisposalCycleSummary_RESI"/>
  <testcase name="Validation_DisposalCycleSummaryReport_DataValidation_RESI" time="0.000" classname="Logi.DisposalCycleSummaryReport.Validate_DisposalCycleSummary_RESI"/>
  <testcase name="Validation_DisposalCycleSummaryReport_DataValidation_RESI" time="0.000" classname="Logi.DisposalCycleSummaryReport.Validate_DisposalCycleSummary_RESI"/>
  <testcase name="Validation_DisposalCycleSummaryReport_DataValidation_RESI" time="0.000" classname="Logi.DisposalCycleSummaryReport.Validate_DisposalCycleSummary_RESI"/>
  <testcase name="Validation_DisposalCycleSummaryReport_DataValidation_RESI" time="0.000" classname="Logi.DisposalCycleSummaryReport.Validate_DisposalCycleSummary_RESI"/>
  <testcase name="Validation_DisposalCycleSummaryReport_DataValidation_RESI" time="0.000" classname="Logi.DisposalCycleSummaryReport.Validate_DisposalCycleSummary_RESI"/>
  <testcase name="Validation_DisposalCycleSummaryReport_DataValidation_RESI" time="0.000" classname="Logi.DisposalCycleSummaryReport.Validate_DisposalCycleSummary_RESI"/>
  <testcase name="Validation_DisposalCycleSummaryReport_DataValidation_RESI" time="0.000" classname="Logi.DisposalCycleSummaryReport.Validate_DisposalCycleSummary_RESI"/>
  <testcase name="Validation_DisposalCycleSummaryReport_DataValidation_RESI" time="0.016" classname="Logi.DisposalCycleSummaryReport.Validate_DisposalCycleSummary_RESI"/>
  <testcase name="Validation_DisposalCycleSummaryReport_DataValidation_RESI" time="0.000" classname="Logi.DisposalCycleSummaryReport.Validate_DisposalCycleSummary_RESI"/>
  <testcase name="Validation_DisposalCycleSummaryReport_DataValidation_RESI" time="0.000" classname="Logi.DisposalCycleSummaryReport.Validate_DisposalCycleSummary_RESI"/>
  <testcase name="Validation_DisposalCycleSummaryReport_DataValidation_RESI" time="0.000" classname="Logi.DisposalCycleSummaryReport.Validate_DisposalCycleSummary_RESI"/>
  <testcase name="Validation_DisposalCycleSummaryReport_DataValidation_RESI" time="0.016" classname="Logi.DisposalCycleSummaryReport.Validate_DisposalCycleSummary_RESI"/>
  <testcase name="Validation_DisposalCycleSummaryReport_DataValidation_RESI" time="0.000" classname="Logi.DisposalCycleSummaryReport.Validate_DisposalCycleSummary_RESI"/>
  <testcase name="Validation_DisposalCycleSummaryReport_DataValidation_RESI" time="0.000" classname="Logi.DisposalCycleSummaryReport.Validate_DisposalCycleSummary_RESI"/>
  <testcase name="Validation_DisposalCycleSummaryReport_DataValidation_RESI" time="0.000" classname="Logi.DisposalCycleSummaryReport.Validate_DisposalCycleSummary_RESI"/>
  <testcase name="Validation_DisposalCycleSummaryReport_DataValidation_RESI" time="0.000" classname="Logi.DisposalCycleSummaryReport.Validate_DisposalCycleSummary_RESI"/>
  <testcase name="Validation_DisposalCycleSummaryReport_DataValidation_RESI" time="0.016" classname="Logi.DisposalCycleSummaryReport.Validate_DisposalCycleSummary_RESI"/>
  <testcase name="Validation_DisposalCycleSummaryReport_DataValidation_RESI" time="0.000" classname="Logi.DisposalCycleSummaryReport.Validate_DisposalCycleSummary_RESI"/>
  <testcase name="Validation_DisposalCycleSummaryReport_DataValidation_RESI" time="0.000" classname="Logi.DisposalCycleSummaryReport.Validate_DisposalCycleSummary_RESI"/>
  <testcase name="Validation_DisposalCycleSummaryReport_DataValidation_RESI" time="0.000" classname="Logi.DisposalCycleSummaryReport.Validate_DisposalCycleSummary_RESI"/>
  <testcase name="Validation_DisposalCycleSummaryReport_DataValidation_RESI" time="0.016" classname="Logi.DisposalCycleSummaryReport.Validate_DisposalCycleSummary_RESI"/>
  <testcase name="Validation_DisposalCycleSummaryReport_DataValidation_RESI" time="0.016" classname="Logi.DisposalCycleSummaryReport.Validate_DisposalCycleSummary_RESI"/>
  <testcase name="Validation_DisposalCycleSummaryReport_DataValidation_RESI" time="113.370" classname="Logi.DisposalCycleSummaryReport.Validate_DisposalCycleSummary_RESI"/>
  <testcase name="Validation_DisposalCycleSummaryReport_DataValidation_RESI" time="0.000" classname="Logi.DisposalCycleSummaryReport.Validate_DisposalCycleSummary_RESI"/>
  <testcase name="Validation_DisposalCycleSummaryReport_DataValidation_RESI" time="0.000" classname="Logi.DisposalCycleSummaryReport.Validate_DisposalCycleSummary_RESI"/>
  <testcase name="Validation_DisposalCycleSummaryReport_DataValidation_RESI" time="0.000" classname="Logi.DisposalCycleSummaryReport.Validate_DisposalCycleSummary_RESI"/>
  <testcase name="Validation_DisposalCycleSummaryReport_DataValidation_RESI" time="0.000" classname="Logi.DisposalCycleSummaryReport.Validate_DisposalCycleSummary_RESI"/>
  <testcase name="Validation_DisposalCycleSummaryReport_DataValidation_RESI" time="0.016" classname="Logi.DisposalCycleSummaryReport.Validate_DisposalCycleSummary_RESI"/>
  <testcase name="Validation_DisposalCycleSummaryReport_DataValidation_RESI" time="0.000" classname="Logi.DisposalCycleSummaryReport.Validate_DisposalCycleSummary_RESI"/>
  <testcase name="Validation_DisposalCycleSummaryReport_DataValidation_RESI" time="0.000" classname="Logi.DisposalCycleSummaryReport.Validate_DisposalCycleSummary_RESI"/>
  <testcase name="Validation_DisposalCycleSummaryReport_DataValidation_RESI" time="0.000" classname="Logi.DisposalCycleSummaryReport.Validate_DisposalCycleSummary_RESI"/>
  <testcase name="Validation_DisposalCycleSummaryReport_DataValidation_RESI" time="0.016" classname="Logi.DisposalCycleSummaryReport.Validate_DisposalCycleSummary_RESI"/>
  <testcase name="Validation_DisposalCycleSummaryReport_DataValidation_RESI" time="0.000" classname="Logi.DisposalCycleSummaryReport.Validate_DisposalCycleSummary_RESI"/>
  <testcase name="Validation_DisposalCycleSummaryReport_DataValidation_RESI" time="0.000" classname="Logi.DisposalCycleSummaryReport.Validate_DisposalCycleSummary_RESI"/>
  <testcase name="Validation_DisposalCycleSummaryReport_DataValidation_RESI" time="0.000" classname="Logi.DisposalCycleSummaryReport.Validate_DisposalCycleSummary_RESI"/>
  <testcase name="Validation_DisposalCycleSummaryReport_DataValidation_RESI" time="0.000" classname="Logi.DisposalCycleSummaryReport.Validate_DisposalCycleSummary_RESI"/>
  <testcase name="Validation_DisposalCycleSummaryReport_DataValidation_RESI" time="0.000" classname="Logi.DisposalCycleSummaryReport.Validate_DisposalCycleSummary_RESI"/>
  <testcase name="Validation_DisposalCycleSummaryReport_DataValidation_RESI" time="0.000" classname="Logi.DisposalCycleSummaryReport.Validate_DisposalCycleSummary_RESI"/>
  <testcase name="Validation_DisposalCycleSummaryReport_DataValidation_RESI" time="0.000" classname="Logi.DisposalCycleSummaryReport.Validate_DisposalCycleSummary_RESI"/>
</testsuite> <!-- Logi.DisposalCycleSummaryReport.Validate_DisposalCycleSummary_RESI -->
