<?xml version="1.0" encoding="UTF-8"?>
<!-- Generated by org.testng.reporters.JUnitReportReporter -->
<testsuite skipped="0" hostname="CB2012R2AUSE005" name="Logi.PreRouteSummaryReport.Validate_PreRouteSummary_RESI" tests="87" failures="0" timestamp="11 Jan 2018 23:23:23 GMT" time="94.659" errors="0">
  <testcase name="Validation_PreRouteDetailReport_DataValidation_RESI" time="0.005" classname="Logi.PreRouteSummaryReport.Validate_PreRouteSummary_RESI"/>
  <testcase name="Validation_PreRouteDetailReport_DataValidation_RESI" time="0.000" classname="Logi.PreRouteSummaryReport.Validate_PreRouteSummary_RESI"/>
  <testcase name="Validation_PreRouteDetailReport_DataValidation_RESI" time="0.000" classname="Logi.PreRouteSummaryReport.Validate_PreRouteSummary_RESI"/>
  <testcase name="Validation_PreRouteDetailReport_DataValidation_RESI" time="0.000" classname="Logi.PreRouteSummaryReport.Validate_PreRouteSummary_RESI"/>
  <testcase name="Validation_PreRouteDetailReport_DataValidation_RESI" time="0.000" classname="Logi.PreRouteSummaryReport.Validate_PreRouteSummary_RESI"/>
  <testcase name="Validation_PreRouteDetailReport_DataValidation_RESI" time="0.000" classname="Logi.PreRouteSummaryReport.Validate_PreRouteSummary_RESI"/>
  <testcase name="Validation_PreRouteDetailReport_DataValidation_RESI" time="0.000" classname="Logi.PreRouteSummaryReport.Validate_PreRouteSummary_RESI"/>
  <testcase name="Validation_PreRouteDetailReport_DataValidation_RESI" time="0.000" classname="Logi.PreRouteSummaryReport.Validate_PreRouteSummary_RESI"/>
  <testcase name="Validation_PreRouteDetailReport_DataValidation_RESI" time="0.000" classname="Logi.PreRouteSummaryReport.Validate_PreRouteSummary_RESI"/>
  <testcase name="Validation_PreRouteDetailReport_DataValidation_RESI" time="0.000" classname="Logi.PreRouteSummaryReport.Validate_PreRouteSummary_RESI"/>
  <testcase name="Validation_PreRouteDetailReport_DataValidation_RESI" time="0.000" classname="Logi.PreRouteSummaryReport.Validate_PreRouteSummary_RESI"/>
  <testcase name="Validation_PreRouteDetailReport_DataValidation_RESI" time="0.000" classname="Logi.PreRouteSummaryReport.Validate_PreRouteSummary_RESI"/>
  <testcase name="Validation_PreRouteDetailReport_DataValidation_RESI" time="0.000" classname="Logi.PreRouteSummaryReport.Validate_PreRouteSummary_RESI"/>
  <testcase name="Validation_PreRouteDetailReport_DataValidation_RESI" time="0.000" classname="Logi.PreRouteSummaryReport.Validate_PreRouteSummary_RESI"/>
  <testcase name="Validation_PreRouteDetailReport_DataValidation_RESI" time="94.613" classname="Logi.PreRouteSummaryReport.Validate_PreRouteSummary_RESI"/>
  <testcase name="Validation_PreRouteDetailReport_DataValidation_RESI" time="0.000" classname="Logi.PreRouteSummaryReport.Validate_PreRouteSummary_RESI"/>
  <testcase name="Validation_PreRouteDetailReport_DataValidation_RESI" time="0.000" classname="Logi.PreRouteSummaryReport.Validate_PreRouteSummary_RESI"/>
  <testcase name="Validation_PreRouteDetailReport_DataValidation_RESI" time="0.000" classname="Logi.PreRouteSummaryReport.Validate_PreRouteSummary_RESI"/>
  <testcase name="Validation_PreRouteDetailReport_DataValidation_RESI" time="0.000" classname="Logi.PreRouteSummaryReport.Validate_PreRouteSummary_RESI"/>
  <testcase name="Validation_PreRouteDetailReport_DataValidation_RESI" time="0.000" classname="Logi.PreRouteSummaryReport.Validate_PreRouteSummary_RESI"/>
  <testcase name="Validation_PreRouteDetailReport_DataValidation_RESI" time="0.000" classname="Logi.PreRouteSummaryReport.Validate_PreRouteSummary_RESI"/>
  <testcase name="Validation_PreRouteDetailReport_DataValidation_RESI" time="0.000" classname="Logi.PreRouteSummaryReport.Validate_PreRouteSummary_RESI"/>
  <testcase name="Validation_PreRouteDetailReport_DataValidation_RESI" time="0.000" classname="Logi.PreRouteSummaryReport.Validate_PreRouteSummary_RESI"/>
  <testcase name="Validation_PreRouteDetailReport_DataValidation_RESI" time="0.000" classname="Logi.PreRouteSummaryReport.Validate_PreRouteSummary_RESI"/>
  <testcase name="Validation_PreRouteDetailReport_DataValidation_RESI" time="0.000" classname="Logi.PreRouteSummaryReport.Validate_PreRouteSummary_RESI"/>
  <testcase name="Validation_PreRouteDetailReport_DataValidation_RESI" time="0.000" classname="Logi.PreRouteSummaryReport.Validate_PreRouteSummary_RESI"/>
  <testcase name="Validation_PreRouteDetailReport_DataValidation_RESI" time="0.000" classname="Logi.PreRouteSummaryReport.Validate_PreRouteSummary_RESI"/>
  <testcase name="Validation_PreRouteDetailReport_DataValidation_RESI" time="0.000" classname="Logi.PreRouteSummaryReport.Validate_PreRouteSummary_RESI"/>
  <testcase name="Validation_PreRouteDetailReport_DataValidation_RESI" time="0.000" classname="Logi.PreRouteSummaryReport.Validate_PreRouteSummary_RESI"/>
  <testcase name="Validation_PreRouteDetailReport_DataValidation_RESI" time="0.000" classname="Logi.PreRouteSummaryReport.Validate_PreRouteSummary_RESI"/>
  <testcase name="Validation_PreRouteDetailReport_DataValidation_RESI" time="0.015" classname="Logi.PreRouteSummaryReport.Validate_PreRouteSummary_RESI"/>
  <testcase name="Validation_PreRouteDetailReport_DataValidation_RESI" time="0.001" classname="Logi.PreRouteSummaryReport.Validate_PreRouteSummary_RESI"/>
  <testcase name="Validation_PreRouteDetailReport_DataValidation_RESI" time="0.001" classname="Logi.PreRouteSummaryReport.Validate_PreRouteSummary_RESI"/>
  <testcase name="Validation_PreRouteDetailReport_DataValidation_RESI" time="0.000" classname="Logi.PreRouteSummaryReport.Validate_PreRouteSummary_RESI"/>
  <testcase name="Validation_PreRouteDetailReport_DataValidation_RESI" time="0.000" classname="Logi.PreRouteSummaryReport.Validate_PreRouteSummary_RESI"/>
  <testcase name="Validation_PreRouteDetailReport_DataValidation_RESI" time="0.000" classname="Logi.PreRouteSummaryReport.Validate_PreRouteSummary_RESI"/>
  <testcase name="Validation_PreRouteDetailReport_DataValidation_RESI" time="0.000" classname="Logi.PreRouteSummaryReport.Validate_PreRouteSummary_RESI"/>
  <testcase name="Validation_PreRouteDetailReport_DataValidation_RESI" time="0.000" classname="Logi.PreRouteSummaryReport.Validate_PreRouteSummary_RESI"/>
  <testcase name="Validation_PreRouteDetailReport_DataValidation_RESI" time="0.001" classname="Logi.PreRouteSummaryReport.Validate_PreRouteSummary_RESI"/>
  <testcase name="Validation_PreRouteDetailReport_DataValidation_RESI" time="0.001" classname="Logi.PreRouteSummaryReport.Validate_PreRouteSummary_RESI"/>
  <testcase name="Validation_PreRouteDetailReport_DataValidation_RESI" time="0.000" classname="Logi.PreRouteSummaryReport.Validate_PreRouteSummary_RESI"/>
  <testcase name="Validation_PreRouteDetailReport_DataValidation_RESI" time="0.000" classname="Logi.PreRouteSummaryReport.Validate_PreRouteSummary_RESI"/>
  <testcase name="Validation_PreRouteDetailReport_DataValidation_RESI" time="0.000" classname="Logi.PreRouteSummaryReport.Validate_PreRouteSummary_RESI"/>
  <testcase name="Validation_PreRouteDetailReport_DataValidation_RESI" time="0.000" classname="Logi.PreRouteSummaryReport.Validate_PreRouteSummary_RESI"/>
  <testcase name="Validation_PreRouteDetailReport_DataValidation_RESI" time="0.000" classname="Logi.PreRouteSummaryReport.Validate_PreRouteSummary_RESI"/>
  <testcase name="Validation_PreRouteDetailReport_DataValidation_RESI" time="0.000" classname="Logi.PreRouteSummaryReport.Validate_PreRouteSummary_RESI"/>
  <testcase name="Validation_PreRouteDetailReport_DataValidation_RESI" time="0.000" classname="Logi.PreRouteSummaryReport.Validate_PreRouteSummary_RESI"/>
  <testcase name="Validation_PreRouteDetailReport_DataValidation_RESI" time="0.000" classname="Logi.PreRouteSummaryReport.Validate_PreRouteSummary_RESI"/>
  <testcase name="Validation_PreRouteDetailReport_DataValidation_RESI" time="0.000" classname="Logi.PreRouteSummaryReport.Validate_PreRouteSummary_RESI"/>
  <testcase name="Validation_PreRouteDetailReport_DataValidation_RESI" time="0.000" classname="Logi.PreRouteSummaryReport.Validate_PreRouteSummary_RESI"/>
  <testcase name="Validation_PreRouteDetailReport_DataValidation_RESI" time="0.000" classname="Logi.PreRouteSummaryReport.Validate_PreRouteSummary_RESI"/>
  <testcase name="Validation_PreRouteDetailReport_DataValidation_RESI" time="0.000" classname="Logi.PreRouteSummaryReport.Validate_PreRouteSummary_RESI"/>
  <testcase name="Validation_PreRouteDetailReport_DataValidation_RESI" time="0.000" classname="Logi.PreRouteSummaryReport.Validate_PreRouteSummary_RESI"/>
  <testcase name="Validation_PreRouteDetailReport_DataValidation_RESI" time="0.001" classname="Logi.PreRouteSummaryReport.Validate_PreRouteSummary_RESI"/>
  <testcase name="Validation_PreRouteDetailReport_DataValidation_RESI" time="0.000" classname="Logi.PreRouteSummaryReport.Validate_PreRouteSummary_RESI"/>
  <testcase name="Validation_PreRouteDetailReport_DataValidation_RESI" time="0.002" classname="Logi.PreRouteSummaryReport.Validate_PreRouteSummary_RESI"/>
  <testcase name="Validation_PreRouteDetailReport_DataValidation_RESI" time="0.000" classname="Logi.PreRouteSummaryReport.Validate_PreRouteSummary_RESI"/>
  <testcase name="Validation_PreRouteDetailReport_DataValidation_RESI" time="0.001" classname="Logi.PreRouteSummaryReport.Validate_PreRouteSummary_RESI"/>
  <testcase name="Validation_PreRouteDetailReport_DataValidation_RESI" time="0.000" classname="Logi.PreRouteSummaryReport.Validate_PreRouteSummary_RESI"/>
  <testcase name="Validation_PreRouteDetailReport_DataValidation_RESI" time="0.000" classname="Logi.PreRouteSummaryReport.Validate_PreRouteSummary_RESI"/>
  <testcase name="Validation_PreRouteDetailReport_DataValidation_RESI" time="0.001" classname="Logi.PreRouteSummaryReport.Validate_PreRouteSummary_RESI"/>
  <testcase name="Validation_PreRouteDetailReport_DataValidation_RESI" time="0.000" classname="Logi.PreRouteSummaryReport.Validate_PreRouteSummary_RESI"/>
  <testcase name="Validation_PreRouteDetailReport_DataValidation_RESI" time="0.000" classname="Logi.PreRouteSummaryReport.Validate_PreRouteSummary_RESI"/>
  <testcase name="Validation_PreRouteDetailReport_DataValidation_RESI" time="0.000" classname="Logi.PreRouteSummaryReport.Validate_PreRouteSummary_RESI"/>
  <testcase name="Validation_PreRouteDetailReport_DataValidation_RESI" time="0.000" classname="Logi.PreRouteSummaryReport.Validate_PreRouteSummary_RESI"/>
  <testcase name="Validation_PreRouteDetailReport_DataValidation_RESI" time="0.001" classname="Logi.PreRouteSummaryReport.Validate_PreRouteSummary_RESI"/>
  <testcase name="Validation_PreRouteDetailReport_DataValidation_RESI" time="0.000" classname="Logi.PreRouteSummaryReport.Validate_PreRouteSummary_RESI"/>
  <testcase name="Validation_PreRouteDetailReport_DataValidation_RESI" time="0.000" classname="Logi.PreRouteSummaryReport.Validate_PreRouteSummary_RESI"/>
  <testcase name="Validation_PreRouteDetailReport_DataValidation_RESI" time="0.000" classname="Logi.PreRouteSummaryReport.Validate_PreRouteSummary_RESI"/>
  <testcase name="Validation_PreRouteDetailReport_DataValidation_RESI" time="0.000" classname="Logi.PreRouteSummaryReport.Validate_PreRouteSummary_RESI"/>
  <testcase name="Validation_PreRouteDetailReport_DataValidation_RESI" time="0.000" classname="Logi.PreRouteSummaryReport.Validate_PreRouteSummary_RESI"/>
  <testcase name="Validation_PreRouteDetailReport_DataValidation_RESI" time="0.000" classname="Logi.PreRouteSummaryReport.Validate_PreRouteSummary_RESI"/>
  <testcase name="Validation_PreRouteDetailReport_DataValidation_RESI" time="0.000" classname="Logi.PreRouteSummaryReport.Validate_PreRouteSummary_RESI"/>
  <testcase name="Validation_PreRouteDetailReport_DataValidation_RESI" time="0.000" classname="Logi.PreRouteSummaryReport.Validate_PreRouteSummary_RESI"/>
  <testcase name="Validation_PreRouteDetailReport_DataValidation_RESI" time="0.000" classname="Logi.PreRouteSummaryReport.Validate_PreRouteSummary_RESI"/>
  <testcase name="Validation_PreRouteDetailReport_DataValidation_RESI" time="0.000" classname="Logi.PreRouteSummaryReport.Validate_PreRouteSummary_RESI"/>
  <testcase name="Validation_PreRouteDetailReport_DataValidation_RESI" time="0.016" classname="Logi.PreRouteSummaryReport.Validate_PreRouteSummary_RESI"/>
  <testcase name="Validation_PreRouteDetailReport_DataValidation_RESI" time="0.000" classname="Logi.PreRouteSummaryReport.Validate_PreRouteSummary_RESI"/>
  <testcase name="Validation_PreRouteDetailReport_DataValidation_RESI" time="0.000" classname="Logi.PreRouteSummaryReport.Validate_PreRouteSummary_RESI"/>
  <testcase name="Validation_PreRouteDetailReport_DataValidation_RESI" time="0.000" classname="Logi.PreRouteSummaryReport.Validate_PreRouteSummary_RESI"/>
  <testcase name="Validation_PreRouteDetailReport_DataValidation_RESI" time="0.000" classname="Logi.PreRouteSummaryReport.Validate_PreRouteSummary_RESI"/>
  <testcase name="Validation_PreRouteDetailReport_DataValidation_RESI" time="0.000" classname="Logi.PreRouteSummaryReport.Validate_PreRouteSummary_RESI"/>
  <testcase name="Validation_PreRouteDetailReport_DataValidation_RESI" time="0.000" classname="Logi.PreRouteSummaryReport.Validate_PreRouteSummary_RESI"/>
  <testcase name="Validation_PreRouteDetailReport_DataValidation_RESI" time="0.000" classname="Logi.PreRouteSummaryReport.Validate_PreRouteSummary_RESI"/>
  <testcase name="Validation_PreRouteDetailReport_DataValidation_RESI" time="0.000" classname="Logi.PreRouteSummaryReport.Validate_PreRouteSummary_RESI"/>
  <testcase name="Validation_PreRouteDetailReport_DataValidation_RESI" time="0.000" classname="Logi.PreRouteSummaryReport.Validate_PreRouteSummary_RESI"/>
  <testcase name="Validation_PreRouteDetailReport_DataValidation_RESI" time="0.000" classname="Logi.PreRouteSummaryReport.Validate_PreRouteSummary_RESI"/>
</testsuite> <!-- Logi.PreRouteSummaryReport.Validate_PreRouteSummary_RESI -->
