<?xml version="1.0" encoding="UTF-8"?>
<!-- Generated by org.testng.reporters.JUnitReportReporter -->
<testsuite skipped="0" hostname="ADCAPPD331" name="Logi.EfficiencyPerformanceReport.Validate_EfficiencyPerformance_UI_Functionality_AllLOB" tests="87" failures="0" timestamp="16 Jan 2018 07:10:02 GMT" time="1535.480" errors="0">
  <testcase name="Validation_EfficiencyPerformanceReport_UI_Functionality_AllLOB" time="0.000" classname="Logi.EfficiencyPerformanceReport.Validate_EfficiencyPerformance_UI_Functionality_AllLOB"/>
  <testcase name="Validation_EfficiencyPerformanceReport_UI_Functionality_AllLOB" time="0.000" classname="Logi.EfficiencyPerformanceReport.Validate_EfficiencyPerformance_UI_Functionality_AllLOB"/>
  <testcase name="Validation_EfficiencyPerformanceReport_UI_Functionality_AllLOB" time="0.000" classname="Logi.EfficiencyPerformanceReport.Validate_EfficiencyPerformance_UI_Functionality_AllLOB"/>
  <testcase name="Validation_EfficiencyPerformanceReport_UI_Functionality_AllLOB" time="0.000" classname="Logi.EfficiencyPerformanceReport.Validate_EfficiencyPerformance_UI_Functionality_AllLOB"/>
  <testcase name="Validation_EfficiencyPerformanceReport_UI_Functionality_AllLOB" time="0.000" classname="Logi.EfficiencyPerformanceReport.Validate_EfficiencyPerformance_UI_Functionality_AllLOB"/>
  <testcase name="Validation_EfficiencyPerformanceReport_UI_Functionality_AllLOB" time="0.000" classname="Logi.EfficiencyPerformanceReport.Validate_EfficiencyPerformance_UI_Functionality_AllLOB"/>
  <testcase name="Validation_EfficiencyPerformanceReport_UI_Functionality_AllLOB" time="0.000" classname="Logi.EfficiencyPerformanceReport.Validate_EfficiencyPerformance_UI_Functionality_AllLOB"/>
  <testcase name="Validation_EfficiencyPerformanceReport_UI_Functionality_AllLOB" time="0.000" classname="Logi.EfficiencyPerformanceReport.Validate_EfficiencyPerformance_UI_Functionality_AllLOB"/>
  <testcase name="Validation_EfficiencyPerformanceReport_UI_Functionality_AllLOB" time="0.000" classname="Logi.EfficiencyPerformanceReport.Validate_EfficiencyPerformance_UI_Functionality_AllLOB"/>
  <testcase name="Validation_EfficiencyPerformanceReport_UI_Functionality_AllLOB" time="0.000" classname="Logi.EfficiencyPerformanceReport.Validate_EfficiencyPerformance_UI_Functionality_AllLOB"/>
  <testcase name="Validation_EfficiencyPerformanceReport_UI_Functionality_AllLOB" time="0.000" classname="Logi.EfficiencyPerformanceReport.Validate_EfficiencyPerformance_UI_Functionality_AllLOB"/>
  <testcase name="Validation_EfficiencyPerformanceReport_UI_Functionality_AllLOB" time="0.110" classname="Logi.EfficiencyPerformanceReport.Validate_EfficiencyPerformance_UI_Functionality_AllLOB"/>
  <testcase name="Validation_EfficiencyPerformanceReport_UI_Functionality_AllLOB" time="0.000" classname="Logi.EfficiencyPerformanceReport.Validate_EfficiencyPerformance_UI_Functionality_AllLOB"/>
  <testcase name="Validation_EfficiencyPerformanceReport_UI_Functionality_AllLOB" time="0.022" classname="Logi.EfficiencyPerformanceReport.Validate_EfficiencyPerformance_UI_Functionality_AllLOB"/>
  <testcase name="Validation_EfficiencyPerformanceReport_UI_Functionality_AllLOB" time="0.000" classname="Logi.EfficiencyPerformanceReport.Validate_EfficiencyPerformance_UI_Functionality_AllLOB"/>
  <testcase name="Validation_EfficiencyPerformanceReport_UI_Functionality_AllLOB" time="0.000" classname="Logi.EfficiencyPerformanceReport.Validate_EfficiencyPerformance_UI_Functionality_AllLOB"/>
  <testcase name="Validation_EfficiencyPerformanceReport_UI_Functionality_AllLOB" time="0.016" classname="Logi.EfficiencyPerformanceReport.Validate_EfficiencyPerformance_UI_Functionality_AllLOB"/>
  <testcase name="Validation_EfficiencyPerformanceReport_UI_Functionality_AllLOB" time="0.015" classname="Logi.EfficiencyPerformanceReport.Validate_EfficiencyPerformance_UI_Functionality_AllLOB"/>
  <testcase name="Validation_EfficiencyPerformanceReport_UI_Functionality_AllLOB" time="0.000" classname="Logi.EfficiencyPerformanceReport.Validate_EfficiencyPerformance_UI_Functionality_AllLOB"/>
  <testcase name="Validation_EfficiencyPerformanceReport_UI_Functionality_AllLOB" time="0.000" classname="Logi.EfficiencyPerformanceReport.Validate_EfficiencyPerformance_UI_Functionality_AllLOB"/>
  <testcase name="Validation_EfficiencyPerformanceReport_UI_Functionality_AllLOB" time="0.000" classname="Logi.EfficiencyPerformanceReport.Validate_EfficiencyPerformance_UI_Functionality_AllLOB"/>
  <testcase name="Validation_EfficiencyPerformanceReport_UI_Functionality_AllLOB" time="0.000" classname="Logi.EfficiencyPerformanceReport.Validate_EfficiencyPerformance_UI_Functionality_AllLOB"/>
  <testcase name="Validation_EfficiencyPerformanceReport_UI_Functionality_AllLOB" time="0.000" classname="Logi.EfficiencyPerformanceReport.Validate_EfficiencyPerformance_UI_Functionality_AllLOB"/>
  <testcase name="Validation_EfficiencyPerformanceReport_UI_Functionality_AllLOB" time="0.000" classname="Logi.EfficiencyPerformanceReport.Validate_EfficiencyPerformance_UI_Functionality_AllLOB"/>
  <testcase name="Validation_EfficiencyPerformanceReport_UI_Functionality_AllLOB" time="0.000" classname="Logi.EfficiencyPerformanceReport.Validate_EfficiencyPerformance_UI_Functionality_AllLOB"/>
  <testcase name="Validation_EfficiencyPerformanceReport_UI_Functionality_AllLOB" time="0.000" classname="Logi.EfficiencyPerformanceReport.Validate_EfficiencyPerformance_UI_Functionality_AllLOB"/>
  <testcase name="Validation_EfficiencyPerformanceReport_UI_Functionality_AllLOB" time="0.000" classname="Logi.EfficiencyPerformanceReport.Validate_EfficiencyPerformance_UI_Functionality_AllLOB"/>
  <testcase name="Validation_EfficiencyPerformanceReport_UI_Functionality_AllLOB" time="0.000" classname="Logi.EfficiencyPerformanceReport.Validate_EfficiencyPerformance_UI_Functionality_AllLOB"/>
  <testcase name="Validation_EfficiencyPerformanceReport_UI_Functionality_AllLOB" time="0.000" classname="Logi.EfficiencyPerformanceReport.Validate_EfficiencyPerformance_UI_Functionality_AllLOB"/>
  <testcase name="Validation_EfficiencyPerformanceReport_UI_Functionality_AllLOB" time="0.000" classname="Logi.EfficiencyPerformanceReport.Validate_EfficiencyPerformance_UI_Functionality_AllLOB"/>
  <testcase name="Validation_EfficiencyPerformanceReport_UI_Functionality_AllLOB" time="0.000" classname="Logi.EfficiencyPerformanceReport.Validate_EfficiencyPerformance_UI_Functionality_AllLOB"/>
  <testcase name="Validation_EfficiencyPerformanceReport_UI_Functionality_AllLOB" time="0.000" classname="Logi.EfficiencyPerformanceReport.Validate_EfficiencyPerformance_UI_Functionality_AllLOB"/>
  <testcase name="Validation_EfficiencyPerformanceReport_UI_Functionality_AllLOB" time="0.000" classname="Logi.EfficiencyPerformanceReport.Validate_EfficiencyPerformance_UI_Functionality_AllLOB"/>
  <testcase name="Validation_EfficiencyPerformanceReport_UI_Functionality_AllLOB" time="0.000" classname="Logi.EfficiencyPerformanceReport.Validate_EfficiencyPerformance_UI_Functionality_AllLOB"/>
  <testcase name="Validation_EfficiencyPerformanceReport_UI_Functionality_AllLOB" time="0.000" classname="Logi.EfficiencyPerformanceReport.Validate_EfficiencyPerformance_UI_Functionality_AllLOB"/>
  <testcase name="Validation_EfficiencyPerformanceReport_UI_Functionality_AllLOB" time="0.000" classname="Logi.EfficiencyPerformanceReport.Validate_EfficiencyPerformance_UI_Functionality_AllLOB"/>
  <testcase name="Validation_EfficiencyPerformanceReport_UI_Functionality_AllLOB" time="0.000" classname="Logi.EfficiencyPerformanceReport.Validate_EfficiencyPerformance_UI_Functionality_AllLOB"/>
  <testcase name="Validation_EfficiencyPerformanceReport_UI_Functionality_AllLOB" time="0.000" classname="Logi.EfficiencyPerformanceReport.Validate_EfficiencyPerformance_UI_Functionality_AllLOB"/>
  <testcase name="Validation_EfficiencyPerformanceReport_UI_Functionality_AllLOB" time="0.000" classname="Logi.EfficiencyPerformanceReport.Validate_EfficiencyPerformance_UI_Functionality_AllLOB"/>
  <testcase name="Validation_EfficiencyPerformanceReport_UI_Functionality_AllLOB" time="0.000" classname="Logi.EfficiencyPerformanceReport.Validate_EfficiencyPerformance_UI_Functionality_AllLOB"/>
  <testcase name="Validation_EfficiencyPerformanceReport_UI_Functionality_AllLOB" time="0.000" classname="Logi.EfficiencyPerformanceReport.Validate_EfficiencyPerformance_UI_Functionality_AllLOB"/>
  <testcase name="Validation_EfficiencyPerformanceReport_UI_Functionality_AllLOB" time="0.000" classname="Logi.EfficiencyPerformanceReport.Validate_EfficiencyPerformance_UI_Functionality_AllLOB"/>
  <testcase name="Validation_EfficiencyPerformanceReport_UI_Functionality_AllLOB" time="0.000" classname="Logi.EfficiencyPerformanceReport.Validate_EfficiencyPerformance_UI_Functionality_AllLOB"/>
  <testcase name="Validation_EfficiencyPerformanceReport_UI_Functionality_AllLOB" time="0.000" classname="Logi.EfficiencyPerformanceReport.Validate_EfficiencyPerformance_UI_Functionality_AllLOB"/>
  <testcase name="Validation_EfficiencyPerformanceReport_UI_Functionality_AllLOB" time="0.000" classname="Logi.EfficiencyPerformanceReport.Validate_EfficiencyPerformance_UI_Functionality_AllLOB"/>
  <testcase name="Validation_EfficiencyPerformanceReport_UI_Functionality_AllLOB" time="0.000" classname="Logi.EfficiencyPerformanceReport.Validate_EfficiencyPerformance_UI_Functionality_AllLOB"/>
  <testcase name="Validation_EfficiencyPerformanceReport_UI_Functionality_AllLOB" time="0.000" classname="Logi.EfficiencyPerformanceReport.Validate_EfficiencyPerformance_UI_Functionality_AllLOB"/>
  <testcase name="Validation_EfficiencyPerformanceReport_UI_Functionality_AllLOB" time="0.000" classname="Logi.EfficiencyPerformanceReport.Validate_EfficiencyPerformance_UI_Functionality_AllLOB"/>
  <testcase name="Validation_EfficiencyPerformanceReport_UI_Functionality_AllLOB" time="0.000" classname="Logi.EfficiencyPerformanceReport.Validate_EfficiencyPerformance_UI_Functionality_AllLOB"/>
  <testcase name="Validation_EfficiencyPerformanceReport_UI_Functionality_AllLOB" time="0.000" classname="Logi.EfficiencyPerformanceReport.Validate_EfficiencyPerformance_UI_Functionality_AllLOB"/>
  <testcase name="Validation_EfficiencyPerformanceReport_UI_Functionality_AllLOB" time="0.000" classname="Logi.EfficiencyPerformanceReport.Validate_EfficiencyPerformance_UI_Functionality_AllLOB"/>
  <testcase name="Validation_EfficiencyPerformanceReport_UI_Functionality_AllLOB" time="0.000" classname="Logi.EfficiencyPerformanceReport.Validate_EfficiencyPerformance_UI_Functionality_AllLOB"/>
  <testcase name="Validation_EfficiencyPerformanceReport_UI_Functionality_AllLOB" time="0.000" classname="Logi.EfficiencyPerformanceReport.Validate_EfficiencyPerformance_UI_Functionality_AllLOB"/>
  <testcase name="Validation_EfficiencyPerformanceReport_UI_Functionality_AllLOB" time="0.948" classname="Logi.EfficiencyPerformanceReport.Validate_EfficiencyPerformance_UI_Functionality_AllLOB"/>
  <testcase name="Validation_EfficiencyPerformanceReport_UI_Functionality_AllLOB" time="0.000" classname="Logi.EfficiencyPerformanceReport.Validate_EfficiencyPerformance_UI_Functionality_AllLOB"/>
  <testcase name="Validation_EfficiencyPerformanceReport_UI_Functionality_AllLOB" time="0.000" classname="Logi.EfficiencyPerformanceReport.Validate_EfficiencyPerformance_UI_Functionality_AllLOB"/>
  <testcase name="Validation_EfficiencyPerformanceReport_UI_Functionality_AllLOB" time="0.000" classname="Logi.EfficiencyPerformanceReport.Validate_EfficiencyPerformance_UI_Functionality_AllLOB"/>
  <testcase name="Validation_EfficiencyPerformanceReport_UI_Functionality_AllLOB" time="0.000" classname="Logi.EfficiencyPerformanceReport.Validate_EfficiencyPerformance_UI_Functionality_AllLOB"/>
  <testcase name="Validation_EfficiencyPerformanceReport_UI_Functionality_AllLOB" time="0.000" classname="Logi.EfficiencyPerformanceReport.Validate_EfficiencyPerformance_UI_Functionality_AllLOB"/>
  <testcase name="Validation_EfficiencyPerformanceReport_UI_Functionality_AllLOB" time="0.000" classname="Logi.EfficiencyPerformanceReport.Validate_EfficiencyPerformance_UI_Functionality_AllLOB"/>
  <testcase name="Validation_EfficiencyPerformanceReport_UI_Functionality_AllLOB" time="0.000" classname="Logi.EfficiencyPerformanceReport.Validate_EfficiencyPerformance_UI_Functionality_AllLOB"/>
  <testcase name="Validation_EfficiencyPerformanceReport_UI_Functionality_AllLOB" time="0.000" classname="Logi.EfficiencyPerformanceReport.Validate_EfficiencyPerformance_UI_Functionality_AllLOB"/>
  <testcase name="Validation_EfficiencyPerformanceReport_UI_Functionality_AllLOB" time="0.000" classname="Logi.EfficiencyPerformanceReport.Validate_EfficiencyPerformance_UI_Functionality_AllLOB"/>
  <testcase name="Validation_EfficiencyPerformanceReport_UI_Functionality_AllLOB" time="0.000" classname="Logi.EfficiencyPerformanceReport.Validate_EfficiencyPerformance_UI_Functionality_AllLOB"/>
  <testcase name="Validation_EfficiencyPerformanceReport_UI_Functionality_AllLOB" time="0.000" classname="Logi.EfficiencyPerformanceReport.Validate_EfficiencyPerformance_UI_Functionality_AllLOB"/>
  <testcase name="Validation_EfficiencyPerformanceReport_UI_Functionality_AllLOB" time="0.000" classname="Logi.EfficiencyPerformanceReport.Validate_EfficiencyPerformance_UI_Functionality_AllLOB"/>
  <testcase name="Validation_EfficiencyPerformanceReport_UI_Functionality_AllLOB" time="0.015" classname="Logi.EfficiencyPerformanceReport.Validate_EfficiencyPerformance_UI_Functionality_AllLOB"/>
  <testcase name="Validation_EfficiencyPerformanceReport_UI_Functionality_AllLOB" time="0.016" classname="Logi.EfficiencyPerformanceReport.Validate_EfficiencyPerformance_UI_Functionality_AllLOB"/>
  <testcase name="Validation_EfficiencyPerformanceReport_UI_Functionality_AllLOB" time="0.000" classname="Logi.EfficiencyPerformanceReport.Validate_EfficiencyPerformance_UI_Functionality_AllLOB"/>
  <testcase name="Validation_EfficiencyPerformanceReport_UI_Functionality_AllLOB" time="0.000" classname="Logi.EfficiencyPerformanceReport.Validate_EfficiencyPerformance_UI_Functionality_AllLOB"/>
  <testcase name="Validation_EfficiencyPerformanceReport_UI_Functionality_AllLOB" time="0.000" classname="Logi.EfficiencyPerformanceReport.Validate_EfficiencyPerformance_UI_Functionality_AllLOB"/>
  <testcase name="Validation_EfficiencyPerformanceReport_UI_Functionality_AllLOB" time="0.000" classname="Logi.EfficiencyPerformanceReport.Validate_EfficiencyPerformance_UI_Functionality_AllLOB"/>
  <testcase name="Validation_EfficiencyPerformanceReport_UI_Functionality_AllLOB" time="0.000" classname="Logi.EfficiencyPerformanceReport.Validate_EfficiencyPerformance_UI_Functionality_AllLOB"/>
  <testcase name="Validation_EfficiencyPerformanceReport_UI_Functionality_AllLOB" time="0.000" classname="Logi.EfficiencyPerformanceReport.Validate_EfficiencyPerformance_UI_Functionality_AllLOB"/>
  <testcase name="Validation_EfficiencyPerformanceReport_UI_Functionality_AllLOB" time="0.016" classname="Logi.EfficiencyPerformanceReport.Validate_EfficiencyPerformance_UI_Functionality_AllLOB"/>
  <testcase name="Validation_EfficiencyPerformanceReport_UI_Functionality_AllLOB" time="0.000" classname="Logi.EfficiencyPerformanceReport.Validate_EfficiencyPerformance_UI_Functionality_AllLOB"/>
  <testcase name="Validation_EfficiencyPerformanceReport_UI_Functionality_AllLOB" time="0.000" classname="Logi.EfficiencyPerformanceReport.Validate_EfficiencyPerformance_UI_Functionality_AllLOB"/>
  <testcase name="Validation_EfficiencyPerformanceReport_UI_Functionality_AllLOB" time="1534.306" classname="Logi.EfficiencyPerformanceReport.Validate_EfficiencyPerformance_UI_Functionality_AllLOB"/>
  <testcase name="Validation_EfficiencyPerformanceReport_UI_Functionality_AllLOB" time="0.000" classname="Logi.EfficiencyPerformanceReport.Validate_EfficiencyPerformance_UI_Functionality_AllLOB"/>
  <testcase name="Validation_EfficiencyPerformanceReport_UI_Functionality_AllLOB" time="0.000" classname="Logi.EfficiencyPerformanceReport.Validate_EfficiencyPerformance_UI_Functionality_AllLOB"/>
  <testcase name="Validation_EfficiencyPerformanceReport_UI_Functionality_AllLOB" time="0.016" classname="Logi.EfficiencyPerformanceReport.Validate_EfficiencyPerformance_UI_Functionality_AllLOB"/>
  <testcase name="Validation_EfficiencyPerformanceReport_UI_Functionality_AllLOB" time="0.000" classname="Logi.EfficiencyPerformanceReport.Validate_EfficiencyPerformance_UI_Functionality_AllLOB"/>
  <testcase name="Validation_EfficiencyPerformanceReport_UI_Functionality_AllLOB" time="0.000" classname="Logi.EfficiencyPerformanceReport.Validate_EfficiencyPerformance_UI_Functionality_AllLOB"/>
  <testcase name="Validation_EfficiencyPerformanceReport_UI_Functionality_AllLOB" time="0.000" classname="Logi.EfficiencyPerformanceReport.Validate_EfficiencyPerformance_UI_Functionality_AllLOB"/>
  <testcase name="Validation_EfficiencyPerformanceReport_UI_Functionality_AllLOB" time="0.000" classname="Logi.EfficiencyPerformanceReport.Validate_EfficiencyPerformance_UI_Functionality_AllLOB"/>
  <testcase name="Validation_EfficiencyPerformanceReport_UI_Functionality_AllLOB" time="0.000" classname="Logi.EfficiencyPerformanceReport.Validate_EfficiencyPerformance_UI_Functionality_AllLOB"/>
  <testcase name="Validation_EfficiencyPerformanceReport_UI_Functionality_AllLOB" time="0.000" classname="Logi.EfficiencyPerformanceReport.Validate_EfficiencyPerformance_UI_Functionality_AllLOB"/>
</testsuite> <!-- Logi.EfficiencyPerformanceReport.Validate_EfficiencyPerformance_UI_Functionality_AllLOB -->
