<?xml version="1.0" encoding="UTF-8"?>
<!-- Generated by org.testng.reporters.JUnitReportReporter -->
<testsuite skipped="0" hostname="CB2012R2AUSE005" name="Logi.PreRouteSummaryReport.Validate_PreRouteSummary_AllLOB" tests="87" failures="0" timestamp="11 Jan 2018 23:23:27 GMT" time="115.924" errors="0">
  <testcase name="Validation_PreRouteDetailReport_DataValidation_AllLOB" time="0.000" classname="Logi.PreRouteSummaryReport.Validate_PreRouteSummary_AllLOB"/>
  <testcase name="Validation_PreRouteDetailReport_DataValidation_AllLOB" time="0.000" classname="Logi.PreRouteSummaryReport.Validate_PreRouteSummary_AllLOB"/>
  <testcase name="Validation_PreRouteDetailReport_DataValidation_AllLOB" time="0.000" classname="Logi.PreRouteSummaryReport.Validate_PreRouteSummary_AllLOB"/>
  <testcase name="Validation_PreRouteDetailReport_DataValidation_AllLOB" time="0.000" classname="Logi.PreRouteSummaryReport.Validate_PreRouteSummary_AllLOB"/>
  <testcase name="Validation_PreRouteDetailReport_DataValidation_AllLOB" time="0.000" classname="Logi.PreRouteSummaryReport.Validate_PreRouteSummary_AllLOB"/>
  <testcase name="Validation_PreRouteDetailReport_DataValidation_AllLOB" time="0.000" classname="Logi.PreRouteSummaryReport.Validate_PreRouteSummary_AllLOB"/>
  <testcase name="Validation_PreRouteDetailReport_DataValidation_AllLOB" time="0.000" classname="Logi.PreRouteSummaryReport.Validate_PreRouteSummary_AllLOB"/>
  <testcase name="Validation_PreRouteDetailReport_DataValidation_AllLOB" time="0.000" classname="Logi.PreRouteSummaryReport.Validate_PreRouteSummary_AllLOB"/>
  <testcase name="Validation_PreRouteDetailReport_DataValidation_AllLOB" time="0.000" classname="Logi.PreRouteSummaryReport.Validate_PreRouteSummary_AllLOB"/>
  <testcase name="Validation_PreRouteDetailReport_DataValidation_AllLOB" time="0.000" classname="Logi.PreRouteSummaryReport.Validate_PreRouteSummary_AllLOB"/>
  <testcase name="Validation_PreRouteDetailReport_DataValidation_AllLOB" time="0.000" classname="Logi.PreRouteSummaryReport.Validate_PreRouteSummary_AllLOB"/>
  <testcase name="Validation_PreRouteDetailReport_DataValidation_AllLOB" time="0.000" classname="Logi.PreRouteSummaryReport.Validate_PreRouteSummary_AllLOB"/>
  <testcase name="Validation_PreRouteDetailReport_DataValidation_AllLOB" time="0.000" classname="Logi.PreRouteSummaryReport.Validate_PreRouteSummary_AllLOB"/>
  <testcase name="Validation_PreRouteDetailReport_DataValidation_AllLOB" time="0.000" classname="Logi.PreRouteSummaryReport.Validate_PreRouteSummary_AllLOB"/>
  <testcase name="Validation_PreRouteDetailReport_DataValidation_AllLOB" time="0.000" classname="Logi.PreRouteSummaryReport.Validate_PreRouteSummary_AllLOB"/>
  <testcase name="Validation_PreRouteDetailReport_DataValidation_AllLOB" time="0.000" classname="Logi.PreRouteSummaryReport.Validate_PreRouteSummary_AllLOB"/>
  <testcase name="Validation_PreRouteDetailReport_DataValidation_AllLOB" time="0.000" classname="Logi.PreRouteSummaryReport.Validate_PreRouteSummary_AllLOB"/>
  <testcase name="Validation_PreRouteDetailReport_DataValidation_AllLOB" time="0.000" classname="Logi.PreRouteSummaryReport.Validate_PreRouteSummary_AllLOB"/>
  <testcase name="Validation_PreRouteDetailReport_DataValidation_AllLOB" time="0.000" classname="Logi.PreRouteSummaryReport.Validate_PreRouteSummary_AllLOB"/>
  <testcase name="Validation_PreRouteDetailReport_DataValidation_AllLOB" time="0.000" classname="Logi.PreRouteSummaryReport.Validate_PreRouteSummary_AllLOB"/>
  <testcase name="Validation_PreRouteDetailReport_DataValidation_AllLOB" time="0.000" classname="Logi.PreRouteSummaryReport.Validate_PreRouteSummary_AllLOB"/>
  <testcase name="Validation_PreRouteDetailReport_DataValidation_AllLOB" time="0.000" classname="Logi.PreRouteSummaryReport.Validate_PreRouteSummary_AllLOB"/>
  <testcase name="Validation_PreRouteDetailReport_DataValidation_AllLOB" time="0.000" classname="Logi.PreRouteSummaryReport.Validate_PreRouteSummary_AllLOB"/>
  <testcase name="Validation_PreRouteDetailReport_DataValidation_AllLOB" time="0.000" classname="Logi.PreRouteSummaryReport.Validate_PreRouteSummary_AllLOB"/>
  <testcase name="Validation_PreRouteDetailReport_DataValidation_AllLOB" time="0.000" classname="Logi.PreRouteSummaryReport.Validate_PreRouteSummary_AllLOB"/>
  <testcase name="Validation_PreRouteDetailReport_DataValidation_AllLOB" time="0.000" classname="Logi.PreRouteSummaryReport.Validate_PreRouteSummary_AllLOB"/>
  <testcase name="Validation_PreRouteDetailReport_DataValidation_AllLOB" time="0.000" classname="Logi.PreRouteSummaryReport.Validate_PreRouteSummary_AllLOB"/>
  <testcase name="Validation_PreRouteDetailReport_DataValidation_AllLOB" time="0.000" classname="Logi.PreRouteSummaryReport.Validate_PreRouteSummary_AllLOB"/>
  <testcase name="Validation_PreRouteDetailReport_DataValidation_AllLOB" time="0.000" classname="Logi.PreRouteSummaryReport.Validate_PreRouteSummary_AllLOB"/>
  <testcase name="Validation_PreRouteDetailReport_DataValidation_AllLOB" time="0.015" classname="Logi.PreRouteSummaryReport.Validate_PreRouteSummary_AllLOB"/>
  <testcase name="Validation_PreRouteDetailReport_DataValidation_AllLOB" time="0.000" classname="Logi.PreRouteSummaryReport.Validate_PreRouteSummary_AllLOB"/>
  <testcase name="Validation_PreRouteDetailReport_DataValidation_AllLOB" time="0.000" classname="Logi.PreRouteSummaryReport.Validate_PreRouteSummary_AllLOB"/>
  <testcase name="Validation_PreRouteDetailReport_DataValidation_AllLOB" time="0.000" classname="Logi.PreRouteSummaryReport.Validate_PreRouteSummary_AllLOB"/>
  <testcase name="Validation_PreRouteDetailReport_DataValidation_AllLOB" time="0.000" classname="Logi.PreRouteSummaryReport.Validate_PreRouteSummary_AllLOB"/>
  <testcase name="Validation_PreRouteDetailReport_DataValidation_AllLOB" time="115.814" classname="Logi.PreRouteSummaryReport.Validate_PreRouteSummary_AllLOB"/>
  <testcase name="Validation_PreRouteDetailReport_DataValidation_AllLOB" time="0.000" classname="Logi.PreRouteSummaryReport.Validate_PreRouteSummary_AllLOB"/>
  <testcase name="Validation_PreRouteDetailReport_DataValidation_AllLOB" time="0.000" classname="Logi.PreRouteSummaryReport.Validate_PreRouteSummary_AllLOB"/>
  <testcase name="Validation_PreRouteDetailReport_DataValidation_AllLOB" time="0.000" classname="Logi.PreRouteSummaryReport.Validate_PreRouteSummary_AllLOB"/>
  <testcase name="Validation_PreRouteDetailReport_DataValidation_AllLOB" time="0.000" classname="Logi.PreRouteSummaryReport.Validate_PreRouteSummary_AllLOB"/>
  <testcase name="Validation_PreRouteDetailReport_DataValidation_AllLOB" time="0.000" classname="Logi.PreRouteSummaryReport.Validate_PreRouteSummary_AllLOB"/>
  <testcase name="Validation_PreRouteDetailReport_DataValidation_AllLOB" time="0.000" classname="Logi.PreRouteSummaryReport.Validate_PreRouteSummary_AllLOB"/>
  <testcase name="Validation_PreRouteDetailReport_DataValidation_AllLOB" time="0.000" classname="Logi.PreRouteSummaryReport.Validate_PreRouteSummary_AllLOB"/>
  <testcase name="Validation_PreRouteDetailReport_DataValidation_AllLOB" time="0.000" classname="Logi.PreRouteSummaryReport.Validate_PreRouteSummary_AllLOB"/>
  <testcase name="Validation_PreRouteDetailReport_DataValidation_AllLOB" time="0.000" classname="Logi.PreRouteSummaryReport.Validate_PreRouteSummary_AllLOB"/>
  <testcase name="Validation_PreRouteDetailReport_DataValidation_AllLOB" time="0.000" classname="Logi.PreRouteSummaryReport.Validate_PreRouteSummary_AllLOB"/>
  <testcase name="Validation_PreRouteDetailReport_DataValidation_AllLOB" time="0.000" classname="Logi.PreRouteSummaryReport.Validate_PreRouteSummary_AllLOB"/>
  <testcase name="Validation_PreRouteDetailReport_DataValidation_AllLOB" time="0.000" classname="Logi.PreRouteSummaryReport.Validate_PreRouteSummary_AllLOB"/>
  <testcase name="Validation_PreRouteDetailReport_DataValidation_AllLOB" time="0.000" classname="Logi.PreRouteSummaryReport.Validate_PreRouteSummary_AllLOB"/>
  <testcase name="Validation_PreRouteDetailReport_DataValidation_AllLOB" time="0.015" classname="Logi.PreRouteSummaryReport.Validate_PreRouteSummary_AllLOB"/>
  <testcase name="Validation_PreRouteDetailReport_DataValidation_AllLOB" time="0.016" classname="Logi.PreRouteSummaryReport.Validate_PreRouteSummary_AllLOB"/>
  <testcase name="Validation_PreRouteDetailReport_DataValidation_AllLOB" time="0.016" classname="Logi.PreRouteSummaryReport.Validate_PreRouteSummary_AllLOB"/>
  <testcase name="Validation_PreRouteDetailReport_DataValidation_AllLOB" time="0.000" classname="Logi.PreRouteSummaryReport.Validate_PreRouteSummary_AllLOB"/>
  <testcase name="Validation_PreRouteDetailReport_DataValidation_AllLOB" time="0.000" classname="Logi.PreRouteSummaryReport.Validate_PreRouteSummary_AllLOB"/>
  <testcase name="Validation_PreRouteDetailReport_DataValidation_AllLOB" time="0.000" classname="Logi.PreRouteSummaryReport.Validate_PreRouteSummary_AllLOB"/>
  <testcase name="Validation_PreRouteDetailReport_DataValidation_AllLOB" time="0.000" classname="Logi.PreRouteSummaryReport.Validate_PreRouteSummary_AllLOB"/>
  <testcase name="Validation_PreRouteDetailReport_DataValidation_AllLOB" time="0.000" classname="Logi.PreRouteSummaryReport.Validate_PreRouteSummary_AllLOB"/>
  <testcase name="Validation_PreRouteDetailReport_DataValidation_AllLOB" time="0.000" classname="Logi.PreRouteSummaryReport.Validate_PreRouteSummary_AllLOB"/>
  <testcase name="Validation_PreRouteDetailReport_DataValidation_AllLOB" time="0.000" classname="Logi.PreRouteSummaryReport.Validate_PreRouteSummary_AllLOB"/>
  <testcase name="Validation_PreRouteDetailReport_DataValidation_AllLOB" time="0.000" classname="Logi.PreRouteSummaryReport.Validate_PreRouteSummary_AllLOB"/>
  <testcase name="Validation_PreRouteDetailReport_DataValidation_AllLOB" time="0.000" classname="Logi.PreRouteSummaryReport.Validate_PreRouteSummary_AllLOB"/>
  <testcase name="Validation_PreRouteDetailReport_DataValidation_AllLOB" time="0.000" classname="Logi.PreRouteSummaryReport.Validate_PreRouteSummary_AllLOB"/>
  <testcase name="Validation_PreRouteDetailReport_DataValidation_AllLOB" time="0.000" classname="Logi.PreRouteSummaryReport.Validate_PreRouteSummary_AllLOB"/>
  <testcase name="Validation_PreRouteDetailReport_DataValidation_AllLOB" time="0.000" classname="Logi.PreRouteSummaryReport.Validate_PreRouteSummary_AllLOB"/>
  <testcase name="Validation_PreRouteDetailReport_DataValidation_AllLOB" time="0.016" classname="Logi.PreRouteSummaryReport.Validate_PreRouteSummary_AllLOB"/>
  <testcase name="Validation_PreRouteDetailReport_DataValidation_AllLOB" time="0.000" classname="Logi.PreRouteSummaryReport.Validate_PreRouteSummary_AllLOB"/>
  <testcase name="Validation_PreRouteDetailReport_DataValidation_AllLOB" time="0.000" classname="Logi.PreRouteSummaryReport.Validate_PreRouteSummary_AllLOB"/>
  <testcase name="Validation_PreRouteDetailReport_DataValidation_AllLOB" time="0.000" classname="Logi.PreRouteSummaryReport.Validate_PreRouteSummary_AllLOB"/>
  <testcase name="Validation_PreRouteDetailReport_DataValidation_AllLOB" time="0.000" classname="Logi.PreRouteSummaryReport.Validate_PreRouteSummary_AllLOB"/>
  <testcase name="Validation_PreRouteDetailReport_DataValidation_AllLOB" time="0.016" classname="Logi.PreRouteSummaryReport.Validate_PreRouteSummary_AllLOB"/>
  <testcase name="Validation_PreRouteDetailReport_DataValidation_AllLOB" time="0.000" classname="Logi.PreRouteSummaryReport.Validate_PreRouteSummary_AllLOB"/>
  <testcase name="Validation_PreRouteDetailReport_DataValidation_AllLOB" time="0.000" classname="Logi.PreRouteSummaryReport.Validate_PreRouteSummary_AllLOB"/>
  <testcase name="Validation_PreRouteDetailReport_DataValidation_AllLOB" time="0.000" classname="Logi.PreRouteSummaryReport.Validate_PreRouteSummary_AllLOB"/>
  <testcase name="Validation_PreRouteDetailReport_DataValidation_AllLOB" time="0.000" classname="Logi.PreRouteSummaryReport.Validate_PreRouteSummary_AllLOB"/>
  <testcase name="Validation_PreRouteDetailReport_DataValidation_AllLOB" time="0.000" classname="Logi.PreRouteSummaryReport.Validate_PreRouteSummary_AllLOB"/>
  <testcase name="Validation_PreRouteDetailReport_DataValidation_AllLOB" time="0.000" classname="Logi.PreRouteSummaryReport.Validate_PreRouteSummary_AllLOB"/>
  <testcase name="Validation_PreRouteDetailReport_DataValidation_AllLOB" time="0.000" classname="Logi.PreRouteSummaryReport.Validate_PreRouteSummary_AllLOB"/>
  <testcase name="Validation_PreRouteDetailReport_DataValidation_AllLOB" time="0.000" classname="Logi.PreRouteSummaryReport.Validate_PreRouteSummary_AllLOB"/>
  <testcase name="Validation_PreRouteDetailReport_DataValidation_AllLOB" time="0.000" classname="Logi.PreRouteSummaryReport.Validate_PreRouteSummary_AllLOB"/>
  <testcase name="Validation_PreRouteDetailReport_DataValidation_AllLOB" time="0.016" classname="Logi.PreRouteSummaryReport.Validate_PreRouteSummary_AllLOB"/>
  <testcase name="Validation_PreRouteDetailReport_DataValidation_AllLOB" time="0.000" classname="Logi.PreRouteSummaryReport.Validate_PreRouteSummary_AllLOB"/>
  <testcase name="Validation_PreRouteDetailReport_DataValidation_AllLOB" time="0.000" classname="Logi.PreRouteSummaryReport.Validate_PreRouteSummary_AllLOB"/>
  <testcase name="Validation_PreRouteDetailReport_DataValidation_AllLOB" time="0.000" classname="Logi.PreRouteSummaryReport.Validate_PreRouteSummary_AllLOB"/>
  <testcase name="Validation_PreRouteDetailReport_DataValidation_AllLOB" time="0.000" classname="Logi.PreRouteSummaryReport.Validate_PreRouteSummary_AllLOB"/>
  <testcase name="Validation_PreRouteDetailReport_DataValidation_AllLOB" time="0.000" classname="Logi.PreRouteSummaryReport.Validate_PreRouteSummary_AllLOB"/>
  <testcase name="Validation_PreRouteDetailReport_DataValidation_AllLOB" time="0.000" classname="Logi.PreRouteSummaryReport.Validate_PreRouteSummary_AllLOB"/>
  <testcase name="Validation_PreRouteDetailReport_DataValidation_AllLOB" time="0.000" classname="Logi.PreRouteSummaryReport.Validate_PreRouteSummary_AllLOB"/>
  <testcase name="Validation_PreRouteDetailReport_DataValidation_AllLOB" time="0.000" classname="Logi.PreRouteSummaryReport.Validate_PreRouteSummary_AllLOB"/>
</testsuite> <!-- Logi.PreRouteSummaryReport.Validate_PreRouteSummary_AllLOB -->
