<?xml version="1.0" encoding="UTF-8"?>
<!-- Generated by org.testng.reporters.JUnitReportReporter -->
<testsuite skipped="0" hostname="CB2012R2AUSE005" name="Logi.SummaryDashboardReport.Validate_SummaryDashboard_Report" tests="50" failures="0" timestamp="27 Dec 2017 10:29:09 GMT" time="948.161" errors="0">
  <testcase name="Validate_SummaryDashboard_Report" time="0.004" classname="Logi.SummaryDashboardReport.Validate_SummaryDashboard_Report"/>
  <testcase name="Validate_SummaryDashboard_Report" time="0.000" classname="Logi.SummaryDashboardReport.Validate_SummaryDashboard_Report"/>
  <testcase name="Validate_SummaryDashboard_Report" time="0.000" classname="Logi.SummaryDashboardReport.Validate_SummaryDashboard_Report"/>
  <testcase name="Validate_SummaryDashboard_Report" time="0.000" classname="Logi.SummaryDashboardReport.Validate_SummaryDashboard_Report"/>
  <testcase name="Validate_SummaryDashboard_Report" time="0.000" classname="Logi.SummaryDashboardReport.Validate_SummaryDashboard_Report"/>
  <testcase name="Validate_SummaryDashboard_Report" time="0.001" classname="Logi.SummaryDashboardReport.Validate_SummaryDashboard_Report"/>
  <testcase name="Validate_SummaryDashboard_Report" time="948.102" classname="Logi.SummaryDashboardReport.Validate_SummaryDashboard_Report"/>
  <testcase name="Validate_SummaryDashboard_Report" time="0.001" classname="Logi.SummaryDashboardReport.Validate_SummaryDashboard_Report"/>
  <testcase name="Validate_SummaryDashboard_Report" time="0.000" classname="Logi.SummaryDashboardReport.Validate_SummaryDashboard_Report"/>
  <testcase name="Validate_SummaryDashboard_Report" time="0.001" classname="Logi.SummaryDashboardReport.Validate_SummaryDashboard_Report"/>
  <testcase name="Validate_SummaryDashboard_Report" time="0.001" classname="Logi.SummaryDashboardReport.Validate_SummaryDashboard_Report"/>
  <testcase name="Validate_SummaryDashboard_Report" time="0.002" classname="Logi.SummaryDashboardReport.Validate_SummaryDashboard_Report"/>
  <testcase name="Validate_SummaryDashboard_Report" time="0.001" classname="Logi.SummaryDashboardReport.Validate_SummaryDashboard_Report"/>
  <testcase name="Validate_SummaryDashboard_Report" time="0.002" classname="Logi.SummaryDashboardReport.Validate_SummaryDashboard_Report"/>
  <testcase name="Validate_SummaryDashboard_Report" time="0.000" classname="Logi.SummaryDashboardReport.Validate_SummaryDashboard_Report"/>
  <testcase name="Validate_SummaryDashboard_Report" time="0.001" classname="Logi.SummaryDashboardReport.Validate_SummaryDashboard_Report"/>
  <testcase name="Validate_SummaryDashboard_Report" time="0.001" classname="Logi.SummaryDashboardReport.Validate_SummaryDashboard_Report"/>
  <testcase name="Validate_SummaryDashboard_Report" time="0.001" classname="Logi.SummaryDashboardReport.Validate_SummaryDashboard_Report"/>
  <testcase name="Validate_SummaryDashboard_Report" time="0.001" classname="Logi.SummaryDashboardReport.Validate_SummaryDashboard_Report"/>
  <testcase name="Validate_SummaryDashboard_Report" time="0.001" classname="Logi.SummaryDashboardReport.Validate_SummaryDashboard_Report"/>
  <testcase name="Validate_SummaryDashboard_Report" time="0.001" classname="Logi.SummaryDashboardReport.Validate_SummaryDashboard_Report"/>
  <testcase name="Validate_SummaryDashboard_Report" time="0.002" classname="Logi.SummaryDashboardReport.Validate_SummaryDashboard_Report"/>
  <testcase name="Validate_SummaryDashboard_Report" time="0.001" classname="Logi.SummaryDashboardReport.Validate_SummaryDashboard_Report"/>
  <testcase name="Validate_SummaryDashboard_Report" time="0.001" classname="Logi.SummaryDashboardReport.Validate_SummaryDashboard_Report"/>
  <testcase name="Validate_SummaryDashboard_Report" time="0.001" classname="Logi.SummaryDashboardReport.Validate_SummaryDashboard_Report"/>
  <testcase name="Validate_SummaryDashboard_Report" time="0.015" classname="Logi.SummaryDashboardReport.Validate_SummaryDashboard_Report"/>
  <testcase name="Validate_SummaryDashboard_Report" time="0.001" classname="Logi.SummaryDashboardReport.Validate_SummaryDashboard_Report"/>
  <testcase name="Validate_SummaryDashboard_Report" time="0.001" classname="Logi.SummaryDashboardReport.Validate_SummaryDashboard_Report"/>
  <testcase name="Validate_SummaryDashboard_Report" time="0.001" classname="Logi.SummaryDashboardReport.Validate_SummaryDashboard_Report"/>
  <testcase name="Validate_SummaryDashboard_Report" time="0.000" classname="Logi.SummaryDashboardReport.Validate_SummaryDashboard_Report"/>
  <testcase name="Validate_SummaryDashboard_Report" time="0.000" classname="Logi.SummaryDashboardReport.Validate_SummaryDashboard_Report"/>
  <testcase name="Validate_SummaryDashboard_Report" time="0.001" classname="Logi.SummaryDashboardReport.Validate_SummaryDashboard_Report"/>
  <testcase name="Validate_SummaryDashboard_Report" time="0.001" classname="Logi.SummaryDashboardReport.Validate_SummaryDashboard_Report"/>
  <testcase name="Validate_SummaryDashboard_Report" time="0.001" classname="Logi.SummaryDashboardReport.Validate_SummaryDashboard_Report"/>
  <testcase name="Validate_SummaryDashboard_Report" time="0.000" classname="Logi.SummaryDashboardReport.Validate_SummaryDashboard_Report"/>
  <testcase name="Validate_SummaryDashboard_Report" time="0.001" classname="Logi.SummaryDashboardReport.Validate_SummaryDashboard_Report"/>
  <testcase name="Validate_SummaryDashboard_Report" time="0.000" classname="Logi.SummaryDashboardReport.Validate_SummaryDashboard_Report"/>
  <testcase name="Validate_SummaryDashboard_Report" time="0.001" classname="Logi.SummaryDashboardReport.Validate_SummaryDashboard_Report"/>
  <testcase name="Validate_SummaryDashboard_Report" time="0.001" classname="Logi.SummaryDashboardReport.Validate_SummaryDashboard_Report"/>
  <testcase name="Validate_SummaryDashboard_Report" time="0.000" classname="Logi.SummaryDashboardReport.Validate_SummaryDashboard_Report"/>
  <testcase name="Validate_SummaryDashboard_Report" time="0.001" classname="Logi.SummaryDashboardReport.Validate_SummaryDashboard_Report"/>
  <testcase name="Validate_SummaryDashboard_Report" time="0.001" classname="Logi.SummaryDashboardReport.Validate_SummaryDashboard_Report"/>
  <testcase name="Validate_SummaryDashboard_Report" time="0.001" classname="Logi.SummaryDashboardReport.Validate_SummaryDashboard_Report"/>
  <testcase name="Validate_SummaryDashboard_Report" time="0.001" classname="Logi.SummaryDashboardReport.Validate_SummaryDashboard_Report"/>
  <testcase name="Validate_SummaryDashboard_Report" time="0.000" classname="Logi.SummaryDashboardReport.Validate_SummaryDashboard_Report"/>
  <testcase name="Validate_SummaryDashboard_Report" time="0.001" classname="Logi.SummaryDashboardReport.Validate_SummaryDashboard_Report"/>
  <testcase name="Validate_SummaryDashboard_Report" time="0.001" classname="Logi.SummaryDashboardReport.Validate_SummaryDashboard_Report"/>
  <testcase name="Validate_SummaryDashboard_Report" time="0.001" classname="Logi.SummaryDashboardReport.Validate_SummaryDashboard_Report"/>
  <testcase name="Validate_SummaryDashboard_Report" time="0.001" classname="Logi.SummaryDashboardReport.Validate_SummaryDashboard_Report"/>
  <testcase name="Validate_SummaryDashboard_Report" time="0.003" classname="Logi.SummaryDashboardReport.Validate_SummaryDashboard_Report"/>
</testsuite> <!-- Logi.SummaryDashboardReport.Validate_SummaryDashboard_Report -->
