<?xml version="1.0" encoding="UTF-8"?>
<!-- Generated by org.testng.reporters.JUnitReportReporter -->
<testsuite skipped="0" hostname="ADCAPPD331" name="Logi.EfficiencyPerformanceReport.Verify_Pre_RouteDetail" tests="1" failures="0" timestamp="06 Dec 2017 05:28:07 GMT" time="36.344" errors="0">
  <testcase name="Verify_Pre_RouteDetailReport" time="36.344" classname="Logi.EfficiencyPerformanceReport.Verify_Pre_RouteDetail"/>
</testsuite> <!-- Logi.EfficiencyPerformanceReport.Verify_Pre_RouteDetail -->
