<?xml version="1.0" encoding="UTF-8"?>
<!-- Generated by org.testng.reporters.JUnitReportReporter -->
<<<<<<< HEAD
<testsuite skipped="0" hostname="ADCAPPD331" name="Logi.DowntimeDetailReport.Validate_DowntimeDetail_UI_Functionality_AllLOB" tests="69" failures="0" timestamp="29 Dec 2017 11:51:57 GMT" time="338.763" errors="1">
  <testcase name="Validation_DowntimeDetailReport_SortingAndFilterFunctionality" time="0.000" classname="Logi.DowntimeDetailReport.Validate_DowntimeDetail_UI_Functionality_AllLOB"/>
  <testcase name="Validation_DowntimeDetailReport_SortingAndFilterFunctionality" time="0.000" classname="Logi.DowntimeDetailReport.Validate_DowntimeDetail_UI_Functionality_AllLOB"/>
  <testcase name="Validation_DowntimeDetailReport_SortingAndFilterFunctionality" time="0.000" classname="Logi.DowntimeDetailReport.Validate_DowntimeDetail_UI_Functionality_AllLOB"/>
  <testcase name="Validation_DowntimeDetailReport_SortingAndFilterFunctionality" time="0.015" classname="Logi.DowntimeDetailReport.Validate_DowntimeDetail_UI_Functionality_AllLOB"/>
  <testcase name="Validation_DowntimeDetailReport_SortingAndFilterFunctionality" time="0.000" classname="Logi.DowntimeDetailReport.Validate_DowntimeDetail_UI_Functionality_AllLOB"/>
  <testcase name="Validation_DowntimeDetailReport_SortingAndFilterFunctionality" time="0.000" classname="Logi.DowntimeDetailReport.Validate_DowntimeDetail_UI_Functionality_AllLOB"/>
  <testcase name="Validation_DowntimeDetailReport_SortingAndFilterFunctionality" time="0.016" classname="Logi.DowntimeDetailReport.Validate_DowntimeDetail_UI_Functionality_AllLOB"/>
  <testcase name="Validation_DowntimeDetailReport_SortingAndFilterFunctionality" time="0.000" classname="Logi.DowntimeDetailReport.Validate_DowntimeDetail_UI_Functionality_AllLOB"/>
  <testcase name="Validation_DowntimeDetailReport_SortingAndFilterFunctionality" time="0.000" classname="Logi.DowntimeDetailReport.Validate_DowntimeDetail_UI_Functionality_AllLOB"/>
  <testcase name="Validation_DowntimeDetailReport_SortingAndFilterFunctionality" time="0.440" classname="Logi.DowntimeDetailReport.Validate_DowntimeDetail_UI_Functionality_AllLOB"/>
  <testcase name="Validation_DowntimeDetailReport_SortingAndFilterFunctionality" time="0.016" classname="Logi.DowntimeDetailReport.Validate_DowntimeDetail_UI_Functionality_AllLOB"/>
  <testcase name="Validation_DowntimeDetailReport_SortingAndFilterFunctionality" time="0.000" classname="Logi.DowntimeDetailReport.Validate_DowntimeDetail_UI_Functionality_AllLOB"/>
  <testcase name="Validation_DowntimeDetailReport_SortingAndFilterFunctionality" time="0.000" classname="Logi.DowntimeDetailReport.Validate_DowntimeDetail_UI_Functionality_AllLOB"/>
  <testcase name="Validation_DowntimeDetailReport_SortingAndFilterFunctionality" time="0.000" classname="Logi.DowntimeDetailReport.Validate_DowntimeDetail_UI_Functionality_AllLOB"/>
  <testcase name="Validation_DowntimeDetailReport_SortingAndFilterFunctionality" time="0.000" classname="Logi.DowntimeDetailReport.Validate_DowntimeDetail_UI_Functionality_AllLOB"/>
  <testcase name="Validation_DowntimeDetailReport_SortingAndFilterFunctionality" time="0.000" classname="Logi.DowntimeDetailReport.Validate_DowntimeDetail_UI_Functionality_AllLOB"/>
  <testcase name="Validation_DowntimeDetailReport_SortingAndFilterFunctionality" time="0.000" classname="Logi.DowntimeDetailReport.Validate_DowntimeDetail_UI_Functionality_AllLOB"/>
  <testcase name="Validation_DowntimeDetailReport_SortingAndFilterFunctionality" time="0.016" classname="Logi.DowntimeDetailReport.Validate_DowntimeDetail_UI_Functionality_AllLOB"/>
  <testcase name="Validation_DowntimeDetailReport_SortingAndFilterFunctionality" time="0.000" classname="Logi.DowntimeDetailReport.Validate_DowntimeDetail_UI_Functionality_AllLOB"/>
  <testcase name="Validation_DowntimeDetailReport_SortingAndFilterFunctionality" time="0.000" classname="Logi.DowntimeDetailReport.Validate_DowntimeDetail_UI_Functionality_AllLOB"/>
  <testcase name="Validation_DowntimeDetailReport_SortingAndFilterFunctionality" time="0.016" classname="Logi.DowntimeDetailReport.Validate_DowntimeDetail_UI_Functionality_AllLOB"/>
  <testcase name="Validation_DowntimeDetailReport_SortingAndFilterFunctionality" time="0.000" classname="Logi.DowntimeDetailReport.Validate_DowntimeDetail_UI_Functionality_AllLOB"/>
  <testcase name="Validation_DowntimeDetailReport_SortingAndFilterFunctionality" time="0.000" classname="Logi.DowntimeDetailReport.Validate_DowntimeDetail_UI_Functionality_AllLOB"/>
  <testcase name="Validation_DowntimeDetailReport_SortingAndFilterFunctionality" time="0.000" classname="Logi.DowntimeDetailReport.Validate_DowntimeDetail_UI_Functionality_AllLOB"/>
  <testcase name="Validation_DowntimeDetailReport_SortingAndFilterFunctionality" time="0.000" classname="Logi.DowntimeDetailReport.Validate_DowntimeDetail_UI_Functionality_AllLOB"/>
  <testcase name="Validation_DowntimeDetailReport_SortingAndFilterFunctionality" time="0.000" classname="Logi.DowntimeDetailReport.Validate_DowntimeDetail_UI_Functionality_AllLOB"/>
  <testcase name="Validation_DowntimeDetailReport_SortingAndFilterFunctionality" time="0.000" classname="Logi.DowntimeDetailReport.Validate_DowntimeDetail_UI_Functionality_AllLOB"/>
  <testcase name="Validation_DowntimeDetailReport_SortingAndFilterFunctionality" time="0.000" classname="Logi.DowntimeDetailReport.Validate_DowntimeDetail_UI_Functionality_AllLOB"/>
  <testcase name="Validation_DowntimeDetailReport_SortingAndFilterFunctionality" time="0.000" classname="Logi.DowntimeDetailReport.Validate_DowntimeDetail_UI_Functionality_AllLOB"/>
  <testcase name="Validation_DowntimeDetailReport_SortingAndFilterFunctionality" time="0.000" classname="Logi.DowntimeDetailReport.Validate_DowntimeDetail_UI_Functionality_AllLOB"/>
  <testcase name="Validation_DowntimeDetailReport_SortingAndFilterFunctionality" time="0.000" classname="Logi.DowntimeDetailReport.Validate_DowntimeDetail_UI_Functionality_AllLOB"/>
  <testcase name="Validation_DowntimeDetailReport_SortingAndFilterFunctionality" time="0.015" classname="Logi.DowntimeDetailReport.Validate_DowntimeDetail_UI_Functionality_AllLOB"/>
  <testcase name="Validation_DowntimeDetailReport_SortingAndFilterFunctionality" time="0.000" classname="Logi.DowntimeDetailReport.Validate_DowntimeDetail_UI_Functionality_AllLOB"/>
  <testcase name="Validation_DowntimeDetailReport_SortingAndFilterFunctionality" time="0.000" classname="Logi.DowntimeDetailReport.Validate_DowntimeDetail_UI_Functionality_AllLOB"/>
  <testcase name="Validation_DowntimeDetailReport_SortingAndFilterFunctionality" time="0.000" classname="Logi.DowntimeDetailReport.Validate_DowntimeDetail_UI_Functionality_AllLOB"/>
  <testcase name="Validation_DowntimeDetailReport_SortingAndFilterFunctionality" time="338.156" classname="Logi.DowntimeDetailReport.Validate_DowntimeDetail_UI_Functionality_AllLOB">
    <error type="org.openqa.selenium.WebDriverException" message="chrome not reachable
  (Session info: chrome=63.0.3239.84)
  (Driver info: chromedriver=2.33.506120 (e3e53437346286c0bc2d2dc9aa4915ba81d9023f),platform=Windows NT 6.3.9600 x86_64) (WARNING: The server did not provide any stacktrace information)
Command duration or timeout: 0 milliseconds
Build info: version: &#039;3.7.1&#039;, revision: &#039;8a0099a&#039;, time: &#039;2017-11-06T21:01:39.354Z&#039;
System info: host: &#039;ADCAPPD331&#039;, ip: &#039;10.248.130.37&#039;, os.name: &#039;Windows Server 2012 R2&#039;, os.arch: &#039;amd64&#039;, os.version: &#039;6.3&#039;, java.version: &#039;1.8.0_144&#039;
Driver info: org.openqa.selenium.chrome.ChromeDriver
Capabilities {acceptSslCerts: true, applicationCacheEnabled: false, browserConnectionEnabled: false, browserName: chrome, chrome: {chromedriverVersion: 2.33.506120 (e3e53437346286..., userDataDir: C:\Users\pshriva1\AppData\L...}, cssSelectorsEnabled: true, databaseEnabled: false, handlesAlerts: true, hasTouchScreen: false, javascriptEnabled: true, locationContextEnabled: true, mobileEmulationEnabled: false, nativeEvents: true, networkConnectionEnabled: false, pageLoadStrategy: normal, platform: XP, platformName: XP, rotatable: false, setWindowRect: true, takesHeapSnapshot: true, takesScreenshot: true, unexpectedAlertBehaviour: , unhandledPromptBehavior: , version: 63.0.3239.84, webStorageEnabled: true}
Session ID: 590802bd2785d0dd934a034fcf226271">
      <![CDATA[org.openqa.selenium.WebDriverException: chrome not reachable
  (Session info: chrome=63.0.3239.84)
  (Driver info: chromedriver=2.33.506120 (e3e53437346286c0bc2d2dc9aa4915ba81d9023f),platform=Windows NT 6.3.9600 x86_64) (WARNING: The server did not provide any stacktrace information)
Command duration or timeout: 0 milliseconds
Build info: version: '3.7.1', revision: '8a0099a', time: '2017-11-06T21:01:39.354Z'
System info: host: 'ADCAPPD331', ip: '10.248.130.37', os.name: 'Windows Server 2012 R2', os.arch: 'amd64', os.version: '6.3', java.version: '1.8.0_144'
Driver info: org.openqa.selenium.chrome.ChromeDriver
Capabilities {acceptSslCerts: true, applicationCacheEnabled: false, browserConnectionEnabled: false, browserName: chrome, chrome: {chromedriverVersion: 2.33.506120 (e3e53437346286..., userDataDir: C:\Users\pshriva1\AppData\L...}, cssSelectorsEnabled: true, databaseEnabled: false, handlesAlerts: true, hasTouchScreen: false, javascriptEnabled: true, locationContextEnabled: true, mobileEmulationEnabled: false, nativeEvents: true, networkConnectionEnabled: false, pageLoadStrategy: normal, platform: XP, platformName: XP, rotatable: false, setWindowRect: true, takesHeapSnapshot: true, takesScreenshot: true, unexpectedAlertBehaviour: , unhandledPromptBehavior: , version: 63.0.3239.84, webStorageEnabled: true}
Session ID: 590802bd2785d0dd934a034fcf226271
	at sun.reflect.NativeConstructorAccessorImpl.newInstance0(Native Method)
	at sun.reflect.NativeConstructorAccessorImpl.newInstance(Unknown Source)
	at sun.reflect.DelegatingConstructorAccessorImpl.newInstance(Unknown Source)
	at java.lang.reflect.Constructor.newInstance(Unknown Source)
	at org.openqa.selenium.remote.ErrorHandler.createThrowable(ErrorHandler.java:214)
	at org.openqa.selenium.remote.ErrorHandler.throwIfResponseFailed(ErrorHandler.java:166)
	at org.openqa.selenium.remote.http.JsonHttpResponseCodec.reconstructValue(JsonHttpResponseCodec.java:40)
	at org.openqa.selenium.remote.http.AbstractHttpResponseCodec.decode(AbstractHttpResponseCodec.java:80)
	at org.openqa.selenium.remote.http.AbstractHttpResponseCodec.decode(AbstractHttpResponseCodec.java:44)
	at org.openqa.selenium.remote.HttpCommandExecutor.execute(HttpCommandExecutor.java:164)
	at org.openqa.selenium.remote.service.DriverCommandExecutor.execute(DriverCommandExecutor.java:83)
	at org.openqa.selenium.remote.RemoteWebDriver.execute(RemoteWebDriver.java:600)
	at org.openqa.selenium.remote.RemoteWebDriver.execute(RemoteWebDriver.java:657)
	at org.openqa.selenium.remote.RemoteWebDriver.getScreenshotAs(RemoteWebDriver.java:342)
	at SupportLibraries.Util.capture(Util.java:74)
	at SupportLibraries.Report.FailTestSnapshot(Report.java:131)
	at SupportLibraries.Util.validateSortingFunctionality(Util.java:1198)
	at Logi.DowntimeDetailReport.Validate_DowntimeDetail_UI_Functionality_AllLOB.Validation_DowntimeDetailReport_SortingAndFilterFunctionality(Validate_DowntimeDetail_UI_Functionality_AllLOB.java:152)
	at sun.reflect.GeneratedMethodAccessor2.invoke(Unknown Source)
	at sun.reflect.DelegatingMethodAccessorImpl.invoke(Unknown Source)
	at java.lang.reflect.Method.invoke(Unknown Source)
	at org.testng.internal.MethodInvocationHelper.invokeMethod(MethodInvocationHelper.java:108)
	at org.testng.internal.Invoker.invokeMethod(Invoker.java:661)
	at org.testng.internal.Invoker.invokeTestMethod(Invoker.java:869)
	at org.testng.internal.Invoker.invokeTestMethods(Invoker.java:1193)
	at org.testng.internal.TestMethodWorker.invokeTestMethods(TestMethodWorker.java:126)
	at org.testng.internal.TestMethodWorker.run(TestMethodWorker.java:109)
	at org.testng.TestRunner.privateRun(TestRunner.java:744)
	at org.testng.TestRunner.run(TestRunner.java:602)
	at org.testng.SuiteRunner.runTest(SuiteRunner.java:380)
	at org.testng.SuiteRunner.runSequentially(SuiteRunner.java:375)
	at org.testng.SuiteRunner.privateRun(SuiteRunner.java:340)
	at org.testng.SuiteRunner.run(SuiteRunner.java:289)
	at org.testng.SuiteRunnerWorker.runSuite(SuiteRunnerWorker.java:52)
	at org.testng.SuiteRunnerWorker.run(SuiteRunnerWorker.java:86)
	at org.testng.TestNG.runSuitesSequentially(TestNG.java:1301)
	at org.testng.TestNG.runSuitesLocally(TestNG.java:1226)
	at org.testng.TestNG.runSuites(TestNG.java:1144)
	at org.testng.TestNG.run(TestNG.java:1115)
	at org.testng.remote.AbstractRemoteTestNG.run(AbstractRemoteTestNG.java:114)
	at org.testng.remote.RemoteTestNG.initAndRun(RemoteTestNG.java:251)
	at org.testng.remote.RemoteTestNG.main(RemoteTestNG.java:77)
]]>
    </error>
  </testcase> <!-- Validation_DowntimeDetailReport_SortingAndFilterFunctionality -->
  <testcase name="Validation_DowntimeDetailReport_SortingAndFilterFunctionality" time="0.000" classname="Logi.DowntimeDetailReport.Validate_DowntimeDetail_UI_Functionality_AllLOB"/>
  <testcase name="Validation_DowntimeDetailReport_SortingAndFilterFunctionality" time="0.016" classname="Logi.DowntimeDetailReport.Validate_DowntimeDetail_UI_Functionality_AllLOB"/>
  <testcase name="Validation_DowntimeDetailReport_SortingAndFilterFunctionality" time="0.000" classname="Logi.DowntimeDetailReport.Validate_DowntimeDetail_UI_Functionality_AllLOB"/>
  <testcase name="Validation_DowntimeDetailReport_SortingAndFilterFunctionality" time="0.015" classname="Logi.DowntimeDetailReport.Validate_DowntimeDetail_UI_Functionality_AllLOB"/>
  <testcase name="Validation_DowntimeDetailReport_SortingAndFilterFunctionality" time="0.000" classname="Logi.DowntimeDetailReport.Validate_DowntimeDetail_UI_Functionality_AllLOB"/>
  <testcase name="Validation_DowntimeDetailReport_SortingAndFilterFunctionality" time="0.000" classname="Logi.DowntimeDetailReport.Validate_DowntimeDetail_UI_Functionality_AllLOB"/>
  <testcase name="Validation_DowntimeDetailReport_SortingAndFilterFunctionality" time="0.000" classname="Logi.DowntimeDetailReport.Validate_DowntimeDetail_UI_Functionality_AllLOB"/>
  <testcase name="Validation_DowntimeDetailReport_SortingAndFilterFunctionality" time="0.000" classname="Logi.DowntimeDetailReport.Validate_DowntimeDetail_UI_Functionality_AllLOB"/>
  <testcase name="Validation_DowntimeDetailReport_SortingAndFilterFunctionality" time="0.000" classname="Logi.DowntimeDetailReport.Validate_DowntimeDetail_UI_Functionality_AllLOB"/>
  <testcase name="Validation_DowntimeDetailReport_SortingAndFilterFunctionality" time="0.000" classname="Logi.DowntimeDetailReport.Validate_DowntimeDetail_UI_Functionality_AllLOB"/>
  <testcase name="Validation_DowntimeDetailReport_SortingAndFilterFunctionality" time="0.000" classname="Logi.DowntimeDetailReport.Validate_DowntimeDetail_UI_Functionality_AllLOB"/>
  <testcase name="Validation_DowntimeDetailReport_SortingAndFilterFunctionality" time="0.007" classname="Logi.DowntimeDetailReport.Validate_DowntimeDetail_UI_Functionality_AllLOB"/>
  <testcase name="Validation_DowntimeDetailReport_SortingAndFilterFunctionality" time="0.000" classname="Logi.DowntimeDetailReport.Validate_DowntimeDetail_UI_Functionality_AllLOB"/>
  <testcase name="Validation_DowntimeDetailReport_SortingAndFilterFunctionality" time="0.000" classname="Logi.DowntimeDetailReport.Validate_DowntimeDetail_UI_Functionality_AllLOB"/>
  <testcase name="Validation_DowntimeDetailReport_SortingAndFilterFunctionality" time="0.000" classname="Logi.DowntimeDetailReport.Validate_DowntimeDetail_UI_Functionality_AllLOB"/>
  <testcase name="Validation_DowntimeDetailReport_SortingAndFilterFunctionality" time="0.000" classname="Logi.DowntimeDetailReport.Validate_DowntimeDetail_UI_Functionality_AllLOB"/>
  <testcase name="Validation_DowntimeDetailReport_SortingAndFilterFunctionality" time="0.000" classname="Logi.DowntimeDetailReport.Validate_DowntimeDetail_UI_Functionality_AllLOB"/>
  <testcase name="Validation_DowntimeDetailReport_SortingAndFilterFunctionality" time="0.015" classname="Logi.DowntimeDetailReport.Validate_DowntimeDetail_UI_Functionality_AllLOB"/>
  <testcase name="Validation_DowntimeDetailReport_SortingAndFilterFunctionality" time="0.000" classname="Logi.DowntimeDetailReport.Validate_DowntimeDetail_UI_Functionality_AllLOB"/>
  <testcase name="Validation_DowntimeDetailReport_SortingAndFilterFunctionality" time="0.004" classname="Logi.DowntimeDetailReport.Validate_DowntimeDetail_UI_Functionality_AllLOB"/>
  <testcase name="Validation_DowntimeDetailReport_SortingAndFilterFunctionality" time="0.000" classname="Logi.DowntimeDetailReport.Validate_DowntimeDetail_UI_Functionality_AllLOB"/>
  <testcase name="Validation_DowntimeDetailReport_SortingAndFilterFunctionality" time="0.000" classname="Logi.DowntimeDetailReport.Validate_DowntimeDetail_UI_Functionality_AllLOB"/>
  <testcase name="Validation_DowntimeDetailReport_SortingAndFilterFunctionality" time="0.000" classname="Logi.DowntimeDetailReport.Validate_DowntimeDetail_UI_Functionality_AllLOB"/>
  <testcase name="Validation_DowntimeDetailReport_SortingAndFilterFunctionality" time="0.000" classname="Logi.DowntimeDetailReport.Validate_DowntimeDetail_UI_Functionality_AllLOB"/>
  <testcase name="Validation_DowntimeDetailReport_SortingAndFilterFunctionality" time="0.000" classname="Logi.DowntimeDetailReport.Validate_DowntimeDetail_UI_Functionality_AllLOB"/>
  <testcase name="Validation_DowntimeDetailReport_SortingAndFilterFunctionality" time="0.000" classname="Logi.DowntimeDetailReport.Validate_DowntimeDetail_UI_Functionality_AllLOB"/>
  <testcase name="Validation_DowntimeDetailReport_SortingAndFilterFunctionality" time="0.000" classname="Logi.DowntimeDetailReport.Validate_DowntimeDetail_UI_Functionality_AllLOB"/>
  <testcase name="Validation_DowntimeDetailReport_SortingAndFilterFunctionality" time="0.000" classname="Logi.DowntimeDetailReport.Validate_DowntimeDetail_UI_Functionality_AllLOB"/>
  <testcase name="Validation_DowntimeDetailReport_SortingAndFilterFunctionality" time="0.000" classname="Logi.DowntimeDetailReport.Validate_DowntimeDetail_UI_Functionality_AllLOB"/>
  <testcase name="Validation_DowntimeDetailReport_SortingAndFilterFunctionality" time="0.016" classname="Logi.DowntimeDetailReport.Validate_DowntimeDetail_UI_Functionality_AllLOB"/>
  <testcase name="Validation_DowntimeDetailReport_SortingAndFilterFunctionality" time="0.000" classname="Logi.DowntimeDetailReport.Validate_DowntimeDetail_UI_Functionality_AllLOB"/>
  <testcase name="Validation_DowntimeDetailReport_SortingAndFilterFunctionality" time="0.000" classname="Logi.DowntimeDetailReport.Validate_DowntimeDetail_UI_Functionality_AllLOB"/>
  <testcase name="Validation_DowntimeDetailReport_SortingAndFilterFunctionality" time="0.000" classname="Logi.DowntimeDetailReport.Validate_DowntimeDetail_UI_Functionality_AllLOB"/>
=======
<testsuite skipped="0" hostname="CB2012R2AUSE005" name="Logi.DowntimeDetailReport.Validate_DowntimeDetail_UI_Functionality_AllLOB" tests="87" failures="0" timestamp="11 Jan 2018 23:23:23 GMT" time="0.074" errors="0">
  <testcase name="Validation_DowntimeDetailReport_SortingAndFilterFunctionality" time="0.000" classname="Logi.DowntimeDetailReport.Validate_DowntimeDetail_UI_Functionality_AllLOB"/>
  <testcase name="Validation_DowntimeDetailReport_SortingAndFilterFunctionality" time="0.000" classname="Logi.DowntimeDetailReport.Validate_DowntimeDetail_UI_Functionality_AllLOB"/>
  <testcase name="Validation_DowntimeDetailReport_SortingAndFilterFunctionality" time="0.000" classname="Logi.DowntimeDetailReport.Validate_DowntimeDetail_UI_Functionality_AllLOB"/>
  <testcase name="Validation_DowntimeDetailReport_SortingAndFilterFunctionality" time="0.000" classname="Logi.DowntimeDetailReport.Validate_DowntimeDetail_UI_Functionality_AllLOB"/>
  <testcase name="Validation_DowntimeDetailReport_SortingAndFilterFunctionality" time="0.000" classname="Logi.DowntimeDetailReport.Validate_DowntimeDetail_UI_Functionality_AllLOB"/>
  <testcase name="Validation_DowntimeDetailReport_SortingAndFilterFunctionality" time="0.000" classname="Logi.DowntimeDetailReport.Validate_DowntimeDetail_UI_Functionality_AllLOB"/>
  <testcase name="Validation_DowntimeDetailReport_SortingAndFilterFunctionality" time="0.000" classname="Logi.DowntimeDetailReport.Validate_DowntimeDetail_UI_Functionality_AllLOB"/>
  <testcase name="Validation_DowntimeDetailReport_SortingAndFilterFunctionality" time="0.000" classname="Logi.DowntimeDetailReport.Validate_DowntimeDetail_UI_Functionality_AllLOB"/>
  <testcase name="Validation_DowntimeDetailReport_SortingAndFilterFunctionality" time="0.000" classname="Logi.DowntimeDetailReport.Validate_DowntimeDetail_UI_Functionality_AllLOB"/>
  <testcase name="Validation_DowntimeDetailReport_SortingAndFilterFunctionality" time="0.000" classname="Logi.DowntimeDetailReport.Validate_DowntimeDetail_UI_Functionality_AllLOB"/>
  <testcase name="Validation_DowntimeDetailReport_SortingAndFilterFunctionality" time="0.000" classname="Logi.DowntimeDetailReport.Validate_DowntimeDetail_UI_Functionality_AllLOB"/>
  <testcase name="Validation_DowntimeDetailReport_SortingAndFilterFunctionality" time="0.000" classname="Logi.DowntimeDetailReport.Validate_DowntimeDetail_UI_Functionality_AllLOB"/>
  <testcase name="Validation_DowntimeDetailReport_SortingAndFilterFunctionality" time="0.000" classname="Logi.DowntimeDetailReport.Validate_DowntimeDetail_UI_Functionality_AllLOB"/>
  <testcase name="Validation_DowntimeDetailReport_SortingAndFilterFunctionality" time="0.000" classname="Logi.DowntimeDetailReport.Validate_DowntimeDetail_UI_Functionality_AllLOB"/>
  <testcase name="Validation_DowntimeDetailReport_SortingAndFilterFunctionality" time="0.000" classname="Logi.DowntimeDetailReport.Validate_DowntimeDetail_UI_Functionality_AllLOB"/>
  <testcase name="Validation_DowntimeDetailReport_SortingAndFilterFunctionality" time="0.000" classname="Logi.DowntimeDetailReport.Validate_DowntimeDetail_UI_Functionality_AllLOB"/>
  <testcase name="Validation_DowntimeDetailReport_SortingAndFilterFunctionality" time="0.000" classname="Logi.DowntimeDetailReport.Validate_DowntimeDetail_UI_Functionality_AllLOB"/>
  <testcase name="Validation_DowntimeDetailReport_SortingAndFilterFunctionality" time="0.001" classname="Logi.DowntimeDetailReport.Validate_DowntimeDetail_UI_Functionality_AllLOB"/>
  <testcase name="Validation_DowntimeDetailReport_SortingAndFilterFunctionality" time="0.000" classname="Logi.DowntimeDetailReport.Validate_DowntimeDetail_UI_Functionality_AllLOB"/>
  <testcase name="Validation_DowntimeDetailReport_SortingAndFilterFunctionality" time="0.000" classname="Logi.DowntimeDetailReport.Validate_DowntimeDetail_UI_Functionality_AllLOB"/>
  <testcase name="Validation_DowntimeDetailReport_SortingAndFilterFunctionality" time="0.000" classname="Logi.DowntimeDetailReport.Validate_DowntimeDetail_UI_Functionality_AllLOB"/>
  <testcase name="Validation_DowntimeDetailReport_SortingAndFilterFunctionality" time="0.000" classname="Logi.DowntimeDetailReport.Validate_DowntimeDetail_UI_Functionality_AllLOB"/>
  <testcase name="Validation_DowntimeDetailReport_SortingAndFilterFunctionality" time="0.000" classname="Logi.DowntimeDetailReport.Validate_DowntimeDetail_UI_Functionality_AllLOB"/>
  <testcase name="Validation_DowntimeDetailReport_SortingAndFilterFunctionality" time="0.000" classname="Logi.DowntimeDetailReport.Validate_DowntimeDetail_UI_Functionality_AllLOB"/>
  <testcase name="Validation_DowntimeDetailReport_SortingAndFilterFunctionality" time="0.000" classname="Logi.DowntimeDetailReport.Validate_DowntimeDetail_UI_Functionality_AllLOB"/>
  <testcase name="Validation_DowntimeDetailReport_SortingAndFilterFunctionality" time="0.000" classname="Logi.DowntimeDetailReport.Validate_DowntimeDetail_UI_Functionality_AllLOB"/>
  <testcase name="Validation_DowntimeDetailReport_SortingAndFilterFunctionality" time="0.000" classname="Logi.DowntimeDetailReport.Validate_DowntimeDetail_UI_Functionality_AllLOB"/>
  <testcase name="Validation_DowntimeDetailReport_SortingAndFilterFunctionality" time="0.000" classname="Logi.DowntimeDetailReport.Validate_DowntimeDetail_UI_Functionality_AllLOB"/>
  <testcase name="Validation_DowntimeDetailReport_SortingAndFilterFunctionality" time="0.000" classname="Logi.DowntimeDetailReport.Validate_DowntimeDetail_UI_Functionality_AllLOB"/>
  <testcase name="Validation_DowntimeDetailReport_SortingAndFilterFunctionality" time="0.000" classname="Logi.DowntimeDetailReport.Validate_DowntimeDetail_UI_Functionality_AllLOB"/>
  <testcase name="Validation_DowntimeDetailReport_SortingAndFilterFunctionality" time="0.000" classname="Logi.DowntimeDetailReport.Validate_DowntimeDetail_UI_Functionality_AllLOB"/>
  <testcase name="Validation_DowntimeDetailReport_SortingAndFilterFunctionality" time="0.000" classname="Logi.DowntimeDetailReport.Validate_DowntimeDetail_UI_Functionality_AllLOB"/>
  <testcase name="Validation_DowntimeDetailReport_SortingAndFilterFunctionality" time="0.000" classname="Logi.DowntimeDetailReport.Validate_DowntimeDetail_UI_Functionality_AllLOB"/>
  <testcase name="Validation_DowntimeDetailReport_SortingAndFilterFunctionality" time="0.000" classname="Logi.DowntimeDetailReport.Validate_DowntimeDetail_UI_Functionality_AllLOB"/>
  <testcase name="Validation_DowntimeDetailReport_SortingAndFilterFunctionality" time="0.000" classname="Logi.DowntimeDetailReport.Validate_DowntimeDetail_UI_Functionality_AllLOB"/>
  <testcase name="Validation_DowntimeDetailReport_SortingAndFilterFunctionality" time="0.000" classname="Logi.DowntimeDetailReport.Validate_DowntimeDetail_UI_Functionality_AllLOB"/>
  <testcase name="Validation_DowntimeDetailReport_SortingAndFilterFunctionality" time="0.010" classname="Logi.DowntimeDetailReport.Validate_DowntimeDetail_UI_Functionality_AllLOB"/>
  <testcase name="Validation_DowntimeDetailReport_SortingAndFilterFunctionality" time="0.000" classname="Logi.DowntimeDetailReport.Validate_DowntimeDetail_UI_Functionality_AllLOB"/>
  <testcase name="Validation_DowntimeDetailReport_SortingAndFilterFunctionality" time="0.000" classname="Logi.DowntimeDetailReport.Validate_DowntimeDetail_UI_Functionality_AllLOB"/>
  <testcase name="Validation_DowntimeDetailReport_SortingAndFilterFunctionality" time="0.000" classname="Logi.DowntimeDetailReport.Validate_DowntimeDetail_UI_Functionality_AllLOB"/>
  <testcase name="Validation_DowntimeDetailReport_SortingAndFilterFunctionality" time="0.000" classname="Logi.DowntimeDetailReport.Validate_DowntimeDetail_UI_Functionality_AllLOB"/>
  <testcase name="Validation_DowntimeDetailReport_SortingAndFilterFunctionality" time="0.000" classname="Logi.DowntimeDetailReport.Validate_DowntimeDetail_UI_Functionality_AllLOB"/>
  <testcase name="Validation_DowntimeDetailReport_SortingAndFilterFunctionality" time="0.000" classname="Logi.DowntimeDetailReport.Validate_DowntimeDetail_UI_Functionality_AllLOB"/>
  <testcase name="Validation_DowntimeDetailReport_SortingAndFilterFunctionality" time="0.000" classname="Logi.DowntimeDetailReport.Validate_DowntimeDetail_UI_Functionality_AllLOB"/>
  <testcase name="Validation_DowntimeDetailReport_SortingAndFilterFunctionality" time="0.000" classname="Logi.DowntimeDetailReport.Validate_DowntimeDetail_UI_Functionality_AllLOB"/>
  <testcase name="Validation_DowntimeDetailReport_SortingAndFilterFunctionality" time="0.000" classname="Logi.DowntimeDetailReport.Validate_DowntimeDetail_UI_Functionality_AllLOB"/>
  <testcase name="Validation_DowntimeDetailReport_SortingAndFilterFunctionality" time="0.000" classname="Logi.DowntimeDetailReport.Validate_DowntimeDetail_UI_Functionality_AllLOB"/>
  <testcase name="Validation_DowntimeDetailReport_SortingAndFilterFunctionality" time="0.000" classname="Logi.DowntimeDetailReport.Validate_DowntimeDetail_UI_Functionality_AllLOB"/>
  <testcase name="Validation_DowntimeDetailReport_SortingAndFilterFunctionality" time="0.000" classname="Logi.DowntimeDetailReport.Validate_DowntimeDetail_UI_Functionality_AllLOB"/>
  <testcase name="Validation_DowntimeDetailReport_SortingAndFilterFunctionality" time="0.000" classname="Logi.DowntimeDetailReport.Validate_DowntimeDetail_UI_Functionality_AllLOB"/>
  <testcase name="Validation_DowntimeDetailReport_SortingAndFilterFunctionality" time="0.000" classname="Logi.DowntimeDetailReport.Validate_DowntimeDetail_UI_Functionality_AllLOB"/>
  <testcase name="Validation_DowntimeDetailReport_SortingAndFilterFunctionality" time="0.015" classname="Logi.DowntimeDetailReport.Validate_DowntimeDetail_UI_Functionality_AllLOB"/>
  <testcase name="Validation_DowntimeDetailReport_SortingAndFilterFunctionality" time="0.000" classname="Logi.DowntimeDetailReport.Validate_DowntimeDetail_UI_Functionality_AllLOB"/>
  <testcase name="Validation_DowntimeDetailReport_SortingAndFilterFunctionality" time="0.000" classname="Logi.DowntimeDetailReport.Validate_DowntimeDetail_UI_Functionality_AllLOB"/>
  <testcase name="Validation_DowntimeDetailReport_SortingAndFilterFunctionality" time="0.000" classname="Logi.DowntimeDetailReport.Validate_DowntimeDetail_UI_Functionality_AllLOB"/>
  <testcase name="Validation_DowntimeDetailReport_SortingAndFilterFunctionality" time="0.000" classname="Logi.DowntimeDetailReport.Validate_DowntimeDetail_UI_Functionality_AllLOB"/>
  <testcase name="Validation_DowntimeDetailReport_SortingAndFilterFunctionality" time="0.000" classname="Logi.DowntimeDetailReport.Validate_DowntimeDetail_UI_Functionality_AllLOB"/>
  <testcase name="Validation_DowntimeDetailReport_SortingAndFilterFunctionality" time="0.000" classname="Logi.DowntimeDetailReport.Validate_DowntimeDetail_UI_Functionality_AllLOB"/>
  <testcase name="Validation_DowntimeDetailReport_SortingAndFilterFunctionality" time="0.000" classname="Logi.DowntimeDetailReport.Validate_DowntimeDetail_UI_Functionality_AllLOB"/>
  <testcase name="Validation_DowntimeDetailReport_SortingAndFilterFunctionality" time="0.000" classname="Logi.DowntimeDetailReport.Validate_DowntimeDetail_UI_Functionality_AllLOB"/>
  <testcase name="Validation_DowntimeDetailReport_SortingAndFilterFunctionality" time="0.000" classname="Logi.DowntimeDetailReport.Validate_DowntimeDetail_UI_Functionality_AllLOB"/>
  <testcase name="Validation_DowntimeDetailReport_SortingAndFilterFunctionality" time="0.000" classname="Logi.DowntimeDetailReport.Validate_DowntimeDetail_UI_Functionality_AllLOB"/>
  <testcase name="Validation_DowntimeDetailReport_SortingAndFilterFunctionality" time="0.000" classname="Logi.DowntimeDetailReport.Validate_DowntimeDetail_UI_Functionality_AllLOB"/>
  <testcase name="Validation_DowntimeDetailReport_SortingAndFilterFunctionality" time="0.000" classname="Logi.DowntimeDetailReport.Validate_DowntimeDetail_UI_Functionality_AllLOB"/>
  <testcase name="Validation_DowntimeDetailReport_SortingAndFilterFunctionality" time="0.000" classname="Logi.DowntimeDetailReport.Validate_DowntimeDetail_UI_Functionality_AllLOB"/>
  <testcase name="Validation_DowntimeDetailReport_SortingAndFilterFunctionality" time="0.000" classname="Logi.DowntimeDetailReport.Validate_DowntimeDetail_UI_Functionality_AllLOB"/>
  <testcase name="Validation_DowntimeDetailReport_SortingAndFilterFunctionality" time="0.000" classname="Logi.DowntimeDetailReport.Validate_DowntimeDetail_UI_Functionality_AllLOB"/>
  <testcase name="Validation_DowntimeDetailReport_SortingAndFilterFunctionality" time="0.000" classname="Logi.DowntimeDetailReport.Validate_DowntimeDetail_UI_Functionality_AllLOB"/>
  <testcase name="Validation_DowntimeDetailReport_SortingAndFilterFunctionality" time="0.000" classname="Logi.DowntimeDetailReport.Validate_DowntimeDetail_UI_Functionality_AllLOB"/>
  <testcase name="Validation_DowntimeDetailReport_SortingAndFilterFunctionality" time="0.016" classname="Logi.DowntimeDetailReport.Validate_DowntimeDetail_UI_Functionality_AllLOB"/>
  <testcase name="Validation_DowntimeDetailReport_SortingAndFilterFunctionality" time="0.000" classname="Logi.DowntimeDetailReport.Validate_DowntimeDetail_UI_Functionality_AllLOB"/>
  <testcase name="Validation_DowntimeDetailReport_SortingAndFilterFunctionality" time="0.000" classname="Logi.DowntimeDetailReport.Validate_DowntimeDetail_UI_Functionality_AllLOB"/>
  <testcase name="Validation_DowntimeDetailReport_SortingAndFilterFunctionality" time="0.000" classname="Logi.DowntimeDetailReport.Validate_DowntimeDetail_UI_Functionality_AllLOB"/>
  <testcase name="Validation_DowntimeDetailReport_SortingAndFilterFunctionality" time="0.001" classname="Logi.DowntimeDetailReport.Validate_DowntimeDetail_UI_Functionality_AllLOB"/>
  <testcase name="Validation_DowntimeDetailReport_SortingAndFilterFunctionality" time="0.000" classname="Logi.DowntimeDetailReport.Validate_DowntimeDetail_UI_Functionality_AllLOB"/>
  <testcase name="Validation_DowntimeDetailReport_SortingAndFilterFunctionality" time="0.015" classname="Logi.DowntimeDetailReport.Validate_DowntimeDetail_UI_Functionality_AllLOB"/>
  <testcase name="Validation_DowntimeDetailReport_SortingAndFilterFunctionality" time="0.015" classname="Logi.DowntimeDetailReport.Validate_DowntimeDetail_UI_Functionality_AllLOB"/>
  <testcase name="Validation_DowntimeDetailReport_SortingAndFilterFunctionality" time="0.000" classname="Logi.DowntimeDetailReport.Validate_DowntimeDetail_UI_Functionality_AllLOB"/>
  <testcase name="Validation_DowntimeDetailReport_SortingAndFilterFunctionality" time="0.000" classname="Logi.DowntimeDetailReport.Validate_DowntimeDetail_UI_Functionality_AllLOB"/>
  <testcase name="Validation_DowntimeDetailReport_SortingAndFilterFunctionality" time="0.000" classname="Logi.DowntimeDetailReport.Validate_DowntimeDetail_UI_Functionality_AllLOB"/>
  <testcase name="Validation_DowntimeDetailReport_SortingAndFilterFunctionality" time="0.000" classname="Logi.DowntimeDetailReport.Validate_DowntimeDetail_UI_Functionality_AllLOB"/>
  <testcase name="Validation_DowntimeDetailReport_SortingAndFilterFunctionality" time="0.000" classname="Logi.DowntimeDetailReport.Validate_DowntimeDetail_UI_Functionality_AllLOB"/>
  <testcase name="Validation_DowntimeDetailReport_SortingAndFilterFunctionality" time="0.000" classname="Logi.DowntimeDetailReport.Validate_DowntimeDetail_UI_Functionality_AllLOB"/>
  <testcase name="Validation_DowntimeDetailReport_SortingAndFilterFunctionality" time="0.000" classname="Logi.DowntimeDetailReport.Validate_DowntimeDetail_UI_Functionality_AllLOB"/>
  <testcase name="Validation_DowntimeDetailReport_SortingAndFilterFunctionality" time="0.000" classname="Logi.DowntimeDetailReport.Validate_DowntimeDetail_UI_Functionality_AllLOB"/>
  <testcase name="Validation_DowntimeDetailReport_SortingAndFilterFunctionality" time="0.000" classname="Logi.DowntimeDetailReport.Validate_DowntimeDetail_UI_Functionality_AllLOB"/>
  <testcase name="Validation_DowntimeDetailReport_SortingAndFilterFunctionality" time="0.001" classname="Logi.DowntimeDetailReport.Validate_DowntimeDetail_UI_Functionality_AllLOB"/>
>>>>>>> branch 'master' of https://github.wm.com/srathore/OPUS_LOGI.git
</testsuite> <!-- Logi.DowntimeDetailReport.Validate_DowntimeDetail_UI_Functionality_AllLOB -->
