<?xml version="1.0" encoding="UTF-8"?>
<!-- Generated by org.testng.reporters.JUnitReportReporter -->
<testsuite skipped="0" hostname="CB2012R2AUSE005" name="Logi.SequenceComplianceDetailReport.Validate_SequenceComplianceDetail_RESI" tests="87" failures="0" timestamp="11 Jan 2018 23:23:27 GMT" time="81.098" errors="0">
  <testcase name="Validation_SequenceComplianceDetailReport_COM" time="0.016" classname="Logi.SequenceComplianceDetailReport.Validate_SequenceComplianceDetail_RESI"/>
  <testcase name="Validation_SequenceComplianceDetailReport_COM" time="0.000" classname="Logi.SequenceComplianceDetailReport.Validate_SequenceComplianceDetail_RESI"/>
  <testcase name="Validation_SequenceComplianceDetailReport_COM" time="0.000" classname="Logi.SequenceComplianceDetailReport.Validate_SequenceComplianceDetail_RESI"/>
  <testcase name="Validation_SequenceComplianceDetailReport_COM" time="0.000" classname="Logi.SequenceComplianceDetailReport.Validate_SequenceComplianceDetail_RESI"/>
  <testcase name="Validation_SequenceComplianceDetailReport_COM" time="0.000" classname="Logi.SequenceComplianceDetailReport.Validate_SequenceComplianceDetail_RESI"/>
  <testcase name="Validation_SequenceComplianceDetailReport_COM" time="0.000" classname="Logi.SequenceComplianceDetailReport.Validate_SequenceComplianceDetail_RESI"/>
  <testcase name="Validation_SequenceComplianceDetailReport_COM" time="0.000" classname="Logi.SequenceComplianceDetailReport.Validate_SequenceComplianceDetail_RESI"/>
  <testcase name="Validation_SequenceComplianceDetailReport_COM" time="0.000" classname="Logi.SequenceComplianceDetailReport.Validate_SequenceComplianceDetail_RESI"/>
  <testcase name="Validation_SequenceComplianceDetailReport_COM" time="0.000" classname="Logi.SequenceComplianceDetailReport.Validate_SequenceComplianceDetail_RESI"/>
  <testcase name="Validation_SequenceComplianceDetailReport_COM" time="0.000" classname="Logi.SequenceComplianceDetailReport.Validate_SequenceComplianceDetail_RESI"/>
  <testcase name="Validation_SequenceComplianceDetailReport_COM" time="0.000" classname="Logi.SequenceComplianceDetailReport.Validate_SequenceComplianceDetail_RESI"/>
  <testcase name="Validation_SequenceComplianceDetailReport_COM" time="0.000" classname="Logi.SequenceComplianceDetailReport.Validate_SequenceComplianceDetail_RESI"/>
  <testcase name="Validation_SequenceComplianceDetailReport_COM" time="0.000" classname="Logi.SequenceComplianceDetailReport.Validate_SequenceComplianceDetail_RESI"/>
  <testcase name="Validation_SequenceComplianceDetailReport_COM" time="0.000" classname="Logi.SequenceComplianceDetailReport.Validate_SequenceComplianceDetail_RESI"/>
  <testcase name="Validation_SequenceComplianceDetailReport_COM" time="0.000" classname="Logi.SequenceComplianceDetailReport.Validate_SequenceComplianceDetail_RESI"/>
  <testcase name="Validation_SequenceComplianceDetailReport_COM" time="0.000" classname="Logi.SequenceComplianceDetailReport.Validate_SequenceComplianceDetail_RESI"/>
  <testcase name="Validation_SequenceComplianceDetailReport_COM" time="0.000" classname="Logi.SequenceComplianceDetailReport.Validate_SequenceComplianceDetail_RESI"/>
  <testcase name="Validation_SequenceComplianceDetailReport_COM" time="0.000" classname="Logi.SequenceComplianceDetailReport.Validate_SequenceComplianceDetail_RESI"/>
  <testcase name="Validation_SequenceComplianceDetailReport_COM" time="0.000" classname="Logi.SequenceComplianceDetailReport.Validate_SequenceComplianceDetail_RESI"/>
  <testcase name="Validation_SequenceComplianceDetailReport_COM" time="0.000" classname="Logi.SequenceComplianceDetailReport.Validate_SequenceComplianceDetail_RESI"/>
  <testcase name="Validation_SequenceComplianceDetailReport_COM" time="0.000" classname="Logi.SequenceComplianceDetailReport.Validate_SequenceComplianceDetail_RESI"/>
  <testcase name="Validation_SequenceComplianceDetailReport_COM" time="0.000" classname="Logi.SequenceComplianceDetailReport.Validate_SequenceComplianceDetail_RESI"/>
  <testcase name="Validation_SequenceComplianceDetailReport_COM" time="0.000" classname="Logi.SequenceComplianceDetailReport.Validate_SequenceComplianceDetail_RESI"/>
  <testcase name="Validation_SequenceComplianceDetailReport_COM" time="0.000" classname="Logi.SequenceComplianceDetailReport.Validate_SequenceComplianceDetail_RESI"/>
  <testcase name="Validation_SequenceComplianceDetailReport_COM" time="0.000" classname="Logi.SequenceComplianceDetailReport.Validate_SequenceComplianceDetail_RESI"/>
  <testcase name="Validation_SequenceComplianceDetailReport_COM" time="0.000" classname="Logi.SequenceComplianceDetailReport.Validate_SequenceComplianceDetail_RESI"/>
  <testcase name="Validation_SequenceComplianceDetailReport_COM" time="0.000" classname="Logi.SequenceComplianceDetailReport.Validate_SequenceComplianceDetail_RESI"/>
  <testcase name="Validation_SequenceComplianceDetailReport_COM" time="0.000" classname="Logi.SequenceComplianceDetailReport.Validate_SequenceComplianceDetail_RESI"/>
  <testcase name="Validation_SequenceComplianceDetailReport_COM" time="0.000" classname="Logi.SequenceComplianceDetailReport.Validate_SequenceComplianceDetail_RESI"/>
  <testcase name="Validation_SequenceComplianceDetailReport_COM" time="0.000" classname="Logi.SequenceComplianceDetailReport.Validate_SequenceComplianceDetail_RESI"/>
  <testcase name="Validation_SequenceComplianceDetailReport_COM" time="0.000" classname="Logi.SequenceComplianceDetailReport.Validate_SequenceComplianceDetail_RESI"/>
  <testcase name="Validation_SequenceComplianceDetailReport_COM" time="0.000" classname="Logi.SequenceComplianceDetailReport.Validate_SequenceComplianceDetail_RESI"/>
  <testcase name="Validation_SequenceComplianceDetailReport_COM" time="0.000" classname="Logi.SequenceComplianceDetailReport.Validate_SequenceComplianceDetail_RESI"/>
  <testcase name="Validation_SequenceComplianceDetailReport_COM" time="0.000" classname="Logi.SequenceComplianceDetailReport.Validate_SequenceComplianceDetail_RESI"/>
  <testcase name="Validation_SequenceComplianceDetailReport_COM" time="0.000" classname="Logi.SequenceComplianceDetailReport.Validate_SequenceComplianceDetail_RESI"/>
  <testcase name="Validation_SequenceComplianceDetailReport_COM" time="0.000" classname="Logi.SequenceComplianceDetailReport.Validate_SequenceComplianceDetail_RESI"/>
  <testcase name="Validation_SequenceComplianceDetailReport_COM" time="0.000" classname="Logi.SequenceComplianceDetailReport.Validate_SequenceComplianceDetail_RESI"/>
  <testcase name="Validation_SequenceComplianceDetailReport_COM" time="0.016" classname="Logi.SequenceComplianceDetailReport.Validate_SequenceComplianceDetail_RESI"/>
  <testcase name="Validation_SequenceComplianceDetailReport_COM" time="0.000" classname="Logi.SequenceComplianceDetailReport.Validate_SequenceComplianceDetail_RESI"/>
  <testcase name="Validation_SequenceComplianceDetailReport_COM" time="0.000" classname="Logi.SequenceComplianceDetailReport.Validate_SequenceComplianceDetail_RESI"/>
  <testcase name="Validation_SequenceComplianceDetailReport_COM" time="0.000" classname="Logi.SequenceComplianceDetailReport.Validate_SequenceComplianceDetail_RESI"/>
  <testcase name="Validation_SequenceComplianceDetailReport_COM" time="0.000" classname="Logi.SequenceComplianceDetailReport.Validate_SequenceComplianceDetail_RESI"/>
  <testcase name="Validation_SequenceComplianceDetailReport_COM" time="0.000" classname="Logi.SequenceComplianceDetailReport.Validate_SequenceComplianceDetail_RESI"/>
  <testcase name="Validation_SequenceComplianceDetailReport_COM" time="0.000" classname="Logi.SequenceComplianceDetailReport.Validate_SequenceComplianceDetail_RESI"/>
  <testcase name="Validation_SequenceComplianceDetailReport_COM" time="0.000" classname="Logi.SequenceComplianceDetailReport.Validate_SequenceComplianceDetail_RESI"/>
  <testcase name="Validation_SequenceComplianceDetailReport_COM" time="0.000" classname="Logi.SequenceComplianceDetailReport.Validate_SequenceComplianceDetail_RESI"/>
  <testcase name="Validation_SequenceComplianceDetailReport_COM" time="0.000" classname="Logi.SequenceComplianceDetailReport.Validate_SequenceComplianceDetail_RESI"/>
  <testcase name="Validation_SequenceComplianceDetailReport_COM" time="0.000" classname="Logi.SequenceComplianceDetailReport.Validate_SequenceComplianceDetail_RESI"/>
  <testcase name="Validation_SequenceComplianceDetailReport_COM" time="0.000" classname="Logi.SequenceComplianceDetailReport.Validate_SequenceComplianceDetail_RESI"/>
  <testcase name="Validation_SequenceComplianceDetailReport_COM" time="0.000" classname="Logi.SequenceComplianceDetailReport.Validate_SequenceComplianceDetail_RESI"/>
  <testcase name="Validation_SequenceComplianceDetailReport_COM" time="0.000" classname="Logi.SequenceComplianceDetailReport.Validate_SequenceComplianceDetail_RESI"/>
  <testcase name="Validation_SequenceComplianceDetailReport_COM" time="0.000" classname="Logi.SequenceComplianceDetailReport.Validate_SequenceComplianceDetail_RESI"/>
  <testcase name="Validation_SequenceComplianceDetailReport_COM" time="0.000" classname="Logi.SequenceComplianceDetailReport.Validate_SequenceComplianceDetail_RESI"/>
  <testcase name="Validation_SequenceComplianceDetailReport_COM" time="0.000" classname="Logi.SequenceComplianceDetailReport.Validate_SequenceComplianceDetail_RESI"/>
  <testcase name="Validation_SequenceComplianceDetailReport_COM" time="0.000" classname="Logi.SequenceComplianceDetailReport.Validate_SequenceComplianceDetail_RESI"/>
  <testcase name="Validation_SequenceComplianceDetailReport_COM" time="0.000" classname="Logi.SequenceComplianceDetailReport.Validate_SequenceComplianceDetail_RESI"/>
  <testcase name="Validation_SequenceComplianceDetailReport_COM" time="0.000" classname="Logi.SequenceComplianceDetailReport.Validate_SequenceComplianceDetail_RESI"/>
  <testcase name="Validation_SequenceComplianceDetailReport_COM" time="0.000" classname="Logi.SequenceComplianceDetailReport.Validate_SequenceComplianceDetail_RESI"/>
  <testcase name="Validation_SequenceComplianceDetailReport_COM" time="0.000" classname="Logi.SequenceComplianceDetailReport.Validate_SequenceComplianceDetail_RESI"/>
  <testcase name="Validation_SequenceComplianceDetailReport_COM" time="0.000" classname="Logi.SequenceComplianceDetailReport.Validate_SequenceComplianceDetail_RESI"/>
  <testcase name="Validation_SequenceComplianceDetailReport_COM" time="0.000" classname="Logi.SequenceComplianceDetailReport.Validate_SequenceComplianceDetail_RESI"/>
  <testcase name="Validation_SequenceComplianceDetailReport_COM" time="0.000" classname="Logi.SequenceComplianceDetailReport.Validate_SequenceComplianceDetail_RESI"/>
  <testcase name="Validation_SequenceComplianceDetailReport_COM" time="0.000" classname="Logi.SequenceComplianceDetailReport.Validate_SequenceComplianceDetail_RESI"/>
  <testcase name="Validation_SequenceComplianceDetailReport_COM" time="0.000" classname="Logi.SequenceComplianceDetailReport.Validate_SequenceComplianceDetail_RESI"/>
  <testcase name="Validation_SequenceComplianceDetailReport_COM" time="0.000" classname="Logi.SequenceComplianceDetailReport.Validate_SequenceComplianceDetail_RESI"/>
  <testcase name="Validation_SequenceComplianceDetailReport_COM" time="0.000" classname="Logi.SequenceComplianceDetailReport.Validate_SequenceComplianceDetail_RESI"/>
  <testcase name="Validation_SequenceComplianceDetailReport_COM" time="0.000" classname="Logi.SequenceComplianceDetailReport.Validate_SequenceComplianceDetail_RESI"/>
  <testcase name="Validation_SequenceComplianceDetailReport_COM" time="0.000" classname="Logi.SequenceComplianceDetailReport.Validate_SequenceComplianceDetail_RESI"/>
  <testcase name="Validation_SequenceComplianceDetailReport_COM" time="0.000" classname="Logi.SequenceComplianceDetailReport.Validate_SequenceComplianceDetail_RESI"/>
  <testcase name="Validation_SequenceComplianceDetailReport_COM" time="0.000" classname="Logi.SequenceComplianceDetailReport.Validate_SequenceComplianceDetail_RESI"/>
  <testcase name="Validation_SequenceComplianceDetailReport_COM" time="0.000" classname="Logi.SequenceComplianceDetailReport.Validate_SequenceComplianceDetail_RESI"/>
  <testcase name="Validation_SequenceComplianceDetailReport_COM" time="81.066" classname="Logi.SequenceComplianceDetailReport.Validate_SequenceComplianceDetail_RESI"/>
  <testcase name="Validation_SequenceComplianceDetailReport_COM" time="0.000" classname="Logi.SequenceComplianceDetailReport.Validate_SequenceComplianceDetail_RESI"/>
  <testcase name="Validation_SequenceComplianceDetailReport_COM" time="0.000" classname="Logi.SequenceComplianceDetailReport.Validate_SequenceComplianceDetail_RESI"/>
  <testcase name="Validation_SequenceComplianceDetailReport_COM" time="0.000" classname="Logi.SequenceComplianceDetailReport.Validate_SequenceComplianceDetail_RESI"/>
  <testcase name="Validation_SequenceComplianceDetailReport_COM" time="0.000" classname="Logi.SequenceComplianceDetailReport.Validate_SequenceComplianceDetail_RESI"/>
  <testcase name="Validation_SequenceComplianceDetailReport_COM" time="0.000" classname="Logi.SequenceComplianceDetailReport.Validate_SequenceComplianceDetail_RESI"/>
  <testcase name="Validation_SequenceComplianceDetailReport_COM" time="0.000" classname="Logi.SequenceComplianceDetailReport.Validate_SequenceComplianceDetail_RESI"/>
  <testcase name="Validation_SequenceComplianceDetailReport_COM" time="0.000" classname="Logi.SequenceComplianceDetailReport.Validate_SequenceComplianceDetail_RESI"/>
  <testcase name="Validation_SequenceComplianceDetailReport_COM" time="0.000" classname="Logi.SequenceComplianceDetailReport.Validate_SequenceComplianceDetail_RESI"/>
  <testcase name="Validation_SequenceComplianceDetailReport_COM" time="0.000" classname="Logi.SequenceComplianceDetailReport.Validate_SequenceComplianceDetail_RESI"/>
  <testcase name="Validation_SequenceComplianceDetailReport_COM" time="0.000" classname="Logi.SequenceComplianceDetailReport.Validate_SequenceComplianceDetail_RESI"/>
  <testcase name="Validation_SequenceComplianceDetailReport_COM" time="0.000" classname="Logi.SequenceComplianceDetailReport.Validate_SequenceComplianceDetail_RESI"/>
  <testcase name="Validation_SequenceComplianceDetailReport_COM" time="0.000" classname="Logi.SequenceComplianceDetailReport.Validate_SequenceComplianceDetail_RESI"/>
  <testcase name="Validation_SequenceComplianceDetailReport_COM" time="0.000" classname="Logi.SequenceComplianceDetailReport.Validate_SequenceComplianceDetail_RESI"/>
  <testcase name="Validation_SequenceComplianceDetailReport_COM" time="0.000" classname="Logi.SequenceComplianceDetailReport.Validate_SequenceComplianceDetail_RESI"/>
  <testcase name="Validation_SequenceComplianceDetailReport_COM" time="0.000" classname="Logi.SequenceComplianceDetailReport.Validate_SequenceComplianceDetail_RESI"/>
</testsuite> <!-- Logi.SequenceComplianceDetailReport.Validate_SequenceComplianceDetail_RESI -->
