<?xml version="1.0" encoding="UTF-8"?>
<!-- Generated by org.testng.reporters.JUnitReportReporter -->
<<<<<<< HEAD
<testsuite skipped="1" hostname="CB2012R2AUSE005" name="Logi.PreRouteDetail.Validate_PreRouteDetail_COM" tests="1" failures="0" timestamp="08 Jan 2018 08:59:21 GMT" time="0.000" errors="0">
  <testcase name="Validation_PreRouteDetailReport_DataValidation_COM" time="0.000" classname="Logi.PreRouteDetail.Validate_PreRouteDetail_COM">
    <skipped/>
  </testcase> <!-- Validation_PreRouteDetailReport_DataValidation_COM -->
=======
<testsuite skipped="0" hostname="CB2012R2AUSE003" name="Logi.PreRouteDetail.Validate_PreRouteDetail_COM" tests="83" failures="0" timestamp="07 Jan 2018 19:31:52 GMT" time="114.094" errors="0">
  <testcase name="Validation_PreRouteDetailReport_DataValidation_COM" time="0.000" classname="Logi.PreRouteDetail.Validate_PreRouteDetail_COM"/>
  <testcase name="Validation_PreRouteDetailReport_DataValidation_COM" time="0.000" classname="Logi.PreRouteDetail.Validate_PreRouteDetail_COM"/>
  <testcase name="Validation_PreRouteDetailReport_DataValidation_COM" time="0.000" classname="Logi.PreRouteDetail.Validate_PreRouteDetail_COM"/>
  <testcase name="Validation_PreRouteDetailReport_DataValidation_COM" time="0.000" classname="Logi.PreRouteDetail.Validate_PreRouteDetail_COM"/>
  <testcase name="Validation_PreRouteDetailReport_DataValidation_COM" time="0.000" classname="Logi.PreRouteDetail.Validate_PreRouteDetail_COM"/>
  <testcase name="Validation_PreRouteDetailReport_DataValidation_COM" time="0.000" classname="Logi.PreRouteDetail.Validate_PreRouteDetail_COM"/>
  <testcase name="Validation_PreRouteDetailReport_DataValidation_COM" time="0.000" classname="Logi.PreRouteDetail.Validate_PreRouteDetail_COM"/>
  <testcase name="Validation_PreRouteDetailReport_DataValidation_COM" time="0.000" classname="Logi.PreRouteDetail.Validate_PreRouteDetail_COM"/>
  <testcase name="Validation_PreRouteDetailReport_DataValidation_COM" time="0.000" classname="Logi.PreRouteDetail.Validate_PreRouteDetail_COM"/>
  <testcase name="Validation_PreRouteDetailReport_DataValidation_COM" time="0.000" classname="Logi.PreRouteDetail.Validate_PreRouteDetail_COM"/>
  <testcase name="Validation_PreRouteDetailReport_DataValidation_COM" time="0.000" classname="Logi.PreRouteDetail.Validate_PreRouteDetail_COM"/>
  <testcase name="Validation_PreRouteDetailReport_DataValidation_COM" time="0.000" classname="Logi.PreRouteDetail.Validate_PreRouteDetail_COM"/>
  <testcase name="Validation_PreRouteDetailReport_DataValidation_COM" time="0.000" classname="Logi.PreRouteDetail.Validate_PreRouteDetail_COM"/>
  <testcase name="Validation_PreRouteDetailReport_DataValidation_COM" time="0.000" classname="Logi.PreRouteDetail.Validate_PreRouteDetail_COM"/>
  <testcase name="Validation_PreRouteDetailReport_DataValidation_COM" time="0.000" classname="Logi.PreRouteDetail.Validate_PreRouteDetail_COM"/>
  <testcase name="Validation_PreRouteDetailReport_DataValidation_COM" time="0.000" classname="Logi.PreRouteDetail.Validate_PreRouteDetail_COM"/>
  <testcase name="Validation_PreRouteDetailReport_DataValidation_COM" time="0.000" classname="Logi.PreRouteDetail.Validate_PreRouteDetail_COM"/>
  <testcase name="Validation_PreRouteDetailReport_DataValidation_COM" time="0.000" classname="Logi.PreRouteDetail.Validate_PreRouteDetail_COM"/>
  <testcase name="Validation_PreRouteDetailReport_DataValidation_COM" time="0.000" classname="Logi.PreRouteDetail.Validate_PreRouteDetail_COM"/>
  <testcase name="Validation_PreRouteDetailReport_DataValidation_COM" time="0.000" classname="Logi.PreRouteDetail.Validate_PreRouteDetail_COM"/>
  <testcase name="Validation_PreRouteDetailReport_DataValidation_COM" time="0.000" classname="Logi.PreRouteDetail.Validate_PreRouteDetail_COM"/>
  <testcase name="Validation_PreRouteDetailReport_DataValidation_COM" time="0.000" classname="Logi.PreRouteDetail.Validate_PreRouteDetail_COM"/>
  <testcase name="Validation_PreRouteDetailReport_DataValidation_COM" time="0.000" classname="Logi.PreRouteDetail.Validate_PreRouteDetail_COM"/>
  <testcase name="Validation_PreRouteDetailReport_DataValidation_COM" time="0.000" classname="Logi.PreRouteDetail.Validate_PreRouteDetail_COM"/>
  <testcase name="Validation_PreRouteDetailReport_DataValidation_COM" time="0.000" classname="Logi.PreRouteDetail.Validate_PreRouteDetail_COM"/>
  <testcase name="Validation_PreRouteDetailReport_DataValidation_COM" time="0.000" classname="Logi.PreRouteDetail.Validate_PreRouteDetail_COM"/>
  <testcase name="Validation_PreRouteDetailReport_DataValidation_COM" time="0.000" classname="Logi.PreRouteDetail.Validate_PreRouteDetail_COM"/>
  <testcase name="Validation_PreRouteDetailReport_DataValidation_COM" time="0.000" classname="Logi.PreRouteDetail.Validate_PreRouteDetail_COM"/>
  <testcase name="Validation_PreRouteDetailReport_DataValidation_COM" time="0.000" classname="Logi.PreRouteDetail.Validate_PreRouteDetail_COM"/>
  <testcase name="Validation_PreRouteDetailReport_DataValidation_COM" time="0.000" classname="Logi.PreRouteDetail.Validate_PreRouteDetail_COM"/>
  <testcase name="Validation_PreRouteDetailReport_DataValidation_COM" time="0.000" classname="Logi.PreRouteDetail.Validate_PreRouteDetail_COM"/>
  <testcase name="Validation_PreRouteDetailReport_DataValidation_COM" time="0.000" classname="Logi.PreRouteDetail.Validate_PreRouteDetail_COM"/>
  <testcase name="Validation_PreRouteDetailReport_DataValidation_COM" time="0.000" classname="Logi.PreRouteDetail.Validate_PreRouteDetail_COM"/>
  <testcase name="Validation_PreRouteDetailReport_DataValidation_COM" time="0.000" classname="Logi.PreRouteDetail.Validate_PreRouteDetail_COM"/>
  <testcase name="Validation_PreRouteDetailReport_DataValidation_COM" time="0.000" classname="Logi.PreRouteDetail.Validate_PreRouteDetail_COM"/>
  <testcase name="Validation_PreRouteDetailReport_DataValidation_COM" time="0.000" classname="Logi.PreRouteDetail.Validate_PreRouteDetail_COM"/>
  <testcase name="Validation_PreRouteDetailReport_DataValidation_COM" time="0.000" classname="Logi.PreRouteDetail.Validate_PreRouteDetail_COM"/>
  <testcase name="Validation_PreRouteDetailReport_DataValidation_COM" time="0.000" classname="Logi.PreRouteDetail.Validate_PreRouteDetail_COM"/>
  <testcase name="Validation_PreRouteDetailReport_DataValidation_COM" time="0.000" classname="Logi.PreRouteDetail.Validate_PreRouteDetail_COM"/>
  <testcase name="Validation_PreRouteDetailReport_DataValidation_COM" time="0.000" classname="Logi.PreRouteDetail.Validate_PreRouteDetail_COM"/>
  <testcase name="Validation_PreRouteDetailReport_DataValidation_COM" time="0.000" classname="Logi.PreRouteDetail.Validate_PreRouteDetail_COM"/>
  <testcase name="Validation_PreRouteDetailReport_DataValidation_COM" time="0.000" classname="Logi.PreRouteDetail.Validate_PreRouteDetail_COM"/>
  <testcase name="Validation_PreRouteDetailReport_DataValidation_COM" time="0.000" classname="Logi.PreRouteDetail.Validate_PreRouteDetail_COM"/>
  <testcase name="Validation_PreRouteDetailReport_DataValidation_COM" time="0.000" classname="Logi.PreRouteDetail.Validate_PreRouteDetail_COM"/>
  <testcase name="Validation_PreRouteDetailReport_DataValidation_COM" time="0.000" classname="Logi.PreRouteDetail.Validate_PreRouteDetail_COM"/>
  <testcase name="Validation_PreRouteDetailReport_DataValidation_COM" time="0.000" classname="Logi.PreRouteDetail.Validate_PreRouteDetail_COM"/>
  <testcase name="Validation_PreRouteDetailReport_DataValidation_COM" time="0.000" classname="Logi.PreRouteDetail.Validate_PreRouteDetail_COM"/>
  <testcase name="Validation_PreRouteDetailReport_DataValidation_COM" time="0.000" classname="Logi.PreRouteDetail.Validate_PreRouteDetail_COM"/>
  <testcase name="Validation_PreRouteDetailReport_DataValidation_COM" time="0.000" classname="Logi.PreRouteDetail.Validate_PreRouteDetail_COM"/>
  <testcase name="Validation_PreRouteDetailReport_DataValidation_COM" time="0.000" classname="Logi.PreRouteDetail.Validate_PreRouteDetail_COM"/>
  <testcase name="Validation_PreRouteDetailReport_DataValidation_COM" time="0.000" classname="Logi.PreRouteDetail.Validate_PreRouteDetail_COM"/>
  <testcase name="Validation_PreRouteDetailReport_DataValidation_COM" time="0.000" classname="Logi.PreRouteDetail.Validate_PreRouteDetail_COM"/>
  <testcase name="Validation_PreRouteDetailReport_DataValidation_COM" time="0.000" classname="Logi.PreRouteDetail.Validate_PreRouteDetail_COM"/>
  <testcase name="Validation_PreRouteDetailReport_DataValidation_COM" time="0.000" classname="Logi.PreRouteDetail.Validate_PreRouteDetail_COM"/>
  <testcase name="Validation_PreRouteDetailReport_DataValidation_COM" time="0.000" classname="Logi.PreRouteDetail.Validate_PreRouteDetail_COM"/>
  <testcase name="Validation_PreRouteDetailReport_DataValidation_COM" time="0.000" classname="Logi.PreRouteDetail.Validate_PreRouteDetail_COM"/>
  <testcase name="Validation_PreRouteDetailReport_DataValidation_COM" time="0.000" classname="Logi.PreRouteDetail.Validate_PreRouteDetail_COM"/>
  <testcase name="Validation_PreRouteDetailReport_DataValidation_COM" time="0.000" classname="Logi.PreRouteDetail.Validate_PreRouteDetail_COM"/>
  <testcase name="Validation_PreRouteDetailReport_DataValidation_COM" time="114.065" classname="Logi.PreRouteDetail.Validate_PreRouteDetail_COM"/>
  <testcase name="Validation_PreRouteDetailReport_DataValidation_COM" time="0.000" classname="Logi.PreRouteDetail.Validate_PreRouteDetail_COM"/>
  <testcase name="Validation_PreRouteDetailReport_DataValidation_COM" time="0.000" classname="Logi.PreRouteDetail.Validate_PreRouteDetail_COM"/>
  <testcase name="Validation_PreRouteDetailReport_DataValidation_COM" time="0.000" classname="Logi.PreRouteDetail.Validate_PreRouteDetail_COM"/>
  <testcase name="Validation_PreRouteDetailReport_DataValidation_COM" time="0.000" classname="Logi.PreRouteDetail.Validate_PreRouteDetail_COM"/>
  <testcase name="Validation_PreRouteDetailReport_DataValidation_COM" time="0.016" classname="Logi.PreRouteDetail.Validate_PreRouteDetail_COM"/>
  <testcase name="Validation_PreRouteDetailReport_DataValidation_COM" time="0.000" classname="Logi.PreRouteDetail.Validate_PreRouteDetail_COM"/>
  <testcase name="Validation_PreRouteDetailReport_DataValidation_COM" time="0.000" classname="Logi.PreRouteDetail.Validate_PreRouteDetail_COM"/>
  <testcase name="Validation_PreRouteDetailReport_DataValidation_COM" time="0.000" classname="Logi.PreRouteDetail.Validate_PreRouteDetail_COM"/>
  <testcase name="Validation_PreRouteDetailReport_DataValidation_COM" time="0.013" classname="Logi.PreRouteDetail.Validate_PreRouteDetail_COM"/>
  <testcase name="Validation_PreRouteDetailReport_DataValidation_COM" time="0.000" classname="Logi.PreRouteDetail.Validate_PreRouteDetail_COM"/>
  <testcase name="Validation_PreRouteDetailReport_DataValidation_COM" time="0.000" classname="Logi.PreRouteDetail.Validate_PreRouteDetail_COM"/>
  <testcase name="Validation_PreRouteDetailReport_DataValidation_COM" time="0.000" classname="Logi.PreRouteDetail.Validate_PreRouteDetail_COM"/>
  <testcase name="Validation_PreRouteDetailReport_DataValidation_COM" time="0.000" classname="Logi.PreRouteDetail.Validate_PreRouteDetail_COM"/>
  <testcase name="Validation_PreRouteDetailReport_DataValidation_COM" time="0.000" classname="Logi.PreRouteDetail.Validate_PreRouteDetail_COM"/>
  <testcase name="Validation_PreRouteDetailReport_DataValidation_COM" time="0.000" classname="Logi.PreRouteDetail.Validate_PreRouteDetail_COM"/>
  <testcase name="Validation_PreRouteDetailReport_DataValidation_COM" time="0.000" classname="Logi.PreRouteDetail.Validate_PreRouteDetail_COM"/>
  <testcase name="Validation_PreRouteDetailReport_DataValidation_COM" time="0.000" classname="Logi.PreRouteDetail.Validate_PreRouteDetail_COM"/>
  <testcase name="Validation_PreRouteDetailReport_DataValidation_COM" time="0.000" classname="Logi.PreRouteDetail.Validate_PreRouteDetail_COM"/>
  <testcase name="Validation_PreRouteDetailReport_DataValidation_COM" time="0.000" classname="Logi.PreRouteDetail.Validate_PreRouteDetail_COM"/>
  <testcase name="Validation_PreRouteDetailReport_DataValidation_COM" time="0.000" classname="Logi.PreRouteDetail.Validate_PreRouteDetail_COM"/>
  <testcase name="Validation_PreRouteDetailReport_DataValidation_COM" time="0.000" classname="Logi.PreRouteDetail.Validate_PreRouteDetail_COM"/>
  <testcase name="Validation_PreRouteDetailReport_DataValidation_COM" time="0.000" classname="Logi.PreRouteDetail.Validate_PreRouteDetail_COM"/>
  <testcase name="Validation_PreRouteDetailReport_DataValidation_COM" time="0.000" classname="Logi.PreRouteDetail.Validate_PreRouteDetail_COM"/>
  <testcase name="Validation_PreRouteDetailReport_DataValidation_COM" time="0.000" classname="Logi.PreRouteDetail.Validate_PreRouteDetail_COM"/>
>>>>>>> branch 'master' of https://github.wm.com/srathore/OPUS_LOGI.git
</testsuite> <!-- Logi.PreRouteDetail.Validate_PreRouteDetail_COM -->
