<?xml version="1.0" encoding="UTF-8"?>
<!-- Generated by org.testng.reporters.JUnitReportReporter -->
<testsuite skipped="0" hostname="CB2012R2AUSE005" name="SDO.AMHuddle.VerifyTheUIOfAM_HuddleOnRMDashboard" tests="1" failures="0" timestamp="11 Jan 2018 23:23:27 GMT" time="92.845" errors="0">
  <testcase name="Verify_UI_Of_AM_Huddle_On_RMDashboard" time="92.845" classname="SDO.AMHuddle.VerifyTheUIOfAM_HuddleOnRMDashboard"/>
</testsuite> <!-- SDO.AMHuddle.VerifyTheUIOfAM_HuddleOnRMDashboard -->
