<?xml version="1.0" encoding="UTF-8"?>
<!-- Generated by org.testng.reporters.JUnitReportReporter -->
<testsuite skipped="0" hostname="ADCAPPD331" name="Logi.PostRouteDetailReport.Validate_PostRouteDetail_AllLOB" tests="87" failures="0" timestamp="16 Jan 2018 10:22:27 GMT" time="135.762" errors="0">
  <testcase name="Validation_PostRouteDetailReport_DataValidation_AllLOB" time="0.015" classname="Logi.PostRouteDetailReport.Validate_PostRouteDetail_AllLOB"/>
  <testcase name="Validation_PostRouteDetailReport_DataValidation_AllLOB" time="0.016" classname="Logi.PostRouteDetailReport.Validate_PostRouteDetail_AllLOB"/>
  <testcase name="Validation_PostRouteDetailReport_DataValidation_AllLOB" time="0.000" classname="Logi.PostRouteDetailReport.Validate_PostRouteDetail_AllLOB"/>
  <testcase name="Validation_PostRouteDetailReport_DataValidation_AllLOB" time="0.016" classname="Logi.PostRouteDetailReport.Validate_PostRouteDetail_AllLOB"/>
  <testcase name="Validation_PostRouteDetailReport_DataValidation_AllLOB" time="0.000" classname="Logi.PostRouteDetailReport.Validate_PostRouteDetail_AllLOB"/>
  <testcase name="Validation_PostRouteDetailReport_DataValidation_AllLOB" time="0.000" classname="Logi.PostRouteDetailReport.Validate_PostRouteDetail_AllLOB"/>
  <testcase name="Validation_PostRouteDetailReport_DataValidation_AllLOB" time="0.000" classname="Logi.PostRouteDetailReport.Validate_PostRouteDetail_AllLOB"/>
  <testcase name="Validation_PostRouteDetailReport_DataValidation_AllLOB" time="0.000" classname="Logi.PostRouteDetailReport.Validate_PostRouteDetail_AllLOB"/>
  <testcase name="Validation_PostRouteDetailReport_DataValidation_AllLOB" time="0.015" classname="Logi.PostRouteDetailReport.Validate_PostRouteDetail_AllLOB"/>
  <testcase name="Validation_PostRouteDetailReport_DataValidation_AllLOB" time="0.015" classname="Logi.PostRouteDetailReport.Validate_PostRouteDetail_AllLOB"/>
  <testcase name="Validation_PostRouteDetailReport_DataValidation_AllLOB" time="0.000" classname="Logi.PostRouteDetailReport.Validate_PostRouteDetail_AllLOB"/>
  <testcase name="Validation_PostRouteDetailReport_DataValidation_AllLOB" time="0.000" classname="Logi.PostRouteDetailReport.Validate_PostRouteDetail_AllLOB"/>
  <testcase name="Validation_PostRouteDetailReport_DataValidation_AllLOB" time="0.000" classname="Logi.PostRouteDetailReport.Validate_PostRouteDetail_AllLOB"/>
  <testcase name="Validation_PostRouteDetailReport_DataValidation_AllLOB" time="0.016" classname="Logi.PostRouteDetailReport.Validate_PostRouteDetail_AllLOB"/>
  <testcase name="Validation_PostRouteDetailReport_DataValidation_AllLOB" time="0.000" classname="Logi.PostRouteDetailReport.Validate_PostRouteDetail_AllLOB"/>
  <testcase name="Validation_PostRouteDetailReport_DataValidation_AllLOB" time="0.000" classname="Logi.PostRouteDetailReport.Validate_PostRouteDetail_AllLOB"/>
  <testcase name="Validation_PostRouteDetailReport_DataValidation_AllLOB" time="0.016" classname="Logi.PostRouteDetailReport.Validate_PostRouteDetail_AllLOB"/>
  <testcase name="Validation_PostRouteDetailReport_DataValidation_AllLOB" time="0.000" classname="Logi.PostRouteDetailReport.Validate_PostRouteDetail_AllLOB"/>
  <testcase name="Validation_PostRouteDetailReport_DataValidation_AllLOB" time="0.000" classname="Logi.PostRouteDetailReport.Validate_PostRouteDetail_AllLOB"/>
  <testcase name="Validation_PostRouteDetailReport_DataValidation_AllLOB" time="0.000" classname="Logi.PostRouteDetailReport.Validate_PostRouteDetail_AllLOB"/>
  <testcase name="Validation_PostRouteDetailReport_DataValidation_AllLOB" time="0.016" classname="Logi.PostRouteDetailReport.Validate_PostRouteDetail_AllLOB"/>
  <testcase name="Validation_PostRouteDetailReport_DataValidation_AllLOB" time="0.016" classname="Logi.PostRouteDetailReport.Validate_PostRouteDetail_AllLOB"/>
  <testcase name="Validation_PostRouteDetailReport_DataValidation_AllLOB" time="0.000" classname="Logi.PostRouteDetailReport.Validate_PostRouteDetail_AllLOB"/>
  <testcase name="Validation_PostRouteDetailReport_DataValidation_AllLOB" time="0.000" classname="Logi.PostRouteDetailReport.Validate_PostRouteDetail_AllLOB"/>
  <testcase name="Validation_PostRouteDetailReport_DataValidation_AllLOB" time="0.000" classname="Logi.PostRouteDetailReport.Validate_PostRouteDetail_AllLOB"/>
  <testcase name="Validation_PostRouteDetailReport_DataValidation_AllLOB" time="0.016" classname="Logi.PostRouteDetailReport.Validate_PostRouteDetail_AllLOB"/>
  <testcase name="Validation_PostRouteDetailReport_DataValidation_AllLOB" time="0.016" classname="Logi.PostRouteDetailReport.Validate_PostRouteDetail_AllLOB"/>
  <testcase name="Validation_PostRouteDetailReport_DataValidation_AllLOB" time="0.000" classname="Logi.PostRouteDetailReport.Validate_PostRouteDetail_AllLOB"/>
  <testcase name="Validation_PostRouteDetailReport_DataValidation_AllLOB" time="0.000" classname="Logi.PostRouteDetailReport.Validate_PostRouteDetail_AllLOB"/>
  <testcase name="Validation_PostRouteDetailReport_DataValidation_AllLOB" time="0.016" classname="Logi.PostRouteDetailReport.Validate_PostRouteDetail_AllLOB"/>
  <testcase name="Validation_PostRouteDetailReport_DataValidation_AllLOB" time="0.000" classname="Logi.PostRouteDetailReport.Validate_PostRouteDetail_AllLOB"/>
  <testcase name="Validation_PostRouteDetailReport_DataValidation_AllLOB" time="0.000" classname="Logi.PostRouteDetailReport.Validate_PostRouteDetail_AllLOB"/>
  <testcase name="Validation_PostRouteDetailReport_DataValidation_AllLOB" time="0.000" classname="Logi.PostRouteDetailReport.Validate_PostRouteDetail_AllLOB"/>
  <testcase name="Validation_PostRouteDetailReport_DataValidation_AllLOB" time="0.016" classname="Logi.PostRouteDetailReport.Validate_PostRouteDetail_AllLOB"/>
  <testcase name="Validation_PostRouteDetailReport_DataValidation_AllLOB" time="0.000" classname="Logi.PostRouteDetailReport.Validate_PostRouteDetail_AllLOB"/>
  <testcase name="Validation_PostRouteDetailReport_DataValidation_AllLOB" time="0.015" classname="Logi.PostRouteDetailReport.Validate_PostRouteDetail_AllLOB"/>
  <testcase name="Validation_PostRouteDetailReport_DataValidation_AllLOB" time="0.000" classname="Logi.PostRouteDetailReport.Validate_PostRouteDetail_AllLOB"/>
  <testcase name="Validation_PostRouteDetailReport_DataValidation_AllLOB" time="0.000" classname="Logi.PostRouteDetailReport.Validate_PostRouteDetail_AllLOB"/>
  <testcase name="Validation_PostRouteDetailReport_DataValidation_AllLOB" time="0.015" classname="Logi.PostRouteDetailReport.Validate_PostRouteDetail_AllLOB"/>
  <testcase name="Validation_PostRouteDetailReport_DataValidation_AllLOB" time="0.000" classname="Logi.PostRouteDetailReport.Validate_PostRouteDetail_AllLOB"/>
  <testcase name="Validation_PostRouteDetailReport_DataValidation_AllLOB" time="0.000" classname="Logi.PostRouteDetailReport.Validate_PostRouteDetail_AllLOB"/>
  <testcase name="Validation_PostRouteDetailReport_DataValidation_AllLOB" time="0.000" classname="Logi.PostRouteDetailReport.Validate_PostRouteDetail_AllLOB"/>
  <testcase name="Validation_PostRouteDetailReport_DataValidation_AllLOB" time="0.000" classname="Logi.PostRouteDetailReport.Validate_PostRouteDetail_AllLOB"/>
  <testcase name="Validation_PostRouteDetailReport_DataValidation_AllLOB" time="0.000" classname="Logi.PostRouteDetailReport.Validate_PostRouteDetail_AllLOB"/>
  <testcase name="Validation_PostRouteDetailReport_DataValidation_AllLOB" time="0.000" classname="Logi.PostRouteDetailReport.Validate_PostRouteDetail_AllLOB"/>
  <testcase name="Validation_PostRouteDetailReport_DataValidation_AllLOB" time="0.000" classname="Logi.PostRouteDetailReport.Validate_PostRouteDetail_AllLOB"/>
  <testcase name="Validation_PostRouteDetailReport_DataValidation_AllLOB" time="0.000" classname="Logi.PostRouteDetailReport.Validate_PostRouteDetail_AllLOB"/>
  <testcase name="Validation_PostRouteDetailReport_DataValidation_AllLOB" time="0.000" classname="Logi.PostRouteDetailReport.Validate_PostRouteDetail_AllLOB"/>
  <testcase name="Validation_PostRouteDetailReport_DataValidation_AllLOB" time="0.000" classname="Logi.PostRouteDetailReport.Validate_PostRouteDetail_AllLOB"/>
  <testcase name="Validation_PostRouteDetailReport_DataValidation_AllLOB" time="135.433" classname="Logi.PostRouteDetailReport.Validate_PostRouteDetail_AllLOB"/>
  <testcase name="Validation_PostRouteDetailReport_DataValidation_AllLOB" time="0.000" classname="Logi.PostRouteDetailReport.Validate_PostRouteDetail_AllLOB"/>
  <testcase name="Validation_PostRouteDetailReport_DataValidation_AllLOB" time="0.000" classname="Logi.PostRouteDetailReport.Validate_PostRouteDetail_AllLOB"/>
  <testcase name="Validation_PostRouteDetailReport_DataValidation_AllLOB" time="0.000" classname="Logi.PostRouteDetailReport.Validate_PostRouteDetail_AllLOB"/>
  <testcase name="Validation_PostRouteDetailReport_DataValidation_AllLOB" time="0.000" classname="Logi.PostRouteDetailReport.Validate_PostRouteDetail_AllLOB"/>
  <testcase name="Validation_PostRouteDetailReport_DataValidation_AllLOB" time="0.000" classname="Logi.PostRouteDetailReport.Validate_PostRouteDetail_AllLOB"/>
  <testcase name="Validation_PostRouteDetailReport_DataValidation_AllLOB" time="0.000" classname="Logi.PostRouteDetailReport.Validate_PostRouteDetail_AllLOB"/>
  <testcase name="Validation_PostRouteDetailReport_DataValidation_AllLOB" time="0.000" classname="Logi.PostRouteDetailReport.Validate_PostRouteDetail_AllLOB"/>
  <testcase name="Validation_PostRouteDetailReport_DataValidation_AllLOB" time="0.000" classname="Logi.PostRouteDetailReport.Validate_PostRouteDetail_AllLOB"/>
  <testcase name="Validation_PostRouteDetailReport_DataValidation_AllLOB" time="0.000" classname="Logi.PostRouteDetailReport.Validate_PostRouteDetail_AllLOB"/>
  <testcase name="Validation_PostRouteDetailReport_DataValidation_AllLOB" time="0.016" classname="Logi.PostRouteDetailReport.Validate_PostRouteDetail_AllLOB"/>
  <testcase name="Validation_PostRouteDetailReport_DataValidation_AllLOB" time="0.000" classname="Logi.PostRouteDetailReport.Validate_PostRouteDetail_AllLOB"/>
  <testcase name="Validation_PostRouteDetailReport_DataValidation_AllLOB" time="0.000" classname="Logi.PostRouteDetailReport.Validate_PostRouteDetail_AllLOB"/>
  <testcase name="Validation_PostRouteDetailReport_DataValidation_AllLOB" time="0.000" classname="Logi.PostRouteDetailReport.Validate_PostRouteDetail_AllLOB"/>
  <testcase name="Validation_PostRouteDetailReport_DataValidation_AllLOB" time="0.000" classname="Logi.PostRouteDetailReport.Validate_PostRouteDetail_AllLOB"/>
  <testcase name="Validation_PostRouteDetailReport_DataValidation_AllLOB" time="0.000" classname="Logi.PostRouteDetailReport.Validate_PostRouteDetail_AllLOB"/>
  <testcase name="Validation_PostRouteDetailReport_DataValidation_AllLOB" time="0.000" classname="Logi.PostRouteDetailReport.Validate_PostRouteDetail_AllLOB"/>
  <testcase name="Validation_PostRouteDetailReport_DataValidation_AllLOB" time="0.016" classname="Logi.PostRouteDetailReport.Validate_PostRouteDetail_AllLOB"/>
  <testcase name="Validation_PostRouteDetailReport_DataValidation_AllLOB" time="0.000" classname="Logi.PostRouteDetailReport.Validate_PostRouteDetail_AllLOB"/>
  <testcase name="Validation_PostRouteDetailReport_DataValidation_AllLOB" time="0.015" classname="Logi.PostRouteDetailReport.Validate_PostRouteDetail_AllLOB"/>
  <testcase name="Validation_PostRouteDetailReport_DataValidation_AllLOB" time="0.000" classname="Logi.PostRouteDetailReport.Validate_PostRouteDetail_AllLOB"/>
  <testcase name="Validation_PostRouteDetailReport_DataValidation_AllLOB" time="0.000" classname="Logi.PostRouteDetailReport.Validate_PostRouteDetail_AllLOB"/>
  <testcase name="Validation_PostRouteDetailReport_DataValidation_AllLOB" time="0.000" classname="Logi.PostRouteDetailReport.Validate_PostRouteDetail_AllLOB"/>
  <testcase name="Validation_PostRouteDetailReport_DataValidation_AllLOB" time="0.000" classname="Logi.PostRouteDetailReport.Validate_PostRouteDetail_AllLOB"/>
  <testcase name="Validation_PostRouteDetailReport_DataValidation_AllLOB" time="0.000" classname="Logi.PostRouteDetailReport.Validate_PostRouteDetail_AllLOB"/>
  <testcase name="Validation_PostRouteDetailReport_DataValidation_AllLOB" time="0.000" classname="Logi.PostRouteDetailReport.Validate_PostRouteDetail_AllLOB"/>
  <testcase name="Validation_PostRouteDetailReport_DataValidation_AllLOB" time="0.016" classname="Logi.PostRouteDetailReport.Validate_PostRouteDetail_AllLOB"/>
  <testcase name="Validation_PostRouteDetailReport_DataValidation_AllLOB" time="0.000" classname="Logi.PostRouteDetailReport.Validate_PostRouteDetail_AllLOB"/>
  <testcase name="Validation_PostRouteDetailReport_DataValidation_AllLOB" time="0.015" classname="Logi.PostRouteDetailReport.Validate_PostRouteDetail_AllLOB"/>
  <testcase name="Validation_PostRouteDetailReport_DataValidation_AllLOB" time="0.000" classname="Logi.PostRouteDetailReport.Validate_PostRouteDetail_AllLOB"/>
  <testcase name="Validation_PostRouteDetailReport_DataValidation_AllLOB" time="0.000" classname="Logi.PostRouteDetailReport.Validate_PostRouteDetail_AllLOB"/>
  <testcase name="Validation_PostRouteDetailReport_DataValidation_AllLOB" time="0.000" classname="Logi.PostRouteDetailReport.Validate_PostRouteDetail_AllLOB"/>
  <testcase name="Validation_PostRouteDetailReport_DataValidation_AllLOB" time="0.000" classname="Logi.PostRouteDetailReport.Validate_PostRouteDetail_AllLOB"/>
  <testcase name="Validation_PostRouteDetailReport_DataValidation_AllLOB" time="0.016" classname="Logi.PostRouteDetailReport.Validate_PostRouteDetail_AllLOB"/>
  <testcase name="Validation_PostRouteDetailReport_DataValidation_AllLOB" time="0.000" classname="Logi.PostRouteDetailReport.Validate_PostRouteDetail_AllLOB"/>
  <testcase name="Validation_PostRouteDetailReport_DataValidation_AllLOB" time="0.000" classname="Logi.PostRouteDetailReport.Validate_PostRouteDetail_AllLOB"/>
  <testcase name="Validation_PostRouteDetailReport_DataValidation_AllLOB" time="0.000" classname="Logi.PostRouteDetailReport.Validate_PostRouteDetail_AllLOB"/>
  <testcase name="Validation_PostRouteDetailReport_DataValidation_AllLOB" time="0.000" classname="Logi.PostRouteDetailReport.Validate_PostRouteDetail_AllLOB"/>
</testsuite> <!-- Logi.PostRouteDetailReport.Validate_PostRouteDetail_AllLOB -->
