<?xml version="1.0" encoding="UTF-8"?>
<!-- Generated by org.testng.reporters.JUnitReportReporter -->
<testsuite skipped="0" hostname="CB2012R2AUSE003" name="SDOTest.AMHuddle.Display_Total_section_Comm_1" tests="1" failures="0" timestamp="31 Aug 2017 10:54:49 GMT" time="29.499" errors="0">
  <testcase name="OpusSDO_DisplayTotalSectionCommercial" time="29.499" classname="SDOTest.AMHuddle.Display_Total_section_Comm_1"/>
</testsuite> <!-- SDOTest.AMHuddle.Display_Total_section_Comm_1 -->
