<?xml version="1.0" encoding="UTF-8"?>
<!-- Generated by org.testng.reporters.JUnitReportReporter -->
<<<<<<< HEAD
<testsuite skipped="0" hostname="ADCAPPD331" name="Logi.IdleSummaryReport.Validate_IdleSummary_UI_Functionality_AllLOB" tests="83" failures="0" timestamp="08 Jan 2018 07:04:48 GMT" time="75.044" errors="0">
  <testcase name="Validation_IdleSummaryReport_UI_Functionality_AllLOB" time="0.015" classname="Logi.IdleSummaryReport.Validate_IdleSummary_UI_Functionality_AllLOB"/>
  <testcase name="Validation_IdleSummaryReport_UI_Functionality_AllLOB" time="0.016" classname="Logi.IdleSummaryReport.Validate_IdleSummary_UI_Functionality_AllLOB"/>
  <testcase name="Validation_IdleSummaryReport_UI_Functionality_AllLOB" time="0.015" classname="Logi.IdleSummaryReport.Validate_IdleSummary_UI_Functionality_AllLOB"/>
  <testcase name="Validation_IdleSummaryReport_UI_Functionality_AllLOB" time="0.000" classname="Logi.IdleSummaryReport.Validate_IdleSummary_UI_Functionality_AllLOB"/>
  <testcase name="Validation_IdleSummaryReport_UI_Functionality_AllLOB" time="0.000" classname="Logi.IdleSummaryReport.Validate_IdleSummary_UI_Functionality_AllLOB"/>
  <testcase name="Validation_IdleSummaryReport_UI_Functionality_AllLOB" time="0.000" classname="Logi.IdleSummaryReport.Validate_IdleSummary_UI_Functionality_AllLOB"/>
  <testcase name="Validation_IdleSummaryReport_UI_Functionality_AllLOB" time="0.000" classname="Logi.IdleSummaryReport.Validate_IdleSummary_UI_Functionality_AllLOB"/>
  <testcase name="Validation_IdleSummaryReport_UI_Functionality_AllLOB" time="0.000" classname="Logi.IdleSummaryReport.Validate_IdleSummary_UI_Functionality_AllLOB"/>
  <testcase name="Validation_IdleSummaryReport_UI_Functionality_AllLOB" time="0.000" classname="Logi.IdleSummaryReport.Validate_IdleSummary_UI_Functionality_AllLOB"/>
  <testcase name="Validation_IdleSummaryReport_UI_Functionality_AllLOB" time="0.000" classname="Logi.IdleSummaryReport.Validate_IdleSummary_UI_Functionality_AllLOB"/>
  <testcase name="Validation_IdleSummaryReport_UI_Functionality_AllLOB" time="0.000" classname="Logi.IdleSummaryReport.Validate_IdleSummary_UI_Functionality_AllLOB"/>
  <testcase name="Validation_IdleSummaryReport_UI_Functionality_AllLOB" time="0.000" classname="Logi.IdleSummaryReport.Validate_IdleSummary_UI_Functionality_AllLOB"/>
  <testcase name="Validation_IdleSummaryReport_UI_Functionality_AllLOB" time="0.000" classname="Logi.IdleSummaryReport.Validate_IdleSummary_UI_Functionality_AllLOB"/>
  <testcase name="Validation_IdleSummaryReport_UI_Functionality_AllLOB" time="0.000" classname="Logi.IdleSummaryReport.Validate_IdleSummary_UI_Functionality_AllLOB"/>
  <testcase name="Validation_IdleSummaryReport_UI_Functionality_AllLOB" time="0.016" classname="Logi.IdleSummaryReport.Validate_IdleSummary_UI_Functionality_AllLOB"/>
  <testcase name="Validation_IdleSummaryReport_UI_Functionality_AllLOB" time="0.016" classname="Logi.IdleSummaryReport.Validate_IdleSummary_UI_Functionality_AllLOB"/>
  <testcase name="Validation_IdleSummaryReport_UI_Functionality_AllLOB" time="0.000" classname="Logi.IdleSummaryReport.Validate_IdleSummary_UI_Functionality_AllLOB"/>
  <testcase name="Validation_IdleSummaryReport_UI_Functionality_AllLOB" time="0.000" classname="Logi.IdleSummaryReport.Validate_IdleSummary_UI_Functionality_AllLOB"/>
  <testcase name="Validation_IdleSummaryReport_UI_Functionality_AllLOB" time="0.000" classname="Logi.IdleSummaryReport.Validate_IdleSummary_UI_Functionality_AllLOB"/>
  <testcase name="Validation_IdleSummaryReport_UI_Functionality_AllLOB" time="0.000" classname="Logi.IdleSummaryReport.Validate_IdleSummary_UI_Functionality_AllLOB"/>
  <testcase name="Validation_IdleSummaryReport_UI_Functionality_AllLOB" time="0.000" classname="Logi.IdleSummaryReport.Validate_IdleSummary_UI_Functionality_AllLOB"/>
  <testcase name="Validation_IdleSummaryReport_UI_Functionality_AllLOB" time="0.000" classname="Logi.IdleSummaryReport.Validate_IdleSummary_UI_Functionality_AllLOB"/>
  <testcase name="Validation_IdleSummaryReport_UI_Functionality_AllLOB" time="0.402" classname="Logi.IdleSummaryReport.Validate_IdleSummary_UI_Functionality_AllLOB"/>
  <testcase name="Validation_IdleSummaryReport_UI_Functionality_AllLOB" time="0.000" classname="Logi.IdleSummaryReport.Validate_IdleSummary_UI_Functionality_AllLOB"/>
  <testcase name="Validation_IdleSummaryReport_UI_Functionality_AllLOB" time="0.000" classname="Logi.IdleSummaryReport.Validate_IdleSummary_UI_Functionality_AllLOB"/>
  <testcase name="Validation_IdleSummaryReport_UI_Functionality_AllLOB" time="0.000" classname="Logi.IdleSummaryReport.Validate_IdleSummary_UI_Functionality_AllLOB"/>
  <testcase name="Validation_IdleSummaryReport_UI_Functionality_AllLOB" time="0.000" classname="Logi.IdleSummaryReport.Validate_IdleSummary_UI_Functionality_AllLOB"/>
  <testcase name="Validation_IdleSummaryReport_UI_Functionality_AllLOB" time="0.016" classname="Logi.IdleSummaryReport.Validate_IdleSummary_UI_Functionality_AllLOB"/>
  <testcase name="Validation_IdleSummaryReport_UI_Functionality_AllLOB" time="0.000" classname="Logi.IdleSummaryReport.Validate_IdleSummary_UI_Functionality_AllLOB"/>
  <testcase name="Validation_IdleSummaryReport_UI_Functionality_AllLOB" time="0.000" classname="Logi.IdleSummaryReport.Validate_IdleSummary_UI_Functionality_AllLOB"/>
  <testcase name="Validation_IdleSummaryReport_UI_Functionality_AllLOB" time="0.000" classname="Logi.IdleSummaryReport.Validate_IdleSummary_UI_Functionality_AllLOB"/>
  <testcase name="Validation_IdleSummaryReport_UI_Functionality_AllLOB" time="0.016" classname="Logi.IdleSummaryReport.Validate_IdleSummary_UI_Functionality_AllLOB"/>
  <testcase name="Validation_IdleSummaryReport_UI_Functionality_AllLOB" time="0.000" classname="Logi.IdleSummaryReport.Validate_IdleSummary_UI_Functionality_AllLOB"/>
  <testcase name="Validation_IdleSummaryReport_UI_Functionality_AllLOB" time="0.000" classname="Logi.IdleSummaryReport.Validate_IdleSummary_UI_Functionality_AllLOB"/>
  <testcase name="Validation_IdleSummaryReport_UI_Functionality_AllLOB" time="0.000" classname="Logi.IdleSummaryReport.Validate_IdleSummary_UI_Functionality_AllLOB"/>
  <testcase name="Validation_IdleSummaryReport_UI_Functionality_AllLOB" time="0.000" classname="Logi.IdleSummaryReport.Validate_IdleSummary_UI_Functionality_AllLOB"/>
  <testcase name="Validation_IdleSummaryReport_UI_Functionality_AllLOB" time="0.000" classname="Logi.IdleSummaryReport.Validate_IdleSummary_UI_Functionality_AllLOB"/>
  <testcase name="Validation_IdleSummaryReport_UI_Functionality_AllLOB" time="0.016" classname="Logi.IdleSummaryReport.Validate_IdleSummary_UI_Functionality_AllLOB"/>
  <testcase name="Validation_IdleSummaryReport_UI_Functionality_AllLOB" time="0.015" classname="Logi.IdleSummaryReport.Validate_IdleSummary_UI_Functionality_AllLOB"/>
  <testcase name="Validation_IdleSummaryReport_UI_Functionality_AllLOB" time="0.016" classname="Logi.IdleSummaryReport.Validate_IdleSummary_UI_Functionality_AllLOB"/>
  <testcase name="Validation_IdleSummaryReport_UI_Functionality_AllLOB" time="0.000" classname="Logi.IdleSummaryReport.Validate_IdleSummary_UI_Functionality_AllLOB"/>
  <testcase name="Validation_IdleSummaryReport_UI_Functionality_AllLOB" time="0.016" classname="Logi.IdleSummaryReport.Validate_IdleSummary_UI_Functionality_AllLOB"/>
  <testcase name="Validation_IdleSummaryReport_UI_Functionality_AllLOB" time="0.000" classname="Logi.IdleSummaryReport.Validate_IdleSummary_UI_Functionality_AllLOB"/>
  <testcase name="Validation_IdleSummaryReport_UI_Functionality_AllLOB" time="0.000" classname="Logi.IdleSummaryReport.Validate_IdleSummary_UI_Functionality_AllLOB"/>
  <testcase name="Validation_IdleSummaryReport_UI_Functionality_AllLOB" time="0.000" classname="Logi.IdleSummaryReport.Validate_IdleSummary_UI_Functionality_AllLOB"/>
  <testcase name="Validation_IdleSummaryReport_UI_Functionality_AllLOB" time="0.000" classname="Logi.IdleSummaryReport.Validate_IdleSummary_UI_Functionality_AllLOB"/>
  <testcase name="Validation_IdleSummaryReport_UI_Functionality_AllLOB" time="0.000" classname="Logi.IdleSummaryReport.Validate_IdleSummary_UI_Functionality_AllLOB"/>
  <testcase name="Validation_IdleSummaryReport_UI_Functionality_AllLOB" time="0.000" classname="Logi.IdleSummaryReport.Validate_IdleSummary_UI_Functionality_AllLOB"/>
  <testcase name="Validation_IdleSummaryReport_UI_Functionality_AllLOB" time="0.000" classname="Logi.IdleSummaryReport.Validate_IdleSummary_UI_Functionality_AllLOB"/>
  <testcase name="Validation_IdleSummaryReport_UI_Functionality_AllLOB" time="0.000" classname="Logi.IdleSummaryReport.Validate_IdleSummary_UI_Functionality_AllLOB"/>
  <testcase name="Validation_IdleSummaryReport_UI_Functionality_AllLOB" time="0.000" classname="Logi.IdleSummaryReport.Validate_IdleSummary_UI_Functionality_AllLOB"/>
  <testcase name="Validation_IdleSummaryReport_UI_Functionality_AllLOB" time="0.000" classname="Logi.IdleSummaryReport.Validate_IdleSummary_UI_Functionality_AllLOB"/>
  <testcase name="Validation_IdleSummaryReport_UI_Functionality_AllLOB" time="0.000" classname="Logi.IdleSummaryReport.Validate_IdleSummary_UI_Functionality_AllLOB"/>
  <testcase name="Validation_IdleSummaryReport_UI_Functionality_AllLOB" time="0.000" classname="Logi.IdleSummaryReport.Validate_IdleSummary_UI_Functionality_AllLOB"/>
  <testcase name="Validation_IdleSummaryReport_UI_Functionality_AllLOB" time="0.000" classname="Logi.IdleSummaryReport.Validate_IdleSummary_UI_Functionality_AllLOB"/>
  <testcase name="Validation_IdleSummaryReport_UI_Functionality_AllLOB" time="0.016" classname="Logi.IdleSummaryReport.Validate_IdleSummary_UI_Functionality_AllLOB"/>
  <testcase name="Validation_IdleSummaryReport_UI_Functionality_AllLOB" time="0.016" classname="Logi.IdleSummaryReport.Validate_IdleSummary_UI_Functionality_AllLOB"/>
  <testcase name="Validation_IdleSummaryReport_UI_Functionality_AllLOB" time="0.000" classname="Logi.IdleSummaryReport.Validate_IdleSummary_UI_Functionality_AllLOB"/>
  <testcase name="Validation_IdleSummaryReport_UI_Functionality_AllLOB" time="0.000" classname="Logi.IdleSummaryReport.Validate_IdleSummary_UI_Functionality_AllLOB"/>
  <testcase name="Validation_IdleSummaryReport_UI_Functionality_AllLOB" time="0.000" classname="Logi.IdleSummaryReport.Validate_IdleSummary_UI_Functionality_AllLOB"/>
  <testcase name="Validation_IdleSummaryReport_UI_Functionality_AllLOB" time="0.000" classname="Logi.IdleSummaryReport.Validate_IdleSummary_UI_Functionality_AllLOB"/>
  <testcase name="Validation_IdleSummaryReport_UI_Functionality_AllLOB" time="0.000" classname="Logi.IdleSummaryReport.Validate_IdleSummary_UI_Functionality_AllLOB"/>
  <testcase name="Validation_IdleSummaryReport_UI_Functionality_AllLOB" time="0.015" classname="Logi.IdleSummaryReport.Validate_IdleSummary_UI_Functionality_AllLOB"/>
  <testcase name="Validation_IdleSummaryReport_UI_Functionality_AllLOB" time="0.000" classname="Logi.IdleSummaryReport.Validate_IdleSummary_UI_Functionality_AllLOB"/>
  <testcase name="Validation_IdleSummaryReport_UI_Functionality_AllLOB" time="0.000" classname="Logi.IdleSummaryReport.Validate_IdleSummary_UI_Functionality_AllLOB"/>
  <testcase name="Validation_IdleSummaryReport_UI_Functionality_AllLOB" time="0.016" classname="Logi.IdleSummaryReport.Validate_IdleSummary_UI_Functionality_AllLOB"/>
  <testcase name="Validation_IdleSummaryReport_UI_Functionality_AllLOB" time="0.000" classname="Logi.IdleSummaryReport.Validate_IdleSummary_UI_Functionality_AllLOB"/>
  <testcase name="Validation_IdleSummaryReport_UI_Functionality_AllLOB" time="0.000" classname="Logi.IdleSummaryReport.Validate_IdleSummary_UI_Functionality_AllLOB"/>
  <testcase name="Validation_IdleSummaryReport_UI_Functionality_AllLOB" time="0.000" classname="Logi.IdleSummaryReport.Validate_IdleSummary_UI_Functionality_AllLOB"/>
  <testcase name="Validation_IdleSummaryReport_UI_Functionality_AllLOB" time="0.000" classname="Logi.IdleSummaryReport.Validate_IdleSummary_UI_Functionality_AllLOB"/>
  <testcase name="Validation_IdleSummaryReport_UI_Functionality_AllLOB" time="0.000" classname="Logi.IdleSummaryReport.Validate_IdleSummary_UI_Functionality_AllLOB"/>
  <testcase name="Validation_IdleSummaryReport_UI_Functionality_AllLOB" time="0.015" classname="Logi.IdleSummaryReport.Validate_IdleSummary_UI_Functionality_AllLOB"/>
  <testcase name="Validation_IdleSummaryReport_UI_Functionality_AllLOB" time="0.000" classname="Logi.IdleSummaryReport.Validate_IdleSummary_UI_Functionality_AllLOB"/>
  <testcase name="Validation_IdleSummaryReport_UI_Functionality_AllLOB" time="74.376" classname="Logi.IdleSummaryReport.Validate_IdleSummary_UI_Functionality_AllLOB"/>
  <testcase name="Validation_IdleSummaryReport_UI_Functionality_AllLOB" time="0.015" classname="Logi.IdleSummaryReport.Validate_IdleSummary_UI_Functionality_AllLOB"/>
  <testcase name="Validation_IdleSummaryReport_UI_Functionality_AllLOB" time="0.000" classname="Logi.IdleSummaryReport.Validate_IdleSummary_UI_Functionality_AllLOB"/>
  <testcase name="Validation_IdleSummaryReport_UI_Functionality_AllLOB" time="0.000" classname="Logi.IdleSummaryReport.Validate_IdleSummary_UI_Functionality_AllLOB"/>
  <testcase name="Validation_IdleSummaryReport_UI_Functionality_AllLOB" time="0.000" classname="Logi.IdleSummaryReport.Validate_IdleSummary_UI_Functionality_AllLOB"/>
  <testcase name="Validation_IdleSummaryReport_UI_Functionality_AllLOB" time="0.000" classname="Logi.IdleSummaryReport.Validate_IdleSummary_UI_Functionality_AllLOB"/>
  <testcase name="Validation_IdleSummaryReport_UI_Functionality_AllLOB" time="0.000" classname="Logi.IdleSummaryReport.Validate_IdleSummary_UI_Functionality_AllLOB"/>
  <testcase name="Validation_IdleSummaryReport_UI_Functionality_AllLOB" time="0.000" classname="Logi.IdleSummaryReport.Validate_IdleSummary_UI_Functionality_AllLOB"/>
=======
<testsuite skipped="0" hostname="CB2012R2AUSE005" name="Logi.IdleSummaryReport.Validate_IdleSummary_UI_Functionality_AllLOB" tests="87" failures="0" timestamp="11 Jan 2018 23:23:23 GMT" time="0.029" errors="0">
  <testcase name="Validation_IdleSummaryReport_UI_Functionality_AllLOB" time="0.000" classname="Logi.IdleSummaryReport.Validate_IdleSummary_UI_Functionality_AllLOB"/>
  <testcase name="Validation_IdleSummaryReport_UI_Functionality_AllLOB" time="0.000" classname="Logi.IdleSummaryReport.Validate_IdleSummary_UI_Functionality_AllLOB"/>
  <testcase name="Validation_IdleSummaryReport_UI_Functionality_AllLOB" time="0.000" classname="Logi.IdleSummaryReport.Validate_IdleSummary_UI_Functionality_AllLOB"/>
  <testcase name="Validation_IdleSummaryReport_UI_Functionality_AllLOB" time="0.000" classname="Logi.IdleSummaryReport.Validate_IdleSummary_UI_Functionality_AllLOB"/>
  <testcase name="Validation_IdleSummaryReport_UI_Functionality_AllLOB" time="0.000" classname="Logi.IdleSummaryReport.Validate_IdleSummary_UI_Functionality_AllLOB"/>
  <testcase name="Validation_IdleSummaryReport_UI_Functionality_AllLOB" time="0.000" classname="Logi.IdleSummaryReport.Validate_IdleSummary_UI_Functionality_AllLOB"/>
  <testcase name="Validation_IdleSummaryReport_UI_Functionality_AllLOB" time="0.000" classname="Logi.IdleSummaryReport.Validate_IdleSummary_UI_Functionality_AllLOB"/>
  <testcase name="Validation_IdleSummaryReport_UI_Functionality_AllLOB" time="0.000" classname="Logi.IdleSummaryReport.Validate_IdleSummary_UI_Functionality_AllLOB"/>
  <testcase name="Validation_IdleSummaryReport_UI_Functionality_AllLOB" time="0.000" classname="Logi.IdleSummaryReport.Validate_IdleSummary_UI_Functionality_AllLOB"/>
  <testcase name="Validation_IdleSummaryReport_UI_Functionality_AllLOB" time="0.000" classname="Logi.IdleSummaryReport.Validate_IdleSummary_UI_Functionality_AllLOB"/>
  <testcase name="Validation_IdleSummaryReport_UI_Functionality_AllLOB" time="0.000" classname="Logi.IdleSummaryReport.Validate_IdleSummary_UI_Functionality_AllLOB"/>
  <testcase name="Validation_IdleSummaryReport_UI_Functionality_AllLOB" time="0.000" classname="Logi.IdleSummaryReport.Validate_IdleSummary_UI_Functionality_AllLOB"/>
  <testcase name="Validation_IdleSummaryReport_UI_Functionality_AllLOB" time="0.000" classname="Logi.IdleSummaryReport.Validate_IdleSummary_UI_Functionality_AllLOB"/>
  <testcase name="Validation_IdleSummaryReport_UI_Functionality_AllLOB" time="0.000" classname="Logi.IdleSummaryReport.Validate_IdleSummary_UI_Functionality_AllLOB"/>
  <testcase name="Validation_IdleSummaryReport_UI_Functionality_AllLOB" time="0.000" classname="Logi.IdleSummaryReport.Validate_IdleSummary_UI_Functionality_AllLOB"/>
  <testcase name="Validation_IdleSummaryReport_UI_Functionality_AllLOB" time="0.000" classname="Logi.IdleSummaryReport.Validate_IdleSummary_UI_Functionality_AllLOB"/>
  <testcase name="Validation_IdleSummaryReport_UI_Functionality_AllLOB" time="0.000" classname="Logi.IdleSummaryReport.Validate_IdleSummary_UI_Functionality_AllLOB"/>
  <testcase name="Validation_IdleSummaryReport_UI_Functionality_AllLOB" time="0.000" classname="Logi.IdleSummaryReport.Validate_IdleSummary_UI_Functionality_AllLOB"/>
  <testcase name="Validation_IdleSummaryReport_UI_Functionality_AllLOB" time="0.000" classname="Logi.IdleSummaryReport.Validate_IdleSummary_UI_Functionality_AllLOB"/>
  <testcase name="Validation_IdleSummaryReport_UI_Functionality_AllLOB" time="0.000" classname="Logi.IdleSummaryReport.Validate_IdleSummary_UI_Functionality_AllLOB"/>
  <testcase name="Validation_IdleSummaryReport_UI_Functionality_AllLOB" time="0.000" classname="Logi.IdleSummaryReport.Validate_IdleSummary_UI_Functionality_AllLOB"/>
  <testcase name="Validation_IdleSummaryReport_UI_Functionality_AllLOB" time="0.000" classname="Logi.IdleSummaryReport.Validate_IdleSummary_UI_Functionality_AllLOB"/>
  <testcase name="Validation_IdleSummaryReport_UI_Functionality_AllLOB" time="0.001" classname="Logi.IdleSummaryReport.Validate_IdleSummary_UI_Functionality_AllLOB"/>
  <testcase name="Validation_IdleSummaryReport_UI_Functionality_AllLOB" time="0.000" classname="Logi.IdleSummaryReport.Validate_IdleSummary_UI_Functionality_AllLOB"/>
  <testcase name="Validation_IdleSummaryReport_UI_Functionality_AllLOB" time="0.000" classname="Logi.IdleSummaryReport.Validate_IdleSummary_UI_Functionality_AllLOB"/>
  <testcase name="Validation_IdleSummaryReport_UI_Functionality_AllLOB" time="0.000" classname="Logi.IdleSummaryReport.Validate_IdleSummary_UI_Functionality_AllLOB"/>
  <testcase name="Validation_IdleSummaryReport_UI_Functionality_AllLOB" time="0.000" classname="Logi.IdleSummaryReport.Validate_IdleSummary_UI_Functionality_AllLOB"/>
  <testcase name="Validation_IdleSummaryReport_UI_Functionality_AllLOB" time="0.000" classname="Logi.IdleSummaryReport.Validate_IdleSummary_UI_Functionality_AllLOB"/>
  <testcase name="Validation_IdleSummaryReport_UI_Functionality_AllLOB" time="0.000" classname="Logi.IdleSummaryReport.Validate_IdleSummary_UI_Functionality_AllLOB"/>
  <testcase name="Validation_IdleSummaryReport_UI_Functionality_AllLOB" time="0.000" classname="Logi.IdleSummaryReport.Validate_IdleSummary_UI_Functionality_AllLOB"/>
  <testcase name="Validation_IdleSummaryReport_UI_Functionality_AllLOB" time="0.000" classname="Logi.IdleSummaryReport.Validate_IdleSummary_UI_Functionality_AllLOB"/>
  <testcase name="Validation_IdleSummaryReport_UI_Functionality_AllLOB" time="0.000" classname="Logi.IdleSummaryReport.Validate_IdleSummary_UI_Functionality_AllLOB"/>
  <testcase name="Validation_IdleSummaryReport_UI_Functionality_AllLOB" time="0.000" classname="Logi.IdleSummaryReport.Validate_IdleSummary_UI_Functionality_AllLOB"/>
  <testcase name="Validation_IdleSummaryReport_UI_Functionality_AllLOB" time="0.000" classname="Logi.IdleSummaryReport.Validate_IdleSummary_UI_Functionality_AllLOB"/>
  <testcase name="Validation_IdleSummaryReport_UI_Functionality_AllLOB" time="0.000" classname="Logi.IdleSummaryReport.Validate_IdleSummary_UI_Functionality_AllLOB"/>
  <testcase name="Validation_IdleSummaryReport_UI_Functionality_AllLOB" time="0.000" classname="Logi.IdleSummaryReport.Validate_IdleSummary_UI_Functionality_AllLOB"/>
  <testcase name="Validation_IdleSummaryReport_UI_Functionality_AllLOB" time="0.000" classname="Logi.IdleSummaryReport.Validate_IdleSummary_UI_Functionality_AllLOB"/>
  <testcase name="Validation_IdleSummaryReport_UI_Functionality_AllLOB" time="0.000" classname="Logi.IdleSummaryReport.Validate_IdleSummary_UI_Functionality_AllLOB"/>
  <testcase name="Validation_IdleSummaryReport_UI_Functionality_AllLOB" time="0.000" classname="Logi.IdleSummaryReport.Validate_IdleSummary_UI_Functionality_AllLOB"/>
  <testcase name="Validation_IdleSummaryReport_UI_Functionality_AllLOB" time="0.000" classname="Logi.IdleSummaryReport.Validate_IdleSummary_UI_Functionality_AllLOB"/>
  <testcase name="Validation_IdleSummaryReport_UI_Functionality_AllLOB" time="0.000" classname="Logi.IdleSummaryReport.Validate_IdleSummary_UI_Functionality_AllLOB"/>
  <testcase name="Validation_IdleSummaryReport_UI_Functionality_AllLOB" time="0.000" classname="Logi.IdleSummaryReport.Validate_IdleSummary_UI_Functionality_AllLOB"/>
  <testcase name="Validation_IdleSummaryReport_UI_Functionality_AllLOB" time="0.000" classname="Logi.IdleSummaryReport.Validate_IdleSummary_UI_Functionality_AllLOB"/>
  <testcase name="Validation_IdleSummaryReport_UI_Functionality_AllLOB" time="0.000" classname="Logi.IdleSummaryReport.Validate_IdleSummary_UI_Functionality_AllLOB"/>
  <testcase name="Validation_IdleSummaryReport_UI_Functionality_AllLOB" time="0.000" classname="Logi.IdleSummaryReport.Validate_IdleSummary_UI_Functionality_AllLOB"/>
  <testcase name="Validation_IdleSummaryReport_UI_Functionality_AllLOB" time="0.001" classname="Logi.IdleSummaryReport.Validate_IdleSummary_UI_Functionality_AllLOB"/>
  <testcase name="Validation_IdleSummaryReport_UI_Functionality_AllLOB" time="0.000" classname="Logi.IdleSummaryReport.Validate_IdleSummary_UI_Functionality_AllLOB"/>
  <testcase name="Validation_IdleSummaryReport_UI_Functionality_AllLOB" time="0.000" classname="Logi.IdleSummaryReport.Validate_IdleSummary_UI_Functionality_AllLOB"/>
  <testcase name="Validation_IdleSummaryReport_UI_Functionality_AllLOB" time="0.010" classname="Logi.IdleSummaryReport.Validate_IdleSummary_UI_Functionality_AllLOB"/>
  <testcase name="Validation_IdleSummaryReport_UI_Functionality_AllLOB" time="0.000" classname="Logi.IdleSummaryReport.Validate_IdleSummary_UI_Functionality_AllLOB"/>
  <testcase name="Validation_IdleSummaryReport_UI_Functionality_AllLOB" time="0.000" classname="Logi.IdleSummaryReport.Validate_IdleSummary_UI_Functionality_AllLOB"/>
  <testcase name="Validation_IdleSummaryReport_UI_Functionality_AllLOB" time="0.000" classname="Logi.IdleSummaryReport.Validate_IdleSummary_UI_Functionality_AllLOB"/>
  <testcase name="Validation_IdleSummaryReport_UI_Functionality_AllLOB" time="0.000" classname="Logi.IdleSummaryReport.Validate_IdleSummary_UI_Functionality_AllLOB"/>
  <testcase name="Validation_IdleSummaryReport_UI_Functionality_AllLOB" time="0.000" classname="Logi.IdleSummaryReport.Validate_IdleSummary_UI_Functionality_AllLOB"/>
  <testcase name="Validation_IdleSummaryReport_UI_Functionality_AllLOB" time="0.000" classname="Logi.IdleSummaryReport.Validate_IdleSummary_UI_Functionality_AllLOB"/>
  <testcase name="Validation_IdleSummaryReport_UI_Functionality_AllLOB" time="0.000" classname="Logi.IdleSummaryReport.Validate_IdleSummary_UI_Functionality_AllLOB"/>
  <testcase name="Validation_IdleSummaryReport_UI_Functionality_AllLOB" time="0.000" classname="Logi.IdleSummaryReport.Validate_IdleSummary_UI_Functionality_AllLOB"/>
  <testcase name="Validation_IdleSummaryReport_UI_Functionality_AllLOB" time="0.016" classname="Logi.IdleSummaryReport.Validate_IdleSummary_UI_Functionality_AllLOB"/>
  <testcase name="Validation_IdleSummaryReport_UI_Functionality_AllLOB" time="0.000" classname="Logi.IdleSummaryReport.Validate_IdleSummary_UI_Functionality_AllLOB"/>
  <testcase name="Validation_IdleSummaryReport_UI_Functionality_AllLOB" time="0.000" classname="Logi.IdleSummaryReport.Validate_IdleSummary_UI_Functionality_AllLOB"/>
  <testcase name="Validation_IdleSummaryReport_UI_Functionality_AllLOB" time="0.000" classname="Logi.IdleSummaryReport.Validate_IdleSummary_UI_Functionality_AllLOB"/>
  <testcase name="Validation_IdleSummaryReport_UI_Functionality_AllLOB" time="0.000" classname="Logi.IdleSummaryReport.Validate_IdleSummary_UI_Functionality_AllLOB"/>
  <testcase name="Validation_IdleSummaryReport_UI_Functionality_AllLOB" time="0.000" classname="Logi.IdleSummaryReport.Validate_IdleSummary_UI_Functionality_AllLOB"/>
  <testcase name="Validation_IdleSummaryReport_UI_Functionality_AllLOB" time="0.000" classname="Logi.IdleSummaryReport.Validate_IdleSummary_UI_Functionality_AllLOB"/>
  <testcase name="Validation_IdleSummaryReport_UI_Functionality_AllLOB" time="0.000" classname="Logi.IdleSummaryReport.Validate_IdleSummary_UI_Functionality_AllLOB"/>
  <testcase name="Validation_IdleSummaryReport_UI_Functionality_AllLOB" time="0.000" classname="Logi.IdleSummaryReport.Validate_IdleSummary_UI_Functionality_AllLOB"/>
  <testcase name="Validation_IdleSummaryReport_UI_Functionality_AllLOB" time="0.000" classname="Logi.IdleSummaryReport.Validate_IdleSummary_UI_Functionality_AllLOB"/>
  <testcase name="Validation_IdleSummaryReport_UI_Functionality_AllLOB" time="0.000" classname="Logi.IdleSummaryReport.Validate_IdleSummary_UI_Functionality_AllLOB"/>
  <testcase name="Validation_IdleSummaryReport_UI_Functionality_AllLOB" time="0.000" classname="Logi.IdleSummaryReport.Validate_IdleSummary_UI_Functionality_AllLOB"/>
  <testcase name="Validation_IdleSummaryReport_UI_Functionality_AllLOB" time="0.000" classname="Logi.IdleSummaryReport.Validate_IdleSummary_UI_Functionality_AllLOB"/>
  <testcase name="Validation_IdleSummaryReport_UI_Functionality_AllLOB" time="0.000" classname="Logi.IdleSummaryReport.Validate_IdleSummary_UI_Functionality_AllLOB"/>
  <testcase name="Validation_IdleSummaryReport_UI_Functionality_AllLOB" time="0.000" classname="Logi.IdleSummaryReport.Validate_IdleSummary_UI_Functionality_AllLOB"/>
  <testcase name="Validation_IdleSummaryReport_UI_Functionality_AllLOB" time="0.000" classname="Logi.IdleSummaryReport.Validate_IdleSummary_UI_Functionality_AllLOB"/>
  <testcase name="Validation_IdleSummaryReport_UI_Functionality_AllLOB" time="0.000" classname="Logi.IdleSummaryReport.Validate_IdleSummary_UI_Functionality_AllLOB"/>
  <testcase name="Validation_IdleSummaryReport_UI_Functionality_AllLOB" time="0.000" classname="Logi.IdleSummaryReport.Validate_IdleSummary_UI_Functionality_AllLOB"/>
  <testcase name="Validation_IdleSummaryReport_UI_Functionality_AllLOB" time="0.000" classname="Logi.IdleSummaryReport.Validate_IdleSummary_UI_Functionality_AllLOB"/>
  <testcase name="Validation_IdleSummaryReport_UI_Functionality_AllLOB" time="0.000" classname="Logi.IdleSummaryReport.Validate_IdleSummary_UI_Functionality_AllLOB"/>
  <testcase name="Validation_IdleSummaryReport_UI_Functionality_AllLOB" time="0.000" classname="Logi.IdleSummaryReport.Validate_IdleSummary_UI_Functionality_AllLOB"/>
  <testcase name="Validation_IdleSummaryReport_UI_Functionality_AllLOB" time="0.000" classname="Logi.IdleSummaryReport.Validate_IdleSummary_UI_Functionality_AllLOB"/>
  <testcase name="Validation_IdleSummaryReport_UI_Functionality_AllLOB" time="0.000" classname="Logi.IdleSummaryReport.Validate_IdleSummary_UI_Functionality_AllLOB"/>
  <testcase name="Validation_IdleSummaryReport_UI_Functionality_AllLOB" time="0.000" classname="Logi.IdleSummaryReport.Validate_IdleSummary_UI_Functionality_AllLOB"/>
  <testcase name="Validation_IdleSummaryReport_UI_Functionality_AllLOB" time="0.000" classname="Logi.IdleSummaryReport.Validate_IdleSummary_UI_Functionality_AllLOB"/>
  <testcase name="Validation_IdleSummaryReport_UI_Functionality_AllLOB" time="0.000" classname="Logi.IdleSummaryReport.Validate_IdleSummary_UI_Functionality_AllLOB"/>
  <testcase name="Validation_IdleSummaryReport_UI_Functionality_AllLOB" time="0.000" classname="Logi.IdleSummaryReport.Validate_IdleSummary_UI_Functionality_AllLOB"/>
  <testcase name="Validation_IdleSummaryReport_UI_Functionality_AllLOB" time="0.001" classname="Logi.IdleSummaryReport.Validate_IdleSummary_UI_Functionality_AllLOB"/>
>>>>>>> branch 'master' of https://github.wm.com/srathore/OPUS_LOGI.git
  <testcase name="Validation_IdleSummaryReport_UI_Functionality_AllLOB" time="0.000" classname="Logi.IdleSummaryReport.Validate_IdleSummary_UI_Functionality_AllLOB"/>
  <testcase name="Validation_IdleSummaryReport_UI_Functionality_AllLOB" time="0.000" classname="Logi.IdleSummaryReport.Validate_IdleSummary_UI_Functionality_AllLOB"/>
</testsuite> <!-- Logi.IdleSummaryReport.Validate_IdleSummary_UI_Functionality_AllLOB -->
