<?xml version="1.0" encoding="UTF-8"?>
<!-- Generated by org.testng.reporters.JUnitReportReporter -->
<testsuite skipped="0" hostname="ADCAPPD331" name="Confirmations_TestCase.Confirmations_SiteSearch" tests="1" failures="0" timestamp="08 Nov 2017 12:05:19 GMT" time="7.675" errors="0">
  <testcase name="Verify_Confirmations_SiteSearch" time="7.675" classname="Confirmations_TestCase.Confirmations_SiteSearch"/>
</testsuite> <!-- Confirmations_TestCase.Confirmations_SiteSearch -->
