<?xml version="1.0" encoding="UTF-8"?>
<!-- Generated by org.testng.reporters.JUnitReportReporter -->
<testsuite skipped="0" hostname="CB2012R2AUSE005" name="Logi.ServiceExceptionsDetailReport.Validate_ServiceExceptionsDetail_RO" tests="87" failures="0" timestamp="11 Jan 2018 23:23:28 GMT" time="60.830" errors="0">
  <testcase name="Validation_ServiceExceptionsDetailReport_RO" time="0.000" classname="Logi.ServiceExceptionsDetailReport.Validate_ServiceExceptionsDetail_RO"/>
  <testcase name="Validation_ServiceExceptionsDetailReport_RO" time="0.000" classname="Logi.ServiceExceptionsDetailReport.Validate_ServiceExceptionsDetail_RO"/>
  <testcase name="Validation_ServiceExceptionsDetailReport_RO" time="0.000" classname="Logi.ServiceExceptionsDetailReport.Validate_ServiceExceptionsDetail_RO"/>
  <testcase name="Validation_ServiceExceptionsDetailReport_RO" time="0.000" classname="Logi.ServiceExceptionsDetailReport.Validate_ServiceExceptionsDetail_RO"/>
  <testcase name="Validation_ServiceExceptionsDetailReport_RO" time="0.016" classname="Logi.ServiceExceptionsDetailReport.Validate_ServiceExceptionsDetail_RO"/>
  <testcase name="Validation_ServiceExceptionsDetailReport_RO" time="0.000" classname="Logi.ServiceExceptionsDetailReport.Validate_ServiceExceptionsDetail_RO"/>
  <testcase name="Validation_ServiceExceptionsDetailReport_RO" time="0.000" classname="Logi.ServiceExceptionsDetailReport.Validate_ServiceExceptionsDetail_RO"/>
  <testcase name="Validation_ServiceExceptionsDetailReport_RO" time="0.000" classname="Logi.ServiceExceptionsDetailReport.Validate_ServiceExceptionsDetail_RO"/>
  <testcase name="Validation_ServiceExceptionsDetailReport_RO" time="0.000" classname="Logi.ServiceExceptionsDetailReport.Validate_ServiceExceptionsDetail_RO"/>
  <testcase name="Validation_ServiceExceptionsDetailReport_RO" time="0.000" classname="Logi.ServiceExceptionsDetailReport.Validate_ServiceExceptionsDetail_RO"/>
  <testcase name="Validation_ServiceExceptionsDetailReport_RO" time="0.000" classname="Logi.ServiceExceptionsDetailReport.Validate_ServiceExceptionsDetail_RO"/>
  <testcase name="Validation_ServiceExceptionsDetailReport_RO" time="0.000" classname="Logi.ServiceExceptionsDetailReport.Validate_ServiceExceptionsDetail_RO"/>
  <testcase name="Validation_ServiceExceptionsDetailReport_RO" time="0.000" classname="Logi.ServiceExceptionsDetailReport.Validate_ServiceExceptionsDetail_RO"/>
  <testcase name="Validation_ServiceExceptionsDetailReport_RO" time="0.000" classname="Logi.ServiceExceptionsDetailReport.Validate_ServiceExceptionsDetail_RO"/>
  <testcase name="Validation_ServiceExceptionsDetailReport_RO" time="0.000" classname="Logi.ServiceExceptionsDetailReport.Validate_ServiceExceptionsDetail_RO"/>
  <testcase name="Validation_ServiceExceptionsDetailReport_RO" time="0.000" classname="Logi.ServiceExceptionsDetailReport.Validate_ServiceExceptionsDetail_RO"/>
  <testcase name="Validation_ServiceExceptionsDetailReport_RO" time="0.000" classname="Logi.ServiceExceptionsDetailReport.Validate_ServiceExceptionsDetail_RO"/>
  <testcase name="Validation_ServiceExceptionsDetailReport_RO" time="0.000" classname="Logi.ServiceExceptionsDetailReport.Validate_ServiceExceptionsDetail_RO"/>
  <testcase name="Validation_ServiceExceptionsDetailReport_RO" time="0.000" classname="Logi.ServiceExceptionsDetailReport.Validate_ServiceExceptionsDetail_RO"/>
  <testcase name="Validation_ServiceExceptionsDetailReport_RO" time="0.000" classname="Logi.ServiceExceptionsDetailReport.Validate_ServiceExceptionsDetail_RO"/>
  <testcase name="Validation_ServiceExceptionsDetailReport_RO" time="0.000" classname="Logi.ServiceExceptionsDetailReport.Validate_ServiceExceptionsDetail_RO"/>
  <testcase name="Validation_ServiceExceptionsDetailReport_RO" time="0.015" classname="Logi.ServiceExceptionsDetailReport.Validate_ServiceExceptionsDetail_RO"/>
  <testcase name="Validation_ServiceExceptionsDetailReport_RO" time="0.000" classname="Logi.ServiceExceptionsDetailReport.Validate_ServiceExceptionsDetail_RO"/>
  <testcase name="Validation_ServiceExceptionsDetailReport_RO" time="0.000" classname="Logi.ServiceExceptionsDetailReport.Validate_ServiceExceptionsDetail_RO"/>
  <testcase name="Validation_ServiceExceptionsDetailReport_RO" time="0.000" classname="Logi.ServiceExceptionsDetailReport.Validate_ServiceExceptionsDetail_RO"/>
  <testcase name="Validation_ServiceExceptionsDetailReport_RO" time="0.000" classname="Logi.ServiceExceptionsDetailReport.Validate_ServiceExceptionsDetail_RO"/>
  <testcase name="Validation_ServiceExceptionsDetailReport_RO" time="0.000" classname="Logi.ServiceExceptionsDetailReport.Validate_ServiceExceptionsDetail_RO"/>
  <testcase name="Validation_ServiceExceptionsDetailReport_RO" time="0.000" classname="Logi.ServiceExceptionsDetailReport.Validate_ServiceExceptionsDetail_RO"/>
  <testcase name="Validation_ServiceExceptionsDetailReport_RO" time="0.000" classname="Logi.ServiceExceptionsDetailReport.Validate_ServiceExceptionsDetail_RO"/>
  <testcase name="Validation_ServiceExceptionsDetailReport_RO" time="0.000" classname="Logi.ServiceExceptionsDetailReport.Validate_ServiceExceptionsDetail_RO"/>
  <testcase name="Validation_ServiceExceptionsDetailReport_RO" time="0.000" classname="Logi.ServiceExceptionsDetailReport.Validate_ServiceExceptionsDetail_RO"/>
  <testcase name="Validation_ServiceExceptionsDetailReport_RO" time="0.000" classname="Logi.ServiceExceptionsDetailReport.Validate_ServiceExceptionsDetail_RO"/>
  <testcase name="Validation_ServiceExceptionsDetailReport_RO" time="0.000" classname="Logi.ServiceExceptionsDetailReport.Validate_ServiceExceptionsDetail_RO"/>
  <testcase name="Validation_ServiceExceptionsDetailReport_RO" time="0.000" classname="Logi.ServiceExceptionsDetailReport.Validate_ServiceExceptionsDetail_RO"/>
  <testcase name="Validation_ServiceExceptionsDetailReport_RO" time="0.016" classname="Logi.ServiceExceptionsDetailReport.Validate_ServiceExceptionsDetail_RO"/>
  <testcase name="Validation_ServiceExceptionsDetailReport_RO" time="0.000" classname="Logi.ServiceExceptionsDetailReport.Validate_ServiceExceptionsDetail_RO"/>
  <testcase name="Validation_ServiceExceptionsDetailReport_RO" time="0.000" classname="Logi.ServiceExceptionsDetailReport.Validate_ServiceExceptionsDetail_RO"/>
  <testcase name="Validation_ServiceExceptionsDetailReport_RO" time="0.000" classname="Logi.ServiceExceptionsDetailReport.Validate_ServiceExceptionsDetail_RO"/>
  <testcase name="Validation_ServiceExceptionsDetailReport_RO" time="0.000" classname="Logi.ServiceExceptionsDetailReport.Validate_ServiceExceptionsDetail_RO"/>
  <testcase name="Validation_ServiceExceptionsDetailReport_RO" time="60.774" classname="Logi.ServiceExceptionsDetailReport.Validate_ServiceExceptionsDetail_RO"/>
  <testcase name="Validation_ServiceExceptionsDetailReport_RO" time="0.000" classname="Logi.ServiceExceptionsDetailReport.Validate_ServiceExceptionsDetail_RO"/>
  <testcase name="Validation_ServiceExceptionsDetailReport_RO" time="0.000" classname="Logi.ServiceExceptionsDetailReport.Validate_ServiceExceptionsDetail_RO"/>
  <testcase name="Validation_ServiceExceptionsDetailReport_RO" time="0.000" classname="Logi.ServiceExceptionsDetailReport.Validate_ServiceExceptionsDetail_RO"/>
  <testcase name="Validation_ServiceExceptionsDetailReport_RO" time="0.000" classname="Logi.ServiceExceptionsDetailReport.Validate_ServiceExceptionsDetail_RO"/>
  <testcase name="Validation_ServiceExceptionsDetailReport_RO" time="0.000" classname="Logi.ServiceExceptionsDetailReport.Validate_ServiceExceptionsDetail_RO"/>
  <testcase name="Validation_ServiceExceptionsDetailReport_RO" time="0.000" classname="Logi.ServiceExceptionsDetailReport.Validate_ServiceExceptionsDetail_RO"/>
  <testcase name="Validation_ServiceExceptionsDetailReport_RO" time="0.000" classname="Logi.ServiceExceptionsDetailReport.Validate_ServiceExceptionsDetail_RO"/>
  <testcase name="Validation_ServiceExceptionsDetailReport_RO" time="0.000" classname="Logi.ServiceExceptionsDetailReport.Validate_ServiceExceptionsDetail_RO"/>
  <testcase name="Validation_ServiceExceptionsDetailReport_RO" time="0.000" classname="Logi.ServiceExceptionsDetailReport.Validate_ServiceExceptionsDetail_RO"/>
  <testcase name="Validation_ServiceExceptionsDetailReport_RO" time="0.000" classname="Logi.ServiceExceptionsDetailReport.Validate_ServiceExceptionsDetail_RO"/>
  <testcase name="Validation_ServiceExceptionsDetailReport_RO" time="0.000" classname="Logi.ServiceExceptionsDetailReport.Validate_ServiceExceptionsDetail_RO"/>
  <testcase name="Validation_ServiceExceptionsDetailReport_RO" time="0.000" classname="Logi.ServiceExceptionsDetailReport.Validate_ServiceExceptionsDetail_RO"/>
  <testcase name="Validation_ServiceExceptionsDetailReport_RO" time="0.000" classname="Logi.ServiceExceptionsDetailReport.Validate_ServiceExceptionsDetail_RO"/>
  <testcase name="Validation_ServiceExceptionsDetailReport_RO" time="0.000" classname="Logi.ServiceExceptionsDetailReport.Validate_ServiceExceptionsDetail_RO"/>
  <testcase name="Validation_ServiceExceptionsDetailReport_RO" time="0.000" classname="Logi.ServiceExceptionsDetailReport.Validate_ServiceExceptionsDetail_RO"/>
  <testcase name="Validation_ServiceExceptionsDetailReport_RO" time="0.000" classname="Logi.ServiceExceptionsDetailReport.Validate_ServiceExceptionsDetail_RO"/>
  <testcase name="Validation_ServiceExceptionsDetailReport_RO" time="0.000" classname="Logi.ServiceExceptionsDetailReport.Validate_ServiceExceptionsDetail_RO"/>
  <testcase name="Validation_ServiceExceptionsDetailReport_RO" time="0.000" classname="Logi.ServiceExceptionsDetailReport.Validate_ServiceExceptionsDetail_RO"/>
  <testcase name="Validation_ServiceExceptionsDetailReport_RO" time="0.000" classname="Logi.ServiceExceptionsDetailReport.Validate_ServiceExceptionsDetail_RO"/>
  <testcase name="Validation_ServiceExceptionsDetailReport_RO" time="0.000" classname="Logi.ServiceExceptionsDetailReport.Validate_ServiceExceptionsDetail_RO"/>
  <testcase name="Validation_ServiceExceptionsDetailReport_RO" time="0.009" classname="Logi.ServiceExceptionsDetailReport.Validate_ServiceExceptionsDetail_RO"/>
  <testcase name="Validation_ServiceExceptionsDetailReport_RO" time="0.000" classname="Logi.ServiceExceptionsDetailReport.Validate_ServiceExceptionsDetail_RO"/>
  <testcase name="Validation_ServiceExceptionsDetailReport_RO" time="0.000" classname="Logi.ServiceExceptionsDetailReport.Validate_ServiceExceptionsDetail_RO"/>
  <testcase name="Validation_ServiceExceptionsDetailReport_RO" time="0.000" classname="Logi.ServiceExceptionsDetailReport.Validate_ServiceExceptionsDetail_RO"/>
  <testcase name="Validation_ServiceExceptionsDetailReport_RO" time="0.000" classname="Logi.ServiceExceptionsDetailReport.Validate_ServiceExceptionsDetail_RO"/>
  <testcase name="Validation_ServiceExceptionsDetailReport_RO" time="0.000" classname="Logi.ServiceExceptionsDetailReport.Validate_ServiceExceptionsDetail_RO"/>
  <testcase name="Validation_ServiceExceptionsDetailReport_RO" time="0.000" classname="Logi.ServiceExceptionsDetailReport.Validate_ServiceExceptionsDetail_RO"/>
  <testcase name="Validation_ServiceExceptionsDetailReport_RO" time="0.000" classname="Logi.ServiceExceptionsDetailReport.Validate_ServiceExceptionsDetail_RO"/>
  <testcase name="Validation_ServiceExceptionsDetailReport_RO" time="0.000" classname="Logi.ServiceExceptionsDetailReport.Validate_ServiceExceptionsDetail_RO"/>
  <testcase name="Validation_ServiceExceptionsDetailReport_RO" time="0.000" classname="Logi.ServiceExceptionsDetailReport.Validate_ServiceExceptionsDetail_RO"/>
  <testcase name="Validation_ServiceExceptionsDetailReport_RO" time="0.000" classname="Logi.ServiceExceptionsDetailReport.Validate_ServiceExceptionsDetail_RO"/>
  <testcase name="Validation_ServiceExceptionsDetailReport_RO" time="0.000" classname="Logi.ServiceExceptionsDetailReport.Validate_ServiceExceptionsDetail_RO"/>
  <testcase name="Validation_ServiceExceptionsDetailReport_RO" time="0.000" classname="Logi.ServiceExceptionsDetailReport.Validate_ServiceExceptionsDetail_RO"/>
  <testcase name="Validation_ServiceExceptionsDetailReport_RO" time="0.000" classname="Logi.ServiceExceptionsDetailReport.Validate_ServiceExceptionsDetail_RO"/>
  <testcase name="Validation_ServiceExceptionsDetailReport_RO" time="0.000" classname="Logi.ServiceExceptionsDetailReport.Validate_ServiceExceptionsDetail_RO"/>
  <testcase name="Validation_ServiceExceptionsDetailReport_RO" time="0.000" classname="Logi.ServiceExceptionsDetailReport.Validate_ServiceExceptionsDetail_RO"/>
  <testcase name="Validation_ServiceExceptionsDetailReport_RO" time="0.000" classname="Logi.ServiceExceptionsDetailReport.Validate_ServiceExceptionsDetail_RO"/>
  <testcase name="Validation_ServiceExceptionsDetailReport_RO" time="0.000" classname="Logi.ServiceExceptionsDetailReport.Validate_ServiceExceptionsDetail_RO"/>
  <testcase name="Validation_ServiceExceptionsDetailReport_RO" time="0.000" classname="Logi.ServiceExceptionsDetailReport.Validate_ServiceExceptionsDetail_RO"/>
  <testcase name="Validation_ServiceExceptionsDetailReport_RO" time="0.000" classname="Logi.ServiceExceptionsDetailReport.Validate_ServiceExceptionsDetail_RO"/>
  <testcase name="Validation_ServiceExceptionsDetailReport_RO" time="0.000" classname="Logi.ServiceExceptionsDetailReport.Validate_ServiceExceptionsDetail_RO"/>
  <testcase name="Validation_ServiceExceptionsDetailReport_RO" time="0.000" classname="Logi.ServiceExceptionsDetailReport.Validate_ServiceExceptionsDetail_RO"/>
  <testcase name="Validation_ServiceExceptionsDetailReport_RO" time="0.000" classname="Logi.ServiceExceptionsDetailReport.Validate_ServiceExceptionsDetail_RO"/>
  <testcase name="Validation_ServiceExceptionsDetailReport_RO" time="0.000" classname="Logi.ServiceExceptionsDetailReport.Validate_ServiceExceptionsDetail_RO"/>
  <testcase name="Validation_ServiceExceptionsDetailReport_RO" time="0.000" classname="Logi.ServiceExceptionsDetailReport.Validate_ServiceExceptionsDetail_RO"/>
  <testcase name="Validation_ServiceExceptionsDetailReport_RO" time="0.000" classname="Logi.ServiceExceptionsDetailReport.Validate_ServiceExceptionsDetail_RO"/>
  <testcase name="Validation_ServiceExceptionsDetailReport_RO" time="0.000" classname="Logi.ServiceExceptionsDetailReport.Validate_ServiceExceptionsDetail_RO"/>
</testsuite> <!-- Logi.ServiceExceptionsDetailReport.Validate_ServiceExceptionsDetail_RO -->
