<?xml version="1.0" encoding="UTF-8"?>
<!-- Generated by org.testng.reporters.JUnitReportReporter -->
<<<<<<< HEAD
<testsuite skipped="0" hostname="ADCAPPD331" name="Logi.PreRouteDetail.Validate_PreRouteDetail_RO" tests="58" failures="0" timestamp="28 Dec 2017 13:57:26 GMT" time="107.586" errors="0">
  <testcase name="Validation_PreRouteDetailReport_DataValidation_RO" time="0.000" classname="Logi.PreRouteDetail.Validate_PreRouteDetail_RO"/>
  <testcase name="Validation_PreRouteDetailReport_DataValidation_RO" time="0.000" classname="Logi.PreRouteDetail.Validate_PreRouteDetail_RO"/>
  <testcase name="Validation_PreRouteDetailReport_DataValidation_RO" time="0.000" classname="Logi.PreRouteDetail.Validate_PreRouteDetail_RO"/>
  <testcase name="Validation_PreRouteDetailReport_DataValidation_RO" time="0.000" classname="Logi.PreRouteDetail.Validate_PreRouteDetail_RO"/>
  <testcase name="Validation_PreRouteDetailReport_DataValidation_RO" time="0.000" classname="Logi.PreRouteDetail.Validate_PreRouteDetail_RO"/>
  <testcase name="Validation_PreRouteDetailReport_DataValidation_RO" time="107.478" classname="Logi.PreRouteDetail.Validate_PreRouteDetail_RO"/>
  <testcase name="Validation_PreRouteDetailReport_DataValidation_RO" time="0.001" classname="Logi.PreRouteDetail.Validate_PreRouteDetail_RO"/>
  <testcase name="Validation_PreRouteDetailReport_DataValidation_RO" time="0.000" classname="Logi.PreRouteDetail.Validate_PreRouteDetail_RO"/>
  <testcase name="Validation_PreRouteDetailReport_DataValidation_RO" time="0.002" classname="Logi.PreRouteDetail.Validate_PreRouteDetail_RO"/>
  <testcase name="Validation_PreRouteDetailReport_DataValidation_RO" time="0.000" classname="Logi.PreRouteDetail.Validate_PreRouteDetail_RO"/>
  <testcase name="Validation_PreRouteDetailReport_DataValidation_RO" time="0.001" classname="Logi.PreRouteDetail.Validate_PreRouteDetail_RO"/>
  <testcase name="Validation_PreRouteDetailReport_DataValidation_RO" time="0.008" classname="Logi.PreRouteDetail.Validate_PreRouteDetail_RO"/>
  <testcase name="Validation_PreRouteDetailReport_DataValidation_RO" time="0.000" classname="Logi.PreRouteDetail.Validate_PreRouteDetail_RO"/>
  <testcase name="Validation_PreRouteDetailReport_DataValidation_RO" time="0.000" classname="Logi.PreRouteDetail.Validate_PreRouteDetail_RO"/>
  <testcase name="Validation_PreRouteDetailReport_DataValidation_RO" time="0.000" classname="Logi.PreRouteDetail.Validate_PreRouteDetail_RO"/>
  <testcase name="Validation_PreRouteDetailReport_DataValidation_RO" time="0.000" classname="Logi.PreRouteDetail.Validate_PreRouteDetail_RO"/>
  <testcase name="Validation_PreRouteDetailReport_DataValidation_RO" time="0.000" classname="Logi.PreRouteDetail.Validate_PreRouteDetail_RO"/>
  <testcase name="Validation_PreRouteDetailReport_DataValidation_RO" time="0.002" classname="Logi.PreRouteDetail.Validate_PreRouteDetail_RO"/>
  <testcase name="Validation_PreRouteDetailReport_DataValidation_RO" time="0.001" classname="Logi.PreRouteDetail.Validate_PreRouteDetail_RO"/>
  <testcase name="Validation_PreRouteDetailReport_DataValidation_RO" time="0.000" classname="Logi.PreRouteDetail.Validate_PreRouteDetail_RO"/>
  <testcase name="Validation_PreRouteDetailReport_DataValidation_RO" time="0.000" classname="Logi.PreRouteDetail.Validate_PreRouteDetail_RO"/>
  <testcase name="Validation_PreRouteDetailReport_DataValidation_RO" time="0.001" classname="Logi.PreRouteDetail.Validate_PreRouteDetail_RO"/>
  <testcase name="Validation_PreRouteDetailReport_DataValidation_RO" time="0.015" classname="Logi.PreRouteDetail.Validate_PreRouteDetail_RO"/>
  <testcase name="Validation_PreRouteDetailReport_DataValidation_RO" time="0.001" classname="Logi.PreRouteDetail.Validate_PreRouteDetail_RO"/>
  <testcase name="Validation_PreRouteDetailReport_DataValidation_RO" time="0.000" classname="Logi.PreRouteDetail.Validate_PreRouteDetail_RO"/>
  <testcase name="Validation_PreRouteDetailReport_DataValidation_RO" time="0.000" classname="Logi.PreRouteDetail.Validate_PreRouteDetail_RO"/>
  <testcase name="Validation_PreRouteDetailReport_DataValidation_RO" time="0.000" classname="Logi.PreRouteDetail.Validate_PreRouteDetail_RO"/>
  <testcase name="Validation_PreRouteDetailReport_DataValidation_RO" time="0.001" classname="Logi.PreRouteDetail.Validate_PreRouteDetail_RO"/>
  <testcase name="Validation_PreRouteDetailReport_DataValidation_RO" time="0.000" classname="Logi.PreRouteDetail.Validate_PreRouteDetail_RO"/>
  <testcase name="Validation_PreRouteDetailReport_DataValidation_RO" time="0.002" classname="Logi.PreRouteDetail.Validate_PreRouteDetail_RO"/>
  <testcase name="Validation_PreRouteDetailReport_DataValidation_RO" time="0.000" classname="Logi.PreRouteDetail.Validate_PreRouteDetail_RO"/>
  <testcase name="Validation_PreRouteDetailReport_DataValidation_RO" time="0.000" classname="Logi.PreRouteDetail.Validate_PreRouteDetail_RO"/>
  <testcase name="Validation_PreRouteDetailReport_DataValidation_RO" time="0.000" classname="Logi.PreRouteDetail.Validate_PreRouteDetail_RO"/>
  <testcase name="Validation_PreRouteDetailReport_DataValidation_RO" time="0.000" classname="Logi.PreRouteDetail.Validate_PreRouteDetail_RO"/>
  <testcase name="Validation_PreRouteDetailReport_DataValidation_RO" time="0.000" classname="Logi.PreRouteDetail.Validate_PreRouteDetail_RO"/>
  <testcase name="Validation_PreRouteDetailReport_DataValidation_RO" time="0.000" classname="Logi.PreRouteDetail.Validate_PreRouteDetail_RO"/>
  <testcase name="Validation_PreRouteDetailReport_DataValidation_RO" time="0.000" classname="Logi.PreRouteDetail.Validate_PreRouteDetail_RO"/>
  <testcase name="Validation_PreRouteDetailReport_DataValidation_RO" time="0.000" classname="Logi.PreRouteDetail.Validate_PreRouteDetail_RO"/>
  <testcase name="Validation_PreRouteDetailReport_DataValidation_RO" time="0.000" classname="Logi.PreRouteDetail.Validate_PreRouteDetail_RO"/>
  <testcase name="Validation_PreRouteDetailReport_DataValidation_RO" time="0.001" classname="Logi.PreRouteDetail.Validate_PreRouteDetail_RO"/>
  <testcase name="Validation_PreRouteDetailReport_DataValidation_RO" time="0.015" classname="Logi.PreRouteDetail.Validate_PreRouteDetail_RO"/>
  <testcase name="Validation_PreRouteDetailReport_DataValidation_RO" time="0.000" classname="Logi.PreRouteDetail.Validate_PreRouteDetail_RO"/>
  <testcase name="Validation_PreRouteDetailReport_DataValidation_RO" time="0.000" classname="Logi.PreRouteDetail.Validate_PreRouteDetail_RO"/>
  <testcase name="Validation_PreRouteDetailReport_DataValidation_RO" time="0.000" classname="Logi.PreRouteDetail.Validate_PreRouteDetail_RO"/>
  <testcase name="Validation_PreRouteDetailReport_DataValidation_RO" time="0.000" classname="Logi.PreRouteDetail.Validate_PreRouteDetail_RO"/>
  <testcase name="Validation_PreRouteDetailReport_DataValidation_RO" time="0.016" classname="Logi.PreRouteDetail.Validate_PreRouteDetail_RO"/>
  <testcase name="Validation_PreRouteDetailReport_DataValidation_RO" time="0.003" classname="Logi.PreRouteDetail.Validate_PreRouteDetail_RO"/>
  <testcase name="Validation_PreRouteDetailReport_DataValidation_RO" time="0.000" classname="Logi.PreRouteDetail.Validate_PreRouteDetail_RO"/>
  <testcase name="Validation_PreRouteDetailReport_DataValidation_RO" time="0.000" classname="Logi.PreRouteDetail.Validate_PreRouteDetail_RO"/>
  <testcase name="Validation_PreRouteDetailReport_DataValidation_RO" time="0.015" classname="Logi.PreRouteDetail.Validate_PreRouteDetail_RO"/>
  <testcase name="Validation_PreRouteDetailReport_DataValidation_RO" time="0.002" classname="Logi.PreRouteDetail.Validate_PreRouteDetail_RO"/>
  <testcase name="Validation_PreRouteDetailReport_DataValidation_RO" time="0.004" classname="Logi.PreRouteDetail.Validate_PreRouteDetail_RO"/>
  <testcase name="Validation_PreRouteDetailReport_DataValidation_RO" time="0.000" classname="Logi.PreRouteDetail.Validate_PreRouteDetail_RO"/>
  <testcase name="Validation_PreRouteDetailReport_DataValidation_RO" time="0.000" classname="Logi.PreRouteDetail.Validate_PreRouteDetail_RO"/>
  <testcase name="Validation_PreRouteDetailReport_DataValidation_RO" time="0.016" classname="Logi.PreRouteDetail.Validate_PreRouteDetail_RO"/>
  <testcase name="Validation_PreRouteDetailReport_DataValidation_RO" time="0.001" classname="Logi.PreRouteDetail.Validate_PreRouteDetail_RO"/>
=======
<testsuite skipped="0" hostname="CB2012R2AUSE003" name="Logi.PreRouteDetail.Validate_PreRouteDetail_RO" tests="83" failures="0" timestamp="07 Jan 2018 19:31:52 GMT" time="114.966" errors="0">
  <testcase name="Validation_PreRouteDetailReport_DataValidation_RO" time="0.000" classname="Logi.PreRouteDetail.Validate_PreRouteDetail_RO"/>
  <testcase name="Validation_PreRouteDetailReport_DataValidation_RO" time="0.000" classname="Logi.PreRouteDetail.Validate_PreRouteDetail_RO"/>
  <testcase name="Validation_PreRouteDetailReport_DataValidation_RO" time="0.000" classname="Logi.PreRouteDetail.Validate_PreRouteDetail_RO"/>
  <testcase name="Validation_PreRouteDetailReport_DataValidation_RO" time="0.000" classname="Logi.PreRouteDetail.Validate_PreRouteDetail_RO"/>
  <testcase name="Validation_PreRouteDetailReport_DataValidation_RO" time="0.000" classname="Logi.PreRouteDetail.Validate_PreRouteDetail_RO"/>
  <testcase name="Validation_PreRouteDetailReport_DataValidation_RO" time="0.000" classname="Logi.PreRouteDetail.Validate_PreRouteDetail_RO"/>
  <testcase name="Validation_PreRouteDetailReport_DataValidation_RO" time="0.000" classname="Logi.PreRouteDetail.Validate_PreRouteDetail_RO"/>
  <testcase name="Validation_PreRouteDetailReport_DataValidation_RO" time="0.000" classname="Logi.PreRouteDetail.Validate_PreRouteDetail_RO"/>
  <testcase name="Validation_PreRouteDetailReport_DataValidation_RO" time="0.000" classname="Logi.PreRouteDetail.Validate_PreRouteDetail_RO"/>
  <testcase name="Validation_PreRouteDetailReport_DataValidation_RO" time="0.000" classname="Logi.PreRouteDetail.Validate_PreRouteDetail_RO"/>
  <testcase name="Validation_PreRouteDetailReport_DataValidation_RO" time="0.000" classname="Logi.PreRouteDetail.Validate_PreRouteDetail_RO"/>
  <testcase name="Validation_PreRouteDetailReport_DataValidation_RO" time="0.000" classname="Logi.PreRouteDetail.Validate_PreRouteDetail_RO"/>
  <testcase name="Validation_PreRouteDetailReport_DataValidation_RO" time="0.000" classname="Logi.PreRouteDetail.Validate_PreRouteDetail_RO"/>
  <testcase name="Validation_PreRouteDetailReport_DataValidation_RO" time="0.000" classname="Logi.PreRouteDetail.Validate_PreRouteDetail_RO"/>
  <testcase name="Validation_PreRouteDetailReport_DataValidation_RO" time="0.000" classname="Logi.PreRouteDetail.Validate_PreRouteDetail_RO"/>
  <testcase name="Validation_PreRouteDetailReport_DataValidation_RO" time="0.000" classname="Logi.PreRouteDetail.Validate_PreRouteDetail_RO"/>
  <testcase name="Validation_PreRouteDetailReport_DataValidation_RO" time="0.000" classname="Logi.PreRouteDetail.Validate_PreRouteDetail_RO"/>
  <testcase name="Validation_PreRouteDetailReport_DataValidation_RO" time="0.000" classname="Logi.PreRouteDetail.Validate_PreRouteDetail_RO"/>
  <testcase name="Validation_PreRouteDetailReport_DataValidation_RO" time="0.000" classname="Logi.PreRouteDetail.Validate_PreRouteDetail_RO"/>
  <testcase name="Validation_PreRouteDetailReport_DataValidation_RO" time="0.000" classname="Logi.PreRouteDetail.Validate_PreRouteDetail_RO"/>
  <testcase name="Validation_PreRouteDetailReport_DataValidation_RO" time="0.000" classname="Logi.PreRouteDetail.Validate_PreRouteDetail_RO"/>
  <testcase name="Validation_PreRouteDetailReport_DataValidation_RO" time="0.000" classname="Logi.PreRouteDetail.Validate_PreRouteDetail_RO"/>
  <testcase name="Validation_PreRouteDetailReport_DataValidation_RO" time="0.000" classname="Logi.PreRouteDetail.Validate_PreRouteDetail_RO"/>
  <testcase name="Validation_PreRouteDetailReport_DataValidation_RO" time="0.000" classname="Logi.PreRouteDetail.Validate_PreRouteDetail_RO"/>
  <testcase name="Validation_PreRouteDetailReport_DataValidation_RO" time="114.950" classname="Logi.PreRouteDetail.Validate_PreRouteDetail_RO"/>
  <testcase name="Validation_PreRouteDetailReport_DataValidation_RO" time="0.000" classname="Logi.PreRouteDetail.Validate_PreRouteDetail_RO"/>
  <testcase name="Validation_PreRouteDetailReport_DataValidation_RO" time="0.000" classname="Logi.PreRouteDetail.Validate_PreRouteDetail_RO"/>
  <testcase name="Validation_PreRouteDetailReport_DataValidation_RO" time="0.000" classname="Logi.PreRouteDetail.Validate_PreRouteDetail_RO"/>
  <testcase name="Validation_PreRouteDetailReport_DataValidation_RO" time="0.000" classname="Logi.PreRouteDetail.Validate_PreRouteDetail_RO"/>
  <testcase name="Validation_PreRouteDetailReport_DataValidation_RO" time="0.000" classname="Logi.PreRouteDetail.Validate_PreRouteDetail_RO"/>
  <testcase name="Validation_PreRouteDetailReport_DataValidation_RO" time="0.000" classname="Logi.PreRouteDetail.Validate_PreRouteDetail_RO"/>
  <testcase name="Validation_PreRouteDetailReport_DataValidation_RO" time="0.000" classname="Logi.PreRouteDetail.Validate_PreRouteDetail_RO"/>
  <testcase name="Validation_PreRouteDetailReport_DataValidation_RO" time="0.000" classname="Logi.PreRouteDetail.Validate_PreRouteDetail_RO"/>
  <testcase name="Validation_PreRouteDetailReport_DataValidation_RO" time="0.000" classname="Logi.PreRouteDetail.Validate_PreRouteDetail_RO"/>
  <testcase name="Validation_PreRouteDetailReport_DataValidation_RO" time="0.000" classname="Logi.PreRouteDetail.Validate_PreRouteDetail_RO"/>
  <testcase name="Validation_PreRouteDetailReport_DataValidation_RO" time="0.000" classname="Logi.PreRouteDetail.Validate_PreRouteDetail_RO"/>
  <testcase name="Validation_PreRouteDetailReport_DataValidation_RO" time="0.000" classname="Logi.PreRouteDetail.Validate_PreRouteDetail_RO"/>
  <testcase name="Validation_PreRouteDetailReport_DataValidation_RO" time="0.000" classname="Logi.PreRouteDetail.Validate_PreRouteDetail_RO"/>
  <testcase name="Validation_PreRouteDetailReport_DataValidation_RO" time="0.000" classname="Logi.PreRouteDetail.Validate_PreRouteDetail_RO"/>
  <testcase name="Validation_PreRouteDetailReport_DataValidation_RO" time="0.000" classname="Logi.PreRouteDetail.Validate_PreRouteDetail_RO"/>
  <testcase name="Validation_PreRouteDetailReport_DataValidation_RO" time="0.000" classname="Logi.PreRouteDetail.Validate_PreRouteDetail_RO"/>
  <testcase name="Validation_PreRouteDetailReport_DataValidation_RO" time="0.000" classname="Logi.PreRouteDetail.Validate_PreRouteDetail_RO"/>
  <testcase name="Validation_PreRouteDetailReport_DataValidation_RO" time="0.000" classname="Logi.PreRouteDetail.Validate_PreRouteDetail_RO"/>
  <testcase name="Validation_PreRouteDetailReport_DataValidation_RO" time="0.000" classname="Logi.PreRouteDetail.Validate_PreRouteDetail_RO"/>
  <testcase name="Validation_PreRouteDetailReport_DataValidation_RO" time="0.000" classname="Logi.PreRouteDetail.Validate_PreRouteDetail_RO"/>
  <testcase name="Validation_PreRouteDetailReport_DataValidation_RO" time="0.000" classname="Logi.PreRouteDetail.Validate_PreRouteDetail_RO"/>
  <testcase name="Validation_PreRouteDetailReport_DataValidation_RO" time="0.000" classname="Logi.PreRouteDetail.Validate_PreRouteDetail_RO"/>
  <testcase name="Validation_PreRouteDetailReport_DataValidation_RO" time="0.000" classname="Logi.PreRouteDetail.Validate_PreRouteDetail_RO"/>
  <testcase name="Validation_PreRouteDetailReport_DataValidation_RO" time="0.000" classname="Logi.PreRouteDetail.Validate_PreRouteDetail_RO"/>
  <testcase name="Validation_PreRouteDetailReport_DataValidation_RO" time="0.000" classname="Logi.PreRouteDetail.Validate_PreRouteDetail_RO"/>
  <testcase name="Validation_PreRouteDetailReport_DataValidation_RO" time="0.000" classname="Logi.PreRouteDetail.Validate_PreRouteDetail_RO"/>
  <testcase name="Validation_PreRouteDetailReport_DataValidation_RO" time="0.000" classname="Logi.PreRouteDetail.Validate_PreRouteDetail_RO"/>
  <testcase name="Validation_PreRouteDetailReport_DataValidation_RO" time="0.000" classname="Logi.PreRouteDetail.Validate_PreRouteDetail_RO"/>
  <testcase name="Validation_PreRouteDetailReport_DataValidation_RO" time="0.000" classname="Logi.PreRouteDetail.Validate_PreRouteDetail_RO"/>
  <testcase name="Validation_PreRouteDetailReport_DataValidation_RO" time="0.000" classname="Logi.PreRouteDetail.Validate_PreRouteDetail_RO"/>
  <testcase name="Validation_PreRouteDetailReport_DataValidation_RO" time="0.000" classname="Logi.PreRouteDetail.Validate_PreRouteDetail_RO"/>
  <testcase name="Validation_PreRouteDetailReport_DataValidation_RO" time="0.000" classname="Logi.PreRouteDetail.Validate_PreRouteDetail_RO"/>
  <testcase name="Validation_PreRouteDetailReport_DataValidation_RO" time="0.000" classname="Logi.PreRouteDetail.Validate_PreRouteDetail_RO"/>
  <testcase name="Validation_PreRouteDetailReport_DataValidation_RO" time="0.000" classname="Logi.PreRouteDetail.Validate_PreRouteDetail_RO"/>
  <testcase name="Validation_PreRouteDetailReport_DataValidation_RO" time="0.000" classname="Logi.PreRouteDetail.Validate_PreRouteDetail_RO"/>
  <testcase name="Validation_PreRouteDetailReport_DataValidation_RO" time="0.000" classname="Logi.PreRouteDetail.Validate_PreRouteDetail_RO"/>
  <testcase name="Validation_PreRouteDetailReport_DataValidation_RO" time="0.000" classname="Logi.PreRouteDetail.Validate_PreRouteDetail_RO"/>
  <testcase name="Validation_PreRouteDetailReport_DataValidation_RO" time="0.000" classname="Logi.PreRouteDetail.Validate_PreRouteDetail_RO"/>
  <testcase name="Validation_PreRouteDetailReport_DataValidation_RO" time="0.000" classname="Logi.PreRouteDetail.Validate_PreRouteDetail_RO"/>
  <testcase name="Validation_PreRouteDetailReport_DataValidation_RO" time="0.000" classname="Logi.PreRouteDetail.Validate_PreRouteDetail_RO"/>
  <testcase name="Validation_PreRouteDetailReport_DataValidation_RO" time="0.000" classname="Logi.PreRouteDetail.Validate_PreRouteDetail_RO"/>
  <testcase name="Validation_PreRouteDetailReport_DataValidation_RO" time="0.016" classname="Logi.PreRouteDetail.Validate_PreRouteDetail_RO"/>
  <testcase name="Validation_PreRouteDetailReport_DataValidation_RO" time="0.000" classname="Logi.PreRouteDetail.Validate_PreRouteDetail_RO"/>
  <testcase name="Validation_PreRouteDetailReport_DataValidation_RO" time="0.000" classname="Logi.PreRouteDetail.Validate_PreRouteDetail_RO"/>
  <testcase name="Validation_PreRouteDetailReport_DataValidation_RO" time="0.000" classname="Logi.PreRouteDetail.Validate_PreRouteDetail_RO"/>
  <testcase name="Validation_PreRouteDetailReport_DataValidation_RO" time="0.000" classname="Logi.PreRouteDetail.Validate_PreRouteDetail_RO"/>
  <testcase name="Validation_PreRouteDetailReport_DataValidation_RO" time="0.000" classname="Logi.PreRouteDetail.Validate_PreRouteDetail_RO"/>
  <testcase name="Validation_PreRouteDetailReport_DataValidation_RO" time="0.000" classname="Logi.PreRouteDetail.Validate_PreRouteDetail_RO"/>
  <testcase name="Validation_PreRouteDetailReport_DataValidation_RO" time="0.000" classname="Logi.PreRouteDetail.Validate_PreRouteDetail_RO"/>
  <testcase name="Validation_PreRouteDetailReport_DataValidation_RO" time="0.000" classname="Logi.PreRouteDetail.Validate_PreRouteDetail_RO"/>
  <testcase name="Validation_PreRouteDetailReport_DataValidation_RO" time="0.000" classname="Logi.PreRouteDetail.Validate_PreRouteDetail_RO"/>
  <testcase name="Validation_PreRouteDetailReport_DataValidation_RO" time="0.000" classname="Logi.PreRouteDetail.Validate_PreRouteDetail_RO"/>
  <testcase name="Validation_PreRouteDetailReport_DataValidation_RO" time="0.000" classname="Logi.PreRouteDetail.Validate_PreRouteDetail_RO"/>
  <testcase name="Validation_PreRouteDetailReport_DataValidation_RO" time="0.000" classname="Logi.PreRouteDetail.Validate_PreRouteDetail_RO"/>
  <testcase name="Validation_PreRouteDetailReport_DataValidation_RO" time="0.000" classname="Logi.PreRouteDetail.Validate_PreRouteDetail_RO"/>
  <testcase name="Validation_PreRouteDetailReport_DataValidation_RO" time="0.000" classname="Logi.PreRouteDetail.Validate_PreRouteDetail_RO"/>
>>>>>>> branch 'master' of https://github.wm.com/srathore/OPUS_LOGI.git
  <testcase name="Validation_PreRouteDetailReport_DataValidation_RO" time="0.000" classname="Logi.PreRouteDetail.Validate_PreRouteDetail_RO"/>
  <testcase name="Validation_PreRouteDetailReport_DataValidation_RO" time="0.000" classname="Logi.PreRouteDetail.Validate_PreRouteDetail_RO"/>
</testsuite> <!-- Logi.PreRouteDetail.Validate_PreRouteDetail_RO -->
