<?xml version="1.0" encoding="UTF-8"?>
<!-- Generated by org.testng.reporters.JUnitReportReporter -->
<testsuite skipped="0" hostname="CB2012R2AUSE005" name="Logi.ServiceExceptionsSummaryReport.Validate_ServiceExceptionsSummary_UI_Functionality_AllLOB" tests="87" failures="0" timestamp="11 Jan 2018 23:23:28 GMT" time="158.830" errors="0">
  <testcase name="Validation_ServiceExceptionsSummaryReport_UI_Functionality_AllLOB" time="0.000" classname="Logi.ServiceExceptionsSummaryReport.Validate_ServiceExceptionsSummary_UI_Functionality_AllLOB"/>
  <testcase name="Validation_ServiceExceptionsSummaryReport_UI_Functionality_AllLOB" time="0.000" classname="Logi.ServiceExceptionsSummaryReport.Validate_ServiceExceptionsSummary_UI_Functionality_AllLOB"/>
  <testcase name="Validation_ServiceExceptionsSummaryReport_UI_Functionality_AllLOB" time="0.000" classname="Logi.ServiceExceptionsSummaryReport.Validate_ServiceExceptionsSummary_UI_Functionality_AllLOB"/>
  <testcase name="Validation_ServiceExceptionsSummaryReport_UI_Functionality_AllLOB" time="0.000" classname="Logi.ServiceExceptionsSummaryReport.Validate_ServiceExceptionsSummary_UI_Functionality_AllLOB"/>
  <testcase name="Validation_ServiceExceptionsSummaryReport_UI_Functionality_AllLOB" time="0.000" classname="Logi.ServiceExceptionsSummaryReport.Validate_ServiceExceptionsSummary_UI_Functionality_AllLOB"/>
  <testcase name="Validation_ServiceExceptionsSummaryReport_UI_Functionality_AllLOB" time="0.000" classname="Logi.ServiceExceptionsSummaryReport.Validate_ServiceExceptionsSummary_UI_Functionality_AllLOB"/>
  <testcase name="Validation_ServiceExceptionsSummaryReport_UI_Functionality_AllLOB" time="0.000" classname="Logi.ServiceExceptionsSummaryReport.Validate_ServiceExceptionsSummary_UI_Functionality_AllLOB"/>
  <testcase name="Validation_ServiceExceptionsSummaryReport_UI_Functionality_AllLOB" time="0.000" classname="Logi.ServiceExceptionsSummaryReport.Validate_ServiceExceptionsSummary_UI_Functionality_AllLOB"/>
  <testcase name="Validation_ServiceExceptionsSummaryReport_UI_Functionality_AllLOB" time="0.000" classname="Logi.ServiceExceptionsSummaryReport.Validate_ServiceExceptionsSummary_UI_Functionality_AllLOB"/>
  <testcase name="Validation_ServiceExceptionsSummaryReport_UI_Functionality_AllLOB" time="0.000" classname="Logi.ServiceExceptionsSummaryReport.Validate_ServiceExceptionsSummary_UI_Functionality_AllLOB"/>
  <testcase name="Validation_ServiceExceptionsSummaryReport_UI_Functionality_AllLOB" time="0.000" classname="Logi.ServiceExceptionsSummaryReport.Validate_ServiceExceptionsSummary_UI_Functionality_AllLOB"/>
  <testcase name="Validation_ServiceExceptionsSummaryReport_UI_Functionality_AllLOB" time="0.000" classname="Logi.ServiceExceptionsSummaryReport.Validate_ServiceExceptionsSummary_UI_Functionality_AllLOB"/>
  <testcase name="Validation_ServiceExceptionsSummaryReport_UI_Functionality_AllLOB" time="0.000" classname="Logi.ServiceExceptionsSummaryReport.Validate_ServiceExceptionsSummary_UI_Functionality_AllLOB"/>
  <testcase name="Validation_ServiceExceptionsSummaryReport_UI_Functionality_AllLOB" time="0.000" classname="Logi.ServiceExceptionsSummaryReport.Validate_ServiceExceptionsSummary_UI_Functionality_AllLOB"/>
  <testcase name="Validation_ServiceExceptionsSummaryReport_UI_Functionality_AllLOB" time="0.000" classname="Logi.ServiceExceptionsSummaryReport.Validate_ServiceExceptionsSummary_UI_Functionality_AllLOB"/>
  <testcase name="Validation_ServiceExceptionsSummaryReport_UI_Functionality_AllLOB" time="0.000" classname="Logi.ServiceExceptionsSummaryReport.Validate_ServiceExceptionsSummary_UI_Functionality_AllLOB"/>
  <testcase name="Validation_ServiceExceptionsSummaryReport_UI_Functionality_AllLOB" time="0.000" classname="Logi.ServiceExceptionsSummaryReport.Validate_ServiceExceptionsSummary_UI_Functionality_AllLOB"/>
  <testcase name="Validation_ServiceExceptionsSummaryReport_UI_Functionality_AllLOB" time="0.000" classname="Logi.ServiceExceptionsSummaryReport.Validate_ServiceExceptionsSummary_UI_Functionality_AllLOB"/>
  <testcase name="Validation_ServiceExceptionsSummaryReport_UI_Functionality_AllLOB" time="0.000" classname="Logi.ServiceExceptionsSummaryReport.Validate_ServiceExceptionsSummary_UI_Functionality_AllLOB"/>
  <testcase name="Validation_ServiceExceptionsSummaryReport_UI_Functionality_AllLOB" time="0.000" classname="Logi.ServiceExceptionsSummaryReport.Validate_ServiceExceptionsSummary_UI_Functionality_AllLOB"/>
  <testcase name="Validation_ServiceExceptionsSummaryReport_UI_Functionality_AllLOB" time="0.000" classname="Logi.ServiceExceptionsSummaryReport.Validate_ServiceExceptionsSummary_UI_Functionality_AllLOB"/>
  <testcase name="Validation_ServiceExceptionsSummaryReport_UI_Functionality_AllLOB" time="0.000" classname="Logi.ServiceExceptionsSummaryReport.Validate_ServiceExceptionsSummary_UI_Functionality_AllLOB"/>
  <testcase name="Validation_ServiceExceptionsSummaryReport_UI_Functionality_AllLOB" time="0.000" classname="Logi.ServiceExceptionsSummaryReport.Validate_ServiceExceptionsSummary_UI_Functionality_AllLOB"/>
  <testcase name="Validation_ServiceExceptionsSummaryReport_UI_Functionality_AllLOB" time="0.000" classname="Logi.ServiceExceptionsSummaryReport.Validate_ServiceExceptionsSummary_UI_Functionality_AllLOB"/>
  <testcase name="Validation_ServiceExceptionsSummaryReport_UI_Functionality_AllLOB" time="0.000" classname="Logi.ServiceExceptionsSummaryReport.Validate_ServiceExceptionsSummary_UI_Functionality_AllLOB"/>
  <testcase name="Validation_ServiceExceptionsSummaryReport_UI_Functionality_AllLOB" time="0.000" classname="Logi.ServiceExceptionsSummaryReport.Validate_ServiceExceptionsSummary_UI_Functionality_AllLOB"/>
  <testcase name="Validation_ServiceExceptionsSummaryReport_UI_Functionality_AllLOB" time="0.016" classname="Logi.ServiceExceptionsSummaryReport.Validate_ServiceExceptionsSummary_UI_Functionality_AllLOB"/>
  <testcase name="Validation_ServiceExceptionsSummaryReport_UI_Functionality_AllLOB" time="0.000" classname="Logi.ServiceExceptionsSummaryReport.Validate_ServiceExceptionsSummary_UI_Functionality_AllLOB"/>
  <testcase name="Validation_ServiceExceptionsSummaryReport_UI_Functionality_AllLOB" time="0.000" classname="Logi.ServiceExceptionsSummaryReport.Validate_ServiceExceptionsSummary_UI_Functionality_AllLOB"/>
  <testcase name="Validation_ServiceExceptionsSummaryReport_UI_Functionality_AllLOB" time="0.000" classname="Logi.ServiceExceptionsSummaryReport.Validate_ServiceExceptionsSummary_UI_Functionality_AllLOB"/>
  <testcase name="Validation_ServiceExceptionsSummaryReport_UI_Functionality_AllLOB" time="0.000" classname="Logi.ServiceExceptionsSummaryReport.Validate_ServiceExceptionsSummary_UI_Functionality_AllLOB"/>
  <testcase name="Validation_ServiceExceptionsSummaryReport_UI_Functionality_AllLOB" time="0.000" classname="Logi.ServiceExceptionsSummaryReport.Validate_ServiceExceptionsSummary_UI_Functionality_AllLOB"/>
  <testcase name="Validation_ServiceExceptionsSummaryReport_UI_Functionality_AllLOB" time="0.000" classname="Logi.ServiceExceptionsSummaryReport.Validate_ServiceExceptionsSummary_UI_Functionality_AllLOB"/>
  <testcase name="Validation_ServiceExceptionsSummaryReport_UI_Functionality_AllLOB" time="0.000" classname="Logi.ServiceExceptionsSummaryReport.Validate_ServiceExceptionsSummary_UI_Functionality_AllLOB"/>
  <testcase name="Validation_ServiceExceptionsSummaryReport_UI_Functionality_AllLOB" time="0.000" classname="Logi.ServiceExceptionsSummaryReport.Validate_ServiceExceptionsSummary_UI_Functionality_AllLOB"/>
  <testcase name="Validation_ServiceExceptionsSummaryReport_UI_Functionality_AllLOB" time="0.000" classname="Logi.ServiceExceptionsSummaryReport.Validate_ServiceExceptionsSummary_UI_Functionality_AllLOB"/>
  <testcase name="Validation_ServiceExceptionsSummaryReport_UI_Functionality_AllLOB" time="0.000" classname="Logi.ServiceExceptionsSummaryReport.Validate_ServiceExceptionsSummary_UI_Functionality_AllLOB"/>
  <testcase name="Validation_ServiceExceptionsSummaryReport_UI_Functionality_AllLOB" time="0.000" classname="Logi.ServiceExceptionsSummaryReport.Validate_ServiceExceptionsSummary_UI_Functionality_AllLOB"/>
  <testcase name="Validation_ServiceExceptionsSummaryReport_UI_Functionality_AllLOB" time="0.000" classname="Logi.ServiceExceptionsSummaryReport.Validate_ServiceExceptionsSummary_UI_Functionality_AllLOB"/>
  <testcase name="Validation_ServiceExceptionsSummaryReport_UI_Functionality_AllLOB" time="0.000" classname="Logi.ServiceExceptionsSummaryReport.Validate_ServiceExceptionsSummary_UI_Functionality_AllLOB"/>
  <testcase name="Validation_ServiceExceptionsSummaryReport_UI_Functionality_AllLOB" time="0.000" classname="Logi.ServiceExceptionsSummaryReport.Validate_ServiceExceptionsSummary_UI_Functionality_AllLOB"/>
  <testcase name="Validation_ServiceExceptionsSummaryReport_UI_Functionality_AllLOB" time="0.000" classname="Logi.ServiceExceptionsSummaryReport.Validate_ServiceExceptionsSummary_UI_Functionality_AllLOB"/>
  <testcase name="Validation_ServiceExceptionsSummaryReport_UI_Functionality_AllLOB" time="0.000" classname="Logi.ServiceExceptionsSummaryReport.Validate_ServiceExceptionsSummary_UI_Functionality_AllLOB"/>
  <testcase name="Validation_ServiceExceptionsSummaryReport_UI_Functionality_AllLOB" time="0.000" classname="Logi.ServiceExceptionsSummaryReport.Validate_ServiceExceptionsSummary_UI_Functionality_AllLOB"/>
  <testcase name="Validation_ServiceExceptionsSummaryReport_UI_Functionality_AllLOB" time="0.000" classname="Logi.ServiceExceptionsSummaryReport.Validate_ServiceExceptionsSummary_UI_Functionality_AllLOB"/>
  <testcase name="Validation_ServiceExceptionsSummaryReport_UI_Functionality_AllLOB" time="0.000" classname="Logi.ServiceExceptionsSummaryReport.Validate_ServiceExceptionsSummary_UI_Functionality_AllLOB"/>
  <testcase name="Validation_ServiceExceptionsSummaryReport_UI_Functionality_AllLOB" time="0.000" classname="Logi.ServiceExceptionsSummaryReport.Validate_ServiceExceptionsSummary_UI_Functionality_AllLOB"/>
  <testcase name="Validation_ServiceExceptionsSummaryReport_UI_Functionality_AllLOB" time="0.000" classname="Logi.ServiceExceptionsSummaryReport.Validate_ServiceExceptionsSummary_UI_Functionality_AllLOB"/>
  <testcase name="Validation_ServiceExceptionsSummaryReport_UI_Functionality_AllLOB" time="0.000" classname="Logi.ServiceExceptionsSummaryReport.Validate_ServiceExceptionsSummary_UI_Functionality_AllLOB"/>
  <testcase name="Validation_ServiceExceptionsSummaryReport_UI_Functionality_AllLOB" time="0.000" classname="Logi.ServiceExceptionsSummaryReport.Validate_ServiceExceptionsSummary_UI_Functionality_AllLOB"/>
  <testcase name="Validation_ServiceExceptionsSummaryReport_UI_Functionality_AllLOB" time="0.000" classname="Logi.ServiceExceptionsSummaryReport.Validate_ServiceExceptionsSummary_UI_Functionality_AllLOB"/>
  <testcase name="Validation_ServiceExceptionsSummaryReport_UI_Functionality_AllLOB" time="0.000" classname="Logi.ServiceExceptionsSummaryReport.Validate_ServiceExceptionsSummary_UI_Functionality_AllLOB"/>
  <testcase name="Validation_ServiceExceptionsSummaryReport_UI_Functionality_AllLOB" time="0.000" classname="Logi.ServiceExceptionsSummaryReport.Validate_ServiceExceptionsSummary_UI_Functionality_AllLOB"/>
  <testcase name="Validation_ServiceExceptionsSummaryReport_UI_Functionality_AllLOB" time="0.000" classname="Logi.ServiceExceptionsSummaryReport.Validate_ServiceExceptionsSummary_UI_Functionality_AllLOB"/>
  <testcase name="Validation_ServiceExceptionsSummaryReport_UI_Functionality_AllLOB" time="0.000" classname="Logi.ServiceExceptionsSummaryReport.Validate_ServiceExceptionsSummary_UI_Functionality_AllLOB"/>
  <testcase name="Validation_ServiceExceptionsSummaryReport_UI_Functionality_AllLOB" time="0.000" classname="Logi.ServiceExceptionsSummaryReport.Validate_ServiceExceptionsSummary_UI_Functionality_AllLOB"/>
  <testcase name="Validation_ServiceExceptionsSummaryReport_UI_Functionality_AllLOB" time="0.000" classname="Logi.ServiceExceptionsSummaryReport.Validate_ServiceExceptionsSummary_UI_Functionality_AllLOB"/>
  <testcase name="Validation_ServiceExceptionsSummaryReport_UI_Functionality_AllLOB" time="0.000" classname="Logi.ServiceExceptionsSummaryReport.Validate_ServiceExceptionsSummary_UI_Functionality_AllLOB"/>
  <testcase name="Validation_ServiceExceptionsSummaryReport_UI_Functionality_AllLOB" time="0.000" classname="Logi.ServiceExceptionsSummaryReport.Validate_ServiceExceptionsSummary_UI_Functionality_AllLOB"/>
  <testcase name="Validation_ServiceExceptionsSummaryReport_UI_Functionality_AllLOB" time="0.000" classname="Logi.ServiceExceptionsSummaryReport.Validate_ServiceExceptionsSummary_UI_Functionality_AllLOB"/>
  <testcase name="Validation_ServiceExceptionsSummaryReport_UI_Functionality_AllLOB" time="0.000" classname="Logi.ServiceExceptionsSummaryReport.Validate_ServiceExceptionsSummary_UI_Functionality_AllLOB"/>
  <testcase name="Validation_ServiceExceptionsSummaryReport_UI_Functionality_AllLOB" time="0.000" classname="Logi.ServiceExceptionsSummaryReport.Validate_ServiceExceptionsSummary_UI_Functionality_AllLOB"/>
  <testcase name="Validation_ServiceExceptionsSummaryReport_UI_Functionality_AllLOB" time="0.000" classname="Logi.ServiceExceptionsSummaryReport.Validate_ServiceExceptionsSummary_UI_Functionality_AllLOB"/>
  <testcase name="Validation_ServiceExceptionsSummaryReport_UI_Functionality_AllLOB" time="0.000" classname="Logi.ServiceExceptionsSummaryReport.Validate_ServiceExceptionsSummary_UI_Functionality_AllLOB"/>
  <testcase name="Validation_ServiceExceptionsSummaryReport_UI_Functionality_AllLOB" time="0.000" classname="Logi.ServiceExceptionsSummaryReport.Validate_ServiceExceptionsSummary_UI_Functionality_AllLOB"/>
  <testcase name="Validation_ServiceExceptionsSummaryReport_UI_Functionality_AllLOB" time="0.000" classname="Logi.ServiceExceptionsSummaryReport.Validate_ServiceExceptionsSummary_UI_Functionality_AllLOB"/>
  <testcase name="Validation_ServiceExceptionsSummaryReport_UI_Functionality_AllLOB" time="0.000" classname="Logi.ServiceExceptionsSummaryReport.Validate_ServiceExceptionsSummary_UI_Functionality_AllLOB"/>
  <testcase name="Validation_ServiceExceptionsSummaryReport_UI_Functionality_AllLOB" time="0.000" classname="Logi.ServiceExceptionsSummaryReport.Validate_ServiceExceptionsSummary_UI_Functionality_AllLOB"/>
  <testcase name="Validation_ServiceExceptionsSummaryReport_UI_Functionality_AllLOB" time="0.000" classname="Logi.ServiceExceptionsSummaryReport.Validate_ServiceExceptionsSummary_UI_Functionality_AllLOB"/>
  <testcase name="Validation_ServiceExceptionsSummaryReport_UI_Functionality_AllLOB" time="0.000" classname="Logi.ServiceExceptionsSummaryReport.Validate_ServiceExceptionsSummary_UI_Functionality_AllLOB"/>
  <testcase name="Validation_ServiceExceptionsSummaryReport_UI_Functionality_AllLOB" time="0.000" classname="Logi.ServiceExceptionsSummaryReport.Validate_ServiceExceptionsSummary_UI_Functionality_AllLOB"/>
  <testcase name="Validation_ServiceExceptionsSummaryReport_UI_Functionality_AllLOB" time="0.016" classname="Logi.ServiceExceptionsSummaryReport.Validate_ServiceExceptionsSummary_UI_Functionality_AllLOB"/>
  <testcase name="Validation_ServiceExceptionsSummaryReport_UI_Functionality_AllLOB" time="0.000" classname="Logi.ServiceExceptionsSummaryReport.Validate_ServiceExceptionsSummary_UI_Functionality_AllLOB"/>
  <testcase name="Validation_ServiceExceptionsSummaryReport_UI_Functionality_AllLOB" time="0.000" classname="Logi.ServiceExceptionsSummaryReport.Validate_ServiceExceptionsSummary_UI_Functionality_AllLOB"/>
  <testcase name="Validation_ServiceExceptionsSummaryReport_UI_Functionality_AllLOB" time="0.000" classname="Logi.ServiceExceptionsSummaryReport.Validate_ServiceExceptionsSummary_UI_Functionality_AllLOB"/>
  <testcase name="Validation_ServiceExceptionsSummaryReport_UI_Functionality_AllLOB" time="0.000" classname="Logi.ServiceExceptionsSummaryReport.Validate_ServiceExceptionsSummary_UI_Functionality_AllLOB"/>
  <testcase name="Validation_ServiceExceptionsSummaryReport_UI_Functionality_AllLOB" time="0.000" classname="Logi.ServiceExceptionsSummaryReport.Validate_ServiceExceptionsSummary_UI_Functionality_AllLOB"/>
  <testcase name="Validation_ServiceExceptionsSummaryReport_UI_Functionality_AllLOB" time="0.000" classname="Logi.ServiceExceptionsSummaryReport.Validate_ServiceExceptionsSummary_UI_Functionality_AllLOB"/>
  <testcase name="Validation_ServiceExceptionsSummaryReport_UI_Functionality_AllLOB" time="0.000" classname="Logi.ServiceExceptionsSummaryReport.Validate_ServiceExceptionsSummary_UI_Functionality_AllLOB"/>
  <testcase name="Validation_ServiceExceptionsSummaryReport_UI_Functionality_AllLOB" time="0.000" classname="Logi.ServiceExceptionsSummaryReport.Validate_ServiceExceptionsSummary_UI_Functionality_AllLOB"/>
  <testcase name="Validation_ServiceExceptionsSummaryReport_UI_Functionality_AllLOB" time="158.798" classname="Logi.ServiceExceptionsSummaryReport.Validate_ServiceExceptionsSummary_UI_Functionality_AllLOB"/>
  <testcase name="Validation_ServiceExceptionsSummaryReport_UI_Functionality_AllLOB" time="0.000" classname="Logi.ServiceExceptionsSummaryReport.Validate_ServiceExceptionsSummary_UI_Functionality_AllLOB"/>
  <testcase name="Validation_ServiceExceptionsSummaryReport_UI_Functionality_AllLOB" time="0.000" classname="Logi.ServiceExceptionsSummaryReport.Validate_ServiceExceptionsSummary_UI_Functionality_AllLOB"/>
  <testcase name="Validation_ServiceExceptionsSummaryReport_UI_Functionality_AllLOB" time="0.000" classname="Logi.ServiceExceptionsSummaryReport.Validate_ServiceExceptionsSummary_UI_Functionality_AllLOB"/>
  <testcase name="Validation_ServiceExceptionsSummaryReport_UI_Functionality_AllLOB" time="0.000" classname="Logi.ServiceExceptionsSummaryReport.Validate_ServiceExceptionsSummary_UI_Functionality_AllLOB"/>
  <testcase name="Validation_ServiceExceptionsSummaryReport_UI_Functionality_AllLOB" time="0.000" classname="Logi.ServiceExceptionsSummaryReport.Validate_ServiceExceptionsSummary_UI_Functionality_AllLOB"/>
  <testcase name="Validation_ServiceExceptionsSummaryReport_UI_Functionality_AllLOB" time="0.000" classname="Logi.ServiceExceptionsSummaryReport.Validate_ServiceExceptionsSummary_UI_Functionality_AllLOB"/>
</testsuite> <!-- Logi.ServiceExceptionsSummaryReport.Validate_ServiceExceptionsSummary_UI_Functionality_AllLOB -->
