<?xml version="1.0" encoding="UTF-8"?>
<!-- Generated by org.testng.reporters.JUnitReportReporter -->
<testsuite skipped="0" hostname="CB2012R2AUSE005" name="Logi.DisposalCycleDetailReport.Validate_DisposalCycleDetail_COM" tests="87" failures="0" timestamp="15 Jan 2018 09:21:45 GMT" time="606.276" errors="0">
  <testcase name="Validation_DisposalCycleDetailReport_COM" time="0.000" classname="Logi.DisposalCycleDetailReport.Validate_DisposalCycleDetail_COM"/>
  <testcase name="Validation_DisposalCycleDetailReport_COM" time="0.000" classname="Logi.DisposalCycleDetailReport.Validate_DisposalCycleDetail_COM"/>
  <testcase name="Validation_DisposalCycleDetailReport_COM" time="0.000" classname="Logi.DisposalCycleDetailReport.Validate_DisposalCycleDetail_COM"/>
  <testcase name="Validation_DisposalCycleDetailReport_COM" time="0.000" classname="Logi.DisposalCycleDetailReport.Validate_DisposalCycleDetail_COM"/>
  <testcase name="Validation_DisposalCycleDetailReport_COM" time="0.000" classname="Logi.DisposalCycleDetailReport.Validate_DisposalCycleDetail_COM"/>
  <testcase name="Validation_DisposalCycleDetailReport_COM" time="0.000" classname="Logi.DisposalCycleDetailReport.Validate_DisposalCycleDetail_COM"/>
  <testcase name="Validation_DisposalCycleDetailReport_COM" time="0.000" classname="Logi.DisposalCycleDetailReport.Validate_DisposalCycleDetail_COM"/>
  <testcase name="Validation_DisposalCycleDetailReport_COM" time="0.000" classname="Logi.DisposalCycleDetailReport.Validate_DisposalCycleDetail_COM"/>
  <testcase name="Validation_DisposalCycleDetailReport_COM" time="0.000" classname="Logi.DisposalCycleDetailReport.Validate_DisposalCycleDetail_COM"/>
  <testcase name="Validation_DisposalCycleDetailReport_COM" time="0.000" classname="Logi.DisposalCycleDetailReport.Validate_DisposalCycleDetail_COM"/>
  <testcase name="Validation_DisposalCycleDetailReport_COM" time="0.000" classname="Logi.DisposalCycleDetailReport.Validate_DisposalCycleDetail_COM"/>
  <testcase name="Validation_DisposalCycleDetailReport_COM" time="0.000" classname="Logi.DisposalCycleDetailReport.Validate_DisposalCycleDetail_COM"/>
  <testcase name="Validation_DisposalCycleDetailReport_COM" time="0.000" classname="Logi.DisposalCycleDetailReport.Validate_DisposalCycleDetail_COM"/>
  <testcase name="Validation_DisposalCycleDetailReport_COM" time="0.000" classname="Logi.DisposalCycleDetailReport.Validate_DisposalCycleDetail_COM"/>
  <testcase name="Validation_DisposalCycleDetailReport_COM" time="0.001" classname="Logi.DisposalCycleDetailReport.Validate_DisposalCycleDetail_COM"/>
  <testcase name="Validation_DisposalCycleDetailReport_COM" time="0.000" classname="Logi.DisposalCycleDetailReport.Validate_DisposalCycleDetail_COM"/>
  <testcase name="Validation_DisposalCycleDetailReport_COM" time="0.000" classname="Logi.DisposalCycleDetailReport.Validate_DisposalCycleDetail_COM"/>
  <testcase name="Validation_DisposalCycleDetailReport_COM" time="0.000" classname="Logi.DisposalCycleDetailReport.Validate_DisposalCycleDetail_COM"/>
  <testcase name="Validation_DisposalCycleDetailReport_COM" time="0.000" classname="Logi.DisposalCycleDetailReport.Validate_DisposalCycleDetail_COM"/>
  <testcase name="Validation_DisposalCycleDetailReport_COM" time="0.000" classname="Logi.DisposalCycleDetailReport.Validate_DisposalCycleDetail_COM"/>
  <testcase name="Validation_DisposalCycleDetailReport_COM" time="0.000" classname="Logi.DisposalCycleDetailReport.Validate_DisposalCycleDetail_COM"/>
  <testcase name="Validation_DisposalCycleDetailReport_COM" time="0.000" classname="Logi.DisposalCycleDetailReport.Validate_DisposalCycleDetail_COM"/>
  <testcase name="Validation_DisposalCycleDetailReport_COM" time="0.000" classname="Logi.DisposalCycleDetailReport.Validate_DisposalCycleDetail_COM"/>
  <testcase name="Validation_DisposalCycleDetailReport_COM" time="0.000" classname="Logi.DisposalCycleDetailReport.Validate_DisposalCycleDetail_COM"/>
  <testcase name="Validation_DisposalCycleDetailReport_COM" time="0.015" classname="Logi.DisposalCycleDetailReport.Validate_DisposalCycleDetail_COM"/>
  <testcase name="Validation_DisposalCycleDetailReport_COM" time="0.000" classname="Logi.DisposalCycleDetailReport.Validate_DisposalCycleDetail_COM"/>
  <testcase name="Validation_DisposalCycleDetailReport_COM" time="0.000" classname="Logi.DisposalCycleDetailReport.Validate_DisposalCycleDetail_COM"/>
  <testcase name="Validation_DisposalCycleDetailReport_COM" time="0.000" classname="Logi.DisposalCycleDetailReport.Validate_DisposalCycleDetail_COM"/>
  <testcase name="Validation_DisposalCycleDetailReport_COM" time="0.000" classname="Logi.DisposalCycleDetailReport.Validate_DisposalCycleDetail_COM"/>
  <testcase name="Validation_DisposalCycleDetailReport_COM" time="0.001" classname="Logi.DisposalCycleDetailReport.Validate_DisposalCycleDetail_COM"/>
  <testcase name="Validation_DisposalCycleDetailReport_COM" time="0.000" classname="Logi.DisposalCycleDetailReport.Validate_DisposalCycleDetail_COM"/>
  <testcase name="Validation_DisposalCycleDetailReport_COM" time="0.000" classname="Logi.DisposalCycleDetailReport.Validate_DisposalCycleDetail_COM"/>
  <testcase name="Validation_DisposalCycleDetailReport_COM" time="0.000" classname="Logi.DisposalCycleDetailReport.Validate_DisposalCycleDetail_COM"/>
  <testcase name="Validation_DisposalCycleDetailReport_COM" time="0.015" classname="Logi.DisposalCycleDetailReport.Validate_DisposalCycleDetail_COM"/>
  <testcase name="Validation_DisposalCycleDetailReport_COM" time="0.000" classname="Logi.DisposalCycleDetailReport.Validate_DisposalCycleDetail_COM"/>
  <testcase name="Validation_DisposalCycleDetailReport_COM" time="0.000" classname="Logi.DisposalCycleDetailReport.Validate_DisposalCycleDetail_COM"/>
  <testcase name="Validation_DisposalCycleDetailReport_COM" time="0.000" classname="Logi.DisposalCycleDetailReport.Validate_DisposalCycleDetail_COM"/>
  <testcase name="Validation_DisposalCycleDetailReport_COM" time="0.000" classname="Logi.DisposalCycleDetailReport.Validate_DisposalCycleDetail_COM"/>
  <testcase name="Validation_DisposalCycleDetailReport_COM" time="0.000" classname="Logi.DisposalCycleDetailReport.Validate_DisposalCycleDetail_COM"/>
  <testcase name="Validation_DisposalCycleDetailReport_COM" time="0.000" classname="Logi.DisposalCycleDetailReport.Validate_DisposalCycleDetail_COM"/>
  <testcase name="Validation_DisposalCycleDetailReport_COM" time="0.000" classname="Logi.DisposalCycleDetailReport.Validate_DisposalCycleDetail_COM"/>
  <testcase name="Validation_DisposalCycleDetailReport_COM" time="0.000" classname="Logi.DisposalCycleDetailReport.Validate_DisposalCycleDetail_COM"/>
  <testcase name="Validation_DisposalCycleDetailReport_COM" time="0.000" classname="Logi.DisposalCycleDetailReport.Validate_DisposalCycleDetail_COM"/>
  <testcase name="Validation_DisposalCycleDetailReport_COM" time="0.001" classname="Logi.DisposalCycleDetailReport.Validate_DisposalCycleDetail_COM"/>
  <testcase name="Validation_DisposalCycleDetailReport_COM" time="0.000" classname="Logi.DisposalCycleDetailReport.Validate_DisposalCycleDetail_COM"/>
  <testcase name="Validation_DisposalCycleDetailReport_COM" time="606.163" classname="Logi.DisposalCycleDetailReport.Validate_DisposalCycleDetail_COM"/>
  <testcase name="Validation_DisposalCycleDetailReport_COM" time="0.000" classname="Logi.DisposalCycleDetailReport.Validate_DisposalCycleDetail_COM"/>
  <testcase name="Validation_DisposalCycleDetailReport_COM" time="0.000" classname="Logi.DisposalCycleDetailReport.Validate_DisposalCycleDetail_COM"/>
  <testcase name="Validation_DisposalCycleDetailReport_COM" time="0.000" classname="Logi.DisposalCycleDetailReport.Validate_DisposalCycleDetail_COM"/>
  <testcase name="Validation_DisposalCycleDetailReport_COM" time="0.017" classname="Logi.DisposalCycleDetailReport.Validate_DisposalCycleDetail_COM"/>
  <testcase name="Validation_DisposalCycleDetailReport_COM" time="0.000" classname="Logi.DisposalCycleDetailReport.Validate_DisposalCycleDetail_COM"/>
  <testcase name="Validation_DisposalCycleDetailReport_COM" time="0.000" classname="Logi.DisposalCycleDetailReport.Validate_DisposalCycleDetail_COM"/>
  <testcase name="Validation_DisposalCycleDetailReport_COM" time="0.000" classname="Logi.DisposalCycleDetailReport.Validate_DisposalCycleDetail_COM"/>
  <testcase name="Validation_DisposalCycleDetailReport_COM" time="0.000" classname="Logi.DisposalCycleDetailReport.Validate_DisposalCycleDetail_COM"/>
  <testcase name="Validation_DisposalCycleDetailReport_COM" time="0.000" classname="Logi.DisposalCycleDetailReport.Validate_DisposalCycleDetail_COM"/>
  <testcase name="Validation_DisposalCycleDetailReport_COM" time="0.000" classname="Logi.DisposalCycleDetailReport.Validate_DisposalCycleDetail_COM"/>
  <testcase name="Validation_DisposalCycleDetailReport_COM" time="0.000" classname="Logi.DisposalCycleDetailReport.Validate_DisposalCycleDetail_COM"/>
  <testcase name="Validation_DisposalCycleDetailReport_COM" time="0.000" classname="Logi.DisposalCycleDetailReport.Validate_DisposalCycleDetail_COM"/>
  <testcase name="Validation_DisposalCycleDetailReport_COM" time="0.000" classname="Logi.DisposalCycleDetailReport.Validate_DisposalCycleDetail_COM"/>
  <testcase name="Validation_DisposalCycleDetailReport_COM" time="0.000" classname="Logi.DisposalCycleDetailReport.Validate_DisposalCycleDetail_COM"/>
  <testcase name="Validation_DisposalCycleDetailReport_COM" time="0.000" classname="Logi.DisposalCycleDetailReport.Validate_DisposalCycleDetail_COM"/>
  <testcase name="Validation_DisposalCycleDetailReport_COM" time="0.000" classname="Logi.DisposalCycleDetailReport.Validate_DisposalCycleDetail_COM"/>
  <testcase name="Validation_DisposalCycleDetailReport_COM" time="0.000" classname="Logi.DisposalCycleDetailReport.Validate_DisposalCycleDetail_COM"/>
  <testcase name="Validation_DisposalCycleDetailReport_COM" time="0.000" classname="Logi.DisposalCycleDetailReport.Validate_DisposalCycleDetail_COM"/>
  <testcase name="Validation_DisposalCycleDetailReport_COM" time="0.014" classname="Logi.DisposalCycleDetailReport.Validate_DisposalCycleDetail_COM"/>
  <testcase name="Validation_DisposalCycleDetailReport_COM" time="0.015" classname="Logi.DisposalCycleDetailReport.Validate_DisposalCycleDetail_COM"/>
  <testcase name="Validation_DisposalCycleDetailReport_COM" time="0.000" classname="Logi.DisposalCycleDetailReport.Validate_DisposalCycleDetail_COM"/>
  <testcase name="Validation_DisposalCycleDetailReport_COM" time="0.000" classname="Logi.DisposalCycleDetailReport.Validate_DisposalCycleDetail_COM"/>
  <testcase name="Validation_DisposalCycleDetailReport_COM" time="0.000" classname="Logi.DisposalCycleDetailReport.Validate_DisposalCycleDetail_COM"/>
  <testcase name="Validation_DisposalCycleDetailReport_COM" time="0.016" classname="Logi.DisposalCycleDetailReport.Validate_DisposalCycleDetail_COM"/>
  <testcase name="Validation_DisposalCycleDetailReport_COM" time="0.000" classname="Logi.DisposalCycleDetailReport.Validate_DisposalCycleDetail_COM"/>
  <testcase name="Validation_DisposalCycleDetailReport_COM" time="0.000" classname="Logi.DisposalCycleDetailReport.Validate_DisposalCycleDetail_COM"/>
  <testcase name="Validation_DisposalCycleDetailReport_COM" time="0.000" classname="Logi.DisposalCycleDetailReport.Validate_DisposalCycleDetail_COM"/>
  <testcase name="Validation_DisposalCycleDetailReport_COM" time="0.000" classname="Logi.DisposalCycleDetailReport.Validate_DisposalCycleDetail_COM"/>
  <testcase name="Validation_DisposalCycleDetailReport_COM" time="0.000" classname="Logi.DisposalCycleDetailReport.Validate_DisposalCycleDetail_COM"/>
  <testcase name="Validation_DisposalCycleDetailReport_COM" time="0.000" classname="Logi.DisposalCycleDetailReport.Validate_DisposalCycleDetail_COM"/>
  <testcase name="Validation_DisposalCycleDetailReport_COM" time="0.000" classname="Logi.DisposalCycleDetailReport.Validate_DisposalCycleDetail_COM"/>
  <testcase name="Validation_DisposalCycleDetailReport_COM" time="0.000" classname="Logi.DisposalCycleDetailReport.Validate_DisposalCycleDetail_COM"/>
  <testcase name="Validation_DisposalCycleDetailReport_COM" time="0.000" classname="Logi.DisposalCycleDetailReport.Validate_DisposalCycleDetail_COM"/>
  <testcase name="Validation_DisposalCycleDetailReport_COM" time="0.000" classname="Logi.DisposalCycleDetailReport.Validate_DisposalCycleDetail_COM"/>
  <testcase name="Validation_DisposalCycleDetailReport_COM" time="0.001" classname="Logi.DisposalCycleDetailReport.Validate_DisposalCycleDetail_COM"/>
  <testcase name="Validation_DisposalCycleDetailReport_COM" time="0.000" classname="Logi.DisposalCycleDetailReport.Validate_DisposalCycleDetail_COM"/>
  <testcase name="Validation_DisposalCycleDetailReport_COM" time="0.001" classname="Logi.DisposalCycleDetailReport.Validate_DisposalCycleDetail_COM"/>
  <testcase name="Validation_DisposalCycleDetailReport_COM" time="0.000" classname="Logi.DisposalCycleDetailReport.Validate_DisposalCycleDetail_COM"/>
  <testcase name="Validation_DisposalCycleDetailReport_COM" time="0.000" classname="Logi.DisposalCycleDetailReport.Validate_DisposalCycleDetail_COM"/>
  <testcase name="Validation_DisposalCycleDetailReport_COM" time="0.000" classname="Logi.DisposalCycleDetailReport.Validate_DisposalCycleDetail_COM"/>
  <testcase name="Validation_DisposalCycleDetailReport_COM" time="0.016" classname="Logi.DisposalCycleDetailReport.Validate_DisposalCycleDetail_COM"/>
</testsuite> <!-- Logi.DisposalCycleDetailReport.Validate_DisposalCycleDetail_COM -->
