<?xml version="1.0" encoding="UTF-8"?>
<!-- Generated by org.testng.reporters.JUnitReportReporter -->
<testsuite skipped="0" hostname="CB2012R2AUSE003" name="Logi.RouteSummaryReport.Validate_RouteSummaryReport_AllLOB" tests="83" failures="0" timestamp="07 Jan 2018 19:31:52 GMT" time="68.639" errors="0">
  <testcase name="Validation_RouteSummaryReport_DataValidation_COM" time="0.000" classname="Logi.RouteSummaryReport.Validate_RouteSummaryReport_AllLOB"/>
  <testcase name="Validation_RouteSummaryReport_DataValidation_COM" time="0.000" classname="Logi.RouteSummaryReport.Validate_RouteSummaryReport_AllLOB"/>
  <testcase name="Validation_RouteSummaryReport_DataValidation_COM" time="0.000" classname="Logi.RouteSummaryReport.Validate_RouteSummaryReport_AllLOB"/>
  <testcase name="Validation_RouteSummaryReport_DataValidation_COM" time="0.000" classname="Logi.RouteSummaryReport.Validate_RouteSummaryReport_AllLOB"/>
  <testcase name="Validation_RouteSummaryReport_DataValidation_COM" time="0.000" classname="Logi.RouteSummaryReport.Validate_RouteSummaryReport_AllLOB"/>
  <testcase name="Validation_RouteSummaryReport_DataValidation_COM" time="0.000" classname="Logi.RouteSummaryReport.Validate_RouteSummaryReport_AllLOB"/>
  <testcase name="Validation_RouteSummaryReport_DataValidation_COM" time="0.000" classname="Logi.RouteSummaryReport.Validate_RouteSummaryReport_AllLOB"/>
  <testcase name="Validation_RouteSummaryReport_DataValidation_COM" time="0.000" classname="Logi.RouteSummaryReport.Validate_RouteSummaryReport_AllLOB"/>
  <testcase name="Validation_RouteSummaryReport_DataValidation_COM" time="0.000" classname="Logi.RouteSummaryReport.Validate_RouteSummaryReport_AllLOB"/>
  <testcase name="Validation_RouteSummaryReport_DataValidation_COM" time="0.000" classname="Logi.RouteSummaryReport.Validate_RouteSummaryReport_AllLOB"/>
  <testcase name="Validation_RouteSummaryReport_DataValidation_COM" time="0.000" classname="Logi.RouteSummaryReport.Validate_RouteSummaryReport_AllLOB"/>
  <testcase name="Validation_RouteSummaryReport_DataValidation_COM" time="0.000" classname="Logi.RouteSummaryReport.Validate_RouteSummaryReport_AllLOB"/>
  <testcase name="Validation_RouteSummaryReport_DataValidation_COM" time="0.000" classname="Logi.RouteSummaryReport.Validate_RouteSummaryReport_AllLOB"/>
  <testcase name="Validation_RouteSummaryReport_DataValidation_COM" time="0.000" classname="Logi.RouteSummaryReport.Validate_RouteSummaryReport_AllLOB"/>
  <testcase name="Validation_RouteSummaryReport_DataValidation_COM" time="0.000" classname="Logi.RouteSummaryReport.Validate_RouteSummaryReport_AllLOB"/>
  <testcase name="Validation_RouteSummaryReport_DataValidation_COM" time="0.000" classname="Logi.RouteSummaryReport.Validate_RouteSummaryReport_AllLOB"/>
  <testcase name="Validation_RouteSummaryReport_DataValidation_COM" time="0.000" classname="Logi.RouteSummaryReport.Validate_RouteSummaryReport_AllLOB"/>
  <testcase name="Validation_RouteSummaryReport_DataValidation_COM" time="0.000" classname="Logi.RouteSummaryReport.Validate_RouteSummaryReport_AllLOB"/>
  <testcase name="Validation_RouteSummaryReport_DataValidation_COM" time="0.000" classname="Logi.RouteSummaryReport.Validate_RouteSummaryReport_AllLOB"/>
  <testcase name="Validation_RouteSummaryReport_DataValidation_COM" time="68.577" classname="Logi.RouteSummaryReport.Validate_RouteSummaryReport_AllLOB"/>
  <testcase name="Validation_RouteSummaryReport_DataValidation_COM" time="0.000" classname="Logi.RouteSummaryReport.Validate_RouteSummaryReport_AllLOB"/>
  <testcase name="Validation_RouteSummaryReport_DataValidation_COM" time="0.000" classname="Logi.RouteSummaryReport.Validate_RouteSummaryReport_AllLOB"/>
  <testcase name="Validation_RouteSummaryReport_DataValidation_COM" time="0.000" classname="Logi.RouteSummaryReport.Validate_RouteSummaryReport_AllLOB"/>
  <testcase name="Validation_RouteSummaryReport_DataValidation_COM" time="0.000" classname="Logi.RouteSummaryReport.Validate_RouteSummaryReport_AllLOB"/>
  <testcase name="Validation_RouteSummaryReport_DataValidation_COM" time="0.000" classname="Logi.RouteSummaryReport.Validate_RouteSummaryReport_AllLOB"/>
  <testcase name="Validation_RouteSummaryReport_DataValidation_COM" time="0.000" classname="Logi.RouteSummaryReport.Validate_RouteSummaryReport_AllLOB"/>
  <testcase name="Validation_RouteSummaryReport_DataValidation_COM" time="0.000" classname="Logi.RouteSummaryReport.Validate_RouteSummaryReport_AllLOB"/>
  <testcase name="Validation_RouteSummaryReport_DataValidation_COM" time="0.000" classname="Logi.RouteSummaryReport.Validate_RouteSummaryReport_AllLOB"/>
  <testcase name="Validation_RouteSummaryReport_DataValidation_COM" time="0.000" classname="Logi.RouteSummaryReport.Validate_RouteSummaryReport_AllLOB"/>
  <testcase name="Validation_RouteSummaryReport_DataValidation_COM" time="0.000" classname="Logi.RouteSummaryReport.Validate_RouteSummaryReport_AllLOB"/>
  <testcase name="Validation_RouteSummaryReport_DataValidation_COM" time="0.000" classname="Logi.RouteSummaryReport.Validate_RouteSummaryReport_AllLOB"/>
  <testcase name="Validation_RouteSummaryReport_DataValidation_COM" time="0.000" classname="Logi.RouteSummaryReport.Validate_RouteSummaryReport_AllLOB"/>
  <testcase name="Validation_RouteSummaryReport_DataValidation_COM" time="0.000" classname="Logi.RouteSummaryReport.Validate_RouteSummaryReport_AllLOB"/>
  <testcase name="Validation_RouteSummaryReport_DataValidation_COM" time="0.000" classname="Logi.RouteSummaryReport.Validate_RouteSummaryReport_AllLOB"/>
  <testcase name="Validation_RouteSummaryReport_DataValidation_COM" time="0.016" classname="Logi.RouteSummaryReport.Validate_RouteSummaryReport_AllLOB"/>
  <testcase name="Validation_RouteSummaryReport_DataValidation_COM" time="0.000" classname="Logi.RouteSummaryReport.Validate_RouteSummaryReport_AllLOB"/>
  <testcase name="Validation_RouteSummaryReport_DataValidation_COM" time="0.000" classname="Logi.RouteSummaryReport.Validate_RouteSummaryReport_AllLOB"/>
  <testcase name="Validation_RouteSummaryReport_DataValidation_COM" time="0.000" classname="Logi.RouteSummaryReport.Validate_RouteSummaryReport_AllLOB"/>
  <testcase name="Validation_RouteSummaryReport_DataValidation_COM" time="0.000" classname="Logi.RouteSummaryReport.Validate_RouteSummaryReport_AllLOB"/>
  <testcase name="Validation_RouteSummaryReport_DataValidation_COM" time="0.000" classname="Logi.RouteSummaryReport.Validate_RouteSummaryReport_AllLOB"/>
  <testcase name="Validation_RouteSummaryReport_DataValidation_COM" time="0.000" classname="Logi.RouteSummaryReport.Validate_RouteSummaryReport_AllLOB"/>
  <testcase name="Validation_RouteSummaryReport_DataValidation_COM" time="0.000" classname="Logi.RouteSummaryReport.Validate_RouteSummaryReport_AllLOB"/>
  <testcase name="Validation_RouteSummaryReport_DataValidation_COM" time="0.000" classname="Logi.RouteSummaryReport.Validate_RouteSummaryReport_AllLOB"/>
  <testcase name="Validation_RouteSummaryReport_DataValidation_COM" time="0.000" classname="Logi.RouteSummaryReport.Validate_RouteSummaryReport_AllLOB"/>
  <testcase name="Validation_RouteSummaryReport_DataValidation_COM" time="0.000" classname="Logi.RouteSummaryReport.Validate_RouteSummaryReport_AllLOB"/>
  <testcase name="Validation_RouteSummaryReport_DataValidation_COM" time="0.000" classname="Logi.RouteSummaryReport.Validate_RouteSummaryReport_AllLOB"/>
  <testcase name="Validation_RouteSummaryReport_DataValidation_COM" time="0.000" classname="Logi.RouteSummaryReport.Validate_RouteSummaryReport_AllLOB"/>
  <testcase name="Validation_RouteSummaryReport_DataValidation_COM" time="0.000" classname="Logi.RouteSummaryReport.Validate_RouteSummaryReport_AllLOB"/>
  <testcase name="Validation_RouteSummaryReport_DataValidation_COM" time="0.000" classname="Logi.RouteSummaryReport.Validate_RouteSummaryReport_AllLOB"/>
  <testcase name="Validation_RouteSummaryReport_DataValidation_COM" time="0.000" classname="Logi.RouteSummaryReport.Validate_RouteSummaryReport_AllLOB"/>
  <testcase name="Validation_RouteSummaryReport_DataValidation_COM" time="0.000" classname="Logi.RouteSummaryReport.Validate_RouteSummaryReport_AllLOB"/>
  <testcase name="Validation_RouteSummaryReport_DataValidation_COM" time="0.000" classname="Logi.RouteSummaryReport.Validate_RouteSummaryReport_AllLOB"/>
  <testcase name="Validation_RouteSummaryReport_DataValidation_COM" time="0.000" classname="Logi.RouteSummaryReport.Validate_RouteSummaryReport_AllLOB"/>
  <testcase name="Validation_RouteSummaryReport_DataValidation_COM" time="0.000" classname="Logi.RouteSummaryReport.Validate_RouteSummaryReport_AllLOB"/>
  <testcase name="Validation_RouteSummaryReport_DataValidation_COM" time="0.000" classname="Logi.RouteSummaryReport.Validate_RouteSummaryReport_AllLOB"/>
  <testcase name="Validation_RouteSummaryReport_DataValidation_COM" time="0.000" classname="Logi.RouteSummaryReport.Validate_RouteSummaryReport_AllLOB"/>
  <testcase name="Validation_RouteSummaryReport_DataValidation_COM" time="0.000" classname="Logi.RouteSummaryReport.Validate_RouteSummaryReport_AllLOB"/>
  <testcase name="Validation_RouteSummaryReport_DataValidation_COM" time="0.000" classname="Logi.RouteSummaryReport.Validate_RouteSummaryReport_AllLOB"/>
  <testcase name="Validation_RouteSummaryReport_DataValidation_COM" time="0.000" classname="Logi.RouteSummaryReport.Validate_RouteSummaryReport_AllLOB"/>
  <testcase name="Validation_RouteSummaryReport_DataValidation_COM" time="0.000" classname="Logi.RouteSummaryReport.Validate_RouteSummaryReport_AllLOB"/>
  <testcase name="Validation_RouteSummaryReport_DataValidation_COM" time="0.000" classname="Logi.RouteSummaryReport.Validate_RouteSummaryReport_AllLOB"/>
  <testcase name="Validation_RouteSummaryReport_DataValidation_COM" time="0.000" classname="Logi.RouteSummaryReport.Validate_RouteSummaryReport_AllLOB"/>
  <testcase name="Validation_RouteSummaryReport_DataValidation_COM" time="0.000" classname="Logi.RouteSummaryReport.Validate_RouteSummaryReport_AllLOB"/>
  <testcase name="Validation_RouteSummaryReport_DataValidation_COM" time="0.000" classname="Logi.RouteSummaryReport.Validate_RouteSummaryReport_AllLOB"/>
  <testcase name="Validation_RouteSummaryReport_DataValidation_COM" time="0.016" classname="Logi.RouteSummaryReport.Validate_RouteSummaryReport_AllLOB"/>
  <testcase name="Validation_RouteSummaryReport_DataValidation_COM" time="0.000" classname="Logi.RouteSummaryReport.Validate_RouteSummaryReport_AllLOB"/>
  <testcase name="Validation_RouteSummaryReport_DataValidation_COM" time="0.014" classname="Logi.RouteSummaryReport.Validate_RouteSummaryReport_AllLOB"/>
  <testcase name="Validation_RouteSummaryReport_DataValidation_COM" time="0.000" classname="Logi.RouteSummaryReport.Validate_RouteSummaryReport_AllLOB"/>
  <testcase name="Validation_RouteSummaryReport_DataValidation_COM" time="0.000" classname="Logi.RouteSummaryReport.Validate_RouteSummaryReport_AllLOB"/>
  <testcase name="Validation_RouteSummaryReport_DataValidation_COM" time="0.000" classname="Logi.RouteSummaryReport.Validate_RouteSummaryReport_AllLOB"/>
  <testcase name="Validation_RouteSummaryReport_DataValidation_COM" time="0.016" classname="Logi.RouteSummaryReport.Validate_RouteSummaryReport_AllLOB"/>
  <testcase name="Validation_RouteSummaryReport_DataValidation_COM" time="0.000" classname="Logi.RouteSummaryReport.Validate_RouteSummaryReport_AllLOB"/>
  <testcase name="Validation_RouteSummaryReport_DataValidation_COM" time="0.000" classname="Logi.RouteSummaryReport.Validate_RouteSummaryReport_AllLOB"/>
  <testcase name="Validation_RouteSummaryReport_DataValidation_COM" time="0.000" classname="Logi.RouteSummaryReport.Validate_RouteSummaryReport_AllLOB"/>
  <testcase name="Validation_RouteSummaryReport_DataValidation_COM" time="0.000" classname="Logi.RouteSummaryReport.Validate_RouteSummaryReport_AllLOB"/>
  <testcase name="Validation_RouteSummaryReport_DataValidation_COM" time="0.000" classname="Logi.RouteSummaryReport.Validate_RouteSummaryReport_AllLOB"/>
  <testcase name="Validation_RouteSummaryReport_DataValidation_COM" time="0.000" classname="Logi.RouteSummaryReport.Validate_RouteSummaryReport_AllLOB"/>
  <testcase name="Validation_RouteSummaryReport_DataValidation_COM" time="0.000" classname="Logi.RouteSummaryReport.Validate_RouteSummaryReport_AllLOB"/>
  <testcase name="Validation_RouteSummaryReport_DataValidation_COM" time="0.000" classname="Logi.RouteSummaryReport.Validate_RouteSummaryReport_AllLOB"/>
  <testcase name="Validation_RouteSummaryReport_DataValidation_COM" time="0.000" classname="Logi.RouteSummaryReport.Validate_RouteSummaryReport_AllLOB"/>
  <testcase name="Validation_RouteSummaryReport_DataValidation_COM" time="0.000" classname="Logi.RouteSummaryReport.Validate_RouteSummaryReport_AllLOB"/>
  <testcase name="Validation_RouteSummaryReport_DataValidation_COM" time="0.000" classname="Logi.RouteSummaryReport.Validate_RouteSummaryReport_AllLOB"/>
  <testcase name="Validation_RouteSummaryReport_DataValidation_COM" time="0.000" classname="Logi.RouteSummaryReport.Validate_RouteSummaryReport_AllLOB"/>
</testsuite> <!-- Logi.RouteSummaryReport.Validate_RouteSummaryReport_AllLOB -->
