<?xml version="1.0" encoding="UTF-8"?>
<!-- Generated by org.testng.reporters.JUnitReportReporter -->
<<<<<<< HEAD
<testsuite skipped="0" hostname="ADCAPPD331" name="Logi.SalesInformationDetailReport.Validate_SalesInformationDetail_UI_Functionality_AllLOB" tests="87" failures="0" timestamp="08 Jan 2018 13:11:00 GMT" time="135.648" errors="0">
  <testcase name="Validation_SalesInformationDetailReport_UI_Functionality_AllLOB" time="0.000" classname="Logi.SalesInformationDetailReport.Validate_SalesInformationDetail_UI_Functionality_AllLOB"/>
  <testcase name="Validation_SalesInformationDetailReport_UI_Functionality_AllLOB" time="0.000" classname="Logi.SalesInformationDetailReport.Validate_SalesInformationDetail_UI_Functionality_AllLOB"/>
  <testcase name="Validation_SalesInformationDetailReport_UI_Functionality_AllLOB" time="0.000" classname="Logi.SalesInformationDetailReport.Validate_SalesInformationDetail_UI_Functionality_AllLOB"/>
  <testcase name="Validation_SalesInformationDetailReport_UI_Functionality_AllLOB" time="0.000" classname="Logi.SalesInformationDetailReport.Validate_SalesInformationDetail_UI_Functionality_AllLOB"/>
  <testcase name="Validation_SalesInformationDetailReport_UI_Functionality_AllLOB" time="0.000" classname="Logi.SalesInformationDetailReport.Validate_SalesInformationDetail_UI_Functionality_AllLOB"/>
  <testcase name="Validation_SalesInformationDetailReport_UI_Functionality_AllLOB" time="0.000" classname="Logi.SalesInformationDetailReport.Validate_SalesInformationDetail_UI_Functionality_AllLOB"/>
  <testcase name="Validation_SalesInformationDetailReport_UI_Functionality_AllLOB" time="0.000" classname="Logi.SalesInformationDetailReport.Validate_SalesInformationDetail_UI_Functionality_AllLOB"/>
  <testcase name="Validation_SalesInformationDetailReport_UI_Functionality_AllLOB" time="0.016" classname="Logi.SalesInformationDetailReport.Validate_SalesInformationDetail_UI_Functionality_AllLOB"/>
  <testcase name="Validation_SalesInformationDetailReport_UI_Functionality_AllLOB" time="0.000" classname="Logi.SalesInformationDetailReport.Validate_SalesInformationDetail_UI_Functionality_AllLOB"/>
  <testcase name="Validation_SalesInformationDetailReport_UI_Functionality_AllLOB" time="0.000" classname="Logi.SalesInformationDetailReport.Validate_SalesInformationDetail_UI_Functionality_AllLOB"/>
  <testcase name="Validation_SalesInformationDetailReport_UI_Functionality_AllLOB" time="0.015" classname="Logi.SalesInformationDetailReport.Validate_SalesInformationDetail_UI_Functionality_AllLOB"/>
  <testcase name="Validation_SalesInformationDetailReport_UI_Functionality_AllLOB" time="0.015" classname="Logi.SalesInformationDetailReport.Validate_SalesInformationDetail_UI_Functionality_AllLOB"/>
  <testcase name="Validation_SalesInformationDetailReport_UI_Functionality_AllLOB" time="0.000" classname="Logi.SalesInformationDetailReport.Validate_SalesInformationDetail_UI_Functionality_AllLOB"/>
  <testcase name="Validation_SalesInformationDetailReport_UI_Functionality_AllLOB" time="0.000" classname="Logi.SalesInformationDetailReport.Validate_SalesInformationDetail_UI_Functionality_AllLOB"/>
  <testcase name="Validation_SalesInformationDetailReport_UI_Functionality_AllLOB" time="0.000" classname="Logi.SalesInformationDetailReport.Validate_SalesInformationDetail_UI_Functionality_AllLOB"/>
  <testcase name="Validation_SalesInformationDetailReport_UI_Functionality_AllLOB" time="0.000" classname="Logi.SalesInformationDetailReport.Validate_SalesInformationDetail_UI_Functionality_AllLOB"/>
  <testcase name="Validation_SalesInformationDetailReport_UI_Functionality_AllLOB" time="0.000" classname="Logi.SalesInformationDetailReport.Validate_SalesInformationDetail_UI_Functionality_AllLOB"/>
  <testcase name="Validation_SalesInformationDetailReport_UI_Functionality_AllLOB" time="0.000" classname="Logi.SalesInformationDetailReport.Validate_SalesInformationDetail_UI_Functionality_AllLOB"/>
  <testcase name="Validation_SalesInformationDetailReport_UI_Functionality_AllLOB" time="0.000" classname="Logi.SalesInformationDetailReport.Validate_SalesInformationDetail_UI_Functionality_AllLOB"/>
  <testcase name="Validation_SalesInformationDetailReport_UI_Functionality_AllLOB" time="135.223" classname="Logi.SalesInformationDetailReport.Validate_SalesInformationDetail_UI_Functionality_AllLOB"/>
  <testcase name="Validation_SalesInformationDetailReport_UI_Functionality_AllLOB" time="0.000" classname="Logi.SalesInformationDetailReport.Validate_SalesInformationDetail_UI_Functionality_AllLOB"/>
  <testcase name="Validation_SalesInformationDetailReport_UI_Functionality_AllLOB" time="0.000" classname="Logi.SalesInformationDetailReport.Validate_SalesInformationDetail_UI_Functionality_AllLOB"/>
  <testcase name="Validation_SalesInformationDetailReport_UI_Functionality_AllLOB" time="0.000" classname="Logi.SalesInformationDetailReport.Validate_SalesInformationDetail_UI_Functionality_AllLOB"/>
  <testcase name="Validation_SalesInformationDetailReport_UI_Functionality_AllLOB" time="0.000" classname="Logi.SalesInformationDetailReport.Validate_SalesInformationDetail_UI_Functionality_AllLOB"/>
  <testcase name="Validation_SalesInformationDetailReport_UI_Functionality_AllLOB" time="0.000" classname="Logi.SalesInformationDetailReport.Validate_SalesInformationDetail_UI_Functionality_AllLOB"/>
  <testcase name="Validation_SalesInformationDetailReport_UI_Functionality_AllLOB" time="0.000" classname="Logi.SalesInformationDetailReport.Validate_SalesInformationDetail_UI_Functionality_AllLOB"/>
  <testcase name="Validation_SalesInformationDetailReport_UI_Functionality_AllLOB" time="0.000" classname="Logi.SalesInformationDetailReport.Validate_SalesInformationDetail_UI_Functionality_AllLOB"/>
  <testcase name="Validation_SalesInformationDetailReport_UI_Functionality_AllLOB" time="0.000" classname="Logi.SalesInformationDetailReport.Validate_SalesInformationDetail_UI_Functionality_AllLOB"/>
  <testcase name="Validation_SalesInformationDetailReport_UI_Functionality_AllLOB" time="0.000" classname="Logi.SalesInformationDetailReport.Validate_SalesInformationDetail_UI_Functionality_AllLOB"/>
  <testcase name="Validation_SalesInformationDetailReport_UI_Functionality_AllLOB" time="0.000" classname="Logi.SalesInformationDetailReport.Validate_SalesInformationDetail_UI_Functionality_AllLOB"/>
  <testcase name="Validation_SalesInformationDetailReport_UI_Functionality_AllLOB" time="0.000" classname="Logi.SalesInformationDetailReport.Validate_SalesInformationDetail_UI_Functionality_AllLOB"/>
  <testcase name="Validation_SalesInformationDetailReport_UI_Functionality_AllLOB" time="0.000" classname="Logi.SalesInformationDetailReport.Validate_SalesInformationDetail_UI_Functionality_AllLOB"/>
  <testcase name="Validation_SalesInformationDetailReport_UI_Functionality_AllLOB" time="0.000" classname="Logi.SalesInformationDetailReport.Validate_SalesInformationDetail_UI_Functionality_AllLOB"/>
  <testcase name="Validation_SalesInformationDetailReport_UI_Functionality_AllLOB" time="0.000" classname="Logi.SalesInformationDetailReport.Validate_SalesInformationDetail_UI_Functionality_AllLOB"/>
  <testcase name="Validation_SalesInformationDetailReport_UI_Functionality_AllLOB" time="0.331" classname="Logi.SalesInformationDetailReport.Validate_SalesInformationDetail_UI_Functionality_AllLOB"/>
  <testcase name="Validation_SalesInformationDetailReport_UI_Functionality_AllLOB" time="0.000" classname="Logi.SalesInformationDetailReport.Validate_SalesInformationDetail_UI_Functionality_AllLOB"/>
  <testcase name="Validation_SalesInformationDetailReport_UI_Functionality_AllLOB" time="0.000" classname="Logi.SalesInformationDetailReport.Validate_SalesInformationDetail_UI_Functionality_AllLOB"/>
  <testcase name="Validation_SalesInformationDetailReport_UI_Functionality_AllLOB" time="0.000" classname="Logi.SalesInformationDetailReport.Validate_SalesInformationDetail_UI_Functionality_AllLOB"/>
  <testcase name="Validation_SalesInformationDetailReport_UI_Functionality_AllLOB" time="0.016" classname="Logi.SalesInformationDetailReport.Validate_SalesInformationDetail_UI_Functionality_AllLOB"/>
  <testcase name="Validation_SalesInformationDetailReport_UI_Functionality_AllLOB" time="0.016" classname="Logi.SalesInformationDetailReport.Validate_SalesInformationDetail_UI_Functionality_AllLOB"/>
  <testcase name="Validation_SalesInformationDetailReport_UI_Functionality_AllLOB" time="0.000" classname="Logi.SalesInformationDetailReport.Validate_SalesInformationDetail_UI_Functionality_AllLOB"/>
  <testcase name="Validation_SalesInformationDetailReport_UI_Functionality_AllLOB" time="0.000" classname="Logi.SalesInformationDetailReport.Validate_SalesInformationDetail_UI_Functionality_AllLOB"/>
  <testcase name="Validation_SalesInformationDetailReport_UI_Functionality_AllLOB" time="0.000" classname="Logi.SalesInformationDetailReport.Validate_SalesInformationDetail_UI_Functionality_AllLOB"/>
  <testcase name="Validation_SalesInformationDetailReport_UI_Functionality_AllLOB" time="0.000" classname="Logi.SalesInformationDetailReport.Validate_SalesInformationDetail_UI_Functionality_AllLOB"/>
  <testcase name="Validation_SalesInformationDetailReport_UI_Functionality_AllLOB" time="0.000" classname="Logi.SalesInformationDetailReport.Validate_SalesInformationDetail_UI_Functionality_AllLOB"/>
  <testcase name="Validation_SalesInformationDetailReport_UI_Functionality_AllLOB" time="0.000" classname="Logi.SalesInformationDetailReport.Validate_SalesInformationDetail_UI_Functionality_AllLOB"/>
  <testcase name="Validation_SalesInformationDetailReport_UI_Functionality_AllLOB" time="0.000" classname="Logi.SalesInformationDetailReport.Validate_SalesInformationDetail_UI_Functionality_AllLOB"/>
  <testcase name="Validation_SalesInformationDetailReport_UI_Functionality_AllLOB" time="0.000" classname="Logi.SalesInformationDetailReport.Validate_SalesInformationDetail_UI_Functionality_AllLOB"/>
  <testcase name="Validation_SalesInformationDetailReport_UI_Functionality_AllLOB" time="0.000" classname="Logi.SalesInformationDetailReport.Validate_SalesInformationDetail_UI_Functionality_AllLOB"/>
  <testcase name="Validation_SalesInformationDetailReport_UI_Functionality_AllLOB" time="0.000" classname="Logi.SalesInformationDetailReport.Validate_SalesInformationDetail_UI_Functionality_AllLOB"/>
  <testcase name="Validation_SalesInformationDetailReport_UI_Functionality_AllLOB" time="0.000" classname="Logi.SalesInformationDetailReport.Validate_SalesInformationDetail_UI_Functionality_AllLOB"/>
  <testcase name="Validation_SalesInformationDetailReport_UI_Functionality_AllLOB" time="0.000" classname="Logi.SalesInformationDetailReport.Validate_SalesInformationDetail_UI_Functionality_AllLOB"/>
  <testcase name="Validation_SalesInformationDetailReport_UI_Functionality_AllLOB" time="0.000" classname="Logi.SalesInformationDetailReport.Validate_SalesInformationDetail_UI_Functionality_AllLOB"/>
  <testcase name="Validation_SalesInformationDetailReport_UI_Functionality_AllLOB" time="0.000" classname="Logi.SalesInformationDetailReport.Validate_SalesInformationDetail_UI_Functionality_AllLOB"/>
  <testcase name="Validation_SalesInformationDetailReport_UI_Functionality_AllLOB" time="0.000" classname="Logi.SalesInformationDetailReport.Validate_SalesInformationDetail_UI_Functionality_AllLOB"/>
  <testcase name="Validation_SalesInformationDetailReport_UI_Functionality_AllLOB" time="0.000" classname="Logi.SalesInformationDetailReport.Validate_SalesInformationDetail_UI_Functionality_AllLOB"/>
  <testcase name="Validation_SalesInformationDetailReport_UI_Functionality_AllLOB" time="0.000" classname="Logi.SalesInformationDetailReport.Validate_SalesInformationDetail_UI_Functionality_AllLOB"/>
  <testcase name="Validation_SalesInformationDetailReport_UI_Functionality_AllLOB" time="0.000" classname="Logi.SalesInformationDetailReport.Validate_SalesInformationDetail_UI_Functionality_AllLOB"/>
  <testcase name="Validation_SalesInformationDetailReport_UI_Functionality_AllLOB" time="0.000" classname="Logi.SalesInformationDetailReport.Validate_SalesInformationDetail_UI_Functionality_AllLOB"/>
  <testcase name="Validation_SalesInformationDetailReport_UI_Functionality_AllLOB" time="0.000" classname="Logi.SalesInformationDetailReport.Validate_SalesInformationDetail_UI_Functionality_AllLOB"/>
  <testcase name="Validation_SalesInformationDetailReport_UI_Functionality_AllLOB" time="0.000" classname="Logi.SalesInformationDetailReport.Validate_SalesInformationDetail_UI_Functionality_AllLOB"/>
  <testcase name="Validation_SalesInformationDetailReport_UI_Functionality_AllLOB" time="0.000" classname="Logi.SalesInformationDetailReport.Validate_SalesInformationDetail_UI_Functionality_AllLOB"/>
  <testcase name="Validation_SalesInformationDetailReport_UI_Functionality_AllLOB" time="0.000" classname="Logi.SalesInformationDetailReport.Validate_SalesInformationDetail_UI_Functionality_AllLOB"/>
  <testcase name="Validation_SalesInformationDetailReport_UI_Functionality_AllLOB" time="0.000" classname="Logi.SalesInformationDetailReport.Validate_SalesInformationDetail_UI_Functionality_AllLOB"/>
  <testcase name="Validation_SalesInformationDetailReport_UI_Functionality_AllLOB" time="0.000" classname="Logi.SalesInformationDetailReport.Validate_SalesInformationDetail_UI_Functionality_AllLOB"/>
  <testcase name="Validation_SalesInformationDetailReport_UI_Functionality_AllLOB" time="0.000" classname="Logi.SalesInformationDetailReport.Validate_SalesInformationDetail_UI_Functionality_AllLOB"/>
  <testcase name="Validation_SalesInformationDetailReport_UI_Functionality_AllLOB" time="0.000" classname="Logi.SalesInformationDetailReport.Validate_SalesInformationDetail_UI_Functionality_AllLOB"/>
  <testcase name="Validation_SalesInformationDetailReport_UI_Functionality_AllLOB" time="0.000" classname="Logi.SalesInformationDetailReport.Validate_SalesInformationDetail_UI_Functionality_AllLOB"/>
  <testcase name="Validation_SalesInformationDetailReport_UI_Functionality_AllLOB" time="0.016" classname="Logi.SalesInformationDetailReport.Validate_SalesInformationDetail_UI_Functionality_AllLOB"/>
=======
<testsuite skipped="0" hostname="CB2012R2AUSE005" name="Logi.SalesInformationDetailReport.Validate_SalesInformationDetail_UI_Functionality_AllLOB" tests="87" failures="0" timestamp="11 Jan 2018 23:23:25 GMT" time="138.492" errors="0">
  <testcase name="Validation_SalesInformationDetailReport_UI_Functionality_AllLOB" time="0.000" classname="Logi.SalesInformationDetailReport.Validate_SalesInformationDetail_UI_Functionality_AllLOB"/>
  <testcase name="Validation_SalesInformationDetailReport_UI_Functionality_AllLOB" time="0.000" classname="Logi.SalesInformationDetailReport.Validate_SalesInformationDetail_UI_Functionality_AllLOB"/>
  <testcase name="Validation_SalesInformationDetailReport_UI_Functionality_AllLOB" time="0.000" classname="Logi.SalesInformationDetailReport.Validate_SalesInformationDetail_UI_Functionality_AllLOB"/>
  <testcase name="Validation_SalesInformationDetailReport_UI_Functionality_AllLOB" time="0.000" classname="Logi.SalesInformationDetailReport.Validate_SalesInformationDetail_UI_Functionality_AllLOB"/>
  <testcase name="Validation_SalesInformationDetailReport_UI_Functionality_AllLOB" time="0.000" classname="Logi.SalesInformationDetailReport.Validate_SalesInformationDetail_UI_Functionality_AllLOB"/>
  <testcase name="Validation_SalesInformationDetailReport_UI_Functionality_AllLOB" time="0.000" classname="Logi.SalesInformationDetailReport.Validate_SalesInformationDetail_UI_Functionality_AllLOB"/>
  <testcase name="Validation_SalesInformationDetailReport_UI_Functionality_AllLOB" time="0.000" classname="Logi.SalesInformationDetailReport.Validate_SalesInformationDetail_UI_Functionality_AllLOB"/>
  <testcase name="Validation_SalesInformationDetailReport_UI_Functionality_AllLOB" time="0.000" classname="Logi.SalesInformationDetailReport.Validate_SalesInformationDetail_UI_Functionality_AllLOB"/>
  <testcase name="Validation_SalesInformationDetailReport_UI_Functionality_AllLOB" time="0.000" classname="Logi.SalesInformationDetailReport.Validate_SalesInformationDetail_UI_Functionality_AllLOB"/>
  <testcase name="Validation_SalesInformationDetailReport_UI_Functionality_AllLOB" time="0.000" classname="Logi.SalesInformationDetailReport.Validate_SalesInformationDetail_UI_Functionality_AllLOB"/>
  <testcase name="Validation_SalesInformationDetailReport_UI_Functionality_AllLOB" time="0.000" classname="Logi.SalesInformationDetailReport.Validate_SalesInformationDetail_UI_Functionality_AllLOB"/>
  <testcase name="Validation_SalesInformationDetailReport_UI_Functionality_AllLOB" time="0.000" classname="Logi.SalesInformationDetailReport.Validate_SalesInformationDetail_UI_Functionality_AllLOB"/>
  <testcase name="Validation_SalesInformationDetailReport_UI_Functionality_AllLOB" time="0.000" classname="Logi.SalesInformationDetailReport.Validate_SalesInformationDetail_UI_Functionality_AllLOB"/>
  <testcase name="Validation_SalesInformationDetailReport_UI_Functionality_AllLOB" time="0.000" classname="Logi.SalesInformationDetailReport.Validate_SalesInformationDetail_UI_Functionality_AllLOB"/>
  <testcase name="Validation_SalesInformationDetailReport_UI_Functionality_AllLOB" time="0.000" classname="Logi.SalesInformationDetailReport.Validate_SalesInformationDetail_UI_Functionality_AllLOB"/>
  <testcase name="Validation_SalesInformationDetailReport_UI_Functionality_AllLOB" time="0.000" classname="Logi.SalesInformationDetailReport.Validate_SalesInformationDetail_UI_Functionality_AllLOB"/>
  <testcase name="Validation_SalesInformationDetailReport_UI_Functionality_AllLOB" time="0.000" classname="Logi.SalesInformationDetailReport.Validate_SalesInformationDetail_UI_Functionality_AllLOB"/>
  <testcase name="Validation_SalesInformationDetailReport_UI_Functionality_AllLOB" time="0.000" classname="Logi.SalesInformationDetailReport.Validate_SalesInformationDetail_UI_Functionality_AllLOB"/>
  <testcase name="Validation_SalesInformationDetailReport_UI_Functionality_AllLOB" time="0.000" classname="Logi.SalesInformationDetailReport.Validate_SalesInformationDetail_UI_Functionality_AllLOB"/>
  <testcase name="Validation_SalesInformationDetailReport_UI_Functionality_AllLOB" time="0.000" classname="Logi.SalesInformationDetailReport.Validate_SalesInformationDetail_UI_Functionality_AllLOB"/>
  <testcase name="Validation_SalesInformationDetailReport_UI_Functionality_AllLOB" time="0.000" classname="Logi.SalesInformationDetailReport.Validate_SalesInformationDetail_UI_Functionality_AllLOB"/>
  <testcase name="Validation_SalesInformationDetailReport_UI_Functionality_AllLOB" time="0.000" classname="Logi.SalesInformationDetailReport.Validate_SalesInformationDetail_UI_Functionality_AllLOB"/>
  <testcase name="Validation_SalesInformationDetailReport_UI_Functionality_AllLOB" time="0.000" classname="Logi.SalesInformationDetailReport.Validate_SalesInformationDetail_UI_Functionality_AllLOB"/>
  <testcase name="Validation_SalesInformationDetailReport_UI_Functionality_AllLOB" time="0.000" classname="Logi.SalesInformationDetailReport.Validate_SalesInformationDetail_UI_Functionality_AllLOB"/>
  <testcase name="Validation_SalesInformationDetailReport_UI_Functionality_AllLOB" time="0.000" classname="Logi.SalesInformationDetailReport.Validate_SalesInformationDetail_UI_Functionality_AllLOB"/>
  <testcase name="Validation_SalesInformationDetailReport_UI_Functionality_AllLOB" time="0.000" classname="Logi.SalesInformationDetailReport.Validate_SalesInformationDetail_UI_Functionality_AllLOB"/>
  <testcase name="Validation_SalesInformationDetailReport_UI_Functionality_AllLOB" time="0.000" classname="Logi.SalesInformationDetailReport.Validate_SalesInformationDetail_UI_Functionality_AllLOB"/>
  <testcase name="Validation_SalesInformationDetailReport_UI_Functionality_AllLOB" time="0.000" classname="Logi.SalesInformationDetailReport.Validate_SalesInformationDetail_UI_Functionality_AllLOB"/>
  <testcase name="Validation_SalesInformationDetailReport_UI_Functionality_AllLOB" time="0.000" classname="Logi.SalesInformationDetailReport.Validate_SalesInformationDetail_UI_Functionality_AllLOB"/>
  <testcase name="Validation_SalesInformationDetailReport_UI_Functionality_AllLOB" time="0.000" classname="Logi.SalesInformationDetailReport.Validate_SalesInformationDetail_UI_Functionality_AllLOB"/>
  <testcase name="Validation_SalesInformationDetailReport_UI_Functionality_AllLOB" time="0.000" classname="Logi.SalesInformationDetailReport.Validate_SalesInformationDetail_UI_Functionality_AllLOB"/>
  <testcase name="Validation_SalesInformationDetailReport_UI_Functionality_AllLOB" time="0.000" classname="Logi.SalesInformationDetailReport.Validate_SalesInformationDetail_UI_Functionality_AllLOB"/>
  <testcase name="Validation_SalesInformationDetailReport_UI_Functionality_AllLOB" time="0.000" classname="Logi.SalesInformationDetailReport.Validate_SalesInformationDetail_UI_Functionality_AllLOB"/>
  <testcase name="Validation_SalesInformationDetailReport_UI_Functionality_AllLOB" time="0.000" classname="Logi.SalesInformationDetailReport.Validate_SalesInformationDetail_UI_Functionality_AllLOB"/>
  <testcase name="Validation_SalesInformationDetailReport_UI_Functionality_AllLOB" time="0.000" classname="Logi.SalesInformationDetailReport.Validate_SalesInformationDetail_UI_Functionality_AllLOB"/>
  <testcase name="Validation_SalesInformationDetailReport_UI_Functionality_AllLOB" time="0.000" classname="Logi.SalesInformationDetailReport.Validate_SalesInformationDetail_UI_Functionality_AllLOB"/>
  <testcase name="Validation_SalesInformationDetailReport_UI_Functionality_AllLOB" time="0.000" classname="Logi.SalesInformationDetailReport.Validate_SalesInformationDetail_UI_Functionality_AllLOB"/>
  <testcase name="Validation_SalesInformationDetailReport_UI_Functionality_AllLOB" time="0.000" classname="Logi.SalesInformationDetailReport.Validate_SalesInformationDetail_UI_Functionality_AllLOB"/>
  <testcase name="Validation_SalesInformationDetailReport_UI_Functionality_AllLOB" time="138.476" classname="Logi.SalesInformationDetailReport.Validate_SalesInformationDetail_UI_Functionality_AllLOB"/>
  <testcase name="Validation_SalesInformationDetailReport_UI_Functionality_AllLOB" time="0.000" classname="Logi.SalesInformationDetailReport.Validate_SalesInformationDetail_UI_Functionality_AllLOB"/>
  <testcase name="Validation_SalesInformationDetailReport_UI_Functionality_AllLOB" time="0.000" classname="Logi.SalesInformationDetailReport.Validate_SalesInformationDetail_UI_Functionality_AllLOB"/>
  <testcase name="Validation_SalesInformationDetailReport_UI_Functionality_AllLOB" time="0.000" classname="Logi.SalesInformationDetailReport.Validate_SalesInformationDetail_UI_Functionality_AllLOB"/>
  <testcase name="Validation_SalesInformationDetailReport_UI_Functionality_AllLOB" time="0.016" classname="Logi.SalesInformationDetailReport.Validate_SalesInformationDetail_UI_Functionality_AllLOB"/>
  <testcase name="Validation_SalesInformationDetailReport_UI_Functionality_AllLOB" time="0.000" classname="Logi.SalesInformationDetailReport.Validate_SalesInformationDetail_UI_Functionality_AllLOB"/>
  <testcase name="Validation_SalesInformationDetailReport_UI_Functionality_AllLOB" time="0.000" classname="Logi.SalesInformationDetailReport.Validate_SalesInformationDetail_UI_Functionality_AllLOB"/>
  <testcase name="Validation_SalesInformationDetailReport_UI_Functionality_AllLOB" time="0.000" classname="Logi.SalesInformationDetailReport.Validate_SalesInformationDetail_UI_Functionality_AllLOB"/>
  <testcase name="Validation_SalesInformationDetailReport_UI_Functionality_AllLOB" time="0.000" classname="Logi.SalesInformationDetailReport.Validate_SalesInformationDetail_UI_Functionality_AllLOB"/>
  <testcase name="Validation_SalesInformationDetailReport_UI_Functionality_AllLOB" time="0.000" classname="Logi.SalesInformationDetailReport.Validate_SalesInformationDetail_UI_Functionality_AllLOB"/>
  <testcase name="Validation_SalesInformationDetailReport_UI_Functionality_AllLOB" time="0.000" classname="Logi.SalesInformationDetailReport.Validate_SalesInformationDetail_UI_Functionality_AllLOB"/>
  <testcase name="Validation_SalesInformationDetailReport_UI_Functionality_AllLOB" time="0.000" classname="Logi.SalesInformationDetailReport.Validate_SalesInformationDetail_UI_Functionality_AllLOB"/>
  <testcase name="Validation_SalesInformationDetailReport_UI_Functionality_AllLOB" time="0.000" classname="Logi.SalesInformationDetailReport.Validate_SalesInformationDetail_UI_Functionality_AllLOB"/>
  <testcase name="Validation_SalesInformationDetailReport_UI_Functionality_AllLOB" time="0.000" classname="Logi.SalesInformationDetailReport.Validate_SalesInformationDetail_UI_Functionality_AllLOB"/>
  <testcase name="Validation_SalesInformationDetailReport_UI_Functionality_AllLOB" time="0.000" classname="Logi.SalesInformationDetailReport.Validate_SalesInformationDetail_UI_Functionality_AllLOB"/>
  <testcase name="Validation_SalesInformationDetailReport_UI_Functionality_AllLOB" time="0.000" classname="Logi.SalesInformationDetailReport.Validate_SalesInformationDetail_UI_Functionality_AllLOB"/>
  <testcase name="Validation_SalesInformationDetailReport_UI_Functionality_AllLOB" time="0.000" classname="Logi.SalesInformationDetailReport.Validate_SalesInformationDetail_UI_Functionality_AllLOB"/>
  <testcase name="Validation_SalesInformationDetailReport_UI_Functionality_AllLOB" time="0.000" classname="Logi.SalesInformationDetailReport.Validate_SalesInformationDetail_UI_Functionality_AllLOB"/>
  <testcase name="Validation_SalesInformationDetailReport_UI_Functionality_AllLOB" time="0.000" classname="Logi.SalesInformationDetailReport.Validate_SalesInformationDetail_UI_Functionality_AllLOB"/>
  <testcase name="Validation_SalesInformationDetailReport_UI_Functionality_AllLOB" time="0.000" classname="Logi.SalesInformationDetailReport.Validate_SalesInformationDetail_UI_Functionality_AllLOB"/>
  <testcase name="Validation_SalesInformationDetailReport_UI_Functionality_AllLOB" time="0.000" classname="Logi.SalesInformationDetailReport.Validate_SalesInformationDetail_UI_Functionality_AllLOB"/>
  <testcase name="Validation_SalesInformationDetailReport_UI_Functionality_AllLOB" time="0.000" classname="Logi.SalesInformationDetailReport.Validate_SalesInformationDetail_UI_Functionality_AllLOB"/>
  <testcase name="Validation_SalesInformationDetailReport_UI_Functionality_AllLOB" time="0.000" classname="Logi.SalesInformationDetailReport.Validate_SalesInformationDetail_UI_Functionality_AllLOB"/>
  <testcase name="Validation_SalesInformationDetailReport_UI_Functionality_AllLOB" time="0.000" classname="Logi.SalesInformationDetailReport.Validate_SalesInformationDetail_UI_Functionality_AllLOB"/>
  <testcase name="Validation_SalesInformationDetailReport_UI_Functionality_AllLOB" time="0.000" classname="Logi.SalesInformationDetailReport.Validate_SalesInformationDetail_UI_Functionality_AllLOB"/>
  <testcase name="Validation_SalesInformationDetailReport_UI_Functionality_AllLOB" time="0.000" classname="Logi.SalesInformationDetailReport.Validate_SalesInformationDetail_UI_Functionality_AllLOB"/>
  <testcase name="Validation_SalesInformationDetailReport_UI_Functionality_AllLOB" time="0.000" classname="Logi.SalesInformationDetailReport.Validate_SalesInformationDetail_UI_Functionality_AllLOB"/>
  <testcase name="Validation_SalesInformationDetailReport_UI_Functionality_AllLOB" time="0.000" classname="Logi.SalesInformationDetailReport.Validate_SalesInformationDetail_UI_Functionality_AllLOB"/>
  <testcase name="Validation_SalesInformationDetailReport_UI_Functionality_AllLOB" time="0.000" classname="Logi.SalesInformationDetailReport.Validate_SalesInformationDetail_UI_Functionality_AllLOB"/>
  <testcase name="Validation_SalesInformationDetailReport_UI_Functionality_AllLOB" time="0.000" classname="Logi.SalesInformationDetailReport.Validate_SalesInformationDetail_UI_Functionality_AllLOB"/>
  <testcase name="Validation_SalesInformationDetailReport_UI_Functionality_AllLOB" time="0.000" classname="Logi.SalesInformationDetailReport.Validate_SalesInformationDetail_UI_Functionality_AllLOB"/>
>>>>>>> branch 'master' of https://github.wm.com/srathore/OPUS_LOGI.git
  <testcase name="Validation_SalesInformationDetailReport_UI_Functionality_AllLOB" time="0.000" classname="Logi.SalesInformationDetailReport.Validate_SalesInformationDetail_UI_Functionality_AllLOB"/>
  <testcase name="Validation_SalesInformationDetailReport_UI_Functionality_AllLOB" time="0.000" classname="Logi.SalesInformationDetailReport.Validate_SalesInformationDetail_UI_Functionality_AllLOB"/>
  <testcase name="Validation_SalesInformationDetailReport_UI_Functionality_AllLOB" time="0.000" classname="Logi.SalesInformationDetailReport.Validate_SalesInformationDetail_UI_Functionality_AllLOB"/>
  <testcase name="Validation_SalesInformationDetailReport_UI_Functionality_AllLOB" time="0.000" classname="Logi.SalesInformationDetailReport.Validate_SalesInformationDetail_UI_Functionality_AllLOB"/>
  <testcase name="Validation_SalesInformationDetailReport_UI_Functionality_AllLOB" time="0.000" classname="Logi.SalesInformationDetailReport.Validate_SalesInformationDetail_UI_Functionality_AllLOB"/>
  <testcase name="Validation_SalesInformationDetailReport_UI_Functionality_AllLOB" time="0.000" classname="Logi.SalesInformationDetailReport.Validate_SalesInformationDetail_UI_Functionality_AllLOB"/>
  <testcase name="Validation_SalesInformationDetailReport_UI_Functionality_AllLOB" time="0.000" classname="Logi.SalesInformationDetailReport.Validate_SalesInformationDetail_UI_Functionality_AllLOB"/>
  <testcase name="Validation_SalesInformationDetailReport_UI_Functionality_AllLOB" time="0.000" classname="Logi.SalesInformationDetailReport.Validate_SalesInformationDetail_UI_Functionality_AllLOB"/>
  <testcase name="Validation_SalesInformationDetailReport_UI_Functionality_AllLOB" time="0.000" classname="Logi.SalesInformationDetailReport.Validate_SalesInformationDetail_UI_Functionality_AllLOB"/>
  <testcase name="Validation_SalesInformationDetailReport_UI_Functionality_AllLOB" time="0.000" classname="Logi.SalesInformationDetailReport.Validate_SalesInformationDetail_UI_Functionality_AllLOB"/>
  <testcase name="Validation_SalesInformationDetailReport_UI_Functionality_AllLOB" time="0.000" classname="Logi.SalesInformationDetailReport.Validate_SalesInformationDetail_UI_Functionality_AllLOB"/>
  <testcase name="Validation_SalesInformationDetailReport_UI_Functionality_AllLOB" time="0.000" classname="Logi.SalesInformationDetailReport.Validate_SalesInformationDetail_UI_Functionality_AllLOB"/>
  <testcase name="Validation_SalesInformationDetailReport_UI_Functionality_AllLOB" time="0.000" classname="Logi.SalesInformationDetailReport.Validate_SalesInformationDetail_UI_Functionality_AllLOB"/>
  <testcase name="Validation_SalesInformationDetailReport_UI_Functionality_AllLOB" time="0.000" classname="Logi.SalesInformationDetailReport.Validate_SalesInformationDetail_UI_Functionality_AllLOB"/>
  <testcase name="Validation_SalesInformationDetailReport_UI_Functionality_AllLOB" time="0.000" classname="Logi.SalesInformationDetailReport.Validate_SalesInformationDetail_UI_Functionality_AllLOB"/>
  <testcase name="Validation_SalesInformationDetailReport_UI_Functionality_AllLOB" time="0.000" classname="Logi.SalesInformationDetailReport.Validate_SalesInformationDetail_UI_Functionality_AllLOB"/>
  <testcase name="Validation_SalesInformationDetailReport_UI_Functionality_AllLOB" time="0.000" classname="Logi.SalesInformationDetailReport.Validate_SalesInformationDetail_UI_Functionality_AllLOB"/>
  <testcase name="Validation_SalesInformationDetailReport_UI_Functionality_AllLOB" time="0.000" classname="Logi.SalesInformationDetailReport.Validate_SalesInformationDetail_UI_Functionality_AllLOB"/>
</testsuite> <!-- Logi.SalesInformationDetailReport.Validate_SalesInformationDetail_UI_Functionality_AllLOB -->
