<?xml version="1.0" encoding="UTF-8"?>
<!-- Generated by org.testng.reporters.JUnitReportReporter -->
<testsuite skipped="0" hostname="ADCAPPD331" name="Logi.FlashReportBeta.Validate_FlashReportBeta_COM" tests="87" failures="0" timestamp="12 Jan 2018 11:00:42 GMT" time="4961.431" errors="0">
  <testcase name="Validation_FlashReportBetaReport_COM" time="0.001" classname="Logi.FlashReportBeta.Validate_FlashReportBeta_COM"/>
  <testcase name="Validation_FlashReportBetaReport_COM" time="0.001" classname="Logi.FlashReportBeta.Validate_FlashReportBeta_COM"/>
  <testcase name="Validation_FlashReportBetaReport_COM" time="0.001" classname="Logi.FlashReportBeta.Validate_FlashReportBeta_COM"/>
  <testcase name="Validation_FlashReportBetaReport_COM" time="0.001" classname="Logi.FlashReportBeta.Validate_FlashReportBeta_COM"/>
  <testcase name="Validation_FlashReportBetaReport_COM" time="0.001" classname="Logi.FlashReportBeta.Validate_FlashReportBeta_COM"/>
  <testcase name="Validation_FlashReportBetaReport_COM" time="0.001" classname="Logi.FlashReportBeta.Validate_FlashReportBeta_COM"/>
  <testcase name="Validation_FlashReportBetaReport_COM" time="0.001" classname="Logi.FlashReportBeta.Validate_FlashReportBeta_COM"/>
  <testcase name="Validation_FlashReportBetaReport_COM" time="0.001" classname="Logi.FlashReportBeta.Validate_FlashReportBeta_COM"/>
  <testcase name="Validation_FlashReportBetaReport_COM" time="0.002" classname="Logi.FlashReportBeta.Validate_FlashReportBeta_COM"/>
  <testcase name="Validation_FlashReportBetaReport_COM" time="0.001" classname="Logi.FlashReportBeta.Validate_FlashReportBeta_COM"/>
  <testcase name="Validation_FlashReportBetaReport_COM" time="0.000" classname="Logi.FlashReportBeta.Validate_FlashReportBeta_COM"/>
  <testcase name="Validation_FlashReportBetaReport_COM" time="0.004" classname="Logi.FlashReportBeta.Validate_FlashReportBeta_COM"/>
  <testcase name="Validation_FlashReportBetaReport_COM" time="0.001" classname="Logi.FlashReportBeta.Validate_FlashReportBeta_COM"/>
  <testcase name="Validation_FlashReportBetaReport_COM" time="0.001" classname="Logi.FlashReportBeta.Validate_FlashReportBeta_COM"/>
  <testcase name="Validation_FlashReportBetaReport_COM" time="0.004" classname="Logi.FlashReportBeta.Validate_FlashReportBeta_COM"/>
  <testcase name="Validation_FlashReportBetaReport_COM" time="0.001" classname="Logi.FlashReportBeta.Validate_FlashReportBeta_COM"/>
  <testcase name="Validation_FlashReportBetaReport_COM" time="0.001" classname="Logi.FlashReportBeta.Validate_FlashReportBeta_COM"/>
  <testcase name="Validation_FlashReportBetaReport_COM" time="0.007" classname="Logi.FlashReportBeta.Validate_FlashReportBeta_COM"/>
  <testcase name="Validation_FlashReportBetaReport_COM" time="0.001" classname="Logi.FlashReportBeta.Validate_FlashReportBeta_COM"/>
  <testcase name="Validation_FlashReportBetaReport_COM" time="0.001" classname="Logi.FlashReportBeta.Validate_FlashReportBeta_COM"/>
  <testcase name="Validation_FlashReportBetaReport_COM" time="0.000" classname="Logi.FlashReportBeta.Validate_FlashReportBeta_COM"/>
  <testcase name="Validation_FlashReportBetaReport_COM" time="0.000" classname="Logi.FlashReportBeta.Validate_FlashReportBeta_COM"/>
  <testcase name="Validation_FlashReportBetaReport_COM" time="0.001" classname="Logi.FlashReportBeta.Validate_FlashReportBeta_COM"/>
  <testcase name="Validation_FlashReportBetaReport_COM" time="0.001" classname="Logi.FlashReportBeta.Validate_FlashReportBeta_COM"/>
  <testcase name="Validation_FlashReportBetaReport_COM" time="0.001" classname="Logi.FlashReportBeta.Validate_FlashReportBeta_COM"/>
  <testcase name="Validation_FlashReportBetaReport_COM" time="0.001" classname="Logi.FlashReportBeta.Validate_FlashReportBeta_COM"/>
  <testcase name="Validation_FlashReportBetaReport_COM" time="0.002" classname="Logi.FlashReportBeta.Validate_FlashReportBeta_COM"/>
  <testcase name="Validation_FlashReportBetaReport_COM" time="0.001" classname="Logi.FlashReportBeta.Validate_FlashReportBeta_COM"/>
  <testcase name="Validation_FlashReportBetaReport_COM" time="0.001" classname="Logi.FlashReportBeta.Validate_FlashReportBeta_COM"/>
  <testcase name="Validation_FlashReportBetaReport_COM" time="0.008" classname="Logi.FlashReportBeta.Validate_FlashReportBeta_COM"/>
  <testcase name="Validation_FlashReportBetaReport_COM" time="0.002" classname="Logi.FlashReportBeta.Validate_FlashReportBeta_COM"/>
  <testcase name="Validation_FlashReportBetaReport_COM" time="0.002" classname="Logi.FlashReportBeta.Validate_FlashReportBeta_COM"/>
  <testcase name="Validation_FlashReportBetaReport_COM" time="0.001" classname="Logi.FlashReportBeta.Validate_FlashReportBeta_COM"/>
  <testcase name="Validation_FlashReportBetaReport_COM" time="0.001" classname="Logi.FlashReportBeta.Validate_FlashReportBeta_COM"/>
  <testcase name="Validation_FlashReportBetaReport_COM" time="0.001" classname="Logi.FlashReportBeta.Validate_FlashReportBeta_COM"/>
  <testcase name="Validation_FlashReportBetaReport_COM" time="0.000" classname="Logi.FlashReportBeta.Validate_FlashReportBeta_COM"/>
  <testcase name="Validation_FlashReportBetaReport_COM" time="0.002" classname="Logi.FlashReportBeta.Validate_FlashReportBeta_COM"/>
  <testcase name="Validation_FlashReportBetaReport_COM" time="0.001" classname="Logi.FlashReportBeta.Validate_FlashReportBeta_COM"/>
  <testcase name="Validation_FlashReportBetaReport_COM" time="0.000" classname="Logi.FlashReportBeta.Validate_FlashReportBeta_COM"/>
  <testcase name="Validation_FlashReportBetaReport_COM" time="0.001" classname="Logi.FlashReportBeta.Validate_FlashReportBeta_COM"/>
  <testcase name="Validation_FlashReportBetaReport_COM" time="0.010" classname="Logi.FlashReportBeta.Validate_FlashReportBeta_COM"/>
  <testcase name="Validation_FlashReportBetaReport_COM" time="0.001" classname="Logi.FlashReportBeta.Validate_FlashReportBeta_COM"/>
  <testcase name="Validation_FlashReportBetaReport_COM" time="0.000" classname="Logi.FlashReportBeta.Validate_FlashReportBeta_COM"/>
  <testcase name="Validation_FlashReportBetaReport_COM" time="0.000" classname="Logi.FlashReportBeta.Validate_FlashReportBeta_COM"/>
  <testcase name="Validation_FlashReportBetaReport_COM" time="0.001" classname="Logi.FlashReportBeta.Validate_FlashReportBeta_COM"/>
  <testcase name="Validation_FlashReportBetaReport_COM" time="0.000" classname="Logi.FlashReportBeta.Validate_FlashReportBeta_COM"/>
  <testcase name="Validation_FlashReportBetaReport_COM" time="4961.294" classname="Logi.FlashReportBeta.Validate_FlashReportBeta_COM"/>
  <testcase name="Validation_FlashReportBetaReport_COM" time="0.003" classname="Logi.FlashReportBeta.Validate_FlashReportBeta_COM"/>
  <testcase name="Validation_FlashReportBetaReport_COM" time="0.001" classname="Logi.FlashReportBeta.Validate_FlashReportBeta_COM"/>
  <testcase name="Validation_FlashReportBetaReport_COM" time="0.002" classname="Logi.FlashReportBeta.Validate_FlashReportBeta_COM"/>
  <testcase name="Validation_FlashReportBetaReport_COM" time="0.000" classname="Logi.FlashReportBeta.Validate_FlashReportBeta_COM"/>
  <testcase name="Validation_FlashReportBetaReport_COM" time="0.003" classname="Logi.FlashReportBeta.Validate_FlashReportBeta_COM"/>
  <testcase name="Validation_FlashReportBetaReport_COM" time="0.001" classname="Logi.FlashReportBeta.Validate_FlashReportBeta_COM"/>
  <testcase name="Validation_FlashReportBetaReport_COM" time="0.004" classname="Logi.FlashReportBeta.Validate_FlashReportBeta_COM"/>
  <testcase name="Validation_FlashReportBetaReport_COM" time="0.002" classname="Logi.FlashReportBeta.Validate_FlashReportBeta_COM"/>
  <testcase name="Validation_FlashReportBetaReport_COM" time="0.003" classname="Logi.FlashReportBeta.Validate_FlashReportBeta_COM"/>
  <testcase name="Validation_FlashReportBetaReport_COM" time="0.000" classname="Logi.FlashReportBeta.Validate_FlashReportBeta_COM"/>
  <testcase name="Validation_FlashReportBetaReport_COM" time="0.004" classname="Logi.FlashReportBeta.Validate_FlashReportBeta_COM"/>
  <testcase name="Validation_FlashReportBetaReport_COM" time="0.009" classname="Logi.FlashReportBeta.Validate_FlashReportBeta_COM"/>
  <testcase name="Validation_FlashReportBetaReport_COM" time="0.002" classname="Logi.FlashReportBeta.Validate_FlashReportBeta_COM"/>
  <testcase name="Validation_FlashReportBetaReport_COM" time="0.001" classname="Logi.FlashReportBeta.Validate_FlashReportBeta_COM"/>
  <testcase name="Validation_FlashReportBetaReport_COM" time="0.001" classname="Logi.FlashReportBeta.Validate_FlashReportBeta_COM"/>
  <testcase name="Validation_FlashReportBetaReport_COM" time="0.001" classname="Logi.FlashReportBeta.Validate_FlashReportBeta_COM"/>
  <testcase name="Validation_FlashReportBetaReport_COM" time="0.001" classname="Logi.FlashReportBeta.Validate_FlashReportBeta_COM"/>
  <testcase name="Validation_FlashReportBetaReport_COM" time="0.002" classname="Logi.FlashReportBeta.Validate_FlashReportBeta_COM"/>
  <testcase name="Validation_FlashReportBetaReport_COM" time="0.000" classname="Logi.FlashReportBeta.Validate_FlashReportBeta_COM"/>
  <testcase name="Validation_FlashReportBetaReport_COM" time="0.001" classname="Logi.FlashReportBeta.Validate_FlashReportBeta_COM"/>
  <testcase name="Validation_FlashReportBetaReport_COM" time="0.001" classname="Logi.FlashReportBeta.Validate_FlashReportBeta_COM"/>
  <testcase name="Validation_FlashReportBetaReport_COM" time="0.001" classname="Logi.FlashReportBeta.Validate_FlashReportBeta_COM"/>
  <testcase name="Validation_FlashReportBetaReport_COM" time="0.001" classname="Logi.FlashReportBeta.Validate_FlashReportBeta_COM"/>
  <testcase name="Validation_FlashReportBetaReport_COM" time="0.001" classname="Logi.FlashReportBeta.Validate_FlashReportBeta_COM"/>
  <testcase name="Validation_FlashReportBetaReport_COM" time="0.002" classname="Logi.FlashReportBeta.Validate_FlashReportBeta_COM"/>
  <testcase name="Validation_FlashReportBetaReport_COM" time="0.000" classname="Logi.FlashReportBeta.Validate_FlashReportBeta_COM"/>
  <testcase name="Validation_FlashReportBetaReport_COM" time="0.002" classname="Logi.FlashReportBeta.Validate_FlashReportBeta_COM"/>
  <testcase name="Validation_FlashReportBetaReport_COM" time="0.001" classname="Logi.FlashReportBeta.Validate_FlashReportBeta_COM"/>
  <testcase name="Validation_FlashReportBetaReport_COM" time="0.001" classname="Logi.FlashReportBeta.Validate_FlashReportBeta_COM"/>
  <testcase name="Validation_FlashReportBetaReport_COM" time="0.001" classname="Logi.FlashReportBeta.Validate_FlashReportBeta_COM"/>
  <testcase name="Validation_FlashReportBetaReport_COM" time="0.001" classname="Logi.FlashReportBeta.Validate_FlashReportBeta_COM"/>
  <testcase name="Validation_FlashReportBetaReport_COM" time="0.001" classname="Logi.FlashReportBeta.Validate_FlashReportBeta_COM"/>
  <testcase name="Validation_FlashReportBetaReport_COM" time="0.001" classname="Logi.FlashReportBeta.Validate_FlashReportBeta_COM"/>
  <testcase name="Validation_FlashReportBetaReport_COM" time="0.003" classname="Logi.FlashReportBeta.Validate_FlashReportBeta_COM"/>
  <testcase name="Validation_FlashReportBetaReport_COM" time="0.004" classname="Logi.FlashReportBeta.Validate_FlashReportBeta_COM"/>
  <testcase name="Validation_FlashReportBetaReport_COM" time="0.000" classname="Logi.FlashReportBeta.Validate_FlashReportBeta_COM"/>
  <testcase name="Validation_FlashReportBetaReport_COM" time="0.000" classname="Logi.FlashReportBeta.Validate_FlashReportBeta_COM"/>
  <testcase name="Validation_FlashReportBetaReport_COM" time="0.003" classname="Logi.FlashReportBeta.Validate_FlashReportBeta_COM"/>
  <testcase name="Validation_FlashReportBetaReport_COM" time="0.000" classname="Logi.FlashReportBeta.Validate_FlashReportBeta_COM"/>
  <testcase name="Validation_FlashReportBetaReport_COM" time="0.001" classname="Logi.FlashReportBeta.Validate_FlashReportBeta_COM"/>
</testsuite> <!-- Logi.FlashReportBeta.Validate_FlashReportBeta_COM -->
