<?xml version="1.0" encoding="UTF-8"?>
<!-- Generated by org.testng.reporters.JUnitReportReporter -->
<testsuite skipped="0" hostname="ADCAPPD331" name="Logi.EfficiencySummary.Validate_EfficiencySummaryReport_COM" tests="87" failures="0" timestamp="16 Jan 2018 07:46:42 GMT" time="150.978" errors="0">
  <testcase name="Validation_EfficiencySummaryReport_DataValidation_COM" time="0.000" classname="Logi.EfficiencySummary.Validate_EfficiencySummaryReport_COM"/>
  <testcase name="Validation_EfficiencySummaryReport_DataValidation_COM" time="0.000" classname="Logi.EfficiencySummary.Validate_EfficiencySummaryReport_COM"/>
  <testcase name="Validation_EfficiencySummaryReport_DataValidation_COM" time="0.000" classname="Logi.EfficiencySummary.Validate_EfficiencySummaryReport_COM"/>
  <testcase name="Validation_EfficiencySummaryReport_DataValidation_COM" time="0.000" classname="Logi.EfficiencySummary.Validate_EfficiencySummaryReport_COM"/>
  <testcase name="Validation_EfficiencySummaryReport_DataValidation_COM" time="0.000" classname="Logi.EfficiencySummary.Validate_EfficiencySummaryReport_COM"/>
  <testcase name="Validation_EfficiencySummaryReport_DataValidation_COM" time="0.016" classname="Logi.EfficiencySummary.Validate_EfficiencySummaryReport_COM"/>
  <testcase name="Validation_EfficiencySummaryReport_DataValidation_COM" time="0.000" classname="Logi.EfficiencySummary.Validate_EfficiencySummaryReport_COM"/>
  <testcase name="Validation_EfficiencySummaryReport_DataValidation_COM" time="0.000" classname="Logi.EfficiencySummary.Validate_EfficiencySummaryReport_COM"/>
  <testcase name="Validation_EfficiencySummaryReport_DataValidation_COM" time="0.000" classname="Logi.EfficiencySummary.Validate_EfficiencySummaryReport_COM"/>
  <testcase name="Validation_EfficiencySummaryReport_DataValidation_COM" time="0.016" classname="Logi.EfficiencySummary.Validate_EfficiencySummaryReport_COM"/>
  <testcase name="Validation_EfficiencySummaryReport_DataValidation_COM" time="0.000" classname="Logi.EfficiencySummary.Validate_EfficiencySummaryReport_COM"/>
  <testcase name="Validation_EfficiencySummaryReport_DataValidation_COM" time="0.000" classname="Logi.EfficiencySummary.Validate_EfficiencySummaryReport_COM"/>
  <testcase name="Validation_EfficiencySummaryReport_DataValidation_COM" time="0.000" classname="Logi.EfficiencySummary.Validate_EfficiencySummaryReport_COM"/>
  <testcase name="Validation_EfficiencySummaryReport_DataValidation_COM" time="0.000" classname="Logi.EfficiencySummary.Validate_EfficiencySummaryReport_COM"/>
  <testcase name="Validation_EfficiencySummaryReport_DataValidation_COM" time="0.000" classname="Logi.EfficiencySummary.Validate_EfficiencySummaryReport_COM"/>
  <testcase name="Validation_EfficiencySummaryReport_DataValidation_COM" time="0.000" classname="Logi.EfficiencySummary.Validate_EfficiencySummaryReport_COM"/>
  <testcase name="Validation_EfficiencySummaryReport_DataValidation_COM" time="0.000" classname="Logi.EfficiencySummary.Validate_EfficiencySummaryReport_COM"/>
  <testcase name="Validation_EfficiencySummaryReport_DataValidation_COM" time="0.000" classname="Logi.EfficiencySummary.Validate_EfficiencySummaryReport_COM"/>
  <testcase name="Validation_EfficiencySummaryReport_DataValidation_COM" time="0.015" classname="Logi.EfficiencySummary.Validate_EfficiencySummaryReport_COM"/>
  <testcase name="Validation_EfficiencySummaryReport_DataValidation_COM" time="0.000" classname="Logi.EfficiencySummary.Validate_EfficiencySummaryReport_COM"/>
  <testcase name="Validation_EfficiencySummaryReport_DataValidation_COM" time="0.000" classname="Logi.EfficiencySummary.Validate_EfficiencySummaryReport_COM"/>
  <testcase name="Validation_EfficiencySummaryReport_DataValidation_COM" time="0.000" classname="Logi.EfficiencySummary.Validate_EfficiencySummaryReport_COM"/>
  <testcase name="Validation_EfficiencySummaryReport_DataValidation_COM" time="0.000" classname="Logi.EfficiencySummary.Validate_EfficiencySummaryReport_COM"/>
  <testcase name="Validation_EfficiencySummaryReport_DataValidation_COM" time="0.000" classname="Logi.EfficiencySummary.Validate_EfficiencySummaryReport_COM"/>
  <testcase name="Validation_EfficiencySummaryReport_DataValidation_COM" time="0.000" classname="Logi.EfficiencySummary.Validate_EfficiencySummaryReport_COM"/>
  <testcase name="Validation_EfficiencySummaryReport_DataValidation_COM" time="0.016" classname="Logi.EfficiencySummary.Validate_EfficiencySummaryReport_COM"/>
  <testcase name="Validation_EfficiencySummaryReport_DataValidation_COM" time="0.000" classname="Logi.EfficiencySummary.Validate_EfficiencySummaryReport_COM"/>
  <testcase name="Validation_EfficiencySummaryReport_DataValidation_COM" time="0.000" classname="Logi.EfficiencySummary.Validate_EfficiencySummaryReport_COM"/>
  <testcase name="Validation_EfficiencySummaryReport_DataValidation_COM" time="0.000" classname="Logi.EfficiencySummary.Validate_EfficiencySummaryReport_COM"/>
  <testcase name="Validation_EfficiencySummaryReport_DataValidation_COM" time="0.000" classname="Logi.EfficiencySummary.Validate_EfficiencySummaryReport_COM"/>
  <testcase name="Validation_EfficiencySummaryReport_DataValidation_COM" time="0.000" classname="Logi.EfficiencySummary.Validate_EfficiencySummaryReport_COM"/>
  <testcase name="Validation_EfficiencySummaryReport_DataValidation_COM" time="0.000" classname="Logi.EfficiencySummary.Validate_EfficiencySummaryReport_COM"/>
  <testcase name="Validation_EfficiencySummaryReport_DataValidation_COM" time="0.000" classname="Logi.EfficiencySummary.Validate_EfficiencySummaryReport_COM"/>
  <testcase name="Validation_EfficiencySummaryReport_DataValidation_COM" time="0.000" classname="Logi.EfficiencySummary.Validate_EfficiencySummaryReport_COM"/>
  <testcase name="Validation_EfficiencySummaryReport_DataValidation_COM" time="0.000" classname="Logi.EfficiencySummary.Validate_EfficiencySummaryReport_COM"/>
  <testcase name="Validation_EfficiencySummaryReport_DataValidation_COM" time="0.000" classname="Logi.EfficiencySummary.Validate_EfficiencySummaryReport_COM"/>
  <testcase name="Validation_EfficiencySummaryReport_DataValidation_COM" time="0.031" classname="Logi.EfficiencySummary.Validate_EfficiencySummaryReport_COM"/>
  <testcase name="Validation_EfficiencySummaryReport_DataValidation_COM" time="0.016" classname="Logi.EfficiencySummary.Validate_EfficiencySummaryReport_COM"/>
  <testcase name="Validation_EfficiencySummaryReport_DataValidation_COM" time="0.000" classname="Logi.EfficiencySummary.Validate_EfficiencySummaryReport_COM"/>
  <testcase name="Validation_EfficiencySummaryReport_DataValidation_COM" time="0.000" classname="Logi.EfficiencySummary.Validate_EfficiencySummaryReport_COM"/>
  <testcase name="Validation_EfficiencySummaryReport_DataValidation_COM" time="0.000" classname="Logi.EfficiencySummary.Validate_EfficiencySummaryReport_COM"/>
  <testcase name="Validation_EfficiencySummaryReport_DataValidation_COM" time="0.000" classname="Logi.EfficiencySummary.Validate_EfficiencySummaryReport_COM"/>
  <testcase name="Validation_EfficiencySummaryReport_DataValidation_COM" time="0.000" classname="Logi.EfficiencySummary.Validate_EfficiencySummaryReport_COM"/>
  <testcase name="Validation_EfficiencySummaryReport_DataValidation_COM" time="0.000" classname="Logi.EfficiencySummary.Validate_EfficiencySummaryReport_COM"/>
  <testcase name="Validation_EfficiencySummaryReport_DataValidation_COM" time="0.000" classname="Logi.EfficiencySummary.Validate_EfficiencySummaryReport_COM"/>
  <testcase name="Validation_EfficiencySummaryReport_DataValidation_COM" time="0.000" classname="Logi.EfficiencySummary.Validate_EfficiencySummaryReport_COM"/>
  <testcase name="Validation_EfficiencySummaryReport_DataValidation_COM" time="0.000" classname="Logi.EfficiencySummary.Validate_EfficiencySummaryReport_COM"/>
  <testcase name="Validation_EfficiencySummaryReport_DataValidation_COM" time="0.016" classname="Logi.EfficiencySummary.Validate_EfficiencySummaryReport_COM"/>
  <testcase name="Validation_EfficiencySummaryReport_DataValidation_COM" time="0.016" classname="Logi.EfficiencySummary.Validate_EfficiencySummaryReport_COM"/>
  <testcase name="Validation_EfficiencySummaryReport_DataValidation_COM" time="0.000" classname="Logi.EfficiencySummary.Validate_EfficiencySummaryReport_COM"/>
  <testcase name="Validation_EfficiencySummaryReport_DataValidation_COM" time="0.000" classname="Logi.EfficiencySummary.Validate_EfficiencySummaryReport_COM"/>
  <testcase name="Validation_EfficiencySummaryReport_DataValidation_COM" time="0.000" classname="Logi.EfficiencySummary.Validate_EfficiencySummaryReport_COM"/>
  <testcase name="Validation_EfficiencySummaryReport_DataValidation_COM" time="150.773" classname="Logi.EfficiencySummary.Validate_EfficiencySummaryReport_COM"/>
  <testcase name="Validation_EfficiencySummaryReport_DataValidation_COM" time="0.000" classname="Logi.EfficiencySummary.Validate_EfficiencySummaryReport_COM"/>
  <testcase name="Validation_EfficiencySummaryReport_DataValidation_COM" time="0.000" classname="Logi.EfficiencySummary.Validate_EfficiencySummaryReport_COM"/>
  <testcase name="Validation_EfficiencySummaryReport_DataValidation_COM" time="0.000" classname="Logi.EfficiencySummary.Validate_EfficiencySummaryReport_COM"/>
  <testcase name="Validation_EfficiencySummaryReport_DataValidation_COM" time="0.000" classname="Logi.EfficiencySummary.Validate_EfficiencySummaryReport_COM"/>
  <testcase name="Validation_EfficiencySummaryReport_DataValidation_COM" time="0.000" classname="Logi.EfficiencySummary.Validate_EfficiencySummaryReport_COM"/>
  <testcase name="Validation_EfficiencySummaryReport_DataValidation_COM" time="0.000" classname="Logi.EfficiencySummary.Validate_EfficiencySummaryReport_COM"/>
  <testcase name="Validation_EfficiencySummaryReport_DataValidation_COM" time="0.016" classname="Logi.EfficiencySummary.Validate_EfficiencySummaryReport_COM"/>
  <testcase name="Validation_EfficiencySummaryReport_DataValidation_COM" time="0.000" classname="Logi.EfficiencySummary.Validate_EfficiencySummaryReport_COM"/>
  <testcase name="Validation_EfficiencySummaryReport_DataValidation_COM" time="0.000" classname="Logi.EfficiencySummary.Validate_EfficiencySummaryReport_COM"/>
  <testcase name="Validation_EfficiencySummaryReport_DataValidation_COM" time="0.016" classname="Logi.EfficiencySummary.Validate_EfficiencySummaryReport_COM"/>
  <testcase name="Validation_EfficiencySummaryReport_DataValidation_COM" time="0.000" classname="Logi.EfficiencySummary.Validate_EfficiencySummaryReport_COM"/>
  <testcase name="Validation_EfficiencySummaryReport_DataValidation_COM" time="0.015" classname="Logi.EfficiencySummary.Validate_EfficiencySummaryReport_COM"/>
  <testcase name="Validation_EfficiencySummaryReport_DataValidation_COM" time="0.000" classname="Logi.EfficiencySummary.Validate_EfficiencySummaryReport_COM"/>
  <testcase name="Validation_EfficiencySummaryReport_DataValidation_COM" time="0.000" classname="Logi.EfficiencySummary.Validate_EfficiencySummaryReport_COM"/>
  <testcase name="Validation_EfficiencySummaryReport_DataValidation_COM" time="0.000" classname="Logi.EfficiencySummary.Validate_EfficiencySummaryReport_COM"/>
  <testcase name="Validation_EfficiencySummaryReport_DataValidation_COM" time="0.000" classname="Logi.EfficiencySummary.Validate_EfficiencySummaryReport_COM"/>
  <testcase name="Validation_EfficiencySummaryReport_DataValidation_COM" time="0.000" classname="Logi.EfficiencySummary.Validate_EfficiencySummaryReport_COM"/>
  <testcase name="Validation_EfficiencySummaryReport_DataValidation_COM" time="0.000" classname="Logi.EfficiencySummary.Validate_EfficiencySummaryReport_COM"/>
  <testcase name="Validation_EfficiencySummaryReport_DataValidation_COM" time="0.000" classname="Logi.EfficiencySummary.Validate_EfficiencySummaryReport_COM"/>
  <testcase name="Validation_EfficiencySummaryReport_DataValidation_COM" time="0.000" classname="Logi.EfficiencySummary.Validate_EfficiencySummaryReport_COM"/>
  <testcase name="Validation_EfficiencySummaryReport_DataValidation_COM" time="0.000" classname="Logi.EfficiencySummary.Validate_EfficiencySummaryReport_COM"/>
  <testcase name="Validation_EfficiencySummaryReport_DataValidation_COM" time="0.000" classname="Logi.EfficiencySummary.Validate_EfficiencySummaryReport_COM"/>
  <testcase name="Validation_EfficiencySummaryReport_DataValidation_COM" time="0.000" classname="Logi.EfficiencySummary.Validate_EfficiencySummaryReport_COM"/>
  <testcase name="Validation_EfficiencySummaryReport_DataValidation_COM" time="0.000" classname="Logi.EfficiencySummary.Validate_EfficiencySummaryReport_COM"/>
  <testcase name="Validation_EfficiencySummaryReport_DataValidation_COM" time="0.000" classname="Logi.EfficiencySummary.Validate_EfficiencySummaryReport_COM"/>
  <testcase name="Validation_EfficiencySummaryReport_DataValidation_COM" time="0.000" classname="Logi.EfficiencySummary.Validate_EfficiencySummaryReport_COM"/>
  <testcase name="Validation_EfficiencySummaryReport_DataValidation_COM" time="0.000" classname="Logi.EfficiencySummary.Validate_EfficiencySummaryReport_COM"/>
  <testcase name="Validation_EfficiencySummaryReport_DataValidation_COM" time="0.000" classname="Logi.EfficiencySummary.Validate_EfficiencySummaryReport_COM"/>
  <testcase name="Validation_EfficiencySummaryReport_DataValidation_COM" time="0.000" classname="Logi.EfficiencySummary.Validate_EfficiencySummaryReport_COM"/>
  <testcase name="Validation_EfficiencySummaryReport_DataValidation_COM" time="0.016" classname="Logi.EfficiencySummary.Validate_EfficiencySummaryReport_COM"/>
  <testcase name="Validation_EfficiencySummaryReport_DataValidation_COM" time="0.000" classname="Logi.EfficiencySummary.Validate_EfficiencySummaryReport_COM"/>
  <testcase name="Validation_EfficiencySummaryReport_DataValidation_COM" time="0.000" classname="Logi.EfficiencySummary.Validate_EfficiencySummaryReport_COM"/>
  <testcase name="Validation_EfficiencySummaryReport_DataValidation_COM" time="0.000" classname="Logi.EfficiencySummary.Validate_EfficiencySummaryReport_COM"/>
  <testcase name="Validation_EfficiencySummaryReport_DataValidation_COM" time="0.000" classname="Logi.EfficiencySummary.Validate_EfficiencySummaryReport_COM"/>
</testsuite> <!-- Logi.EfficiencySummary.Validate_EfficiencySummaryReport_COM -->
