<?xml version="1.0" encoding="UTF-8"?>
<!-- Generated by org.testng.reporters.JUnitReportReporter -->
<testsuite skipped="0" hostname="CB2012R2AUSE003" name="Logi.PreRouteDetail.Validate_PreRouteDetail_RESI" tests="83" failures="0" timestamp="07 Jan 2018 19:31:52 GMT" time="109.248" errors="0">
  <testcase name="Validation_PreRouteDetailReport_DataValidation_RESI" time="0.000" classname="Logi.PreRouteDetail.Validate_PreRouteDetail_RESI"/>
  <testcase name="Validation_PreRouteDetailReport_DataValidation_RESI" time="0.000" classname="Logi.PreRouteDetail.Validate_PreRouteDetail_RESI"/>
  <testcase name="Validation_PreRouteDetailReport_DataValidation_RESI" time="0.000" classname="Logi.PreRouteDetail.Validate_PreRouteDetail_RESI"/>
  <testcase name="Validation_PreRouteDetailReport_DataValidation_RESI" time="109.203" classname="Logi.PreRouteDetail.Validate_PreRouteDetail_RESI"/>
  <testcase name="Validation_PreRouteDetailReport_DataValidation_RESI" time="0.000" classname="Logi.PreRouteDetail.Validate_PreRouteDetail_RESI"/>
  <testcase name="Validation_PreRouteDetailReport_DataValidation_RESI" time="0.000" classname="Logi.PreRouteDetail.Validate_PreRouteDetail_RESI"/>
  <testcase name="Validation_PreRouteDetailReport_DataValidation_RESI" time="0.000" classname="Logi.PreRouteDetail.Validate_PreRouteDetail_RESI"/>
  <testcase name="Validation_PreRouteDetailReport_DataValidation_RESI" time="0.000" classname="Logi.PreRouteDetail.Validate_PreRouteDetail_RESI"/>
  <testcase name="Validation_PreRouteDetailReport_DataValidation_RESI" time="0.000" classname="Logi.PreRouteDetail.Validate_PreRouteDetail_RESI"/>
  <testcase name="Validation_PreRouteDetailReport_DataValidation_RESI" time="0.000" classname="Logi.PreRouteDetail.Validate_PreRouteDetail_RESI"/>
  <testcase name="Validation_PreRouteDetailReport_DataValidation_RESI" time="0.000" classname="Logi.PreRouteDetail.Validate_PreRouteDetail_RESI"/>
  <testcase name="Validation_PreRouteDetailReport_DataValidation_RESI" time="0.000" classname="Logi.PreRouteDetail.Validate_PreRouteDetail_RESI"/>
  <testcase name="Validation_PreRouteDetailReport_DataValidation_RESI" time="0.000" classname="Logi.PreRouteDetail.Validate_PreRouteDetail_RESI"/>
  <testcase name="Validation_PreRouteDetailReport_DataValidation_RESI" time="0.000" classname="Logi.PreRouteDetail.Validate_PreRouteDetail_RESI"/>
  <testcase name="Validation_PreRouteDetailReport_DataValidation_RESI" time="0.000" classname="Logi.PreRouteDetail.Validate_PreRouteDetail_RESI"/>
  <testcase name="Validation_PreRouteDetailReport_DataValidation_RESI" time="0.000" classname="Logi.PreRouteDetail.Validate_PreRouteDetail_RESI"/>
  <testcase name="Validation_PreRouteDetailReport_DataValidation_RESI" time="0.000" classname="Logi.PreRouteDetail.Validate_PreRouteDetail_RESI"/>
  <testcase name="Validation_PreRouteDetailReport_DataValidation_RESI" time="0.000" classname="Logi.PreRouteDetail.Validate_PreRouteDetail_RESI"/>
  <testcase name="Validation_PreRouteDetailReport_DataValidation_RESI" time="0.000" classname="Logi.PreRouteDetail.Validate_PreRouteDetail_RESI"/>
  <testcase name="Validation_PreRouteDetailReport_DataValidation_RESI" time="0.000" classname="Logi.PreRouteDetail.Validate_PreRouteDetail_RESI"/>
  <testcase name="Validation_PreRouteDetailReport_DataValidation_RESI" time="0.000" classname="Logi.PreRouteDetail.Validate_PreRouteDetail_RESI"/>
  <testcase name="Validation_PreRouteDetailReport_DataValidation_RESI" time="0.000" classname="Logi.PreRouteDetail.Validate_PreRouteDetail_RESI"/>
  <testcase name="Validation_PreRouteDetailReport_DataValidation_RESI" time="0.000" classname="Logi.PreRouteDetail.Validate_PreRouteDetail_RESI"/>
  <testcase name="Validation_PreRouteDetailReport_DataValidation_RESI" time="0.000" classname="Logi.PreRouteDetail.Validate_PreRouteDetail_RESI"/>
  <testcase name="Validation_PreRouteDetailReport_DataValidation_RESI" time="0.000" classname="Logi.PreRouteDetail.Validate_PreRouteDetail_RESI"/>
  <testcase name="Validation_PreRouteDetailReport_DataValidation_RESI" time="0.014" classname="Logi.PreRouteDetail.Validate_PreRouteDetail_RESI"/>
  <testcase name="Validation_PreRouteDetailReport_DataValidation_RESI" time="0.000" classname="Logi.PreRouteDetail.Validate_PreRouteDetail_RESI"/>
  <testcase name="Validation_PreRouteDetailReport_DataValidation_RESI" time="0.000" classname="Logi.PreRouteDetail.Validate_PreRouteDetail_RESI"/>
  <testcase name="Validation_PreRouteDetailReport_DataValidation_RESI" time="0.000" classname="Logi.PreRouteDetail.Validate_PreRouteDetail_RESI"/>
  <testcase name="Validation_PreRouteDetailReport_DataValidation_RESI" time="0.000" classname="Logi.PreRouteDetail.Validate_PreRouteDetail_RESI"/>
  <testcase name="Validation_PreRouteDetailReport_DataValidation_RESI" time="0.000" classname="Logi.PreRouteDetail.Validate_PreRouteDetail_RESI"/>
  <testcase name="Validation_PreRouteDetailReport_DataValidation_RESI" time="0.000" classname="Logi.PreRouteDetail.Validate_PreRouteDetail_RESI"/>
  <testcase name="Validation_PreRouteDetailReport_DataValidation_RESI" time="0.000" classname="Logi.PreRouteDetail.Validate_PreRouteDetail_RESI"/>
  <testcase name="Validation_PreRouteDetailReport_DataValidation_RESI" time="0.000" classname="Logi.PreRouteDetail.Validate_PreRouteDetail_RESI"/>
  <testcase name="Validation_PreRouteDetailReport_DataValidation_RESI" time="0.000" classname="Logi.PreRouteDetail.Validate_PreRouteDetail_RESI"/>
  <testcase name="Validation_PreRouteDetailReport_DataValidation_RESI" time="0.000" classname="Logi.PreRouteDetail.Validate_PreRouteDetail_RESI"/>
  <testcase name="Validation_PreRouteDetailReport_DataValidation_RESI" time="0.000" classname="Logi.PreRouteDetail.Validate_PreRouteDetail_RESI"/>
  <testcase name="Validation_PreRouteDetailReport_DataValidation_RESI" time="0.000" classname="Logi.PreRouteDetail.Validate_PreRouteDetail_RESI"/>
  <testcase name="Validation_PreRouteDetailReport_DataValidation_RESI" time="0.000" classname="Logi.PreRouteDetail.Validate_PreRouteDetail_RESI"/>
  <testcase name="Validation_PreRouteDetailReport_DataValidation_RESI" time="0.000" classname="Logi.PreRouteDetail.Validate_PreRouteDetail_RESI"/>
  <testcase name="Validation_PreRouteDetailReport_DataValidation_RESI" time="0.000" classname="Logi.PreRouteDetail.Validate_PreRouteDetail_RESI"/>
  <testcase name="Validation_PreRouteDetailReport_DataValidation_RESI" time="0.000" classname="Logi.PreRouteDetail.Validate_PreRouteDetail_RESI"/>
  <testcase name="Validation_PreRouteDetailReport_DataValidation_RESI" time="0.000" classname="Logi.PreRouteDetail.Validate_PreRouteDetail_RESI"/>
  <testcase name="Validation_PreRouteDetailReport_DataValidation_RESI" time="0.000" classname="Logi.PreRouteDetail.Validate_PreRouteDetail_RESI"/>
  <testcase name="Validation_PreRouteDetailReport_DataValidation_RESI" time="0.000" classname="Logi.PreRouteDetail.Validate_PreRouteDetail_RESI"/>
  <testcase name="Validation_PreRouteDetailReport_DataValidation_RESI" time="0.000" classname="Logi.PreRouteDetail.Validate_PreRouteDetail_RESI"/>
  <testcase name="Validation_PreRouteDetailReport_DataValidation_RESI" time="0.000" classname="Logi.PreRouteDetail.Validate_PreRouteDetail_RESI"/>
  <testcase name="Validation_PreRouteDetailReport_DataValidation_RESI" time="0.000" classname="Logi.PreRouteDetail.Validate_PreRouteDetail_RESI"/>
  <testcase name="Validation_PreRouteDetailReport_DataValidation_RESI" time="0.000" classname="Logi.PreRouteDetail.Validate_PreRouteDetail_RESI"/>
  <testcase name="Validation_PreRouteDetailReport_DataValidation_RESI" time="0.015" classname="Logi.PreRouteDetail.Validate_PreRouteDetail_RESI"/>
  <testcase name="Validation_PreRouteDetailReport_DataValidation_RESI" time="0.000" classname="Logi.PreRouteDetail.Validate_PreRouteDetail_RESI"/>
  <testcase name="Validation_PreRouteDetailReport_DataValidation_RESI" time="0.000" classname="Logi.PreRouteDetail.Validate_PreRouteDetail_RESI"/>
  <testcase name="Validation_PreRouteDetailReport_DataValidation_RESI" time="0.000" classname="Logi.PreRouteDetail.Validate_PreRouteDetail_RESI"/>
  <testcase name="Validation_PreRouteDetailReport_DataValidation_RESI" time="0.000" classname="Logi.PreRouteDetail.Validate_PreRouteDetail_RESI"/>
  <testcase name="Validation_PreRouteDetailReport_DataValidation_RESI" time="0.000" classname="Logi.PreRouteDetail.Validate_PreRouteDetail_RESI"/>
  <testcase name="Validation_PreRouteDetailReport_DataValidation_RESI" time="0.000" classname="Logi.PreRouteDetail.Validate_PreRouteDetail_RESI"/>
  <testcase name="Validation_PreRouteDetailReport_DataValidation_RESI" time="0.000" classname="Logi.PreRouteDetail.Validate_PreRouteDetail_RESI"/>
  <testcase name="Validation_PreRouteDetailReport_DataValidation_RESI" time="0.000" classname="Logi.PreRouteDetail.Validate_PreRouteDetail_RESI"/>
  <testcase name="Validation_PreRouteDetailReport_DataValidation_RESI" time="0.000" classname="Logi.PreRouteDetail.Validate_PreRouteDetail_RESI"/>
  <testcase name="Validation_PreRouteDetailReport_DataValidation_RESI" time="0.000" classname="Logi.PreRouteDetail.Validate_PreRouteDetail_RESI"/>
  <testcase name="Validation_PreRouteDetailReport_DataValidation_RESI" time="0.000" classname="Logi.PreRouteDetail.Validate_PreRouteDetail_RESI"/>
  <testcase name="Validation_PreRouteDetailReport_DataValidation_RESI" time="0.000" classname="Logi.PreRouteDetail.Validate_PreRouteDetail_RESI"/>
  <testcase name="Validation_PreRouteDetailReport_DataValidation_RESI" time="0.000" classname="Logi.PreRouteDetail.Validate_PreRouteDetail_RESI"/>
  <testcase name="Validation_PreRouteDetailReport_DataValidation_RESI" time="0.000" classname="Logi.PreRouteDetail.Validate_PreRouteDetail_RESI"/>
  <testcase name="Validation_PreRouteDetailReport_DataValidation_RESI" time="0.000" classname="Logi.PreRouteDetail.Validate_PreRouteDetail_RESI"/>
  <testcase name="Validation_PreRouteDetailReport_DataValidation_RESI" time="0.000" classname="Logi.PreRouteDetail.Validate_PreRouteDetail_RESI"/>
  <testcase name="Validation_PreRouteDetailReport_DataValidation_RESI" time="0.000" classname="Logi.PreRouteDetail.Validate_PreRouteDetail_RESI"/>
  <testcase name="Validation_PreRouteDetailReport_DataValidation_RESI" time="0.000" classname="Logi.PreRouteDetail.Validate_PreRouteDetail_RESI"/>
  <testcase name="Validation_PreRouteDetailReport_DataValidation_RESI" time="0.000" classname="Logi.PreRouteDetail.Validate_PreRouteDetail_RESI"/>
  <testcase name="Validation_PreRouteDetailReport_DataValidation_RESI" time="0.000" classname="Logi.PreRouteDetail.Validate_PreRouteDetail_RESI"/>
  <testcase name="Validation_PreRouteDetailReport_DataValidation_RESI" time="0.000" classname="Logi.PreRouteDetail.Validate_PreRouteDetail_RESI"/>
  <testcase name="Validation_PreRouteDetailReport_DataValidation_RESI" time="0.000" classname="Logi.PreRouteDetail.Validate_PreRouteDetail_RESI"/>
  <testcase name="Validation_PreRouteDetailReport_DataValidation_RESI" time="0.000" classname="Logi.PreRouteDetail.Validate_PreRouteDetail_RESI"/>
  <testcase name="Validation_PreRouteDetailReport_DataValidation_RESI" time="0.000" classname="Logi.PreRouteDetail.Validate_PreRouteDetail_RESI"/>
  <testcase name="Validation_PreRouteDetailReport_DataValidation_RESI" time="0.000" classname="Logi.PreRouteDetail.Validate_PreRouteDetail_RESI"/>
  <testcase name="Validation_PreRouteDetailReport_DataValidation_RESI" time="0.000" classname="Logi.PreRouteDetail.Validate_PreRouteDetail_RESI"/>
  <testcase name="Validation_PreRouteDetailReport_DataValidation_RESI" time="0.000" classname="Logi.PreRouteDetail.Validate_PreRouteDetail_RESI"/>
  <testcase name="Validation_PreRouteDetailReport_DataValidation_RESI" time="0.000" classname="Logi.PreRouteDetail.Validate_PreRouteDetail_RESI"/>
  <testcase name="Validation_PreRouteDetailReport_DataValidation_RESI" time="0.000" classname="Logi.PreRouteDetail.Validate_PreRouteDetail_RESI"/>
  <testcase name="Validation_PreRouteDetailReport_DataValidation_RESI" time="0.016" classname="Logi.PreRouteDetail.Validate_PreRouteDetail_RESI"/>
  <testcase name="Validation_PreRouteDetailReport_DataValidation_RESI" time="0.000" classname="Logi.PreRouteDetail.Validate_PreRouteDetail_RESI"/>
  <testcase name="Validation_PreRouteDetailReport_DataValidation_RESI" time="0.000" classname="Logi.PreRouteDetail.Validate_PreRouteDetail_RESI"/>
  <testcase name="Validation_PreRouteDetailReport_DataValidation_RESI" time="0.000" classname="Logi.PreRouteDetail.Validate_PreRouteDetail_RESI"/>
</testsuite> <!-- Logi.PreRouteDetail.Validate_PreRouteDetail_RESI -->
