<?xml version="1.0" encoding="UTF-8"?>
<!-- Generated by org.testng.reporters.JUnitReportReporter -->
<testsuite skipped="0" hostname="CB2012R2AUSE003" name="SDOTest.AMHuddle.VerifyTheGraphsOnTheAMHuddleTabComm" tests="1" failures="0" timestamp="29 Aug 2017 11:53:29 GMT" time="44.860" errors="0">
  <testcase name="VerifyTheGraphOnAMHuddleTabComm" time="44.860" classname="SDOTest.AMHuddle.VerifyTheGraphsOnTheAMHuddleTabComm"/>
</testsuite> <!-- SDOTest.AMHuddle.VerifyTheGraphsOnTheAMHuddleTabComm -->
