<?xml version="1.0" encoding="UTF-8"?>
<!-- Generated by org.testng.reporters.JUnitReportReporter -->
<testsuite skipped="0" hostname="ADCAPPD331" name="Logi.PostRouteDetailReport.Validate_PostRouteDetail_COM" tests="87" failures="0" timestamp="16 Jan 2018 10:47:04 GMT" time="1228.117" errors="0">
  <testcase name="Validation_PostRouteDetailReport_DataValidation_COM" time="0.031" classname="Logi.PostRouteDetailReport.Validate_PostRouteDetail_COM"/>
  <testcase name="Validation_PostRouteDetailReport_DataValidation_COM" time="0.000" classname="Logi.PostRouteDetailReport.Validate_PostRouteDetail_COM"/>
  <testcase name="Validation_PostRouteDetailReport_DataValidation_COM" time="0.015" classname="Logi.PostRouteDetailReport.Validate_PostRouteDetail_COM"/>
  <testcase name="Validation_PostRouteDetailReport_DataValidation_COM" time="0.000" classname="Logi.PostRouteDetailReport.Validate_PostRouteDetail_COM"/>
  <testcase name="Validation_PostRouteDetailReport_DataValidation_COM" time="0.000" classname="Logi.PostRouteDetailReport.Validate_PostRouteDetail_COM"/>
  <testcase name="Validation_PostRouteDetailReport_DataValidation_COM" time="0.000" classname="Logi.PostRouteDetailReport.Validate_PostRouteDetail_COM"/>
  <testcase name="Validation_PostRouteDetailReport_DataValidation_COM" time="0.000" classname="Logi.PostRouteDetailReport.Validate_PostRouteDetail_COM"/>
  <testcase name="Validation_PostRouteDetailReport_DataValidation_COM" time="0.000" classname="Logi.PostRouteDetailReport.Validate_PostRouteDetail_COM"/>
  <testcase name="Validation_PostRouteDetailReport_DataValidation_COM" time="1227.885" classname="Logi.PostRouteDetailReport.Validate_PostRouteDetail_COM"/>
  <testcase name="Validation_PostRouteDetailReport_DataValidation_COM" time="0.000" classname="Logi.PostRouteDetailReport.Validate_PostRouteDetail_COM"/>
  <testcase name="Validation_PostRouteDetailReport_DataValidation_COM" time="0.000" classname="Logi.PostRouteDetailReport.Validate_PostRouteDetail_COM"/>
  <testcase name="Validation_PostRouteDetailReport_DataValidation_COM" time="0.000" classname="Logi.PostRouteDetailReport.Validate_PostRouteDetail_COM"/>
  <testcase name="Validation_PostRouteDetailReport_DataValidation_COM" time="0.015" classname="Logi.PostRouteDetailReport.Validate_PostRouteDetail_COM"/>
  <testcase name="Validation_PostRouteDetailReport_DataValidation_COM" time="0.000" classname="Logi.PostRouteDetailReport.Validate_PostRouteDetail_COM"/>
  <testcase name="Validation_PostRouteDetailReport_DataValidation_COM" time="0.016" classname="Logi.PostRouteDetailReport.Validate_PostRouteDetail_COM"/>
  <testcase name="Validation_PostRouteDetailReport_DataValidation_COM" time="0.000" classname="Logi.PostRouteDetailReport.Validate_PostRouteDetail_COM"/>
  <testcase name="Validation_PostRouteDetailReport_DataValidation_COM" time="0.000" classname="Logi.PostRouteDetailReport.Validate_PostRouteDetail_COM"/>
  <testcase name="Validation_PostRouteDetailReport_DataValidation_COM" time="0.000" classname="Logi.PostRouteDetailReport.Validate_PostRouteDetail_COM"/>
  <testcase name="Validation_PostRouteDetailReport_DataValidation_COM" time="0.000" classname="Logi.PostRouteDetailReport.Validate_PostRouteDetail_COM"/>
  <testcase name="Validation_PostRouteDetailReport_DataValidation_COM" time="0.000" classname="Logi.PostRouteDetailReport.Validate_PostRouteDetail_COM"/>
  <testcase name="Validation_PostRouteDetailReport_DataValidation_COM" time="0.000" classname="Logi.PostRouteDetailReport.Validate_PostRouteDetail_COM"/>
  <testcase name="Validation_PostRouteDetailReport_DataValidation_COM" time="0.000" classname="Logi.PostRouteDetailReport.Validate_PostRouteDetail_COM"/>
  <testcase name="Validation_PostRouteDetailReport_DataValidation_COM" time="0.000" classname="Logi.PostRouteDetailReport.Validate_PostRouteDetail_COM"/>
  <testcase name="Validation_PostRouteDetailReport_DataValidation_COM" time="0.000" classname="Logi.PostRouteDetailReport.Validate_PostRouteDetail_COM"/>
  <testcase name="Validation_PostRouteDetailReport_DataValidation_COM" time="0.000" classname="Logi.PostRouteDetailReport.Validate_PostRouteDetail_COM"/>
  <testcase name="Validation_PostRouteDetailReport_DataValidation_COM" time="0.000" classname="Logi.PostRouteDetailReport.Validate_PostRouteDetail_COM"/>
  <testcase name="Validation_PostRouteDetailReport_DataValidation_COM" time="0.000" classname="Logi.PostRouteDetailReport.Validate_PostRouteDetail_COM"/>
  <testcase name="Validation_PostRouteDetailReport_DataValidation_COM" time="0.015" classname="Logi.PostRouteDetailReport.Validate_PostRouteDetail_COM"/>
  <testcase name="Validation_PostRouteDetailReport_DataValidation_COM" time="0.000" classname="Logi.PostRouteDetailReport.Validate_PostRouteDetail_COM"/>
  <testcase name="Validation_PostRouteDetailReport_DataValidation_COM" time="0.000" classname="Logi.PostRouteDetailReport.Validate_PostRouteDetail_COM"/>
  <testcase name="Validation_PostRouteDetailReport_DataValidation_COM" time="0.000" classname="Logi.PostRouteDetailReport.Validate_PostRouteDetail_COM"/>
  <testcase name="Validation_PostRouteDetailReport_DataValidation_COM" time="0.000" classname="Logi.PostRouteDetailReport.Validate_PostRouteDetail_COM"/>
  <testcase name="Validation_PostRouteDetailReport_DataValidation_COM" time="0.000" classname="Logi.PostRouteDetailReport.Validate_PostRouteDetail_COM"/>
  <testcase name="Validation_PostRouteDetailReport_DataValidation_COM" time="0.000" classname="Logi.PostRouteDetailReport.Validate_PostRouteDetail_COM"/>
  <testcase name="Validation_PostRouteDetailReport_DataValidation_COM" time="0.016" classname="Logi.PostRouteDetailReport.Validate_PostRouteDetail_COM"/>
  <testcase name="Validation_PostRouteDetailReport_DataValidation_COM" time="0.000" classname="Logi.PostRouteDetailReport.Validate_PostRouteDetail_COM"/>
  <testcase name="Validation_PostRouteDetailReport_DataValidation_COM" time="0.000" classname="Logi.PostRouteDetailReport.Validate_PostRouteDetail_COM"/>
  <testcase name="Validation_PostRouteDetailReport_DataValidation_COM" time="0.000" classname="Logi.PostRouteDetailReport.Validate_PostRouteDetail_COM"/>
  <testcase name="Validation_PostRouteDetailReport_DataValidation_COM" time="0.000" classname="Logi.PostRouteDetailReport.Validate_PostRouteDetail_COM"/>
  <testcase name="Validation_PostRouteDetailReport_DataValidation_COM" time="0.000" classname="Logi.PostRouteDetailReport.Validate_PostRouteDetail_COM"/>
  <testcase name="Validation_PostRouteDetailReport_DataValidation_COM" time="0.000" classname="Logi.PostRouteDetailReport.Validate_PostRouteDetail_COM"/>
  <testcase name="Validation_PostRouteDetailReport_DataValidation_COM" time="0.000" classname="Logi.PostRouteDetailReport.Validate_PostRouteDetail_COM"/>
  <testcase name="Validation_PostRouteDetailReport_DataValidation_COM" time="0.000" classname="Logi.PostRouteDetailReport.Validate_PostRouteDetail_COM"/>
  <testcase name="Validation_PostRouteDetailReport_DataValidation_COM" time="0.000" classname="Logi.PostRouteDetailReport.Validate_PostRouteDetail_COM"/>
  <testcase name="Validation_PostRouteDetailReport_DataValidation_COM" time="0.000" classname="Logi.PostRouteDetailReport.Validate_PostRouteDetail_COM"/>
  <testcase name="Validation_PostRouteDetailReport_DataValidation_COM" time="0.000" classname="Logi.PostRouteDetailReport.Validate_PostRouteDetail_COM"/>
  <testcase name="Validation_PostRouteDetailReport_DataValidation_COM" time="0.000" classname="Logi.PostRouteDetailReport.Validate_PostRouteDetail_COM"/>
  <testcase name="Validation_PostRouteDetailReport_DataValidation_COM" time="0.015" classname="Logi.PostRouteDetailReport.Validate_PostRouteDetail_COM"/>
  <testcase name="Validation_PostRouteDetailReport_DataValidation_COM" time="0.000" classname="Logi.PostRouteDetailReport.Validate_PostRouteDetail_COM"/>
  <testcase name="Validation_PostRouteDetailReport_DataValidation_COM" time="0.000" classname="Logi.PostRouteDetailReport.Validate_PostRouteDetail_COM"/>
  <testcase name="Validation_PostRouteDetailReport_DataValidation_COM" time="0.000" classname="Logi.PostRouteDetailReport.Validate_PostRouteDetail_COM"/>
  <testcase name="Validation_PostRouteDetailReport_DataValidation_COM" time="0.000" classname="Logi.PostRouteDetailReport.Validate_PostRouteDetail_COM"/>
  <testcase name="Validation_PostRouteDetailReport_DataValidation_COM" time="0.000" classname="Logi.PostRouteDetailReport.Validate_PostRouteDetail_COM"/>
  <testcase name="Validation_PostRouteDetailReport_DataValidation_COM" time="0.031" classname="Logi.PostRouteDetailReport.Validate_PostRouteDetail_COM"/>
  <testcase name="Validation_PostRouteDetailReport_DataValidation_COM" time="0.000" classname="Logi.PostRouteDetailReport.Validate_PostRouteDetail_COM"/>
  <testcase name="Validation_PostRouteDetailReport_DataValidation_COM" time="0.000" classname="Logi.PostRouteDetailReport.Validate_PostRouteDetail_COM"/>
  <testcase name="Validation_PostRouteDetailReport_DataValidation_COM" time="0.015" classname="Logi.PostRouteDetailReport.Validate_PostRouteDetail_COM"/>
  <testcase name="Validation_PostRouteDetailReport_DataValidation_COM" time="0.000" classname="Logi.PostRouteDetailReport.Validate_PostRouteDetail_COM"/>
  <testcase name="Validation_PostRouteDetailReport_DataValidation_COM" time="0.000" classname="Logi.PostRouteDetailReport.Validate_PostRouteDetail_COM"/>
  <testcase name="Validation_PostRouteDetailReport_DataValidation_COM" time="0.000" classname="Logi.PostRouteDetailReport.Validate_PostRouteDetail_COM"/>
  <testcase name="Validation_PostRouteDetailReport_DataValidation_COM" time="0.000" classname="Logi.PostRouteDetailReport.Validate_PostRouteDetail_COM"/>
  <testcase name="Validation_PostRouteDetailReport_DataValidation_COM" time="0.015" classname="Logi.PostRouteDetailReport.Validate_PostRouteDetail_COM"/>
  <testcase name="Validation_PostRouteDetailReport_DataValidation_COM" time="0.000" classname="Logi.PostRouteDetailReport.Validate_PostRouteDetail_COM"/>
  <testcase name="Validation_PostRouteDetailReport_DataValidation_COM" time="0.000" classname="Logi.PostRouteDetailReport.Validate_PostRouteDetail_COM"/>
  <testcase name="Validation_PostRouteDetailReport_DataValidation_COM" time="0.016" classname="Logi.PostRouteDetailReport.Validate_PostRouteDetail_COM"/>
  <testcase name="Validation_PostRouteDetailReport_DataValidation_COM" time="0.000" classname="Logi.PostRouteDetailReport.Validate_PostRouteDetail_COM"/>
  <testcase name="Validation_PostRouteDetailReport_DataValidation_COM" time="0.000" classname="Logi.PostRouteDetailReport.Validate_PostRouteDetail_COM"/>
  <testcase name="Validation_PostRouteDetailReport_DataValidation_COM" time="0.000" classname="Logi.PostRouteDetailReport.Validate_PostRouteDetail_COM"/>
  <testcase name="Validation_PostRouteDetailReport_DataValidation_COM" time="0.000" classname="Logi.PostRouteDetailReport.Validate_PostRouteDetail_COM"/>
  <testcase name="Validation_PostRouteDetailReport_DataValidation_COM" time="0.016" classname="Logi.PostRouteDetailReport.Validate_PostRouteDetail_COM"/>
  <testcase name="Validation_PostRouteDetailReport_DataValidation_COM" time="0.000" classname="Logi.PostRouteDetailReport.Validate_PostRouteDetail_COM"/>
  <testcase name="Validation_PostRouteDetailReport_DataValidation_COM" time="0.000" classname="Logi.PostRouteDetailReport.Validate_PostRouteDetail_COM"/>
  <testcase name="Validation_PostRouteDetailReport_DataValidation_COM" time="0.000" classname="Logi.PostRouteDetailReport.Validate_PostRouteDetail_COM"/>
  <testcase name="Validation_PostRouteDetailReport_DataValidation_COM" time="0.000" classname="Logi.PostRouteDetailReport.Validate_PostRouteDetail_COM"/>
  <testcase name="Validation_PostRouteDetailReport_DataValidation_COM" time="0.000" classname="Logi.PostRouteDetailReport.Validate_PostRouteDetail_COM"/>
  <testcase name="Validation_PostRouteDetailReport_DataValidation_COM" time="0.000" classname="Logi.PostRouteDetailReport.Validate_PostRouteDetail_COM"/>
  <testcase name="Validation_PostRouteDetailReport_DataValidation_COM" time="0.000" classname="Logi.PostRouteDetailReport.Validate_PostRouteDetail_COM"/>
  <testcase name="Validation_PostRouteDetailReport_DataValidation_COM" time="0.000" classname="Logi.PostRouteDetailReport.Validate_PostRouteDetail_COM"/>
  <testcase name="Validation_PostRouteDetailReport_DataValidation_COM" time="0.000" classname="Logi.PostRouteDetailReport.Validate_PostRouteDetail_COM"/>
  <testcase name="Validation_PostRouteDetailReport_DataValidation_COM" time="0.016" classname="Logi.PostRouteDetailReport.Validate_PostRouteDetail_COM"/>
  <testcase name="Validation_PostRouteDetailReport_DataValidation_COM" time="0.000" classname="Logi.PostRouteDetailReport.Validate_PostRouteDetail_COM"/>
  <testcase name="Validation_PostRouteDetailReport_DataValidation_COM" time="0.000" classname="Logi.PostRouteDetailReport.Validate_PostRouteDetail_COM"/>
  <testcase name="Validation_PostRouteDetailReport_DataValidation_COM" time="0.000" classname="Logi.PostRouteDetailReport.Validate_PostRouteDetail_COM"/>
  <testcase name="Validation_PostRouteDetailReport_DataValidation_COM" time="0.000" classname="Logi.PostRouteDetailReport.Validate_PostRouteDetail_COM"/>
  <testcase name="Validation_PostRouteDetailReport_DataValidation_COM" time="0.000" classname="Logi.PostRouteDetailReport.Validate_PostRouteDetail_COM"/>
  <testcase name="Validation_PostRouteDetailReport_DataValidation_COM" time="0.000" classname="Logi.PostRouteDetailReport.Validate_PostRouteDetail_COM"/>
  <testcase name="Validation_PostRouteDetailReport_DataValidation_COM" time="0.000" classname="Logi.PostRouteDetailReport.Validate_PostRouteDetail_COM"/>
</testsuite> <!-- Logi.PostRouteDetailReport.Validate_PostRouteDetail_COM -->
