<?xml version="1.0" encoding="UTF-8"?>
<!-- Generated by org.testng.reporters.JUnitReportReporter -->
<testsuite skipped="0" hostname="CB2012R2AUSE003" name="Logi.PreRouteDetailReport.Verify_Pre_RouteDetail" tests="1" failures="0" timestamp="07 Jan 2018 19:31:52 GMT" time="48.272" errors="0">
  <testcase name="Verify_Pre_RouteDetailReport" time="48.272" classname="Logi.PreRouteDetailReport.Verify_Pre_RouteDetail"/>
</testsuite> <!-- Logi.PreRouteDetailReport.Verify_Pre_RouteDetail -->
