<?xml version="1.0" encoding="UTF-8"?>
<!-- Generated by org.testng.reporters.JUnitReportReporter -->
<testsuite skipped="0" hostname="CB2012R2AUSE005" name="Logi.SummaryDashboardReport.Validate_SummaryDashboard_Report_UIValidation" tests="87" failures="0" timestamp="11 Jan 2018 23:23:27 GMT" time="0.015" errors="0">
  <testcase name="Validate_SummaryDashboard_Report" time="0.000" classname="Logi.SummaryDashboardReport.Validate_SummaryDashboard_Report_UIValidation"/>
  <testcase name="Validate_SummaryDashboard_Report" time="0.000" classname="Logi.SummaryDashboardReport.Validate_SummaryDashboard_Report_UIValidation"/>
  <testcase name="Validate_SummaryDashboard_Report" time="0.000" classname="Logi.SummaryDashboardReport.Validate_SummaryDashboard_Report_UIValidation"/>
  <testcase name="Validate_SummaryDashboard_Report" time="0.000" classname="Logi.SummaryDashboardReport.Validate_SummaryDashboard_Report_UIValidation"/>
  <testcase name="Validate_SummaryDashboard_Report" time="0.000" classname="Logi.SummaryDashboardReport.Validate_SummaryDashboard_Report_UIValidation"/>
  <testcase name="Validate_SummaryDashboard_Report" time="0.000" classname="Logi.SummaryDashboardReport.Validate_SummaryDashboard_Report_UIValidation"/>
  <testcase name="Validate_SummaryDashboard_Report" time="0.000" classname="Logi.SummaryDashboardReport.Validate_SummaryDashboard_Report_UIValidation"/>
  <testcase name="Validate_SummaryDashboard_Report" time="0.000" classname="Logi.SummaryDashboardReport.Validate_SummaryDashboard_Report_UIValidation"/>
  <testcase name="Validate_SummaryDashboard_Report" time="0.000" classname="Logi.SummaryDashboardReport.Validate_SummaryDashboard_Report_UIValidation"/>
  <testcase name="Validate_SummaryDashboard_Report" time="0.000" classname="Logi.SummaryDashboardReport.Validate_SummaryDashboard_Report_UIValidation"/>
  <testcase name="Validate_SummaryDashboard_Report" time="0.000" classname="Logi.SummaryDashboardReport.Validate_SummaryDashboard_Report_UIValidation"/>
  <testcase name="Validate_SummaryDashboard_Report" time="0.000" classname="Logi.SummaryDashboardReport.Validate_SummaryDashboard_Report_UIValidation"/>
  <testcase name="Validate_SummaryDashboard_Report" time="0.000" classname="Logi.SummaryDashboardReport.Validate_SummaryDashboard_Report_UIValidation"/>
  <testcase name="Validate_SummaryDashboard_Report" time="0.000" classname="Logi.SummaryDashboardReport.Validate_SummaryDashboard_Report_UIValidation"/>
  <testcase name="Validate_SummaryDashboard_Report" time="0.000" classname="Logi.SummaryDashboardReport.Validate_SummaryDashboard_Report_UIValidation"/>
  <testcase name="Validate_SummaryDashboard_Report" time="0.000" classname="Logi.SummaryDashboardReport.Validate_SummaryDashboard_Report_UIValidation"/>
  <testcase name="Validate_SummaryDashboard_Report" time="0.000" classname="Logi.SummaryDashboardReport.Validate_SummaryDashboard_Report_UIValidation"/>
  <testcase name="Validate_SummaryDashboard_Report" time="0.000" classname="Logi.SummaryDashboardReport.Validate_SummaryDashboard_Report_UIValidation"/>
  <testcase name="Validate_SummaryDashboard_Report" time="0.000" classname="Logi.SummaryDashboardReport.Validate_SummaryDashboard_Report_UIValidation"/>
  <testcase name="Validate_SummaryDashboard_Report" time="0.000" classname="Logi.SummaryDashboardReport.Validate_SummaryDashboard_Report_UIValidation"/>
  <testcase name="Validate_SummaryDashboard_Report" time="0.000" classname="Logi.SummaryDashboardReport.Validate_SummaryDashboard_Report_UIValidation"/>
  <testcase name="Validate_SummaryDashboard_Report" time="0.000" classname="Logi.SummaryDashboardReport.Validate_SummaryDashboard_Report_UIValidation"/>
  <testcase name="Validate_SummaryDashboard_Report" time="0.000" classname="Logi.SummaryDashboardReport.Validate_SummaryDashboard_Report_UIValidation"/>
  <testcase name="Validate_SummaryDashboard_Report" time="0.000" classname="Logi.SummaryDashboardReport.Validate_SummaryDashboard_Report_UIValidation"/>
  <testcase name="Validate_SummaryDashboard_Report" time="0.000" classname="Logi.SummaryDashboardReport.Validate_SummaryDashboard_Report_UIValidation"/>
  <testcase name="Validate_SummaryDashboard_Report" time="0.015" classname="Logi.SummaryDashboardReport.Validate_SummaryDashboard_Report_UIValidation"/>
  <testcase name="Validate_SummaryDashboard_Report" time="0.000" classname="Logi.SummaryDashboardReport.Validate_SummaryDashboard_Report_UIValidation"/>
  <testcase name="Validate_SummaryDashboard_Report" time="0.000" classname="Logi.SummaryDashboardReport.Validate_SummaryDashboard_Report_UIValidation"/>
  <testcase name="Validate_SummaryDashboard_Report" time="0.000" classname="Logi.SummaryDashboardReport.Validate_SummaryDashboard_Report_UIValidation"/>
  <testcase name="Validate_SummaryDashboard_Report" time="0.000" classname="Logi.SummaryDashboardReport.Validate_SummaryDashboard_Report_UIValidation"/>
  <testcase name="Validate_SummaryDashboard_Report" time="0.000" classname="Logi.SummaryDashboardReport.Validate_SummaryDashboard_Report_UIValidation"/>
  <testcase name="Validate_SummaryDashboard_Report" time="0.000" classname="Logi.SummaryDashboardReport.Validate_SummaryDashboard_Report_UIValidation"/>
  <testcase name="Validate_SummaryDashboard_Report" time="0.000" classname="Logi.SummaryDashboardReport.Validate_SummaryDashboard_Report_UIValidation"/>
  <testcase name="Validate_SummaryDashboard_Report" time="0.000" classname="Logi.SummaryDashboardReport.Validate_SummaryDashboard_Report_UIValidation"/>
  <testcase name="Validate_SummaryDashboard_Report" time="0.000" classname="Logi.SummaryDashboardReport.Validate_SummaryDashboard_Report_UIValidation"/>
  <testcase name="Validate_SummaryDashboard_Report" time="0.000" classname="Logi.SummaryDashboardReport.Validate_SummaryDashboard_Report_UIValidation"/>
  <testcase name="Validate_SummaryDashboard_Report" time="0.000" classname="Logi.SummaryDashboardReport.Validate_SummaryDashboard_Report_UIValidation"/>
  <testcase name="Validate_SummaryDashboard_Report" time="0.000" classname="Logi.SummaryDashboardReport.Validate_SummaryDashboard_Report_UIValidation"/>
  <testcase name="Validate_SummaryDashboard_Report" time="0.000" classname="Logi.SummaryDashboardReport.Validate_SummaryDashboard_Report_UIValidation"/>
  <testcase name="Validate_SummaryDashboard_Report" time="0.000" classname="Logi.SummaryDashboardReport.Validate_SummaryDashboard_Report_UIValidation"/>
  <testcase name="Validate_SummaryDashboard_Report" time="0.000" classname="Logi.SummaryDashboardReport.Validate_SummaryDashboard_Report_UIValidation"/>
  <testcase name="Validate_SummaryDashboard_Report" time="0.000" classname="Logi.SummaryDashboardReport.Validate_SummaryDashboard_Report_UIValidation"/>
  <testcase name="Validate_SummaryDashboard_Report" time="0.000" classname="Logi.SummaryDashboardReport.Validate_SummaryDashboard_Report_UIValidation"/>
  <testcase name="Validate_SummaryDashboard_Report" time="0.000" classname="Logi.SummaryDashboardReport.Validate_SummaryDashboard_Report_UIValidation"/>
  <testcase name="Validate_SummaryDashboard_Report" time="0.000" classname="Logi.SummaryDashboardReport.Validate_SummaryDashboard_Report_UIValidation"/>
  <testcase name="Validate_SummaryDashboard_Report" time="0.000" classname="Logi.SummaryDashboardReport.Validate_SummaryDashboard_Report_UIValidation"/>
  <testcase name="Validate_SummaryDashboard_Report" time="0.000" classname="Logi.SummaryDashboardReport.Validate_SummaryDashboard_Report_UIValidation"/>
  <testcase name="Validate_SummaryDashboard_Report" time="0.000" classname="Logi.SummaryDashboardReport.Validate_SummaryDashboard_Report_UIValidation"/>
  <testcase name="Validate_SummaryDashboard_Report" time="0.000" classname="Logi.SummaryDashboardReport.Validate_SummaryDashboard_Report_UIValidation"/>
  <testcase name="Validate_SummaryDashboard_Report" time="0.000" classname="Logi.SummaryDashboardReport.Validate_SummaryDashboard_Report_UIValidation"/>
  <testcase name="Validate_SummaryDashboard_Report" time="0.000" classname="Logi.SummaryDashboardReport.Validate_SummaryDashboard_Report_UIValidation"/>
  <testcase name="Validate_SummaryDashboard_Report" time="0.000" classname="Logi.SummaryDashboardReport.Validate_SummaryDashboard_Report_UIValidation"/>
  <testcase name="Validate_SummaryDashboard_Report" time="0.000" classname="Logi.SummaryDashboardReport.Validate_SummaryDashboard_Report_UIValidation"/>
  <testcase name="Validate_SummaryDashboard_Report" time="0.000" classname="Logi.SummaryDashboardReport.Validate_SummaryDashboard_Report_UIValidation"/>
  <testcase name="Validate_SummaryDashboard_Report" time="0.000" classname="Logi.SummaryDashboardReport.Validate_SummaryDashboard_Report_UIValidation"/>
  <testcase name="Validate_SummaryDashboard_Report" time="0.000" classname="Logi.SummaryDashboardReport.Validate_SummaryDashboard_Report_UIValidation"/>
  <testcase name="Validate_SummaryDashboard_Report" time="0.000" classname="Logi.SummaryDashboardReport.Validate_SummaryDashboard_Report_UIValidation"/>
  <testcase name="Validate_SummaryDashboard_Report" time="0.000" classname="Logi.SummaryDashboardReport.Validate_SummaryDashboard_Report_UIValidation"/>
  <testcase name="Validate_SummaryDashboard_Report" time="0.000" classname="Logi.SummaryDashboardReport.Validate_SummaryDashboard_Report_UIValidation"/>
  <testcase name="Validate_SummaryDashboard_Report" time="0.000" classname="Logi.SummaryDashboardReport.Validate_SummaryDashboard_Report_UIValidation"/>
  <testcase name="Validate_SummaryDashboard_Report" time="0.000" classname="Logi.SummaryDashboardReport.Validate_SummaryDashboard_Report_UIValidation"/>
  <testcase name="Validate_SummaryDashboard_Report" time="0.000" classname="Logi.SummaryDashboardReport.Validate_SummaryDashboard_Report_UIValidation"/>
  <testcase name="Validate_SummaryDashboard_Report" time="0.000" classname="Logi.SummaryDashboardReport.Validate_SummaryDashboard_Report_UIValidation"/>
  <testcase name="Validate_SummaryDashboard_Report" time="0.000" classname="Logi.SummaryDashboardReport.Validate_SummaryDashboard_Report_UIValidation"/>
  <testcase name="Validate_SummaryDashboard_Report" time="0.000" classname="Logi.SummaryDashboardReport.Validate_SummaryDashboard_Report_UIValidation"/>
  <testcase name="Validate_SummaryDashboard_Report" time="0.000" classname="Logi.SummaryDashboardReport.Validate_SummaryDashboard_Report_UIValidation"/>
  <testcase name="Validate_SummaryDashboard_Report" time="0.000" classname="Logi.SummaryDashboardReport.Validate_SummaryDashboard_Report_UIValidation"/>
  <testcase name="Validate_SummaryDashboard_Report" time="0.000" classname="Logi.SummaryDashboardReport.Validate_SummaryDashboard_Report_UIValidation"/>
  <testcase name="Validate_SummaryDashboard_Report" time="0.000" classname="Logi.SummaryDashboardReport.Validate_SummaryDashboard_Report_UIValidation"/>
  <testcase name="Validate_SummaryDashboard_Report" time="0.000" classname="Logi.SummaryDashboardReport.Validate_SummaryDashboard_Report_UIValidation"/>
  <testcase name="Validate_SummaryDashboard_Report" time="0.000" classname="Logi.SummaryDashboardReport.Validate_SummaryDashboard_Report_UIValidation"/>
  <testcase name="Validate_SummaryDashboard_Report" time="0.000" classname="Logi.SummaryDashboardReport.Validate_SummaryDashboard_Report_UIValidation"/>
  <testcase name="Validate_SummaryDashboard_Report" time="0.000" classname="Logi.SummaryDashboardReport.Validate_SummaryDashboard_Report_UIValidation"/>
  <testcase name="Validate_SummaryDashboard_Report" time="0.000" classname="Logi.SummaryDashboardReport.Validate_SummaryDashboard_Report_UIValidation"/>
  <testcase name="Validate_SummaryDashboard_Report" time="0.000" classname="Logi.SummaryDashboardReport.Validate_SummaryDashboard_Report_UIValidation"/>
  <testcase name="Validate_SummaryDashboard_Report" time="0.000" classname="Logi.SummaryDashboardReport.Validate_SummaryDashboard_Report_UIValidation"/>
  <testcase name="Validate_SummaryDashboard_Report" time="0.000" classname="Logi.SummaryDashboardReport.Validate_SummaryDashboard_Report_UIValidation"/>
  <testcase name="Validate_SummaryDashboard_Report" time="0.000" classname="Logi.SummaryDashboardReport.Validate_SummaryDashboard_Report_UIValidation"/>
  <testcase name="Validate_SummaryDashboard_Report" time="0.000" classname="Logi.SummaryDashboardReport.Validate_SummaryDashboard_Report_UIValidation"/>
  <testcase name="Validate_SummaryDashboard_Report" time="0.000" classname="Logi.SummaryDashboardReport.Validate_SummaryDashboard_Report_UIValidation"/>
  <testcase name="Validate_SummaryDashboard_Report" time="0.000" classname="Logi.SummaryDashboardReport.Validate_SummaryDashboard_Report_UIValidation"/>
  <testcase name="Validate_SummaryDashboard_Report" time="0.000" classname="Logi.SummaryDashboardReport.Validate_SummaryDashboard_Report_UIValidation"/>
  <testcase name="Validate_SummaryDashboard_Report" time="0.000" classname="Logi.SummaryDashboardReport.Validate_SummaryDashboard_Report_UIValidation"/>
  <testcase name="Validate_SummaryDashboard_Report" time="0.000" classname="Logi.SummaryDashboardReport.Validate_SummaryDashboard_Report_UIValidation"/>
  <testcase name="Validate_SummaryDashboard_Report" time="0.000" classname="Logi.SummaryDashboardReport.Validate_SummaryDashboard_Report_UIValidation"/>
  <testcase name="Validate_SummaryDashboard_Report" time="0.000" classname="Logi.SummaryDashboardReport.Validate_SummaryDashboard_Report_UIValidation"/>
  <testcase name="Validate_SummaryDashboard_Report" time="0.000" classname="Logi.SummaryDashboardReport.Validate_SummaryDashboard_Report_UIValidation"/>
</testsuite> <!-- Logi.SummaryDashboardReport.Validate_SummaryDashboard_Report_UIValidation -->
