<?xml version="1.0" encoding="UTF-8"?>
<!-- Generated by org.testng.reporters.JUnitReportReporter -->
<testsuite skipped="0" hostname="CB2012R2AUSE005" name="Logi.SummaryDashboardReport.Validate_SummaryDashboard_Report_RESI" tests="87" failures="0" timestamp="11 Jan 2018 23:23:23 GMT" time="32.677" errors="0">
  <testcase name="Validate_SummaryDashboard_Report_RESI" time="0.000" classname="Logi.SummaryDashboardReport.Validate_SummaryDashboard_Report_RESI"/>
  <testcase name="Validate_SummaryDashboard_Report_RESI" time="0.003" classname="Logi.SummaryDashboardReport.Validate_SummaryDashboard_Report_RESI"/>
  <testcase name="Validate_SummaryDashboard_Report_RESI" time="32.635" classname="Logi.SummaryDashboardReport.Validate_SummaryDashboard_Report_RESI"/>
  <testcase name="Validate_SummaryDashboard_Report_RESI" time="0.000" classname="Logi.SummaryDashboardReport.Validate_SummaryDashboard_Report_RESI"/>
  <testcase name="Validate_SummaryDashboard_Report_RESI" time="0.000" classname="Logi.SummaryDashboardReport.Validate_SummaryDashboard_Report_RESI"/>
  <testcase name="Validate_SummaryDashboard_Report_RESI" time="0.000" classname="Logi.SummaryDashboardReport.Validate_SummaryDashboard_Report_RESI"/>
  <testcase name="Validate_SummaryDashboard_Report_RESI" time="0.000" classname="Logi.SummaryDashboardReport.Validate_SummaryDashboard_Report_RESI"/>
  <testcase name="Validate_SummaryDashboard_Report_RESI" time="0.000" classname="Logi.SummaryDashboardReport.Validate_SummaryDashboard_Report_RESI"/>
  <testcase name="Validate_SummaryDashboard_Report_RESI" time="0.000" classname="Logi.SummaryDashboardReport.Validate_SummaryDashboard_Report_RESI"/>
  <testcase name="Validate_SummaryDashboard_Report_RESI" time="0.016" classname="Logi.SummaryDashboardReport.Validate_SummaryDashboard_Report_RESI"/>
  <testcase name="Validate_SummaryDashboard_Report_RESI" time="0.002" classname="Logi.SummaryDashboardReport.Validate_SummaryDashboard_Report_RESI"/>
  <testcase name="Validate_SummaryDashboard_Report_RESI" time="0.000" classname="Logi.SummaryDashboardReport.Validate_SummaryDashboard_Report_RESI"/>
  <testcase name="Validate_SummaryDashboard_Report_RESI" time="0.000" classname="Logi.SummaryDashboardReport.Validate_SummaryDashboard_Report_RESI"/>
  <testcase name="Validate_SummaryDashboard_Report_RESI" time="0.000" classname="Logi.SummaryDashboardReport.Validate_SummaryDashboard_Report_RESI"/>
  <testcase name="Validate_SummaryDashboard_Report_RESI" time="0.000" classname="Logi.SummaryDashboardReport.Validate_SummaryDashboard_Report_RESI"/>
  <testcase name="Validate_SummaryDashboard_Report_RESI" time="0.000" classname="Logi.SummaryDashboardReport.Validate_SummaryDashboard_Report_RESI"/>
  <testcase name="Validate_SummaryDashboard_Report_RESI" time="0.000" classname="Logi.SummaryDashboardReport.Validate_SummaryDashboard_Report_RESI"/>
  <testcase name="Validate_SummaryDashboard_Report_RESI" time="0.000" classname="Logi.SummaryDashboardReport.Validate_SummaryDashboard_Report_RESI"/>
  <testcase name="Validate_SummaryDashboard_Report_RESI" time="0.014" classname="Logi.SummaryDashboardReport.Validate_SummaryDashboard_Report_RESI"/>
  <testcase name="Validate_SummaryDashboard_Report_RESI" time="0.000" classname="Logi.SummaryDashboardReport.Validate_SummaryDashboard_Report_RESI"/>
  <testcase name="Validate_SummaryDashboard_Report_RESI" time="0.000" classname="Logi.SummaryDashboardReport.Validate_SummaryDashboard_Report_RESI"/>
  <testcase name="Validate_SummaryDashboard_Report_RESI" time="0.000" classname="Logi.SummaryDashboardReport.Validate_SummaryDashboard_Report_RESI"/>
  <testcase name="Validate_SummaryDashboard_Report_RESI" time="0.000" classname="Logi.SummaryDashboardReport.Validate_SummaryDashboard_Report_RESI"/>
  <testcase name="Validate_SummaryDashboard_Report_RESI" time="0.000" classname="Logi.SummaryDashboardReport.Validate_SummaryDashboard_Report_RESI"/>
  <testcase name="Validate_SummaryDashboard_Report_RESI" time="0.000" classname="Logi.SummaryDashboardReport.Validate_SummaryDashboard_Report_RESI"/>
  <testcase name="Validate_SummaryDashboard_Report_RESI" time="0.000" classname="Logi.SummaryDashboardReport.Validate_SummaryDashboard_Report_RESI"/>
  <testcase name="Validate_SummaryDashboard_Report_RESI" time="0.000" classname="Logi.SummaryDashboardReport.Validate_SummaryDashboard_Report_RESI"/>
  <testcase name="Validate_SummaryDashboard_Report_RESI" time="0.000" classname="Logi.SummaryDashboardReport.Validate_SummaryDashboard_Report_RESI"/>
  <testcase name="Validate_SummaryDashboard_Report_RESI" time="0.000" classname="Logi.SummaryDashboardReport.Validate_SummaryDashboard_Report_RESI"/>
  <testcase name="Validate_SummaryDashboard_Report_RESI" time="0.000" classname="Logi.SummaryDashboardReport.Validate_SummaryDashboard_Report_RESI"/>
  <testcase name="Validate_SummaryDashboard_Report_RESI" time="0.000" classname="Logi.SummaryDashboardReport.Validate_SummaryDashboard_Report_RESI"/>
  <testcase name="Validate_SummaryDashboard_Report_RESI" time="0.000" classname="Logi.SummaryDashboardReport.Validate_SummaryDashboard_Report_RESI"/>
  <testcase name="Validate_SummaryDashboard_Report_RESI" time="0.000" classname="Logi.SummaryDashboardReport.Validate_SummaryDashboard_Report_RESI"/>
  <testcase name="Validate_SummaryDashboard_Report_RESI" time="0.000" classname="Logi.SummaryDashboardReport.Validate_SummaryDashboard_Report_RESI"/>
  <testcase name="Validate_SummaryDashboard_Report_RESI" time="0.000" classname="Logi.SummaryDashboardReport.Validate_SummaryDashboard_Report_RESI"/>
  <testcase name="Validate_SummaryDashboard_Report_RESI" time="0.000" classname="Logi.SummaryDashboardReport.Validate_SummaryDashboard_Report_RESI"/>
  <testcase name="Validate_SummaryDashboard_Report_RESI" time="0.000" classname="Logi.SummaryDashboardReport.Validate_SummaryDashboard_Report_RESI"/>
  <testcase name="Validate_SummaryDashboard_Report_RESI" time="0.001" classname="Logi.SummaryDashboardReport.Validate_SummaryDashboard_Report_RESI"/>
  <testcase name="Validate_SummaryDashboard_Report_RESI" time="0.000" classname="Logi.SummaryDashboardReport.Validate_SummaryDashboard_Report_RESI"/>
  <testcase name="Validate_SummaryDashboard_Report_RESI" time="0.000" classname="Logi.SummaryDashboardReport.Validate_SummaryDashboard_Report_RESI"/>
  <testcase name="Validate_SummaryDashboard_Report_RESI" time="0.000" classname="Logi.SummaryDashboardReport.Validate_SummaryDashboard_Report_RESI"/>
  <testcase name="Validate_SummaryDashboard_Report_RESI" time="0.000" classname="Logi.SummaryDashboardReport.Validate_SummaryDashboard_Report_RESI"/>
  <testcase name="Validate_SummaryDashboard_Report_RESI" time="0.000" classname="Logi.SummaryDashboardReport.Validate_SummaryDashboard_Report_RESI"/>
  <testcase name="Validate_SummaryDashboard_Report_RESI" time="0.000" classname="Logi.SummaryDashboardReport.Validate_SummaryDashboard_Report_RESI"/>
  <testcase name="Validate_SummaryDashboard_Report_RESI" time="0.000" classname="Logi.SummaryDashboardReport.Validate_SummaryDashboard_Report_RESI"/>
  <testcase name="Validate_SummaryDashboard_Report_RESI" time="0.000" classname="Logi.SummaryDashboardReport.Validate_SummaryDashboard_Report_RESI"/>
  <testcase name="Validate_SummaryDashboard_Report_RESI" time="0.000" classname="Logi.SummaryDashboardReport.Validate_SummaryDashboard_Report_RESI"/>
  <testcase name="Validate_SummaryDashboard_Report_RESI" time="0.000" classname="Logi.SummaryDashboardReport.Validate_SummaryDashboard_Report_RESI"/>
  <testcase name="Validate_SummaryDashboard_Report_RESI" time="0.000" classname="Logi.SummaryDashboardReport.Validate_SummaryDashboard_Report_RESI"/>
  <testcase name="Validate_SummaryDashboard_Report_RESI" time="0.000" classname="Logi.SummaryDashboardReport.Validate_SummaryDashboard_Report_RESI"/>
  <testcase name="Validate_SummaryDashboard_Report_RESI" time="0.000" classname="Logi.SummaryDashboardReport.Validate_SummaryDashboard_Report_RESI"/>
  <testcase name="Validate_SummaryDashboard_Report_RESI" time="0.000" classname="Logi.SummaryDashboardReport.Validate_SummaryDashboard_Report_RESI"/>
  <testcase name="Validate_SummaryDashboard_Report_RESI" time="0.000" classname="Logi.SummaryDashboardReport.Validate_SummaryDashboard_Report_RESI"/>
  <testcase name="Validate_SummaryDashboard_Report_RESI" time="0.000" classname="Logi.SummaryDashboardReport.Validate_SummaryDashboard_Report_RESI"/>
  <testcase name="Validate_SummaryDashboard_Report_RESI" time="0.000" classname="Logi.SummaryDashboardReport.Validate_SummaryDashboard_Report_RESI"/>
  <testcase name="Validate_SummaryDashboard_Report_RESI" time="0.000" classname="Logi.SummaryDashboardReport.Validate_SummaryDashboard_Report_RESI"/>
  <testcase name="Validate_SummaryDashboard_Report_RESI" time="0.000" classname="Logi.SummaryDashboardReport.Validate_SummaryDashboard_Report_RESI"/>
  <testcase name="Validate_SummaryDashboard_Report_RESI" time="0.000" classname="Logi.SummaryDashboardReport.Validate_SummaryDashboard_Report_RESI"/>
  <testcase name="Validate_SummaryDashboard_Report_RESI" time="0.000" classname="Logi.SummaryDashboardReport.Validate_SummaryDashboard_Report_RESI"/>
  <testcase name="Validate_SummaryDashboard_Report_RESI" time="0.000" classname="Logi.SummaryDashboardReport.Validate_SummaryDashboard_Report_RESI"/>
  <testcase name="Validate_SummaryDashboard_Report_RESI" time="0.003" classname="Logi.SummaryDashboardReport.Validate_SummaryDashboard_Report_RESI"/>
  <testcase name="Validate_SummaryDashboard_Report_RESI" time="0.001" classname="Logi.SummaryDashboardReport.Validate_SummaryDashboard_Report_RESI"/>
  <testcase name="Validate_SummaryDashboard_Report_RESI" time="0.000" classname="Logi.SummaryDashboardReport.Validate_SummaryDashboard_Report_RESI"/>
  <testcase name="Validate_SummaryDashboard_Report_RESI" time="0.000" classname="Logi.SummaryDashboardReport.Validate_SummaryDashboard_Report_RESI"/>
  <testcase name="Validate_SummaryDashboard_Report_RESI" time="0.000" classname="Logi.SummaryDashboardReport.Validate_SummaryDashboard_Report_RESI"/>
  <testcase name="Validate_SummaryDashboard_Report_RESI" time="0.000" classname="Logi.SummaryDashboardReport.Validate_SummaryDashboard_Report_RESI"/>
  <testcase name="Validate_SummaryDashboard_Report_RESI" time="0.000" classname="Logi.SummaryDashboardReport.Validate_SummaryDashboard_Report_RESI"/>
  <testcase name="Validate_SummaryDashboard_Report_RESI" time="0.000" classname="Logi.SummaryDashboardReport.Validate_SummaryDashboard_Report_RESI"/>
  <testcase name="Validate_SummaryDashboard_Report_RESI" time="0.000" classname="Logi.SummaryDashboardReport.Validate_SummaryDashboard_Report_RESI"/>
  <testcase name="Validate_SummaryDashboard_Report_RESI" time="0.000" classname="Logi.SummaryDashboardReport.Validate_SummaryDashboard_Report_RESI"/>
  <testcase name="Validate_SummaryDashboard_Report_RESI" time="0.000" classname="Logi.SummaryDashboardReport.Validate_SummaryDashboard_Report_RESI"/>
  <testcase name="Validate_SummaryDashboard_Report_RESI" time="0.000" classname="Logi.SummaryDashboardReport.Validate_SummaryDashboard_Report_RESI"/>
  <testcase name="Validate_SummaryDashboard_Report_RESI" time="0.000" classname="Logi.SummaryDashboardReport.Validate_SummaryDashboard_Report_RESI"/>
  <testcase name="Validate_SummaryDashboard_Report_RESI" time="0.000" classname="Logi.SummaryDashboardReport.Validate_SummaryDashboard_Report_RESI"/>
  <testcase name="Validate_SummaryDashboard_Report_RESI" time="0.000" classname="Logi.SummaryDashboardReport.Validate_SummaryDashboard_Report_RESI"/>
  <testcase name="Validate_SummaryDashboard_Report_RESI" time="0.000" classname="Logi.SummaryDashboardReport.Validate_SummaryDashboard_Report_RESI"/>
  <testcase name="Validate_SummaryDashboard_Report_RESI" time="0.000" classname="Logi.SummaryDashboardReport.Validate_SummaryDashboard_Report_RESI"/>
  <testcase name="Validate_SummaryDashboard_Report_RESI" time="0.000" classname="Logi.SummaryDashboardReport.Validate_SummaryDashboard_Report_RESI"/>
  <testcase name="Validate_SummaryDashboard_Report_RESI" time="0.000" classname="Logi.SummaryDashboardReport.Validate_SummaryDashboard_Report_RESI"/>
  <testcase name="Validate_SummaryDashboard_Report_RESI" time="0.000" classname="Logi.SummaryDashboardReport.Validate_SummaryDashboard_Report_RESI"/>
  <testcase name="Validate_SummaryDashboard_Report_RESI" time="0.000" classname="Logi.SummaryDashboardReport.Validate_SummaryDashboard_Report_RESI"/>
  <testcase name="Validate_SummaryDashboard_Report_RESI" time="0.000" classname="Logi.SummaryDashboardReport.Validate_SummaryDashboard_Report_RESI"/>
  <testcase name="Validate_SummaryDashboard_Report_RESI" time="0.001" classname="Logi.SummaryDashboardReport.Validate_SummaryDashboard_Report_RESI"/>
  <testcase name="Validate_SummaryDashboard_Report_RESI" time="0.001" classname="Logi.SummaryDashboardReport.Validate_SummaryDashboard_Report_RESI"/>
  <testcase name="Validate_SummaryDashboard_Report_RESI" time="0.000" classname="Logi.SummaryDashboardReport.Validate_SummaryDashboard_Report_RESI"/>
  <testcase name="Validate_SummaryDashboard_Report_RESI" time="0.000" classname="Logi.SummaryDashboardReport.Validate_SummaryDashboard_Report_RESI"/>
  <testcase name="Validate_SummaryDashboard_Report_RESI" time="0.000" classname="Logi.SummaryDashboardReport.Validate_SummaryDashboard_Report_RESI"/>
</testsuite> <!-- Logi.SummaryDashboardReport.Validate_SummaryDashboard_Report_RESI -->
