<?xml version="1.0" encoding="UTF-8"?>
<!-- Generated by org.testng.reporters.JUnitReportReporter -->
<testsuite skipped="0" hostname="CB2012R2AUSE005" name="Logi.PreRouteDetailReport.Validate_PreRouteDetail_COM" tests="87" failures="0" timestamp="11 Jan 2018 23:23:23 GMT" time="122.443" errors="0">
  <testcase name="Validation_PreRouteDetailReport_DataValidation_COM" time="0.000" classname="Logi.PreRouteDetailReport.Validate_PreRouteDetail_COM"/>
  <testcase name="Validation_PreRouteDetailReport_DataValidation_COM" time="0.000" classname="Logi.PreRouteDetailReport.Validate_PreRouteDetail_COM"/>
  <testcase name="Validation_PreRouteDetailReport_DataValidation_COM" time="0.000" classname="Logi.PreRouteDetailReport.Validate_PreRouteDetail_COM"/>
  <testcase name="Validation_PreRouteDetailReport_DataValidation_COM" time="0.000" classname="Logi.PreRouteDetailReport.Validate_PreRouteDetail_COM"/>
  <testcase name="Validation_PreRouteDetailReport_DataValidation_COM" time="0.000" classname="Logi.PreRouteDetailReport.Validate_PreRouteDetail_COM"/>
  <testcase name="Validation_PreRouteDetailReport_DataValidation_COM" time="0.000" classname="Logi.PreRouteDetailReport.Validate_PreRouteDetail_COM"/>
  <testcase name="Validation_PreRouteDetailReport_DataValidation_COM" time="0.000" classname="Logi.PreRouteDetailReport.Validate_PreRouteDetail_COM"/>
  <testcase name="Validation_PreRouteDetailReport_DataValidation_COM" time="0.000" classname="Logi.PreRouteDetailReport.Validate_PreRouteDetail_COM"/>
  <testcase name="Validation_PreRouteDetailReport_DataValidation_COM" time="0.000" classname="Logi.PreRouteDetailReport.Validate_PreRouteDetail_COM"/>
  <testcase name="Validation_PreRouteDetailReport_DataValidation_COM" time="0.000" classname="Logi.PreRouteDetailReport.Validate_PreRouteDetail_COM"/>
  <testcase name="Validation_PreRouteDetailReport_DataValidation_COM" time="0.000" classname="Logi.PreRouteDetailReport.Validate_PreRouteDetail_COM"/>
  <testcase name="Validation_PreRouteDetailReport_DataValidation_COM" time="0.000" classname="Logi.PreRouteDetailReport.Validate_PreRouteDetail_COM"/>
  <testcase name="Validation_PreRouteDetailReport_DataValidation_COM" time="0.000" classname="Logi.PreRouteDetailReport.Validate_PreRouteDetail_COM"/>
  <testcase name="Validation_PreRouteDetailReport_DataValidation_COM" time="0.000" classname="Logi.PreRouteDetailReport.Validate_PreRouteDetail_COM"/>
  <testcase name="Validation_PreRouteDetailReport_DataValidation_COM" time="0.000" classname="Logi.PreRouteDetailReport.Validate_PreRouteDetail_COM"/>
  <testcase name="Validation_PreRouteDetailReport_DataValidation_COM" time="0.000" classname="Logi.PreRouteDetailReport.Validate_PreRouteDetail_COM"/>
  <testcase name="Validation_PreRouteDetailReport_DataValidation_COM" time="0.000" classname="Logi.PreRouteDetailReport.Validate_PreRouteDetail_COM"/>
  <testcase name="Validation_PreRouteDetailReport_DataValidation_COM" time="0.000" classname="Logi.PreRouteDetailReport.Validate_PreRouteDetail_COM"/>
  <testcase name="Validation_PreRouteDetailReport_DataValidation_COM" time="0.000" classname="Logi.PreRouteDetailReport.Validate_PreRouteDetail_COM"/>
  <testcase name="Validation_PreRouteDetailReport_DataValidation_COM" time="0.000" classname="Logi.PreRouteDetailReport.Validate_PreRouteDetail_COM"/>
  <testcase name="Validation_PreRouteDetailReport_DataValidation_COM" time="0.000" classname="Logi.PreRouteDetailReport.Validate_PreRouteDetail_COM"/>
  <testcase name="Validation_PreRouteDetailReport_DataValidation_COM" time="0.000" classname="Logi.PreRouteDetailReport.Validate_PreRouteDetail_COM"/>
  <testcase name="Validation_PreRouteDetailReport_DataValidation_COM" time="0.000" classname="Logi.PreRouteDetailReport.Validate_PreRouteDetail_COM"/>
  <testcase name="Validation_PreRouteDetailReport_DataValidation_COM" time="0.000" classname="Logi.PreRouteDetailReport.Validate_PreRouteDetail_COM"/>
  <testcase name="Validation_PreRouteDetailReport_DataValidation_COM" time="0.000" classname="Logi.PreRouteDetailReport.Validate_PreRouteDetail_COM"/>
  <testcase name="Validation_PreRouteDetailReport_DataValidation_COM" time="0.000" classname="Logi.PreRouteDetailReport.Validate_PreRouteDetail_COM"/>
  <testcase name="Validation_PreRouteDetailReport_DataValidation_COM" time="0.000" classname="Logi.PreRouteDetailReport.Validate_PreRouteDetail_COM"/>
  <testcase name="Validation_PreRouteDetailReport_DataValidation_COM" time="0.000" classname="Logi.PreRouteDetailReport.Validate_PreRouteDetail_COM"/>
  <testcase name="Validation_PreRouteDetailReport_DataValidation_COM" time="0.000" classname="Logi.PreRouteDetailReport.Validate_PreRouteDetail_COM"/>
  <testcase name="Validation_PreRouteDetailReport_DataValidation_COM" time="0.000" classname="Logi.PreRouteDetailReport.Validate_PreRouteDetail_COM"/>
  <testcase name="Validation_PreRouteDetailReport_DataValidation_COM" time="0.000" classname="Logi.PreRouteDetailReport.Validate_PreRouteDetail_COM"/>
  <testcase name="Validation_PreRouteDetailReport_DataValidation_COM" time="0.000" classname="Logi.PreRouteDetailReport.Validate_PreRouteDetail_COM"/>
  <testcase name="Validation_PreRouteDetailReport_DataValidation_COM" time="0.000" classname="Logi.PreRouteDetailReport.Validate_PreRouteDetail_COM"/>
  <testcase name="Validation_PreRouteDetailReport_DataValidation_COM" time="0.015" classname="Logi.PreRouteDetailReport.Validate_PreRouteDetail_COM"/>
  <testcase name="Validation_PreRouteDetailReport_DataValidation_COM" time="0.000" classname="Logi.PreRouteDetailReport.Validate_PreRouteDetail_COM"/>
  <testcase name="Validation_PreRouteDetailReport_DataValidation_COM" time="0.000" classname="Logi.PreRouteDetailReport.Validate_PreRouteDetail_COM"/>
  <testcase name="Validation_PreRouteDetailReport_DataValidation_COM" time="0.000" classname="Logi.PreRouteDetailReport.Validate_PreRouteDetail_COM"/>
  <testcase name="Validation_PreRouteDetailReport_DataValidation_COM" time="0.000" classname="Logi.PreRouteDetailReport.Validate_PreRouteDetail_COM"/>
  <testcase name="Validation_PreRouteDetailReport_DataValidation_COM" time="0.000" classname="Logi.PreRouteDetailReport.Validate_PreRouteDetail_COM"/>
  <testcase name="Validation_PreRouteDetailReport_DataValidation_COM" time="0.000" classname="Logi.PreRouteDetailReport.Validate_PreRouteDetail_COM"/>
  <testcase name="Validation_PreRouteDetailReport_DataValidation_COM" time="0.000" classname="Logi.PreRouteDetailReport.Validate_PreRouteDetail_COM"/>
  <testcase name="Validation_PreRouteDetailReport_DataValidation_COM" time="0.000" classname="Logi.PreRouteDetailReport.Validate_PreRouteDetail_COM"/>
  <testcase name="Validation_PreRouteDetailReport_DataValidation_COM" time="0.000" classname="Logi.PreRouteDetailReport.Validate_PreRouteDetail_COM"/>
  <testcase name="Validation_PreRouteDetailReport_DataValidation_COM" time="0.000" classname="Logi.PreRouteDetailReport.Validate_PreRouteDetail_COM"/>
  <testcase name="Validation_PreRouteDetailReport_DataValidation_COM" time="0.000" classname="Logi.PreRouteDetailReport.Validate_PreRouteDetail_COM"/>
  <testcase name="Validation_PreRouteDetailReport_DataValidation_COM" time="0.000" classname="Logi.PreRouteDetailReport.Validate_PreRouteDetail_COM"/>
  <testcase name="Validation_PreRouteDetailReport_DataValidation_COM" time="0.000" classname="Logi.PreRouteDetailReport.Validate_PreRouteDetail_COM"/>
  <testcase name="Validation_PreRouteDetailReport_DataValidation_COM" time="0.000" classname="Logi.PreRouteDetailReport.Validate_PreRouteDetail_COM"/>
  <testcase name="Validation_PreRouteDetailReport_DataValidation_COM" time="0.000" classname="Logi.PreRouteDetailReport.Validate_PreRouteDetail_COM"/>
  <testcase name="Validation_PreRouteDetailReport_DataValidation_COM" time="0.000" classname="Logi.PreRouteDetailReport.Validate_PreRouteDetail_COM"/>
  <testcase name="Validation_PreRouteDetailReport_DataValidation_COM" time="0.000" classname="Logi.PreRouteDetailReport.Validate_PreRouteDetail_COM"/>
  <testcase name="Validation_PreRouteDetailReport_DataValidation_COM" time="0.000" classname="Logi.PreRouteDetailReport.Validate_PreRouteDetail_COM"/>
  <testcase name="Validation_PreRouteDetailReport_DataValidation_COM" time="0.000" classname="Logi.PreRouteDetailReport.Validate_PreRouteDetail_COM"/>
  <testcase name="Validation_PreRouteDetailReport_DataValidation_COM" time="0.000" classname="Logi.PreRouteDetailReport.Validate_PreRouteDetail_COM"/>
  <testcase name="Validation_PreRouteDetailReport_DataValidation_COM" time="0.000" classname="Logi.PreRouteDetailReport.Validate_PreRouteDetail_COM"/>
  <testcase name="Validation_PreRouteDetailReport_DataValidation_COM" time="0.000" classname="Logi.PreRouteDetailReport.Validate_PreRouteDetail_COM"/>
  <testcase name="Validation_PreRouteDetailReport_DataValidation_COM" time="0.000" classname="Logi.PreRouteDetailReport.Validate_PreRouteDetail_COM"/>
  <testcase name="Validation_PreRouteDetailReport_DataValidation_COM" time="0.000" classname="Logi.PreRouteDetailReport.Validate_PreRouteDetail_COM"/>
  <testcase name="Validation_PreRouteDetailReport_DataValidation_COM" time="0.000" classname="Logi.PreRouteDetailReport.Validate_PreRouteDetail_COM"/>
  <testcase name="Validation_PreRouteDetailReport_DataValidation_COM" time="0.000" classname="Logi.PreRouteDetailReport.Validate_PreRouteDetail_COM"/>
  <testcase name="Validation_PreRouteDetailReport_DataValidation_COM" time="0.000" classname="Logi.PreRouteDetailReport.Validate_PreRouteDetail_COM"/>
  <testcase name="Validation_PreRouteDetailReport_DataValidation_COM" time="0.000" classname="Logi.PreRouteDetailReport.Validate_PreRouteDetail_COM"/>
  <testcase name="Validation_PreRouteDetailReport_DataValidation_COM" time="0.000" classname="Logi.PreRouteDetailReport.Validate_PreRouteDetail_COM"/>
  <testcase name="Validation_PreRouteDetailReport_DataValidation_COM" time="0.000" classname="Logi.PreRouteDetailReport.Validate_PreRouteDetail_COM"/>
  <testcase name="Validation_PreRouteDetailReport_DataValidation_COM" time="0.000" classname="Logi.PreRouteDetailReport.Validate_PreRouteDetail_COM"/>
  <testcase name="Validation_PreRouteDetailReport_DataValidation_COM" time="0.000" classname="Logi.PreRouteDetailReport.Validate_PreRouteDetail_COM"/>
  <testcase name="Validation_PreRouteDetailReport_DataValidation_COM" time="0.000" classname="Logi.PreRouteDetailReport.Validate_PreRouteDetail_COM"/>
  <testcase name="Validation_PreRouteDetailReport_DataValidation_COM" time="0.000" classname="Logi.PreRouteDetailReport.Validate_PreRouteDetail_COM"/>
  <testcase name="Validation_PreRouteDetailReport_DataValidation_COM" time="0.000" classname="Logi.PreRouteDetailReport.Validate_PreRouteDetail_COM"/>
  <testcase name="Validation_PreRouteDetailReport_DataValidation_COM" time="0.000" classname="Logi.PreRouteDetailReport.Validate_PreRouteDetail_COM"/>
  <testcase name="Validation_PreRouteDetailReport_DataValidation_COM" time="0.000" classname="Logi.PreRouteDetailReport.Validate_PreRouteDetail_COM"/>
  <testcase name="Validation_PreRouteDetailReport_DataValidation_COM" time="122.428" classname="Logi.PreRouteDetailReport.Validate_PreRouteDetail_COM"/>
  <testcase name="Validation_PreRouteDetailReport_DataValidation_COM" time="0.000" classname="Logi.PreRouteDetailReport.Validate_PreRouteDetail_COM"/>
  <testcase name="Validation_PreRouteDetailReport_DataValidation_COM" time="0.000" classname="Logi.PreRouteDetailReport.Validate_PreRouteDetail_COM"/>
  <testcase name="Validation_PreRouteDetailReport_DataValidation_COM" time="0.000" classname="Logi.PreRouteDetailReport.Validate_PreRouteDetail_COM"/>
  <testcase name="Validation_PreRouteDetailReport_DataValidation_COM" time="0.000" classname="Logi.PreRouteDetailReport.Validate_PreRouteDetail_COM"/>
  <testcase name="Validation_PreRouteDetailReport_DataValidation_COM" time="0.000" classname="Logi.PreRouteDetailReport.Validate_PreRouteDetail_COM"/>
  <testcase name="Validation_PreRouteDetailReport_DataValidation_COM" time="0.000" classname="Logi.PreRouteDetailReport.Validate_PreRouteDetail_COM"/>
  <testcase name="Validation_PreRouteDetailReport_DataValidation_COM" time="0.000" classname="Logi.PreRouteDetailReport.Validate_PreRouteDetail_COM"/>
  <testcase name="Validation_PreRouteDetailReport_DataValidation_COM" time="0.000" classname="Logi.PreRouteDetailReport.Validate_PreRouteDetail_COM"/>
  <testcase name="Validation_PreRouteDetailReport_DataValidation_COM" time="0.000" classname="Logi.PreRouteDetailReport.Validate_PreRouteDetail_COM"/>
  <testcase name="Validation_PreRouteDetailReport_DataValidation_COM" time="0.000" classname="Logi.PreRouteDetailReport.Validate_PreRouteDetail_COM"/>
  <testcase name="Validation_PreRouteDetailReport_DataValidation_COM" time="0.000" classname="Logi.PreRouteDetailReport.Validate_PreRouteDetail_COM"/>
  <testcase name="Validation_PreRouteDetailReport_DataValidation_COM" time="0.000" classname="Logi.PreRouteDetailReport.Validate_PreRouteDetail_COM"/>
  <testcase name="Validation_PreRouteDetailReport_DataValidation_COM" time="0.000" classname="Logi.PreRouteDetailReport.Validate_PreRouteDetail_COM"/>
  <testcase name="Validation_PreRouteDetailReport_DataValidation_COM" time="0.000" classname="Logi.PreRouteDetailReport.Validate_PreRouteDetail_COM"/>
  <testcase name="Validation_PreRouteDetailReport_DataValidation_COM" time="0.000" classname="Logi.PreRouteDetailReport.Validate_PreRouteDetail_COM"/>
</testsuite> <!-- Logi.PreRouteDetailReport.Validate_PreRouteDetail_COM -->
