<?xml version="1.0" encoding="UTF-8"?>
<!-- Generated by org.testng.reporters.JUnitReportReporter -->
<testsuite skipped="0" hostname="CB2012R2AUSE005" name="Logi.SummaryDashboardReport.Validate_SummaryDashboard_Report_COM" tests="87" failures="0" timestamp="11 Jan 2018 23:23:26 GMT" time="31.949" errors="0">
  <testcase name="Validate_SummaryDashboard_Report_COM" time="0.001" classname="Logi.SummaryDashboardReport.Validate_SummaryDashboard_Report_COM"/>
  <testcase name="Validate_SummaryDashboard_Report_COM" time="0.000" classname="Logi.SummaryDashboardReport.Validate_SummaryDashboard_Report_COM"/>
  <testcase name="Validate_SummaryDashboard_Report_COM" time="0.000" classname="Logi.SummaryDashboardReport.Validate_SummaryDashboard_Report_COM"/>
  <testcase name="Validate_SummaryDashboard_Report_COM" time="0.000" classname="Logi.SummaryDashboardReport.Validate_SummaryDashboard_Report_COM"/>
  <testcase name="Validate_SummaryDashboard_Report_COM" time="0.000" classname="Logi.SummaryDashboardReport.Validate_SummaryDashboard_Report_COM"/>
  <testcase name="Validate_SummaryDashboard_Report_COM" time="0.008" classname="Logi.SummaryDashboardReport.Validate_SummaryDashboard_Report_COM"/>
  <testcase name="Validate_SummaryDashboard_Report_COM" time="0.000" classname="Logi.SummaryDashboardReport.Validate_SummaryDashboard_Report_COM"/>
  <testcase name="Validate_SummaryDashboard_Report_COM" time="0.000" classname="Logi.SummaryDashboardReport.Validate_SummaryDashboard_Report_COM"/>
  <testcase name="Validate_SummaryDashboard_Report_COM" time="0.000" classname="Logi.SummaryDashboardReport.Validate_SummaryDashboard_Report_COM"/>
  <testcase name="Validate_SummaryDashboard_Report_COM" time="0.000" classname="Logi.SummaryDashboardReport.Validate_SummaryDashboard_Report_COM"/>
  <testcase name="Validate_SummaryDashboard_Report_COM" time="0.000" classname="Logi.SummaryDashboardReport.Validate_SummaryDashboard_Report_COM"/>
  <testcase name="Validate_SummaryDashboard_Report_COM" time="0.000" classname="Logi.SummaryDashboardReport.Validate_SummaryDashboard_Report_COM"/>
  <testcase name="Validate_SummaryDashboard_Report_COM" time="0.000" classname="Logi.SummaryDashboardReport.Validate_SummaryDashboard_Report_COM"/>
  <testcase name="Validate_SummaryDashboard_Report_COM" time="0.000" classname="Logi.SummaryDashboardReport.Validate_SummaryDashboard_Report_COM"/>
  <testcase name="Validate_SummaryDashboard_Report_COM" time="0.000" classname="Logi.SummaryDashboardReport.Validate_SummaryDashboard_Report_COM"/>
  <testcase name="Validate_SummaryDashboard_Report_COM" time="0.000" classname="Logi.SummaryDashboardReport.Validate_SummaryDashboard_Report_COM"/>
  <testcase name="Validate_SummaryDashboard_Report_COM" time="0.000" classname="Logi.SummaryDashboardReport.Validate_SummaryDashboard_Report_COM"/>
  <testcase name="Validate_SummaryDashboard_Report_COM" time="0.000" classname="Logi.SummaryDashboardReport.Validate_SummaryDashboard_Report_COM"/>
  <testcase name="Validate_SummaryDashboard_Report_COM" time="0.000" classname="Logi.SummaryDashboardReport.Validate_SummaryDashboard_Report_COM"/>
  <testcase name="Validate_SummaryDashboard_Report_COM" time="0.000" classname="Logi.SummaryDashboardReport.Validate_SummaryDashboard_Report_COM"/>
  <testcase name="Validate_SummaryDashboard_Report_COM" time="0.000" classname="Logi.SummaryDashboardReport.Validate_SummaryDashboard_Report_COM"/>
  <testcase name="Validate_SummaryDashboard_Report_COM" time="0.000" classname="Logi.SummaryDashboardReport.Validate_SummaryDashboard_Report_COM"/>
  <testcase name="Validate_SummaryDashboard_Report_COM" time="0.000" classname="Logi.SummaryDashboardReport.Validate_SummaryDashboard_Report_COM"/>
  <testcase name="Validate_SummaryDashboard_Report_COM" time="0.000" classname="Logi.SummaryDashboardReport.Validate_SummaryDashboard_Report_COM"/>
  <testcase name="Validate_SummaryDashboard_Report_COM" time="0.000" classname="Logi.SummaryDashboardReport.Validate_SummaryDashboard_Report_COM"/>
  <testcase name="Validate_SummaryDashboard_Report_COM" time="0.000" classname="Logi.SummaryDashboardReport.Validate_SummaryDashboard_Report_COM"/>
  <testcase name="Validate_SummaryDashboard_Report_COM" time="0.000" classname="Logi.SummaryDashboardReport.Validate_SummaryDashboard_Report_COM"/>
  <testcase name="Validate_SummaryDashboard_Report_COM" time="0.000" classname="Logi.SummaryDashboardReport.Validate_SummaryDashboard_Report_COM"/>
  <testcase name="Validate_SummaryDashboard_Report_COM" time="0.000" classname="Logi.SummaryDashboardReport.Validate_SummaryDashboard_Report_COM"/>
  <testcase name="Validate_SummaryDashboard_Report_COM" time="0.000" classname="Logi.SummaryDashboardReport.Validate_SummaryDashboard_Report_COM"/>
  <testcase name="Validate_SummaryDashboard_Report_COM" time="0.000" classname="Logi.SummaryDashboardReport.Validate_SummaryDashboard_Report_COM"/>
  <testcase name="Validate_SummaryDashboard_Report_COM" time="0.000" classname="Logi.SummaryDashboardReport.Validate_SummaryDashboard_Report_COM"/>
  <testcase name="Validate_SummaryDashboard_Report_COM" time="0.000" classname="Logi.SummaryDashboardReport.Validate_SummaryDashboard_Report_COM"/>
  <testcase name="Validate_SummaryDashboard_Report_COM" time="0.000" classname="Logi.SummaryDashboardReport.Validate_SummaryDashboard_Report_COM"/>
  <testcase name="Validate_SummaryDashboard_Report_COM" time="0.000" classname="Logi.SummaryDashboardReport.Validate_SummaryDashboard_Report_COM"/>
  <testcase name="Validate_SummaryDashboard_Report_COM" time="0.000" classname="Logi.SummaryDashboardReport.Validate_SummaryDashboard_Report_COM"/>
  <testcase name="Validate_SummaryDashboard_Report_COM" time="0.000" classname="Logi.SummaryDashboardReport.Validate_SummaryDashboard_Report_COM"/>
  <testcase name="Validate_SummaryDashboard_Report_COM" time="0.000" classname="Logi.SummaryDashboardReport.Validate_SummaryDashboard_Report_COM"/>
  <testcase name="Validate_SummaryDashboard_Report_COM" time="0.000" classname="Logi.SummaryDashboardReport.Validate_SummaryDashboard_Report_COM"/>
  <testcase name="Validate_SummaryDashboard_Report_COM" time="0.000" classname="Logi.SummaryDashboardReport.Validate_SummaryDashboard_Report_COM"/>
  <testcase name="Validate_SummaryDashboard_Report_COM" time="0.000" classname="Logi.SummaryDashboardReport.Validate_SummaryDashboard_Report_COM"/>
  <testcase name="Validate_SummaryDashboard_Report_COM" time="0.000" classname="Logi.SummaryDashboardReport.Validate_SummaryDashboard_Report_COM"/>
  <testcase name="Validate_SummaryDashboard_Report_COM" time="0.000" classname="Logi.SummaryDashboardReport.Validate_SummaryDashboard_Report_COM"/>
  <testcase name="Validate_SummaryDashboard_Report_COM" time="0.000" classname="Logi.SummaryDashboardReport.Validate_SummaryDashboard_Report_COM"/>
  <testcase name="Validate_SummaryDashboard_Report_COM" time="0.000" classname="Logi.SummaryDashboardReport.Validate_SummaryDashboard_Report_COM"/>
  <testcase name="Validate_SummaryDashboard_Report_COM" time="0.000" classname="Logi.SummaryDashboardReport.Validate_SummaryDashboard_Report_COM"/>
  <testcase name="Validate_SummaryDashboard_Report_COM" time="0.000" classname="Logi.SummaryDashboardReport.Validate_SummaryDashboard_Report_COM"/>
  <testcase name="Validate_SummaryDashboard_Report_COM" time="0.000" classname="Logi.SummaryDashboardReport.Validate_SummaryDashboard_Report_COM"/>
  <testcase name="Validate_SummaryDashboard_Report_COM" time="0.000" classname="Logi.SummaryDashboardReport.Validate_SummaryDashboard_Report_COM"/>
  <testcase name="Validate_SummaryDashboard_Report_COM" time="0.000" classname="Logi.SummaryDashboardReport.Validate_SummaryDashboard_Report_COM"/>
  <testcase name="Validate_SummaryDashboard_Report_COM" time="0.000" classname="Logi.SummaryDashboardReport.Validate_SummaryDashboard_Report_COM"/>
  <testcase name="Validate_SummaryDashboard_Report_COM" time="0.000" classname="Logi.SummaryDashboardReport.Validate_SummaryDashboard_Report_COM"/>
  <testcase name="Validate_SummaryDashboard_Report_COM" time="0.000" classname="Logi.SummaryDashboardReport.Validate_SummaryDashboard_Report_COM"/>
  <testcase name="Validate_SummaryDashboard_Report_COM" time="0.000" classname="Logi.SummaryDashboardReport.Validate_SummaryDashboard_Report_COM"/>
  <testcase name="Validate_SummaryDashboard_Report_COM" time="0.000" classname="Logi.SummaryDashboardReport.Validate_SummaryDashboard_Report_COM"/>
  <testcase name="Validate_SummaryDashboard_Report_COM" time="0.000" classname="Logi.SummaryDashboardReport.Validate_SummaryDashboard_Report_COM"/>
  <testcase name="Validate_SummaryDashboard_Report_COM" time="0.000" classname="Logi.SummaryDashboardReport.Validate_SummaryDashboard_Report_COM"/>
  <testcase name="Validate_SummaryDashboard_Report_COM" time="0.001" classname="Logi.SummaryDashboardReport.Validate_SummaryDashboard_Report_COM"/>
  <testcase name="Validate_SummaryDashboard_Report_COM" time="0.000" classname="Logi.SummaryDashboardReport.Validate_SummaryDashboard_Report_COM"/>
  <testcase name="Validate_SummaryDashboard_Report_COM" time="0.000" classname="Logi.SummaryDashboardReport.Validate_SummaryDashboard_Report_COM"/>
  <testcase name="Validate_SummaryDashboard_Report_COM" time="0.000" classname="Logi.SummaryDashboardReport.Validate_SummaryDashboard_Report_COM"/>
  <testcase name="Validate_SummaryDashboard_Report_COM" time="0.000" classname="Logi.SummaryDashboardReport.Validate_SummaryDashboard_Report_COM"/>
  <testcase name="Validate_SummaryDashboard_Report_COM" time="0.000" classname="Logi.SummaryDashboardReport.Validate_SummaryDashboard_Report_COM"/>
  <testcase name="Validate_SummaryDashboard_Report_COM" time="0.000" classname="Logi.SummaryDashboardReport.Validate_SummaryDashboard_Report_COM"/>
  <testcase name="Validate_SummaryDashboard_Report_COM" time="0.000" classname="Logi.SummaryDashboardReport.Validate_SummaryDashboard_Report_COM"/>
  <testcase name="Validate_SummaryDashboard_Report_COM" time="0.000" classname="Logi.SummaryDashboardReport.Validate_SummaryDashboard_Report_COM"/>
  <testcase name="Validate_SummaryDashboard_Report_COM" time="0.000" classname="Logi.SummaryDashboardReport.Validate_SummaryDashboard_Report_COM"/>
  <testcase name="Validate_SummaryDashboard_Report_COM" time="31.939" classname="Logi.SummaryDashboardReport.Validate_SummaryDashboard_Report_COM"/>
  <testcase name="Validate_SummaryDashboard_Report_COM" time="0.000" classname="Logi.SummaryDashboardReport.Validate_SummaryDashboard_Report_COM"/>
  <testcase name="Validate_SummaryDashboard_Report_COM" time="0.000" classname="Logi.SummaryDashboardReport.Validate_SummaryDashboard_Report_COM"/>
  <testcase name="Validate_SummaryDashboard_Report_COM" time="0.000" classname="Logi.SummaryDashboardReport.Validate_SummaryDashboard_Report_COM"/>
  <testcase name="Validate_SummaryDashboard_Report_COM" time="0.000" classname="Logi.SummaryDashboardReport.Validate_SummaryDashboard_Report_COM"/>
  <testcase name="Validate_SummaryDashboard_Report_COM" time="0.000" classname="Logi.SummaryDashboardReport.Validate_SummaryDashboard_Report_COM"/>
  <testcase name="Validate_SummaryDashboard_Report_COM" time="0.000" classname="Logi.SummaryDashboardReport.Validate_SummaryDashboard_Report_COM"/>
  <testcase name="Validate_SummaryDashboard_Report_COM" time="0.000" classname="Logi.SummaryDashboardReport.Validate_SummaryDashboard_Report_COM"/>
  <testcase name="Validate_SummaryDashboard_Report_COM" time="0.000" classname="Logi.SummaryDashboardReport.Validate_SummaryDashboard_Report_COM"/>
  <testcase name="Validate_SummaryDashboard_Report_COM" time="0.000" classname="Logi.SummaryDashboardReport.Validate_SummaryDashboard_Report_COM"/>
  <testcase name="Validate_SummaryDashboard_Report_COM" time="0.000" classname="Logi.SummaryDashboardReport.Validate_SummaryDashboard_Report_COM"/>
  <testcase name="Validate_SummaryDashboard_Report_COM" time="0.000" classname="Logi.SummaryDashboardReport.Validate_SummaryDashboard_Report_COM"/>
  <testcase name="Validate_SummaryDashboard_Report_COM" time="0.000" classname="Logi.SummaryDashboardReport.Validate_SummaryDashboard_Report_COM"/>
  <testcase name="Validate_SummaryDashboard_Report_COM" time="0.000" classname="Logi.SummaryDashboardReport.Validate_SummaryDashboard_Report_COM"/>
  <testcase name="Validate_SummaryDashboard_Report_COM" time="0.000" classname="Logi.SummaryDashboardReport.Validate_SummaryDashboard_Report_COM"/>
  <testcase name="Validate_SummaryDashboard_Report_COM" time="0.000" classname="Logi.SummaryDashboardReport.Validate_SummaryDashboard_Report_COM"/>
  <testcase name="Validate_SummaryDashboard_Report_COM" time="0.000" classname="Logi.SummaryDashboardReport.Validate_SummaryDashboard_Report_COM"/>
  <testcase name="Validate_SummaryDashboard_Report_COM" time="0.000" classname="Logi.SummaryDashboardReport.Validate_SummaryDashboard_Report_COM"/>
  <testcase name="Validate_SummaryDashboard_Report_COM" time="0.000" classname="Logi.SummaryDashboardReport.Validate_SummaryDashboard_Report_COM"/>
  <testcase name="Validate_SummaryDashboard_Report_COM" time="0.000" classname="Logi.SummaryDashboardReport.Validate_SummaryDashboard_Report_COM"/>
</testsuite> <!-- Logi.SummaryDashboardReport.Validate_SummaryDashboard_Report_COM -->
