<?xml version="1.0" encoding="UTF-8"?>
<!-- Generated by org.testng.reporters.JUnitReportReporter -->
<testsuite skipped="0" hostname="CB2012R2AUSE003" name="SDOTest.IndDriverDetailRO.VerifyTheExportToPDFoptionInTheDriverAccordion" tests="3" failures="0" timestamp="08 Sep 2017 12:14:17 GMT" time="193.340" errors="0">
  <testcase name="OpusSDO_PDFOptionFlashReportRO" time="64.157" classname="SDOTest.IndDriverDetailRO.VerifyTheExportToPDFoptionInTheDriverAccordion"/>
  <testcase name="OpusSDO_PDFOptionFlashReportRO" time="64.024" classname="SDOTest.IndDriverDetailRO.VerifyTheExportToPDFoptionInTheDriverAccordion"/>
  <testcase name="OpusSDO_PDFOptionFlashReportRO" time="65.159" classname="SDOTest.IndDriverDetailRO.VerifyTheExportToPDFoptionInTheDriverAccordion"/>
</testsuite> <!-- SDOTest.IndDriverDetailRO.VerifyTheExportToPDFoptionInTheDriverAccordion -->
